Log file open, 04/22/16 16:10:08
LogInit:Display: Running engine for game: Beats
LogPlatformFile: Not using cached read wrapper
LogInit:Display: RandInit(-1257399802) SRandInit(-1257399798).
LogTaskGraph: Started task graph with 4 named threads and 7 total threads.
LogStats: Stats thread started at 0.161519
LogInit: Version: 4.11.2-2946394+++UE4+Release-4.11
LogInit: API Version: 2927265
LogInit: Compiled (64-bit): Apr 18 2016 02:18:46
LogInit: Compiled with Visual C++: 19.00.23026.00
LogInit: Build Configuration: Development
LogInit: Branch Name: ++UE4+Release-4.11
LogInit: Command line:  
LogInit: Base directory: C:/Program Files (x86)/Epic Games/4.11/Engine/Binaries/Win64/
LogInit: Installed Engine Build: 1
LogInit: Using libcurl 7.41.0
LogInit:  - built for x86_64-pc-win32
LogInit:  - supports SSL with WinSSL
LogInit:  - other features:
LogInit:      CURL_VERSION_SSL
LogInit:      CURL_VERSION_IPV6
LogInit:      CURL_VERSION_ASYNCHDNS
LogInit:      CURL_VERSION_LARGEFILE
LogInit:      CURL_VERSION_IDN
LogInit:  CurlRequestOptions (configurable via config and command line):
LogInit:  - bVerifyPeer = true  - Libcurl will verify peer certificate
LogInit:  - bUseHttpProxy = false  - Libcurl will NOT use HTTP proxy
LogInit:  - bDontReuseConnections = false  - Libcurl will reuse connections
LogInit:  - CertBundlePath = nullptr  - Libcurl will use whatever was configured at build time.
LogInit: Presizing for max 16777216 objects, including 0 objects not considered by GC, pre-allocating 0 bytes for permanent pool.
LogInit: Object subsystem initialized
[2016.04.22-20.10.08:533][  0]LogInit: Selected Device Profile: [Windows]
[2016.04.22-20.10.08:533][  0]LogInit: Applying CVar settings loaded from the selected device profile: [Windows]
[2016.04.22-20.10.08:550][  0]LogInit: Computer: DESKTOP-TA850RC
[2016.04.22-20.10.08:550][  0]LogInit: User: Adam
[2016.04.22-20.10.08:550][  0]LogInit: CPU Page size=65536, Cores=4
[2016.04.22-20.10.08:550][  0]LogInit: High frequency timer resolution =2.338345 MHz
[2016.04.22-20.10.08:551][  0]LogMemory: Memory total: Physical=15.8GB (16GB approx)
[2016.04.22-20.10.08:551][  0]LogMemory: Platform Memory Stats for Windows
[2016.04.22-20.10.08:551][  0]LogMemory: Process Physical Memory: 313.25 MB used, 313.25 MB peak
[2016.04.22-20.10.08:551][  0]LogMemory: Process Virtual Memory: 314.94 MB used, 314.94 MB peak
[2016.04.22-20.10.08:551][  0]LogMemory: Physical Memory: 5981.30 MB used, 16203.17 MB total
[2016.04.22-20.10.08:551][  0]LogMemory: Virtual Memory: 653.25 MB used, 134217728.00 MB total
[2016.04.22-20.10.08:606][  0]LogTextLocalizationManager: No specific translations for ('en-US') exist, so ('en') translations will be used.
[2016.04.22-20.10.09:441][  0]LogD3D11RHI: D3D11 adapters:
[2016.04.22-20.10.09:490][  0]LogD3D11RHI:    0. 'NVIDIA GeForce GT 750M' (Feature Level 11_0)
[2016.04.22-20.10.09:490][  0]LogD3D11RHI:       1992MB of dedicated video memory, 0MB of dedicated system memory, and 8101MB of shared system memory, 1 output[s]
[2016.04.22-20.10.09:502][  0]LogD3D11RHI:    1. 'Intel(R) HD Graphics 4600' (Feature Level 11_0)
[2016.04.22-20.10.09:502][  0]LogD3D11RHI:       112MB of dedicated video memory, 0MB of dedicated system memory, and 8101MB of shared system memory, 0 output[s]
[2016.04.22-20.10.09:505][  0]LogD3D11RHI:    2. 'Microsoft Basic Render Driver' (Feature Level 11_0)
[2016.04.22-20.10.09:505][  0]LogD3D11RHI:       0MB of dedicated video memory, 0MB of dedicated system memory, and 8101MB of shared system memory, 0 output[s]
[2016.04.22-20.10.09:505][  0]LogD3D11RHI: Chosen D3D11 Adapter: 0
[2016.04.22-20.10.09:512][  0]LogD3D11RHI: Creating new Direct3DDevice
[2016.04.22-20.10.09:513][  0]LogD3D11RHI:     Adapter Name: NVIDIA GeForce GT 750M
[2016.04.22-20.10.09:513][  0]LogD3D11RHI:   Driver Version: Unknown (internal Unknown)
[2016.04.22-20.10.09:513][  0]LogD3D11RHI:      Driver Date: Unknown
[2016.04.22-20.10.09:513][  0]LogRHI: Texture pool is 1361 MB (70% of 1945 MB)
[2016.04.22-20.10.09:541][  0]LogD3D11RHI: Async texture creation enabled
[2016.04.22-20.10.09:563][  0]LogShaderCompilers: Guid format shader working directory is -15 characters bigger than the processId version (../../../../../../Users/Adam/Documents/Unreal Projects/Beats/Intermediate/Shaders/WorkingDirectory/8536/).
[2016.04.22-20.10.09:563][  0]LogShaderCompilers: Cleaned the shader compiler working directory 'C:/Users/Adam/AppData/Local/Temp/UnrealShaderWorkingDir/668517E54BA8F59330BC42AF3767B8C8/'.
[2016.04.22-20.10.09:564][  0]LogShaderCompilers:Display: Using Local Shader Compiler.
[2016.04.22-20.10.11:413][  0]LogTemp:Display: Loaded TP AllDesktopTargetPlatform
[2016.04.22-20.10.11:421][  0]LogTemp:Display: Loaded TP WindowsClientTargetPlatform
[2016.04.22-20.10.11:429][  0]LogTemp:Display: Loaded TP WindowsNoEditorTargetPlatform
[2016.04.22-20.10.11:437][  0]LogTemp:Display: Loaded TP WindowsServerTargetPlatform
[2016.04.22-20.10.11:444][  0]LogTemp:Display: Loaded TP WindowsTargetPlatform
[2016.04.22-20.10.11:450][  0]LogTemp:Display: Loaded TP AndroidTargetPlatform
[2016.04.22-20.10.11:456][  0]LogTemp:Display: Loaded TP Android_ASTCTargetPlatform
[2016.04.22-20.10.11:461][  0]LogTemp:Display: Loaded TP Android_ATCTargetPlatform
[2016.04.22-20.10.11:466][  0]LogTemp:Display: Loaded TP Android_DXTTargetPlatform
[2016.04.22-20.10.11:471][  0]LogTemp:Display: Loaded TP Android_ETC1TargetPlatform
[2016.04.22-20.10.11:477][  0]LogTemp:Display: Loaded TP Android_ETC2TargetPlatform
[2016.04.22-20.10.11:489][  0]LogTemp:Display: Loaded TP Android_MultiTargetPlatform
[2016.04.22-20.10.11:489][  0]LogTemp:Display: Loaded TP Android_PVRTCTargetPlatform
[2016.04.22-20.10.11:490][  0]LogTemp:Display: Loaded TP HTML5TargetPlatform
[2016.04.22-20.10.11:512][  0]LogTemp:Display: Loaded TP IOSTargetPlatform
[2016.04.22-20.10.11:519][  0]LogTemp:Display: Loaded TP TVOSTargetPlatform
[2016.04.22-20.10.11:527][  0]LogTemp:Display: Loaded TP LinuxNoEditorTargetPlatform
[2016.04.22-20.10.11:532][  0]LogTemp:Display: Loaded TP LinuxServerTargetPlatform
[2016.04.22-20.10.11:537][  0]LogTemp:Display: Loaded TP LinuxTargetPlatform
[2016.04.22-20.10.11:537][  0]LogTargetPlatformManager:Display: Building Assets For Windows
[2016.04.22-20.10.11:656][  0]LogDerivedDataCache:Display: Max Cache Size: 512 MB
[2016.04.22-20.10.11:719][  0]LogDerivedDataCache: Loaded boot cache 0.06s 46MB C:/Users/Adam/AppData/Local/UnrealEngine/4.11/DerivedDataCache/Boot.ddc.
[2016.04.22-20.10.11:719][  0]LogDerivedDataCache:Display: Loaded Boot cache: C:/Users/Adam/AppData/Local/UnrealEngine/4.11/DerivedDataCache/Boot.ddc
[2016.04.22-20.10.11:719][  0]LogDerivedDataCache: FDerivedDataBackendGraph:  Pak pak cache file ../../../../../../Users/Adam/Documents/Unreal Projects/Beats/DerivedDataCache/DDC.ddp not found, will not use a pak cache.
[2016.04.22-20.10.11:719][  0]LogDerivedDataCache: Unable to find inner node Pak for hierarchical cache Hierarchy.
[2016.04.22-20.10.11:719][  0]LogDerivedDataCache: FDerivedDataBackendGraph:  CompressedPak pak cache file ../../../../../../Users/Adam/Documents/Unreal Projects/Beats/DerivedDataCache/Compressed.ddp not found, will not use a pak cache.
[2016.04.22-20.10.11:719][  0]LogDerivedDataCache: Unable to find inner node CompressedPak for hierarchical cache Hierarchy.
[2016.04.22-20.10.11:742][  0]LogDerivedDataCache:Display: Pak cache opened for reading ../../../Engine/DerivedDataCache/Compressed.ddp.
[2016.04.22-20.10.11:754][  0]LogDerivedDataCache: Using Local data cache path C:/Users/Adam/AppData/Local/UnrealEngine/Common/DerivedDataCache: Writable
[2016.04.22-20.10.12:039][  0]LogInit: Selected Device Profile: [Windows]
[2016.04.22-20.10.12:040][  0]LogContentStreaming: Texture pool size is 0.00 MB
[2016.04.22-20.10.12:097][  0]LogMaterial: Uniform references updated for custom material expression Custom.
[2016.04.22-20.10.12:295][  0]LogMeshUtilities: No automatic mesh reduction module available
[2016.04.22-20.10.12:295][  0]LogMeshUtilities: No automatic mesh merging module available
[2016.04.22-20.10.12:295][  0]LogMeshUtilities: No distributed automatic mesh merging module available
[2016.04.22-20.10.12:637][  0]LogUObjectArray: 27679 objects as part of root set at end of initial load.
[2016.04.22-20.10.12:637][  0]LogUObjectAllocator: 5591592 out of 0 bytes used by permanent object pool.
[2016.04.22-20.10.12:637][  0]LogUObjectArray: CloseDisregardForGC: 0/0 objects in disregard for GC pool
[2016.04.22-20.10.12:647][  0]LogInit: WinSock: version 1.1 (2.2), MaxSocks=32767, MaxUdp=65467
[2016.04.22-20.10.12:787][  0]LogSlate: SlateFontCache - WITH_FREETYPE: 1, WITH_HARFBUZZ: 1
[2016.04.22-20.10.12:787][  0]LogSlate: SlateFontCache - WITH_FREETYPE: 1, WITH_HARFBUZZ: 1
[2016.04.22-20.10.13:016][  0]LogStreaming:Warning: Failed to read file '../../../Engine/Content/Editor/Slate/Common/Selection_16x.png' error.
[2016.04.22-20.10.13:016][  0]LogSlate: Could not find file for Slate resource: ../../../Engine/Content/Editor/Slate/Common/Selection_16x.png
[2016.04.22-20.10.13:016][  0]LogStreaming:Warning: Failed to read file '../../../Engine/Content/Editor/Slate/Common/Selection_16x.png' error.
[2016.04.22-20.10.13:016][  0]LogSlate: Could not find file for Slate resource: ../../../Engine/Content/Editor/Slate/Common/Selection_16x.png
[2016.04.22-20.10.13:016][  0]LogStreaming:Warning: Failed to read file '../../../Engine/Content/Editor/Slate/Common/Selection_16x.png' error.
[2016.04.22-20.10.13:016][  0]LogSlate: Could not find file for Slate resource: ../../../Engine/Content/Editor/Slate/Common/Selection_16x.png
[2016.04.22-20.10.14:168][  0]LogUdpMessaging: Initializing bridge on interface 0.0.0.0:0 to multicast group 230.0.0.1:6666.
[2016.04.22-20.10.14:305][  0]LogAssetRegistry: FAssetRegistry took 0.0222 seconds to start up
[2016.04.22-20.10.14:554][  0]SourceControl: Info Source control is disabled
[2016.04.22-20.10.14:699][  0]SourceControl: Info Source control is disabled
[2016.04.22-20.10.14:716][  0]SourceControl: Info Source control is disabled
[2016.04.22-20.10.14:729][  0]SourceControl: Info Source control is disabled
[2016.04.22-20.10.14:927][  0]LogHMD: Failed to initialize OpenVR with code 110
[2016.04.22-20.10.15:035][  0]LogEngine: Initializing Engine...
[2016.04.22-20.10.15:269][  0]LogAIModule: Creating AISystem for world NewWorld
[2016.04.22-20.10.15:278][  0]LogInit: XAudio2 using 'Speakers (Realtek High Definition Audio)' : 2 channels at 48 kHz using 32 bits per sample (channel mask 0x3)
[2016.04.22-20.10.15:297][  0]LogInit: FAudioDevice initialized.
[2016.04.22-20.10.15:327][  0]LogDerivedDataCache: Saved boot cache 0.03s 46MB C:/Users/Adam/AppData/Local/UnrealEngine/4.11/DerivedDataCache/Boot.ddc.
[2016.04.22-20.10.15:331][  0]LogInit: Texture streaming: Enabled
[2016.04.22-20.10.15:364][  0]LogInit: Transaction tracking system initialized
[2016.04.22-20.10.15:398][  0]BlueprintLog: New page: Editor Load
[2016.04.22-20.10.15:506][  0]LocalizationService: Info Localization service is disabled
[2016.04.22-20.10.15:595][  0]LogConsoleResponse:Display: 
[2016.04.22-20.10.15:771][  0]LogCook:Display: Max memory allowance for cook 8192mb
[2016.04.22-20.10.15:771][  0]LogCook:Display: Mobile HDR setting 1
[2016.04.22-20.10.15:771][  0]LogCook:Display: Done creating registry. It took  0.00s.
[2016.04.22-20.10.15:841][  0]LogFileCache: Scanning file cache for directory 'C:/Users/Adam/Documents/Unreal Projects/Beats/Content/' took 0.01s
[2016.04.22-20.10.15:841][  0]SourceControl: Info Source control is disabled
[2016.04.22-20.10.15:841][  0]Cmd: MAP LOAD FILE="../../../../../../Users/Adam/Documents/Unreal Projects/Beats/Content/TwinStickBP/Maps/TwinStickExampleMap.umap" TEMPLATE=0 SHOWPROGRESS=1 FEATURELEVEL=3
[2016.04.22-20.10.15:842][  0]LightingResults: New page: Lighting Build
[2016.04.22-20.10.15:845][  0]MapCheck: New page: Map Check
[2016.04.22-20.10.15:845][  0]LightingResults: New page: Lighting Build
[2016.04.22-20.10.16:270][  0]LogAIModule: Creating AISystem for world TwinStickExampleMap
[2016.04.22-20.10.16:278][  0]LogEditorServer: Finished looking for orphan Actors (0.000 secs)
[2016.04.22-20.10.16:279][  0]Cmd: MAP CHECKDEP NOCLEARLOG
[2016.04.22-20.10.16:353][  0]MapCheck: Info Map check complete: 0 Error(s), 0 Warning(s), took 74.317ms to complete.
[2016.04.22-20.10.16:353][  0]LogFileHelpers: Loading map 'TwinStickExampleMap' took 0.512
[2016.04.22-20.10.16:447][  0]LogCollectionManager: Loaded 0 collections in 0.001877 seconds
[2016.04.22-20.10.16:487][  0]LogFileCache: Scanning file cache for directory 'C:/Users/Adam/Documents/Unreal Projects/Beats/Saved/Collections/' took 0.01s
[2016.04.22-20.10.16:487][  0]LogFileCache: Scanning file cache for directory 'C:/Users/Adam/Documents/Unreal Projects/Beats/Content/Developers/Adam/Collections/' took 0.01s
[2016.04.22-20.10.16:487][  0]LogFileCache: Scanning file cache for directory 'C:/Users/Adam/Documents/Unreal Projects/Beats/Content/Collections/' took 0.01s
[2016.04.22-20.10.16:487][  0]LogCollectionManager: Rebuilt the GUID cache for 0 collections in 0.000003 seconds
[2016.04.22-20.10.16:494][  0]LogContentBrowser: Native class hierarchy populated in 0.0077 seconds. Added 1980 classes and 345 folders.
[2016.04.22-20.10.16:498][  0]LogStats: UGameplayTagsManager::ConstructGameplayTagTree: Construct from data asset -  0.000 s
[2016.04.22-20.10.16:498][  0]LogStats: UGameplayTagsManager::ConstructGameplayTagTree: GameplayTagTreeChangedEvent.Broadcast -  0.000 s
[2016.04.22-20.10.16:500][  0]LogContentBrowser: Native class hierarchy updated for 'GameplayTags' in 0.0017 seconds. Added 12 classes and 0 folders.
[2016.04.22-20.10.16:506][  0]LogContentBrowser: Native class hierarchy updated for 'WidgetCarousel' in 0.0014 seconds. Added 0 classes and 0 folders.
[2016.04.22-20.10.16:514][  0]LogContentBrowser: Native class hierarchy updated for 'SuperSearch' in 0.0014 seconds. Added 1 classes and 2 folders.
[2016.04.22-20.10.16:566][  0]LogContentBrowser: Native class hierarchy updated for 'AddContentDialog' in 0.0016 seconds. Added 0 classes and 0 folders.
[2016.04.22-20.10.16:571][  0]LogContentBrowser: Native class hierarchy updated for 'SceneOutliner' in 0.0014 seconds. Added 1 classes and 2 folders.
[2016.04.22-20.10.16:591][  0]LogCrashTracker: Crashtracker disabled due to settings.
[2016.04.22-20.10.16:644][  0]LogContentBrowser: Native class hierarchy updated for 'HierarchicalLODOutliner' in 0.0015 seconds. Added 1 classes and 2 folders.
[2016.04.22-20.10.16:645][  0]LogLoad: Full Startup: 10.50 seconds (BP compile: 0.09 seconds)
[2016.04.22-20.10.16:645][  0]LogExternalProfiler: Found external profiler: VSPerf
[2016.04.22-20.10.16:645][  0]LogExternalProfiler: Using external profiler: VSPerf
[2016.04.22-20.10.16:984][  0]LogOcInput: OculusInput pre-init called
[2016.04.22-20.10.17:026][  0]LogContentStreaming: Texture pool size now 1000 MB
[2016.04.22-20.10.17:162][  0]LogRenderer: Reallocating scene render targets to support 1208x576 (Frame:2).
[2016.04.22-20.10.17:321][  1]LogAssetRegistry: Asset discovery search completed in 3.0374 seconds
[2016.04.22-20.10.17:321][  1]LogCollectionManager: Rebuilt the object cache for 0 collections in 0.000000 seconds (found 0 objects)
[2016.04.22-20.10.17:321][  1]LogCollectionManager: Fixed up redirectors for 0 collections in 0.000018 seconds (updated 0 objects)
[2016.04.22-20.10.24:119][158]LogContentBrowser: Native class hierarchy updated for 'BlueprintGraph' in 0.0017 seconds. Added 108 classes and 0 folders.
[2016.04.22-20.10.30:280][429]BlueprintLog: New page: Compile BeatBlock
[2016.04.22-20.10.30:303][429]LogActorComponent: UnregisterComponent: (/Engine/Transient.ProjectileMovementComponent_8) Not registered. Aborting.
[2016.04.22-20.10.30:393][429]BlueprintEditorCompileResults: Info [0024.25] Compile of BeatBlock successful! [in 112 ms]
[2016.04.22-20.10.31:212][454]LogSavePackage: Save=240.66ms
[2016.04.22-20.10.31:212][454]LogSavePackage: Moving '../../../../../../Users/Adam/Documents/Unreal Projects/Beats/Saved/TwinStickExampleMap2FD31FD0435D06AA3B051B9A6E908A98.tmp' to '../../../../../../Users/Adam/Documents/Unreal Projects/Beats/Content/TwinStickBP/Maps/TwinStickExampleMap.umap'
[2016.04.22-20.10.31:215][454]LogSavePackage: Total save time: 244.63ms
[2016.04.22-20.10.31:215][454]LogSavePackage:Display: Finished SavePackage ../../../../../../Users/Adam/Documents/Unreal Projects/Beats/Content/TwinStickBP/Maps/TwinStickExampleMap.umap
[2016.04.22-20.10.31:224][454]LogFileHelpers: Saving map 'TwinStickExampleMap' took 0.362
[2016.04.22-20.10.31:250][454]Cmd: OBJ SAVEPACKAGE PACKAGE="/Game/TwinStickBP/Blueprints/BeatBlock" FILE="../../../../../../Users/Adam/Documents/Unreal Projects/Beats/Content/TwinStickBP/Blueprints/BeatBlock.uasset" SILENT=true
[2016.04.22-20.10.31:323][454]LogSavePackage: Save=69.50ms
[2016.04.22-20.10.31:323][454]LogSavePackage: Moving '../../../../../../Users/Adam/Documents/Unreal Projects/Beats/Saved/BeatBlockC1A3F0D94EBD6865FD4509BCF8D084C8.tmp' to '../../../../../../Users/Adam/Documents/Unreal Projects/Beats/Content/TwinStickBP/Blueprints/BeatBlock.uasset'
[2016.04.22-20.10.31:325][454]LogSavePackage: Total save time: 73.30ms
[2016.04.22-20.10.31:325][454]LogSavePackage:Display: Finished SavePackage ../../../../../../Users/Adam/Documents/Unreal Projects/Beats/Content/TwinStickBP/Blueprints/BeatBlock.uasset
[2016.04.22-20.10.33:598][581]Recompiling Beats...
[2016.04.22-20.10.33:598][581]Launching UnrealBuildTool... [C:/Program Files (x86)/Epic Games/4.11/Engine/Binaries/DotNET/UnrealBuildTool.exe Beats -ModuleWithSuffix Beats 7622 Win64 Development -editorrecompile -canskiplink "C:/Users/Adam/Documents/Unreal Projects/Beats/Beats.uproject"  -2015]
[2016.04.22-20.10.33:619][581]Warning: Starting HotReload took  0.0s.
[2016.04.22-20.10.34:708][629]CompilerResultsLog: New page: Compilation - Apr 22, 2016, 11:10:34 AM
[2016.04.22-20.10.34:708][629]CompilerResultsLog: Info Compiling game modules for hot reload
[2016.04.22-20.10.34:708][629]CompilerResultsLog: Info Target is up to date
[2016.04.22-20.10.34:708][629]LogMainFrame: MainFrame: Module compiling took 1.114 seconds
[2016.04.22-20.10.36:229][709]LogPlayLevel: PlayLevel: No blueprints needed recompiling
[2016.04.22-20.10.36:229][709]PIE: New page: PIE session: TwinStickExampleMap (Apr 22, 2016, 11:10:36 AM)
[2016.04.22-20.10.36:229][709]LogPlayLevel: Creating play world package: /Game/TwinStickBP/Maps/UEDPIE_0_TwinStickExampleMap
[2016.04.22-20.10.36:237][709]LogPlayLevel: PIE: StaticDuplicateObject took: (0.007642s)
[2016.04.22-20.10.36:237][709]LogAIModule: Creating AISystem for world TwinStickExampleMap
[2016.04.22-20.10.36:237][709]LogPlayLevel: PIE: World Init took: (0.000618s)
[2016.04.22-20.10.36:237][709]LogPlayLevel: PIE: Created PIE world by copying editor world from /Game/TwinStickBP/Maps/TwinStickExampleMap.TwinStickExampleMap to /Game/TwinStickBP/Maps/UEDPIE_0_TwinStickExampleMap.TwinStickExampleMap (0.008457s)
[2016.04.22-20.10.36:255][709]LogInit: XAudio2 using 'Speakers (Realtek High Definition Audio)' : 2 channels at 48 kHz using 32 bits per sample (channel mask 0x3)
[2016.04.22-20.10.36:269][709]LogInit: FAudioDevice initialized.
[2016.04.22-20.10.36:321][709]LogWorld: Game class is 'TwinStickGameMode_C'
[2016.04.22-20.10.36:326][709]LogWorld: Bringing World /Game/TwinStickBP/Maps/UEDPIE_0_TwinStickExampleMap.TwinStickExampleMap up for play (max tick rate 60) at 2016.04.22-16.10.36
[2016.04.22-20.10.36:326][709]LogWorld: Bringing up level for play took: 0.004120
[2016.04.22-20.10.36:340][709]LogContentBrowser: Native class hierarchy updated for 'MovieSceneCapture' in 0.0014 seconds. Added 9 classes and 0 folders.
[2016.04.22-20.10.36:340][709]LogUObjectGlobals:Warning: Class which was marked abstract was trying to be loaded.  It will be nulled out on save. None Engine
[2016.04.22-20.10.36:350][709]LogStats: FPlatformStackWalk::StackWalkAndDump -  0.010 s
[2016.04.22-20.10.36:350][709]LogOutputDevice:Warning: === Handled error: ===

Ensure condition failed: false [File:D:\BuildFarm\buildmachine_++UE4+Release-4.11\Engine\Source\Runtime\CoreUObject\Private\UObject\UObjectGlobals.cpp] [Line: 1956]
Class which was marked abstract was trying to be loaded.  It will be nulled out on save. None Engine
Stack: 
UE4Editor-Core.dll
UE4Editor-Core.dll
UE4Editor-Core.dll
UE4Editor-CoreUObject.dll
UE4Editor-CoreUObject.dll
UE4Editor-Engine.dll
UE4Editor-Beats-7045.dll
UE4Editor-Engine.dll
UE4Editor-Engine.dll
UE4Editor-Engine.dll
UE4Editor-Engine.dll
UE4Editor-Engine.dll
UE4Editor-Engine.dll
UE4Editor-UnrealEd.dll
UE4Editor-UnrealEd.dll
UE4Editor-UnrealEd.dll
UE4Editor-UnrealEd.dll
UE4Editor-UnrealEd.dll
UE4Editor.exe
UE4Editor.exe
UE4Editor.exe
UE4Editor.exe
UE4Editor.exe
KERNEL32.DLL
ntdll.dll
ntdll.dll

[2016.04.22-20.10.36:350][709]LogStats:                SubmitErrorReport -  0.000 s
[2016.04.22-20.10.36:647][709]LogStats:                    SendNewReport -  0.296 s
[2016.04.22-20.10.36:647][709]LogStats:             FDebug::EnsureFailed -  0.306 s
[2016.04.22-20.10.36:647][709]LogWindows:Error: Windows GetLastError: The operation completed successfully. (0)
[2016.04.22-20.10.36:975][709]LogCrashTracker: 


[2016.04.22-20.10.36:975][709]LogCrashTracker: 


[2016.04.22-20.10.36:975][709]LogWindows:Error: === Critical error: ===
Fatal error: [File:D:\BuildFarm\buildmachine_++UE4+Release-4.11\Engine\Source\Runtime\CoreUObject\Private\UObject\UObjectGlobals.cpp] [Line: 2830] 
FObjectInitializer::Get() can only be used inside of UObject-derived class constructor.




