Log file open, 07/24/16 15:07:11
LogInit:Display: Running engine for game: Beats
LogPlatformFile: Not using cached read wrapper
LogInit:Display: RandInit(-1194277586) SRandInit(-1194277584).
LogTaskGraph: Started task graph with 4 named threads and 7 total threads.
LogStats: Stats thread started at 0.078500
LogInit: Version: 4.11.2-2946394+++UE4+Release-4.11
LogInit: API Version: 2927265
LogInit: Compiled (64-bit): Apr 18 2016 02:18:46
LogInit: Compiled with Visual C++: 19.00.23026.00
LogInit: Build Configuration: Development
LogInit: Branch Name: ++UE4+Release-4.11
LogInit: Command line:  
LogInit: Base directory: C:/Program Files (x86)/Epic Games/4.11/Engine/Binaries/Win64/
LogInit: Installed Engine Build: 1
LogInit: Using libcurl 7.41.0
LogInit:  - built for x86_64-pc-win32
LogInit:  - supports SSL with WinSSL
LogInit:  - other features:
LogInit:      CURL_VERSION_SSL
LogInit:      CURL_VERSION_IPV6
LogInit:      CURL_VERSION_ASYNCHDNS
LogInit:      CURL_VERSION_LARGEFILE
LogInit:      CURL_VERSION_IDN
LogInit:  CurlRequestOptions (configurable via config and command line):
LogInit:  - bVerifyPeer = true  - Libcurl will verify peer certificate
LogInit:  - bUseHttpProxy = false  - Libcurl will NOT use HTTP proxy
LogInit:  - bDontReuseConnections = false  - Libcurl will reuse connections
LogInit:  - CertBundlePath = nullptr  - Libcurl will use whatever was configured at build time.
LogInit: Presizing for max 16777216 objects, including 0 objects not considered by GC, pre-allocating 0 bytes for permanent pool.
LogInit: Object subsystem initialized
[2016.07.24-19.07.11:364][  0]LogInit: Selected Device Profile: [Windows]
[2016.07.24-19.07.11:364][  0]LogInit: Applying CVar settings loaded from the selected device profile: [Windows]
[2016.07.24-19.07.11:372][  0]LogInit: Computer: DESKTOP-TA850RC
[2016.07.24-19.07.11:372][  0]LogInit: User: Adam
[2016.07.24-19.07.11:372][  0]LogInit: CPU Page size=65536, Cores=4
[2016.07.24-19.07.11:372][  0]LogInit: High frequency timer resolution =2.338346 MHz
[2016.07.24-19.07.11:372][  0]LogMemory: Memory total: Physical=15.8GB (16GB approx)
[2016.07.24-19.07.11:372][  0]LogMemory: Platform Memory Stats for Windows
[2016.07.24-19.07.11:372][  0]LogMemory: Process Physical Memory: 313.32 MB used, 313.32 MB peak
[2016.07.24-19.07.11:372][  0]LogMemory: Process Virtual Memory: 315.07 MB used, 315.07 MB peak
[2016.07.24-19.07.11:372][  0]LogMemory: Physical Memory: 4727.59 MB used, 16203.17 MB total
[2016.07.24-19.07.11:372][  0]LogMemory: Virtual Memory: 651.92 MB used, 134217728.00 MB total
[2016.07.24-19.07.11:401][  0]LogTextLocalizationManager: No specific translations for ('en-US') exist, so ('en') translations will be used.
[2016.07.24-19.07.11:833][  0]LogD3D11RHI: D3D11 adapters:
[2016.07.24-19.07.11:855][  0]LogD3D11RHI:    0. 'NVIDIA GeForce GT 750M' (Feature Level 11_0)
[2016.07.24-19.07.11:855][  0]LogD3D11RHI:       1992MB of dedicated video memory, 0MB of dedicated system memory, and 8101MB of shared system memory, 1 output[s]
[2016.07.24-19.07.11:860][  0]LogD3D11RHI:    1. 'Intel(R) HD Graphics 4600' (Feature Level 11_0)
[2016.07.24-19.07.11:860][  0]LogD3D11RHI:       112MB of dedicated video memory, 0MB of dedicated system memory, and 2048MB of shared system memory, 0 output[s]
[2016.07.24-19.07.11:862][  0]LogD3D11RHI:    2. 'Microsoft Basic Render Driver' (Feature Level 11_0)
[2016.07.24-19.07.11:862][  0]LogD3D11RHI:       0MB of dedicated video memory, 0MB of dedicated system memory, and 8101MB of shared system memory, 0 output[s]
[2016.07.24-19.07.11:862][  0]LogD3D11RHI: Chosen D3D11 Adapter: 0
[2016.07.24-19.07.11:865][  0]LogD3D11RHI: Creating new Direct3DDevice
[2016.07.24-19.07.11:865][  0]LogD3D11RHI:     Adapter Name: NVIDIA GeForce GT 750M
[2016.07.24-19.07.11:865][  0]LogD3D11RHI:   Driver Version: Unknown (internal Unknown)
[2016.07.24-19.07.11:865][  0]LogD3D11RHI:      Driver Date: Unknown
[2016.07.24-19.07.11:865][  0]LogRHI: Texture pool is 1361 MB (70% of 1945 MB)
[2016.07.24-19.07.11:878][  0]LogD3D11RHI: Async texture creation enabled
[2016.07.24-19.07.11:896][  0]LogShaderCompilers: Guid format shader working directory is -15 characters bigger than the processId version (../../../../../../Users/Adam/Documents/Unreal Projects/Beats/Intermediate/Shaders/WorkingDirectory/8376/).
[2016.07.24-19.07.11:897][  0]LogShaderCompilers: Cleaned the shader compiler working directory 'C:/Users/Adam/AppData/Local/Temp/UnrealShaderWorkingDir/43490E464FFF2DC2B2D8FB8B4A870213/'.
[2016.07.24-19.07.11:897][  0]LogShaderCompilers:Display: Using Local Shader Compiler.
[2016.07.24-19.07.13:689][  0]LogTemp:Display: Loaded TP AllDesktopTargetPlatform
[2016.07.24-19.07.13:693][  0]LogTemp:Display: Loaded TP WindowsClientTargetPlatform
[2016.07.24-19.07.13:699][  0]LogTemp:Display: Loaded TP WindowsNoEditorTargetPlatform
[2016.07.24-19.07.13:703][  0]LogTemp:Display: Loaded TP WindowsServerTargetPlatform
[2016.07.24-19.07.13:708][  0]LogTemp:Display: Loaded TP WindowsTargetPlatform
[2016.07.24-19.07.13:711][  0]LogTemp:Display: Loaded TP AndroidTargetPlatform
[2016.07.24-19.07.13:715][  0]LogTemp:Display: Loaded TP Android_ASTCTargetPlatform
[2016.07.24-19.07.13:718][  0]LogTemp:Display: Loaded TP Android_ATCTargetPlatform
[2016.07.24-19.07.13:722][  0]LogTemp:Display: Loaded TP Android_DXTTargetPlatform
[2016.07.24-19.07.13:726][  0]LogTemp:Display: Loaded TP Android_ETC1TargetPlatform
[2016.07.24-19.07.13:729][  0]LogTemp:Display: Loaded TP Android_ETC2TargetPlatform
[2016.07.24-19.07.13:737][  0]LogTemp:Display: Loaded TP Android_MultiTargetPlatform
[2016.07.24-19.07.13:737][  0]LogTemp:Display: Loaded TP Android_PVRTCTargetPlatform
[2016.07.24-19.07.13:738][  0]LogTemp:Display: Loaded TP HTML5TargetPlatform
[2016.07.24-19.07.13:756][  0]LogTemp:Display: Loaded TP IOSTargetPlatform
[2016.07.24-19.07.13:759][  0]LogTemp:Display: Loaded TP TVOSTargetPlatform
[2016.07.24-19.07.13:763][  0]LogTemp:Display: Loaded TP LinuxNoEditorTargetPlatform
[2016.07.24-19.07.13:766][  0]LogTemp:Display: Loaded TP LinuxServerTargetPlatform
[2016.07.24-19.07.13:770][  0]LogTemp:Display: Loaded TP LinuxTargetPlatform
[2016.07.24-19.07.13:770][  0]LogTargetPlatformManager:Display: Building Assets For Windows
[2016.07.24-19.07.13:856][  0]LogDerivedDataCache:Display: Max Cache Size: 512 MB
[2016.07.24-19.07.13:905][  0]LogDerivedDataCache: Loaded boot cache 0.05s 46MB C:/Users/Adam/AppData/Local/UnrealEngine/4.11/DerivedDataCache/Boot.ddc.
[2016.07.24-19.07.13:905][  0]LogDerivedDataCache:Display: Loaded Boot cache: C:/Users/Adam/AppData/Local/UnrealEngine/4.11/DerivedDataCache/Boot.ddc
[2016.07.24-19.07.13:905][  0]LogDerivedDataCache: FDerivedDataBackendGraph:  Pak pak cache file ../../../../../../Users/Adam/Documents/Unreal Projects/Beats/DerivedDataCache/DDC.ddp not found, will not use a pak cache.
[2016.07.24-19.07.13:905][  0]LogDerivedDataCache: Unable to find inner node Pak for hierarchical cache Hierarchy.
[2016.07.24-19.07.13:906][  0]LogDerivedDataCache: FDerivedDataBackendGraph:  CompressedPak pak cache file ../../../../../../Users/Adam/Documents/Unreal Projects/Beats/DerivedDataCache/Compressed.ddp not found, will not use a pak cache.
[2016.07.24-19.07.13:906][  0]LogDerivedDataCache: Unable to find inner node CompressedPak for hierarchical cache Hierarchy.
[2016.07.24-19.07.13:920][  0]LogDerivedDataCache:Display: Pak cache opened for reading ../../../Engine/DerivedDataCache/Compressed.ddp.
[2016.07.24-19.07.13:932][  0]LogDerivedDataCache: Using Local data cache path C:/Users/Adam/AppData/Local/UnrealEngine/Common/DerivedDataCache: Writable
[2016.07.24-19.07.14:111][  0]LogInit: Selected Device Profile: [Windows]
[2016.07.24-19.07.14:111][  0]LogContentStreaming: Texture pool size is 0.00 MB
[2016.07.24-19.07.14:149][  0]LogMaterial: Uniform references updated for custom material expression Custom.
[2016.07.24-19.07.14:280][  0]LogMeshUtilities: No automatic mesh reduction module available
[2016.07.24-19.07.14:280][  0]LogMeshUtilities: No automatic mesh merging module available
[2016.07.24-19.07.14:280][  0]LogMeshUtilities: No distributed automatic mesh merging module available
[2016.07.24-19.07.14:522][  0]LogUObjectArray: 27679 objects as part of root set at end of initial load.
[2016.07.24-19.07.14:522][  0]LogUObjectAllocator: 5591592 out of 0 bytes used by permanent object pool.
[2016.07.24-19.07.14:522][  0]LogUObjectArray: CloseDisregardForGC: 0/0 objects in disregard for GC pool
[2016.07.24-19.07.14:529][  0]LogInit: WinSock: version 1.1 (2.2), MaxSocks=32767, MaxUdp=65467
[2016.07.24-19.07.14:624][  0]LogSlate: SlateFontCache - WITH_FREETYPE: 1, WITH_HARFBUZZ: 1
[2016.07.24-19.07.14:624][  0]LogSlate: SlateFontCache - WITH_FREETYPE: 1, WITH_HARFBUZZ: 1
[2016.07.24-19.07.14:763][  0]LogStreaming:Warning: Failed to read file '../../../Engine/Content/Editor/Slate/Common/Selection_16x.png' error.
[2016.07.24-19.07.14:763][  0]LogSlate: Could not find file for Slate resource: ../../../Engine/Content/Editor/Slate/Common/Selection_16x.png
[2016.07.24-19.07.14:763][  0]LogStreaming:Warning: Failed to read file '../../../Engine/Content/Editor/Slate/Common/Selection_16x.png' error.
[2016.07.24-19.07.14:763][  0]LogSlate: Could not find file for Slate resource: ../../../Engine/Content/Editor/Slate/Common/Selection_16x.png
[2016.07.24-19.07.14:763][  0]LogStreaming:Warning: Failed to read file '../../../Engine/Content/Editor/Slate/Common/Selection_16x.png' error.
[2016.07.24-19.07.14:763][  0]LogSlate: Could not find file for Slate resource: ../../../Engine/Content/Editor/Slate/Common/Selection_16x.png
[2016.07.24-19.07.15:460][  0]LogSubstanceCoreModule: Substance CPU Engine Loaded, Max Texture Size 2048
[2016.07.24-19.07.15:471][  0]LogUdpMessaging: Initializing bridge on interface 0.0.0.0:0 to multicast group 230.0.0.1:6666.
[2016.07.24-19.07.15:593][  0]LogAssetRegistry: FAssetRegistry took 0.0213 seconds to start up
[2016.07.24-19.07.15:751][  0]SourceControl: Info Source control is disabled
[2016.07.24-19.07.15:856][  0]SourceControl: Info Source control is disabled
[2016.07.24-19.07.15:869][  0]SourceControl: Info Source control is disabled
[2016.07.24-19.07.15:881][  0]SourceControl: Info Source control is disabled
[2016.07.24-19.07.16:065][  0]LogHMD: Failed to initialize OpenVR with code 110
[2016.07.24-19.07.16:151][  0]LogEngine: Initializing Engine...
[2016.07.24-19.07.16:307][  0]LogAIModule: Creating AISystem for world NewWorld
[2016.07.24-19.07.16:312][  0]LogInit: XAudio2 using 'Speakers (Realtek High Definition Audio)' : 2 channels at 48 kHz using 32 bits per sample (channel mask 0x3)
[2016.07.24-19.07.16:562][  0]LogInit: FAudioDevice initialized.
[2016.07.24-19.07.16:585][  0]LogDerivedDataCache: Saved boot cache 0.02s 46MB C:/Users/Adam/AppData/Local/UnrealEngine/4.11/DerivedDataCache/Boot.ddc.
[2016.07.24-19.07.16:589][  0]LogInit: Texture streaming: Enabled
[2016.07.24-19.07.16:610][  0]LogInit: Transaction tracking system initialized
[2016.07.24-19.07.16:659][  0]BlueprintLog: New page: Editor Load
[2016.07.24-19.07.16:785][  0]LocalizationService: Info Localization service is disabled
[2016.07.24-19.07.16:856][  0]LogConsoleResponse:Display: 
[2016.07.24-19.07.16:963][  0]LogCook:Display: Max memory allowance for cook 8192mb
[2016.07.24-19.07.16:963][  0]LogCook:Display: Mobile HDR setting 1
[2016.07.24-19.07.16:963][  0]LogCook:Display: Done creating registry. It took  0.00s.
[2016.07.24-19.07.17:020][  0]LogFileCache: Scanning file cache for directory 'C:/Users/Adam/Documents/Unreal Projects/Beats/Content/' took 0.01s
[2016.07.24-19.07.17:020][  0]SourceControl: Info Source control is disabled
[2016.07.24-19.07.17:020][  0]Cmd: MAP LOAD FILE="../../../../../../Users/Adam/Documents/Unreal Projects/Beats/Content/Maps/Test.umap" TEMPLATE=0 SHOWPROGRESS=1 FEATURELEVEL=3
[2016.07.24-19.07.17:021][  0]LightingResults: New page: Lighting Build
[2016.07.24-19.07.17:023][  0]MapCheck: New page: Map Check
[2016.07.24-19.07.17:023][  0]LightingResults: New page: Lighting Build
[2016.07.24-19.07.17:210][  0]LogAIModule: Creating AISystem for world Test
[2016.07.24-19.07.17:219][  0]LogEditorServer: Finished looking for orphan Actors (0.000 secs)
[2016.07.24-19.07.17:219][  0]Cmd: MAP CHECKDEP NOCLEARLOG
[2016.07.24-19.07.17:289][  0]MapCheck: Info Map check complete: 0 Error(s), 0 Warning(s), took 69.71ms to complete.
[2016.07.24-19.07.17:289][  0]LogFileHelpers: Loading map 'Test' took 0.269
[2016.07.24-19.07.17:391][  0]LogCollectionManager: Loaded 1 collections in 0.002367 seconds
[2016.07.24-19.07.17:431][  0]LogFileCache: Scanning file cache for directory 'C:/Users/Adam/Documents/Unreal Projects/Beats/Saved/Collections/' took 0.01s
[2016.07.24-19.07.17:431][  0]LogFileCache: Scanning file cache for directory 'C:/Users/Adam/Documents/Unreal Projects/Beats/Content/Developers/Adam/Collections/' took 0.01s
[2016.07.24-19.07.17:431][  0]LogFileCache: Scanning file cache for directory 'C:/Users/Adam/Documents/Unreal Projects/Beats/Content/Collections/' took 0.01s
[2016.07.24-19.07.17:431][  0]LogCollectionManager: Rebuilt the GUID cache for 1 collections in 0.000004 seconds
[2016.07.24-19.07.17:431][  0]LogCollectionManager: Rebuilt the hierarchy cache for 1 collections in 0.000000 seconds
[2016.07.24-19.07.17:439][  0]LogContentBrowser: Native class hierarchy populated in 0.0080 seconds. Added 1997 classes and 351 folders.
[2016.07.24-19.07.17:443][  0]LogStats: UGameplayTagsManager::ConstructGameplayTagTree: Construct from data asset -  0.000 s
[2016.07.24-19.07.17:443][  0]LogStats: UGameplayTagsManager::ConstructGameplayTagTree: GameplayTagTreeChangedEvent.Broadcast -  0.000 s
[2016.07.24-19.07.17:445][  0]LogContentBrowser: Native class hierarchy updated for 'GameplayTags' in 0.0017 seconds. Added 12 classes and 0 folders.
[2016.07.24-19.07.17:451][  0]LogContentBrowser: Native class hierarchy updated for 'WidgetCarousel' in 0.0016 seconds. Added 0 classes and 0 folders.
[2016.07.24-19.07.17:459][  0]LogContentBrowser: Native class hierarchy updated for 'SuperSearch' in 0.0016 seconds. Added 1 classes and 2 folders.
[2016.07.24-19.07.17:518][  0]LogContentBrowser: Native class hierarchy updated for 'AddContentDialog' in 0.0017 seconds. Added 0 classes and 0 folders.
[2016.07.24-19.07.17:523][  0]LogContentBrowser: Native class hierarchy updated for 'SceneOutliner' in 0.0016 seconds. Added 1 classes and 2 folders.
[2016.07.24-19.07.17:545][  0]LogCrashTracker: Crashtracker disabled due to settings.
[2016.07.24-19.07.17:549][  0]LogUObjectGlobals:Warning: Failed to find object 'Class None.'
[2016.07.24-19.07.17:576][  0]LogContentBrowser: Native class hierarchy updated for 'HierarchicalLODOutliner' in 0.0019 seconds. Added 1 classes and 2 folders.
[2016.07.24-19.07.17:577][  0]LogLoad: Full Startup: 7.15 seconds (BP compile: 0.04 seconds)
[2016.07.24-19.07.17:577][  0]LogExternalProfiler: Found external profiler: VSPerf
[2016.07.24-19.07.17:577][  0]LogExternalProfiler: Using external profiler: VSPerf
[2016.07.24-19.07.17:594][  0]LogWindowsTextInputMethodSystem:Display: IME system now deactivated.
[2016.07.24-19.07.17:594][  0]LogWindowsTextInputMethodSystem:Display: IME system now deactivated.
[2016.07.24-19.07.17:595][  0]LogOcInput: OculusInput pre-init called
[2016.07.24-19.07.17:638][  0]LogContentStreaming: Texture pool size now 1000 MB
[2016.07.24-19.07.17:776][  0]LogRenderer: Reallocating scene render targets to support 1208x576 (Frame:2).
[2016.07.24-19.07.17:857][  1]LogAssetRegistry: Asset discovery search completed in 2.2854 seconds
[2016.07.24-19.07.17:857][  1]LogCollectionManager: Rebuilt the object cache for 1 collections in 0.000001 seconds (found 0 objects)
[2016.07.24-19.07.17:857][  1]LogCollectionManager: Fixed up redirectors for 1 collections in 0.000017 seconds (updated 0 objects)
[2016.07.24-19.07.22:749][253]LogWindowsTextInputMethodSystem:Display: IME system now deactivated.
[2016.07.24-19.07.22:749][253]LogWindowsTextInputMethodSystem:Display: IME system now deactivated.
[2016.07.24-19.07.22:918][254]Cmd: QUIT_EDITOR
[2016.07.24-19.07.23:007][254]LogExit: Preparing to exit.
[2016.07.24-19.07.23:601][254]LogExit: Editor shut down
[2016.07.24-19.07.23:601][254]LogExit: Transaction tracking system shut down
[2016.07.24-19.07.23:695][254]LogObj: Freed 0b from 0 cluster array pools.
[2016.07.24-19.07.23:695][254]LogExit: Object subsystem successfully closed.
[2016.07.24-19.07.23:706][254]LogD3D11RHI: Shutdown
[2016.07.24-19.07.23:706][254]LogD3D11RHI: CleanupD3DDevice
[2016.07.24-19.07.23:749][254]LogD3D11RHI: ~FD3D11DynamicRHI
[2016.07.24-19.07.23:933][254]LogDerivedDataCache: Shutdown
[2016.07.24-19.07.23:934][254]LogModuleManager: Shutting down and abandoning module HierarchicalLODOutliner (207)
[2016.07.24-19.07.23:934][254]LogModuleManager: Shutting down and abandoning module CrashTracker (206)
[2016.07.24-19.07.23:934][254]LogModuleManager: Shutting down and abandoning module SceneOutliner (205)
[2016.07.24-19.07.23:934][254]LogModuleManager: Shutting down and abandoning module SuperSearch (204)
[2016.07.24-19.07.23:934][254]LogModuleManager: Shutting down and abandoning module WidgetCarousel (203)
[2016.07.24-19.07.23:934][254]LogModuleManager: Shutting down and abandoning module AddContentDialog (202)
[2016.07.24-19.07.23:934][254]LogModuleManager: Shutting down and abandoning module GameplayTags (201)
[2016.07.24-19.07.23:934][254]LogModuleManager: Shutting down and abandoning module EditorWidgets (200)
[2016.07.24-19.07.23:934][254]LogModuleManager: Shutting down and abandoning module CollectionManager (199)
[2016.07.24-19.07.23:934][254]LogModuleManager: Shutting down and abandoning module StatsViewer (198)
[2016.07.24-19.07.23:934][254]LogModuleManager: Shutting down and abandoning module FoliageEdit (197)
[2016.07.24-19.07.23:934][254]LogModuleManager: Shutting down and abandoning module LandscapeEditor (196)
[2016.07.24-19.07.23:935][254]LogModuleManager: Shutting down and abandoning module ActorPickerMode (195)
[2016.07.24-19.07.23:935][254]LogModuleManager: Shutting down and abandoning module GeometryMode (194)
[2016.07.24-19.07.23:935][254]LogModuleManager: Shutting down and abandoning module TextureAlignMode (193)
[2016.07.24-19.07.23:935][254]LogModuleManager: Shutting down and abandoning module BspMode (192)
[2016.07.24-19.07.23:935][254]LogModuleManager: Shutting down and abandoning module PlacementMode (191)
[2016.07.24-19.07.23:935][254]LogModuleManager: Shutting down and abandoning module AutomationWorker (190)
[2016.07.24-19.07.23:935][254]LogModuleManager: Shutting down and abandoning module CharacterAI (189)
[2016.07.24-19.07.23:935][254]LogModuleManager: Shutting down and abandoning module SmartSnapping (188)
[2016.07.24-19.07.23:935][254]LogModuleManager: Shutting down and abandoning module ViewportSnapping (187)
[2016.07.24-19.07.23:935][254]LogModuleManager: Shutting down and abandoning module LogVisualizer (186)
[2016.07.24-19.07.23:935][254]LogModuleManager: Shutting down and abandoning module GameProjectGeneration (185)
[2016.07.24-19.07.23:935][254]LogModuleManager: Shutting down and abandoning module IntroTutorials (184)
[2016.07.24-19.07.23:935][254]LogModuleManager: Shutting down and abandoning module EditorLiveStreaming (183)
[2016.07.24-19.07.23:935][254]LogModuleManager: Shutting down and abandoning module IOSPlatformEditor (182)
[2016.07.24-19.07.23:935][254]LogModuleManager: Shutting down and abandoning module HTML5PlatformEditor (181)
[2016.07.24-19.07.23:935][254]LogModuleManager: Shutting down and abandoning module AndroidDeviceDetection (180)
[2016.07.24-19.07.24:828][254]LogModuleManager: Shutting down and abandoning module AndroidPlatformEditor (179)
[2016.07.24-19.07.24:828][254]LogModuleManager: Shutting down and abandoning module IOSRuntimeSettings (178)
[2016.07.24-19.07.24:828][254]LogModuleManager: Shutting down and abandoning module AndroidRuntimeSettings (177)
[2016.07.24-19.07.24:828][254]LogModuleManager: Shutting down and abandoning module MergeActors (176)
[2016.07.24-19.07.24:828][254]LogModuleManager: Shutting down and abandoning module SizeMap (175)
[2016.07.24-19.07.24:828][254]LogModuleManager: Shutting down and abandoning module TreeMap (174)
[2016.07.24-19.07.24:829][254]LogModuleManager: Shutting down and abandoning module ReferenceViewer (173)
[2016.07.24-19.07.24:829][254]LogModuleManager: Shutting down and abandoning module LocalizationService (172)
[2016.07.24-19.07.24:829][254]LogModuleManager: Shutting down and abandoning module LocalizationDashboard (171)
[2016.07.24-19.07.24:829][254]LogModuleManager: Shutting down and abandoning module HardwareTargeting (170)
[2016.07.24-19.07.24:829][254]LogModuleManager: Shutting down and abandoning module DeviceProfileEditor (169)
[2016.07.24-19.07.24:829][254]LogModuleManager: Shutting down and abandoning module UndoHistory (168)
[2016.07.24-19.07.24:829][254]LogModuleManager: Shutting down and abandoning module UserFeedback (167)
[2016.07.24-19.07.24:829][254]LogModuleManager: Shutting down and abandoning module XmlParser (166)
[2016.07.24-19.07.24:829][254]LogModuleManager: Shutting down and abandoning module Blutility (165)
[2016.07.24-19.07.24:829][254]LogModuleManager: Shutting down and abandoning module ProjectTargetPlatformEditor (164)
[2016.07.24-19.07.24:829][254]LogModuleManager: Shutting down and abandoning module ProjectSettingsViewer (163)
[2016.07.24-19.07.24:829][254]LogModuleManager: Shutting down and abandoning module InputBindingEditor (162)
[2016.07.24-19.07.24:829][254]LogModuleManager: Shutting down and abandoning module EditorSettingsViewer (161)
[2016.07.24-19.07.24:829][254]LogModuleManager: Shutting down and abandoning module SettingsEditor (160)
[2016.07.24-19.07.24:829][254]LogModuleManager: Shutting down and abandoning module ProjectLauncher (159)
[2016.07.24-19.07.24:829][254]LogModuleManager: Shutting down and abandoning module SessionFrontend (158)
[2016.07.24-19.07.24:829][254]LogModuleManager: Shutting down and abandoning module ProfilerClient (157)
[2016.07.24-19.07.24:829][254]LogModuleManager: Shutting down and abandoning module TargetDeviceServices (156)
[2016.07.24-19.07.24:829][254]LogModuleManager: Shutting down and abandoning module DeviceManager (155)
[2016.07.24-19.07.24:872][254]LogModuleManager: Shutting down and abandoning module AutomationController (154)
[2016.07.24-19.07.24:872][254]LogModuleManager: Shutting down and abandoning module AutomationWindow (153)
[2016.07.24-19.07.24:872][254]LogModuleManager: Shutting down and abandoning module Layers (152)
[2016.07.24-19.07.24:872][254]LogModuleManager: Shutting down and abandoning module ComponentVisualizers (151)
[2016.07.24-19.07.24:872][254]LogModuleManager: Shutting down and abandoning module DetailCustomizations (150)
[2016.07.24-19.07.24:872][254]LogModuleManager: Shutting down and abandoning module PackagesDialog (149)
[2016.07.24-19.07.24:872][254]LogModuleManager: Shutting down and abandoning module Persona (148)
[2016.07.24-19.07.24:872][254]LogModuleManager: Shutting down and abandoning module Kismet (147)
[2016.07.24-19.07.24:872][254]LogModuleManager: Shutting down and abandoning module GraphEditor (146)
[2016.07.24-19.07.24:872][254]LogModuleManager: Shutting down and abandoning module ClassViewer (145)
[2016.07.24-19.07.24:872][254]LogModuleManager: Shutting down and abandoning module Toolbox (144)
[2016.07.24-19.07.24:872][254]LogModuleManager: Shutting down and abandoning module ModuleUI (143)
[2016.07.24-19.07.24:872][254]LogModuleManager: Shutting down and abandoning module MovieSceneTools (142)
[2016.07.24-19.07.24:872][254]LogModuleManager: Shutting down and abandoning module OutputLog (141)
[2016.07.24-19.07.24:872][254]LogModuleManager: Shutting down and abandoning module GammaUI (140)
[2016.07.24-19.07.24:872][254]LogModuleManager: Shutting down and abandoning module Documentation (139)
[2016.07.24-19.07.24:872][254]LogModuleManager: Shutting down and abandoning module StreamingPauseRendering (138)
[2016.07.24-19.07.24:872][254]LogModuleManager: Shutting down and abandoning module AnalyticsET (137)
[2016.07.24-19.07.24:872][254]LogModuleManager: Shutting down and abandoning module Analytics (136)
[2016.07.24-19.07.24:872][254]LogModuleManager: Shutting down and abandoning module PortalServices (135)
[2016.07.24-19.07.24:872][254]LogModuleManager: Shutting down and abandoning module PortalRpc (134)
[2016.07.24-19.07.24:872][254]LogModuleManager: Shutting down and abandoning module MessagingRpc (133)
[2016.07.24-19.07.24:872][254]LogModuleManager: Shutting down and abandoning module AITestSuite (132)
[2016.07.24-19.07.24:872][254]LogModuleManager: Shutting down and abandoning module GameplayDebugger (131)
[2016.07.24-19.07.24:872][254]LogModuleManager: Shutting down and abandoning module AIModule (130)
[2016.07.24-19.07.24:872][254]LogModuleManager: Shutting down and abandoning module ProfilerService (129)
[2016.07.24-19.07.25:118][254]LogModuleManager: Shutting down and abandoning module TaskGraph (128)
[2016.07.24-19.07.25:118][254]LogModuleManager: Shutting down and abandoning module SubstanceEditor (127)
[2016.07.24-19.07.25:118][254]LogModuleManager: Shutting down and abandoning module SlateRemote (126)
[2016.07.24-19.07.25:118][254]LogModuleManager: Shutting down and abandoning module SteamVRController (125)
[2016.07.24-19.07.25:118][254]LogModuleManager: Shutting down and abandoning module SteamVR (124)
[2016.07.24-19.07.25:118][254]LogModuleManager: Shutting down and abandoning module ProceduralMeshComponent (123)
[2016.07.24-19.07.25:118][254]LogModuleManager: Shutting down and abandoning module OculusLibrary (122)
[2016.07.24-19.07.25:118][254]LogModuleManager: Shutting down and abandoning module OculusInput (121)
[2016.07.24-19.07.25:118][254]LogModuleManager: Shutting down and abandoning module CustomMeshComponent (120)
[2016.07.24-19.07.25:118][254]LogModuleManager: Shutting down and abandoning module CableComponent (119)
[2016.07.24-19.07.25:118][254]LogModuleManager: Shutting down and abandoning module ArchVisCharacter (118)
[2016.07.24-19.07.25:118][254]LogModuleManager: Shutting down and abandoning module MediaPlayerEditor (117)
[2016.07.24-19.07.25:118][254]LogModuleManager: Shutting down and abandoning module HTML5Networking (116)
[2016.07.24-19.07.25:118][254]LogModuleManager: Shutting down and abandoning module SpeedTreeImporter (115)
[2016.07.24-19.07.25:119][254]LogModuleManager: Shutting down and abandoning module PluginBrowser (114)
[2016.07.24-19.07.25:119][254]LogModuleManager: Shutting down and abandoning module EpicSurvey (113)
[2016.07.24-19.07.25:119][254]LogModuleManager: Shutting down and abandoning module DesktopPlatform (112)
[2016.07.24-19.07.25:119][254]LogModuleManager: Shutting down and abandoning module VisualStudioSourceCodeAccess (111)
[2016.07.24-19.07.25:119][254]LogModuleManager: Shutting down and abandoning module UObjectPlugin (110)
[2016.07.24-19.07.25:119][254]LogModuleManager: Shutting down and abandoning module SubversionSourceControl (109)
[2016.07.24-19.07.25:119][254]LogModuleManager: Shutting down and abandoning module PerforceSourceControl (108)
[2016.07.24-19.07.25:119][254]LogModuleManager: Shutting down and abandoning module SourceControl (107)
[2016.07.24-19.07.25:119][254]LogModuleManager: Shutting down and abandoning module GitSourceControl (106)
[2016.07.24-19.07.25:119][254]LogModuleManager: Shutting down and abandoning module LightPropagationVolumeEditor (105)
[2016.07.24-19.07.25:119][254]LogModuleManager: Shutting down and abandoning module PaperTiledImporter (104)
[2016.07.24-19.07.25:119][254]LogModuleManager: Shutting down and abandoning module PaperSpriteSheetImporter (103)
[2016.07.24-19.07.25:119][254]LogModuleManager: Shutting down and abandoning module MeshPaint (102)
[2016.07.24-19.07.25:119][254]LogModuleManager: Shutting down and abandoning module HotReload (101)
[2016.07.24-19.07.25:120][254]LogModuleManager: Shutting down and abandoning module MainFrame (100)
[2016.07.24-19.07.25:120][254]LogModuleManager: Shutting down and abandoning module LevelEditor (99)
[2016.07.24-19.07.25:121][254]LogModuleManager: Shutting down and abandoning module DirectoryWatcher (98)
[2016.07.24-19.07.25:121][254]LogModuleManager: Shutting down and abandoning module AssetRegistry (97)
[2016.07.24-19.07.25:220][254]LogModuleManager: Shutting down and abandoning module ContentBrowser (96)
[2016.07.24-19.07.25:221][254]LogModuleManager: Shutting down and abandoning module Paper2DEditor (95)
[2016.07.24-19.07.25:221][254]LogModuleManager: Shutting down and abandoning module Beats (94)
[2016.07.24-19.07.25:221][254]LogModuleManager: Shutting down and abandoning module UdpMessaging (93)
[2016.07.24-19.07.25:322][254]LogModuleManager: Shutting down and abandoning module SubstanceCore (92)
[2016.07.24-19.07.25:322][254]LogModuleManager: Shutting down and abandoning module LightPropagationVolumeRuntime (91)
[2016.07.24-19.07.25:322][254]LogModuleManager: Shutting down and abandoning module Paper2D (90)
[2016.07.24-19.07.25:322][254]LogModuleManager: Shutting down and abandoning module WindowsMoviePlayer (89)
[2016.07.24-19.07.25:322][254]LogModuleManager: Shutting down and abandoning module Media (88)
[2016.07.24-19.07.25:322][254]LogModuleManager: Shutting down and abandoning module WmfMedia (87)
[2016.07.24-19.07.25:322][254]LogModuleManager: Shutting down and abandoning module MediaAssets (86)
[2016.07.24-19.07.25:322][254]LogModuleManager: Shutting down and abandoning module GameLiveStreaming (85)
[2016.07.24-19.07.25:322][254]LogModuleManager: Shutting down and abandoning module GameplayTagsEditor (84)
[2016.07.24-19.07.25:322][254]LogModuleManager: Shutting down and abandoning module OnlineBlueprintSupport (83)
[2016.07.24-19.07.25:322][254]LogModuleManager: Shutting down and abandoning module GameplayTasksEditor (82)
[2016.07.24-19.07.25:322][254]LogModuleManager: Shutting down and abandoning module PropertyEditor (81)
[2016.07.24-19.07.25:322][254]LogModuleManager: Shutting down and abandoning module BehaviorTreeEditor (80)
[2016.07.24-19.07.25:322][254]LogModuleManager: Shutting down and abandoning module FunctionalTesting (79)
[2016.07.24-19.07.25:322][254]LogModuleManager: Shutting down and abandoning module CollisionAnalyzer (78)
[2016.07.24-19.07.25:322][254]LogModuleManager: Shutting down and abandoning module WorkspaceMenuStructure (77)
[2016.07.24-19.07.25:322][254]LogModuleManager: Shutting down and abandoning module MessageLog (76)
[2016.07.24-19.07.25:322][254]LogModuleManager: Shutting down and abandoning module Sequencer (75)
[2016.07.24-19.07.25:322][254]LogModuleManager: Shutting down and abandoning module AssetTools (74)
[2016.07.24-19.07.25:322][254]LogModuleManager: Shutting down and abandoning module UMGEditor (73)
[2016.07.24-19.07.25:322][254]LogModuleManager: Shutting down and abandoning module UMG (72)
[2016.07.24-19.07.25:322][254]LogModuleManager: Shutting down and abandoning module SlateReflector (71)
[2016.07.24-19.07.25:322][254]LogModuleManager: Shutting down and abandoning module Slate (70)
[2016.07.24-19.07.25:322][254]LogModuleManager: Shutting down and abandoning module EditorStyle (69)
[2016.07.24-19.07.25:326][254]LogModuleManager: Shutting down and abandoning module SessionServices (68)
[2016.07.24-19.07.25:326][254]LogModuleManager: Shutting down and abandoning module SourceCodeAccess (67)
[2016.07.24-19.07.25:326][254]LogModuleManager: Shutting down and abandoning module HeadMountedDisplay (66)
[2016.07.24-19.07.25:326][254]LogModuleManager: Shutting down and abandoning module XAudio2 (65)
[2016.07.24-19.07.25:326][254]LogModuleManager: Shutting down and abandoning module Networking (63)
[2016.07.24-19.07.25:326][254]LogModuleManager: Shutting down and abandoning module Core (62)
[2016.07.24-19.07.25:326][254]LogModuleManager: Shutting down and abandoning module KismetCompiler (61)
[2016.07.24-19.07.25:326][254]LogModuleManager: Shutting down and abandoning module PhysXFormats (60)
[2016.07.24-19.07.25:326][254]LogModuleManager: Shutting down and abandoning module MeshUtilities (59)
[2016.07.24-19.07.25:326][254]LogModuleManager: Shutting down and abandoning module CookingStats (58)
[2016.07.24-19.07.25:326][254]LogModuleManager: Shutting down and abandoning module DerivedDataCache (57)
[2016.07.24-19.07.25:326][254]LogDerivedDataCache: Shutdown
[2016.07.24-19.07.25:326][254]LogModuleManager: Shutting down and abandoning module ShaderFormatOpenGL (56)
[2016.07.24-19.07.25:326][254]LogModuleManager: Shutting down and abandoning module ShaderFormatD3D (55)
[2016.07.24-19.07.25:326][254]LogModuleManager: Shutting down and abandoning module MetalShaderFormat (54)
[2016.07.24-19.07.25:326][254]LogModuleManager: Shutting down and abandoning module TextureFormatUncompressed (53)
[2016.07.24-19.07.25:326][254]LogModuleManager: Shutting down and abandoning module TextureFormatPVR (52)
[2016.07.24-19.07.25:326][254]LogModuleManager: Shutting down and abandoning module TextureFormatIntelISPCTexComp (51)
[2016.07.24-19.07.25:326][254]LogModuleManager: Shutting down and abandoning module TextureFormatDXT (50)
[2016.07.24-19.07.25:326][254]LogModuleManager: Shutting down and abandoning module ImageWrapper (49)
[2016.07.24-19.07.25:326][254]LogModuleManager: Shutting down and abandoning module TextureFormatASTC (48)
[2016.07.24-19.07.25:326][254]LogModuleManager: Shutting down and abandoning module TextureFormatAndroid (47)
[2016.07.24-19.07.25:326][254]LogModuleManager: Shutting down and abandoning module AudioFormatOpus (46)
[2016.07.24-19.07.25:326][254]LogModuleManager: Shutting down and abandoning module AudioFormatOgg (45)
[2016.07.24-19.07.25:326][254]LogModuleManager: Shutting down and abandoning module AudioFormatADPCM (44)
[2016.07.24-19.07.25:326][254]LogModuleManager: Shutting down and abandoning module LinuxTargetPlatform (43)
[2016.07.24-19.07.25:326][254]LogModuleManager: Shutting down and abandoning module LinuxServerTargetPlatform (42)
[2016.07.24-19.07.25:326][254]LogModuleManager: Shutting down and abandoning module LinuxNoEditorTargetPlatform (41)
[2016.07.24-19.07.25:326][254]LogModuleManager: Shutting down and abandoning module TVOSTargetPlatform (40)
[2016.07.24-19.07.25:326][254]LogModuleManager: Shutting down and abandoning module Messaging (39)
[2016.07.24-19.07.25:326][254]LogModuleManager: Shutting down and abandoning module IOSTargetPlatform (38)
[2016.07.24-19.07.25:326][254]LogModuleManager: Shutting down and abandoning module HTML5TargetPlatform (37)
[2016.07.24-19.07.25:326][254]LogModuleManager: Shutting down and abandoning module Android_PVRTCTargetPlatform (36)
[2016.07.24-19.07.25:326][254]LogModuleManager: Shutting down and abandoning module Android_MultiTargetPlatform (35)
[2016.07.24-19.07.25:326][254]LogModuleManager: Shutting down and abandoning module Android_ETC2TargetPlatform (34)
[2016.07.24-19.07.25:326][254]LogModuleManager: Shutting down and abandoning module Android_ETC1TargetPlatform (33)
[2016.07.24-19.07.25:326][254]LogModuleManager: Shutting down and abandoning module Android_DXTTargetPlatform (32)
[2016.07.24-19.07.25:326][254]LogModuleManager: Shutting down and abandoning module Android_ATCTargetPlatform (31)
[2016.07.24-19.07.25:326][254]LogModuleManager: Shutting down and abandoning module Android_ASTCTargetPlatform (30)
[2016.07.24-19.07.25:326][254]LogModuleManager: Shutting down and abandoning module AndroidTargetPlatform (29)
[2016.07.24-19.07.25:326][254]LogModuleManager: Shutting down and abandoning module WindowsTargetPlatform (28)
[2016.07.24-19.07.25:326][254]LogModuleManager: Shutting down and abandoning module WindowsServerTargetPlatform (27)
[2016.07.24-19.07.25:326][254]LogModuleManager: Shutting down and abandoning module WindowsNoEditorTargetPlatform (26)
[2016.07.24-19.07.25:326][254]LogModuleManager: Shutting down and abandoning module WindowsClientTargetPlatform (25)
[2016.07.24-19.07.25:326][254]LogModuleManager: Shutting down and abandoning module AllDesktopTargetPlatform (24)
[2016.07.24-19.07.25:326][254]LogModuleManager: Shutting down and abandoning module TargetPlatform (23)
[2016.07.24-19.07.25:326][254]LogModuleManager: Shutting down and abandoning module InputCore (22)
[2016.07.24-19.07.25:326][254]LogModuleManager: Shutting down and abandoning module Settings (21)
[2016.07.24-19.07.25:326][254]LogModuleManager: Shutting down and abandoning module OnlineSubsystem (19)
[2016.07.24-19.07.25:326][254]LogModuleManager: Shutting down and abandoning module HTTP (18)
[2016.07.24-19.07.27:330][254]LogModuleManager: Shutting down and abandoning module XMPP (17)
[2016.07.24-19.07.27:330][254]LogModuleManager: Shutting down and abandoning module OculusRift (16)
[2016.07.24-19.07.27:330][254]LogModuleManager: Shutting down and abandoning module ExampleDeviceProfileSelector (15)
[2016.07.24-19.07.27:330][254]LogModuleManager: Shutting down and abandoning module TextureCompressor (14)
[2016.07.24-19.07.27:330][254]LogModuleManager: Shutting down and abandoning module ShaderCore (13)
[2016.07.24-19.07.27:330][254]LogModuleManager: Shutting down and abandoning module Landscape (12)
[2016.07.24-19.07.27:330][254]LogModuleManager: Shutting down and abandoning module SlateRHIRenderer (11)
[2016.07.24-19.07.27:330][254]LogModuleManager: Shutting down and abandoning module OpenGLDrv (10)
[2016.07.24-19.07.27:331][254]LogModuleManager: Shutting down and abandoning module D3D11RHI (9)
[2016.07.24-19.07.27:331][254]LogModuleManager: Shutting down and abandoning module AnimGraphRuntime (8)
[2016.07.24-19.07.27:331][254]LogModuleManager: Shutting down and abandoning module Renderer (7)
[2016.07.24-19.07.27:331][254]LogModuleManager: Shutting down and abandoning module Engine (6)
[2016.07.24-19.07.27:331][254]LogModuleManager: Shutting down and abandoning module CoreUObject (5)
[2016.07.24-19.07.27:331][254]LogModuleManager: Shutting down and abandoning module NetworkFile (4)
[2016.07.24-19.07.27:331][254]LogModuleManager: Shutting down and abandoning module StreamingFile (3)
[2016.07.24-19.07.27:331][254]LogModuleManager: Shutting down and abandoning module SandboxFile (2)
[2016.07.24-19.07.27:331][254]LogModuleManager: Shutting down and abandoning module PakFile (1)
[2016.07.24-19.07.27:332][254]LogExit: Exiting.
[2016.07.24-19.07.27:333][254]Log file closed, 07/24/16 15:07:27
