Log file open, 08/04/16 21:54:13
LogInit:Display: Running engine for game: Beats
LogPlatformFile: Not using cached read wrapper
LogInit:Display: RandInit(1721945079) SRandInit(1721945079).
LogTaskGraph: Started task graph with 4 named threads and 7 total threads.
LogStats: Stats thread started at 0.093533
LogInit: Version: 4.11.2-2946394+++UE4+Release-4.11
LogInit: API Version: 2927265
LogInit: Compiled (64-bit): Apr 18 2016 02:18:46
LogInit: Compiled with Visual C++: 19.00.23026.00
LogInit: Build Configuration: Development
LogInit: Branch Name: ++UE4+Release-4.11
LogInit: Command line:  
LogInit: Base directory: C:/Program Files (x86)/Epic Games/4.11/Engine/Binaries/Win64/
LogInit: Installed Engine Build: 1
LogInit: Using libcurl 7.41.0
LogInit:  - built for x86_64-pc-win32
LogInit:  - supports SSL with WinSSL
LogInit:  - other features:
LogInit:      CURL_VERSION_SSL
LogInit:      CURL_VERSION_IPV6
LogInit:      CURL_VERSION_ASYNCHDNS
LogInit:      CURL_VERSION_LARGEFILE
LogInit:      CURL_VERSION_IDN
LogInit:  CurlRequestOptions (configurable via config and command line):
LogInit:  - bVerifyPeer = true  - Libcurl will verify peer certificate
LogInit:  - bUseHttpProxy = false  - Libcurl will NOT use HTTP proxy
LogInit:  - bDontReuseConnections = false  - Libcurl will reuse connections
LogInit:  - CertBundlePath = nullptr  - Libcurl will use whatever was configured at build time.
LogInit: Presizing for max 16777216 objects, including 0 objects not considered by GC, pre-allocating 0 bytes for permanent pool.
LogInit: Object subsystem initialized
[2016.08.05-01.54.13:903][  0]LogInit: Selected Device Profile: [Windows]
[2016.08.05-01.54.13:903][  0]LogInit: Applying CVar settings loaded from the selected device profile: [Windows]
[2016.08.05-01.54.13:910][  0]LogInit: Computer: DESKTOP-TA850RC
[2016.08.05-01.54.13:910][  0]LogInit: User: Adam
[2016.08.05-01.54.13:910][  0]LogInit: CPU Page size=65536, Cores=4
[2016.08.05-01.54.13:910][  0]LogInit: High frequency timer resolution =2.338344 MHz
[2016.08.05-01.54.13:910][  0]LogMemory: Memory total: Physical=15.8GB (16GB approx)
[2016.08.05-01.54.13:910][  0]LogMemory: Platform Memory Stats for Windows
[2016.08.05-01.54.13:910][  0]LogMemory: Process Physical Memory: 313.27 MB used, 313.27 MB peak
[2016.08.05-01.54.13:910][  0]LogMemory: Process Virtual Memory: 315.00 MB used, 315.00 MB peak
[2016.08.05-01.54.13:910][  0]LogMemory: Physical Memory: 4879.05 MB used, 16203.17 MB total
[2016.08.05-01.54.13:910][  0]LogMemory: Virtual Memory: 651.92 MB used, 134217728.00 MB total
[2016.08.05-01.54.14:134][  0]LogTextLocalizationManager: No specific translations for ('en-US') exist, so ('en') translations will be used.
[2016.08.05-01.54.14:527][  0]LogD3D11RHI: D3D11 adapters:
[2016.08.05-01.54.14:556][  0]LogD3D11RHI:    0. 'NVIDIA GeForce GT 750M' (Feature Level 11_0)
[2016.08.05-01.54.14:556][  0]LogD3D11RHI:       1992MB of dedicated video memory, 0MB of dedicated system memory, and 8101MB of shared system memory, 1 output[s]
[2016.08.05-01.54.14:562][  0]LogD3D11RHI:    1. 'Intel(R) HD Graphics 4600' (Feature Level 11_0)
[2016.08.05-01.54.14:562][  0]LogD3D11RHI:       112MB of dedicated video memory, 0MB of dedicated system memory, and 2048MB of shared system memory, 0 output[s]
[2016.08.05-01.54.14:564][  0]LogD3D11RHI:    2. 'Microsoft Basic Render Driver' (Feature Level 11_0)
[2016.08.05-01.54.14:564][  0]LogD3D11RHI:       0MB of dedicated video memory, 0MB of dedicated system memory, and 8101MB of shared system memory, 0 output[s]
[2016.08.05-01.54.14:564][  0]LogD3D11RHI: Chosen D3D11 Adapter: 0
[2016.08.05-01.54.14:568][  0]LogD3D11RHI: Creating new Direct3DDevice
[2016.08.05-01.54.14:568][  0]LogD3D11RHI:     Adapter Name: NVIDIA GeForce GT 750M
[2016.08.05-01.54.14:568][  0]LogD3D11RHI:   Driver Version: Unknown (internal Unknown)
[2016.08.05-01.54.14:568][  0]LogD3D11RHI:      Driver Date: Unknown
[2016.08.05-01.54.14:568][  0]LogRHI: Texture pool is 1361 MB (70% of 1945 MB)
[2016.08.05-01.54.14:585][  0]LogD3D11RHI: Async texture creation enabled
[2016.08.05-01.54.14:603][  0]LogShaderCompilers: Guid format shader working directory is -16 characters bigger than the processId version (../../../../../../Users/Adam/Documents/Unreal Projects/Beats/Intermediate/Shaders/WorkingDirectory/11432/).
[2016.08.05-01.54.14:603][  0]LogShaderCompilers: Cleaned the shader compiler working directory 'C:/Users/Adam/AppData/Local/Temp/UnrealShaderWorkingDir/9D3F7A63438C4C3493B3AD81FFFAC55B/'.
[2016.08.05-01.54.14:603][  0]LogShaderCompilers:Display: Using Local Shader Compiler.
[2016.08.05-01.54.15:888][  0]LogTemp:Display: Loaded TP AllDesktopTargetPlatform
[2016.08.05-01.54.15:902][  0]LogTemp:Display: Loaded TP WindowsClientTargetPlatform
[2016.08.05-01.54.15:914][  0]LogTemp:Display: Loaded TP WindowsNoEditorTargetPlatform
[2016.08.05-01.54.15:927][  0]LogTemp:Display: Loaded TP WindowsServerTargetPlatform
[2016.08.05-01.54.15:941][  0]LogTemp:Display: Loaded TP WindowsTargetPlatform
[2016.08.05-01.54.15:954][  0]LogTemp:Display: Loaded TP AndroidTargetPlatform
[2016.08.05-01.54.15:965][  0]LogTemp:Display: Loaded TP Android_ASTCTargetPlatform
[2016.08.05-01.54.15:985][  0]LogTemp:Display: Loaded TP Android_ATCTargetPlatform
[2016.08.05-01.54.15:997][  0]LogTemp:Display: Loaded TP Android_DXTTargetPlatform
[2016.08.05-01.54.16:009][  0]LogTemp:Display: Loaded TP Android_ETC1TargetPlatform
[2016.08.05-01.54.16:020][  0]LogTemp:Display: Loaded TP Android_ETC2TargetPlatform
[2016.08.05-01.54.16:045][  0]LogTemp:Display: Loaded TP Android_MultiTargetPlatform
[2016.08.05-01.54.16:045][  0]LogTemp:Display: Loaded TP Android_PVRTCTargetPlatform
[2016.08.05-01.54.16:054][  0]LogTemp:Display: Loaded TP HTML5TargetPlatform
[2016.08.05-01.54.16:102][  0]LogTemp:Display: Loaded TP IOSTargetPlatform
[2016.08.05-01.54.16:112][  0]LogTemp:Display: Loaded TP TVOSTargetPlatform
[2016.08.05-01.54.16:122][  0]LogTemp:Display: Loaded TP LinuxNoEditorTargetPlatform
[2016.08.05-01.54.16:137][  0]LogTemp:Display: Loaded TP LinuxServerTargetPlatform
[2016.08.05-01.54.16:153][  0]LogTemp:Display: Loaded TP LinuxTargetPlatform
[2016.08.05-01.54.16:153][  0]LogTargetPlatformManager:Display: Building Assets For Windows
[2016.08.05-01.54.16:492][  0]LogDerivedDataCache:Display: Max Cache Size: 512 MB
[2016.08.05-01.54.16:658][  0]LogDerivedDataCache: Loaded boot cache 0.17s 46MB C:/Users/Adam/AppData/Local/UnrealEngine/4.11/DerivedDataCache/Boot.ddc.
[2016.08.05-01.54.16:658][  0]LogDerivedDataCache:Display: Loaded Boot cache: C:/Users/Adam/AppData/Local/UnrealEngine/4.11/DerivedDataCache/Boot.ddc
[2016.08.05-01.54.16:658][  0]LogDerivedDataCache: FDerivedDataBackendGraph:  Pak pak cache file ../../../../../../Users/Adam/Documents/Unreal Projects/Beats/DerivedDataCache/DDC.ddp not found, will not use a pak cache.
[2016.08.05-01.54.16:658][  0]LogDerivedDataCache: Unable to find inner node Pak for hierarchical cache Hierarchy.
[2016.08.05-01.54.16:658][  0]LogDerivedDataCache: FDerivedDataBackendGraph:  CompressedPak pak cache file ../../../../../../Users/Adam/Documents/Unreal Projects/Beats/DerivedDataCache/Compressed.ddp not found, will not use a pak cache.
[2016.08.05-01.54.16:658][  0]LogDerivedDataCache: Unable to find inner node CompressedPak for hierarchical cache Hierarchy.
[2016.08.05-01.54.16:675][  0]LogDerivedDataCache:Display: Pak cache opened for reading ../../../Engine/DerivedDataCache/Compressed.ddp.
[2016.08.05-01.54.16:688][  0]LogDerivedDataCache: Using Local data cache path C:/Users/Adam/AppData/Local/UnrealEngine/Common/DerivedDataCache: Writable
[2016.08.05-01.54.17:028][  0]LogInit: Selected Device Profile: [Windows]
[2016.08.05-01.54.17:029][  0]LogContentStreaming: Texture pool size is 0.00 MB
[2016.08.05-01.54.17:098][  0]LogMaterial: Uniform references updated for custom material expression Custom.
[2016.08.05-01.54.17:258][  0]LogMeshUtilities: No automatic mesh reduction module available
[2016.08.05-01.54.17:258][  0]LogMeshUtilities: No automatic mesh merging module available
[2016.08.05-01.54.17:258][  0]LogMeshUtilities: No distributed automatic mesh merging module available
[2016.08.05-01.54.17:561][  0]LogUObjectArray: 27679 objects as part of root set at end of initial load.
[2016.08.05-01.54.17:562][  0]LogUObjectAllocator: 5591592 out of 0 bytes used by permanent object pool.
[2016.08.05-01.54.17:562][  0]LogUObjectArray: CloseDisregardForGC: 0/0 objects in disregard for GC pool
[2016.08.05-01.54.17:575][  0]LogInit: WinSock: version 1.1 (2.2), MaxSocks=32767, MaxUdp=65467
[2016.08.05-01.54.18:276][  0]LogSlate: SlateFontCache - WITH_FREETYPE: 1, WITH_HARFBUZZ: 1
[2016.08.05-01.54.18:276][  0]LogSlate: SlateFontCache - WITH_FREETYPE: 1, WITH_HARFBUZZ: 1
[2016.08.05-01.54.18:523][  0]LogStreaming:Warning: Failed to read file '../../../Engine/Content/Editor/Slate/Common/Selection_16x.png' error.
[2016.08.05-01.54.18:523][  0]LogSlate: Could not find file for Slate resource: ../../../Engine/Content/Editor/Slate/Common/Selection_16x.png
[2016.08.05-01.54.18:523][  0]LogStreaming:Warning: Failed to read file '../../../Engine/Content/Editor/Slate/Common/Selection_16x.png' error.
[2016.08.05-01.54.18:523][  0]LogSlate: Could not find file for Slate resource: ../../../Engine/Content/Editor/Slate/Common/Selection_16x.png
[2016.08.05-01.54.18:523][  0]LogStreaming:Warning: Failed to read file '../../../Engine/Content/Editor/Slate/Common/Selection_16x.png' error.
[2016.08.05-01.54.18:523][  0]LogSlate: Could not find file for Slate resource: ../../../Engine/Content/Editor/Slate/Common/Selection_16x.png
[2016.08.05-01.54.19:805][  0]LogSubstanceCoreModule: Substance CPU Engine Loaded, Max Texture Size 2048
[2016.08.05-01.54.19:840][  0]LogUdpMessaging: Initializing bridge on interface 0.0.0.0:0 to multicast group 230.0.0.1:6666.
[2016.08.05-01.54.20:088][  0]LogAssetRegistry: FAssetRegistry took 0.0213 seconds to start up
[2016.08.05-01.54.20:454][  0]SourceControl: Info Source control is disabled
[2016.08.05-01.54.20:530][  0]SourceControl: Info Source control is disabled
[2016.08.05-01.54.20:572][  0]SourceControl: Info Source control is disabled
[2016.08.05-01.54.20:605][  0]SourceControl: Info Source control is disabled
[2016.08.05-01.54.20:940][  0]LogHMD: Failed to initialize OpenVR with code 110
[2016.08.05-01.54.21:116][  0]LogEngine: Initializing Engine...
[2016.08.05-01.54.21:304][  0]LogAIModule: Creating AISystem for world NewWorld
[2016.08.05-01.54.21:310][  0]LogInit: XAudio2 using 'Speakers (Realtek High Definition Audio)' : 2 channels at 48 kHz using 32 bits per sample (channel mask 0x3)
[2016.08.05-01.54.21:323][  0]LogInit: FAudioDevice initialized.
[2016.08.05-01.54.21:348][  0]LogDerivedDataCache: Saved boot cache 0.02s 46MB C:/Users/Adam/AppData/Local/UnrealEngine/4.11/DerivedDataCache/Boot.ddc.
[2016.08.05-01.54.21:352][  0]LogInit: Texture streaming: Enabled
[2016.08.05-01.54.21:427][  0]LogWindowsTextInputMethodSystem:Display: IME system now deactivated.
[2016.08.05-01.54.21:427][  0]LogWindowsTextInputMethodSystem:Display: IME system now deactivated.
[2016.08.05-01.54.21:603][  0]LogInit: Transaction tracking system initialized
[2016.08.05-01.54.21:721][  0]BlueprintLog: New page: Editor Load
[2016.08.05-01.54.22:220][  0]LocalizationService: Info Localization service is disabled
[2016.08.05-01.54.22:540][  0]LogConsoleResponse:Display: 
[2016.08.05-01.54.22:717][  0]LogCook:Display: Max memory allowance for cook 8192mb
[2016.08.05-01.54.22:717][  0]LogCook:Display: Mobile HDR setting 1
[2016.08.05-01.54.22:718][  0]LogCook:Display: Done creating registry. It took  0.00s.
[2016.08.05-01.54.22:948][  0]LogFileCache: Scanning file cache for directory 'C:/Users/Adam/Documents/Unreal Projects/Beats/Content/' took 0.01s
[2016.08.05-01.54.22:984][  0]SourceControl: Info Source control is disabled
[2016.08.05-01.54.22:984][  0]Cmd: MAP LOAD FILE="../../../../../../Users/Adam/Documents/Unreal Projects/Beats/Content/Maps/Test.umap" TEMPLATE=0 SHOWPROGRESS=1 FEATURELEVEL=3
[2016.08.05-01.54.22:985][  0]LightingResults: New page: Lighting Build
[2016.08.05-01.54.22:989][  0]MapCheck: New page: Map Check
[2016.08.05-01.54.22:989][  0]LightingResults: New page: Lighting Build
[2016.08.05-01.54.23:396][  0]LogAIModule: Creating AISystem for world Test
[2016.08.05-01.54.23:417][  0]LogEditorServer: Finished looking for orphan Actors (0.000 secs)
[2016.08.05-01.54.23:417][  0]Cmd: MAP CHECKDEP NOCLEARLOG
[2016.08.05-01.54.23:505][  0]MapCheck: Info Map check complete: 0 Error(s), 0 Warning(s), took 87.233ms to complete.
[2016.08.05-01.54.23:505][  0]LogFileHelpers: Loading map 'Test' took 0.521
[2016.08.05-01.54.23:650][  0]LogCollectionManager: Loaded 1 collections in 0.002734 seconds
[2016.08.05-01.54.23:694][  0]LogFileCache: Scanning file cache for directory 'C:/Users/Adam/Documents/Unreal Projects/Beats/Saved/Collections/' took 0.01s
[2016.08.05-01.54.23:694][  0]LogFileCache: Scanning file cache for directory 'C:/Users/Adam/Documents/Unreal Projects/Beats/Content/Developers/Adam/Collections/' took 0.01s
[2016.08.05-01.54.23:694][  0]LogFileCache: Scanning file cache for directory 'C:/Users/Adam/Documents/Unreal Projects/Beats/Content/Collections/' took 0.01s
[2016.08.05-01.54.23:694][  0]LogCollectionManager: Rebuilt the GUID cache for 1 collections in 0.000011 seconds
[2016.08.05-01.54.23:694][  0]LogCollectionManager: Rebuilt the hierarchy cache for 1 collections in 0.000000 seconds
[2016.08.05-01.54.23:704][  0]LogContentBrowser: Native class hierarchy populated in 0.0089 seconds. Added 1997 classes and 351 folders.
[2016.08.05-01.54.23:708][  0]LogStats: UGameplayTagsManager::ConstructGameplayTagTree: Construct from data asset -  0.000 s
[2016.08.05-01.54.23:708][  0]LogStats: UGameplayTagsManager::ConstructGameplayTagTree: GameplayTagTreeChangedEvent.Broadcast -  0.000 s
[2016.08.05-01.54.23:709][  0]LogContentBrowser: Native class hierarchy updated for 'GameplayTags' in 0.0017 seconds. Added 12 classes and 0 folders.
[2016.08.05-01.54.23:719][  0]LogContentBrowser: Native class hierarchy updated for 'WidgetCarousel' in 0.0024 seconds. Added 0 classes and 0 folders.
[2016.08.05-01.54.23:758][  0]LogContentBrowser: Native class hierarchy updated for 'SuperSearch' in 0.0048 seconds. Added 1 classes and 2 folders.
[2016.08.05-01.54.23:913][  0]LogContentBrowser: Native class hierarchy updated for 'AddContentDialog' in 0.0017 seconds. Added 0 classes and 0 folders.
[2016.08.05-01.54.23:968][  0]LogContentBrowser: Native class hierarchy updated for 'SceneOutliner' in 0.0018 seconds. Added 1 classes and 2 folders.
[2016.08.05-01.54.24:016][  0]LogCrashTracker: Crashtracker disabled due to settings.
[2016.08.05-01.54.24:022][  0]LogUObjectGlobals:Warning: Failed to find object 'Class None.'
[2016.08.05-01.54.24:074][  0]LogContentBrowser: Native class hierarchy updated for 'HierarchicalLODOutliner' in 0.0018 seconds. Added 1 classes and 2 folders.
[2016.08.05-01.54.24:074][  0]LogLoad: Full Startup: 11.34 seconds (BP compile: 0.10 seconds)
[2016.08.05-01.54.24:074][  0]LogExternalProfiler: Found external profiler: VSPerf
[2016.08.05-01.54.24:074][  0]LogExternalProfiler: Using external profiler: VSPerf
[2016.08.05-01.54.24:085][  0]LogOcInput: OculusInput pre-init called
[2016.08.05-01.54.24:163][  0]LogContentStreaming: Texture pool size now 1000 MB
[2016.08.05-01.54.24:373][  0]LogRenderer: Reallocating scene render targets to support 1208x576 (Frame:2).
[2016.08.05-01.54.24:483][  1]LogAssetRegistry: Asset discovery search completed in 4.4160 seconds
[2016.08.05-01.54.24:483][  1]LogCollectionManager: Rebuilt the object cache for 1 collections in 0.000002 seconds (found 0 objects)
[2016.08.05-01.54.24:483][  1]LogCollectionManager: Fixed up redirectors for 1 collections in 0.000037 seconds (updated 0 objects)
[2016.08.05-01.58.19:499][869]Cmd: OBJ SAVEPACKAGE PACKAGE="/Game/Maps/Test" FILE="../../../../../../Users/Adam/Documents/Unreal Projects/Beats/Saved/Autosaves/Game/Maps/UEDPCTest.umap" SILENT=true AUTOSAVING=true KEEPDIRTY=true
[2016.08.05-01.58.19:567][869]LogSavePackage: Save=52.07ms
[2016.08.05-01.58.19:567][869]LogSavePackage: Moving '../../../../../../Users/Adam/Documents/Unreal Projects/Beats/Saved/UEDPCTestED0736B546086FC4DDC7239E5D7031AF.tmp' to '../../../../../../Users/Adam/Documents/Unreal Projects/Beats/Saved/Autosaves/Game/Maps/UEDPCTest.umap'
[2016.08.05-01.58.19:569][869]LogSavePackage: Total save time: 68.92ms
[2016.08.05-01.58.19:569][869]LogSavePackage:Display: Finished SavePackage ../../../../../../Users/Adam/Documents/Unreal Projects/Beats/Saved/Autosaves/Game/Maps/UEDPCTest.umap
[2016.08.05-01.59.38:806][552]Cmd: OBJ SAVEPACKAGE PACKAGE="/Game/Maps/Test" FILE="../../../../../../Users/Adam/Documents/Unreal Projects/Beats/Content/Maps/Test.umap" SILENT=true AUTOSAVING=false KEEPDIRTY=false
[2016.08.05-01.59.38:881][552]LogSavePackage: Save=52.40ms
[2016.08.05-01.59.38:881][552]LogSavePackage: Moving '../../../../../../Users/Adam/Documents/Unreal Projects/Beats/Saved/Test0F8312914F8160307A9087BFA9F7AF10.tmp' to '../../../../../../Users/Adam/Documents/Unreal Projects/Beats/Content/Maps/Test.umap'
[2016.08.05-01.59.38:884][552]LogSavePackage: Total save time: 68.57ms
[2016.08.05-01.59.38:884][552]LogSavePackage:Display: Finished SavePackage ../../../../../../Users/Adam/Documents/Unreal Projects/Beats/Content/Maps/Test.umap
[2016.08.05-01.59.38:916][552]LogFileHelpers: Saving map 'Test' took 0.187
[2016.08.05-02.00.32:083][686]LogContentBrowser: Native class hierarchy updated for 'BlueprintGraph' in 0.0021 seconds. Added 108 classes and 0 folders.
[2016.08.05-02.01.03:204][ 28]BlueprintLog: New page: Compile Highway
[2016.08.05-02.01.03:557][ 28]BlueprintEditorCompileResults: Info [0410.82] Compile of Highway successful! [in 352 ms]
[2016.08.05-02.09.43:580][353]BlueprintLog: New page: Compile Highway
[2016.08.05-02.09.43:960][353]BlueprintEditorCompileResults: Info [0931.22] Compile of Highway successful! [in 378 ms]
[2016.08.05-02.09.45:462][505]Cmd: OBJ SAVEPACKAGE PACKAGE="/Game/Maps/Test" FILE="../../../../../../Users/Adam/Documents/Unreal Projects/Beats/Content/Maps/Test.umap" SILENT=true AUTOSAVING=false KEEPDIRTY=false
[2016.08.05-02.09.45:551][505]LogSavePackage: Save=53.19ms
[2016.08.05-02.09.45:551][505]LogSavePackage: Moving '../../../../../../Users/Adam/Documents/Unreal Projects/Beats/Saved/Test5FA3375C4CB9C5749C19C8A08855704D.tmp' to '../../../../../../Users/Adam/Documents/Unreal Projects/Beats/Content/Maps/Test.umap'
[2016.08.05-02.09.45:554][505]LogSavePackage: Total save time: 71.06ms
[2016.08.05-02.09.45:554][505]LogSavePackage:Display: Finished SavePackage ../../../../../../Users/Adam/Documents/Unreal Projects/Beats/Content/Maps/Test.umap
[2016.08.05-02.09.45:588][505]LogFileHelpers: Saving map 'Test' took 0.284
[2016.08.05-02.09.45:618][505]Cmd: OBJ SAVEPACKAGE PACKAGE="/Game/Blueprints/Main/Highway" FILE="../../../../../../Users/Adam/Documents/Unreal Projects/Beats/Content/Blueprints/Main/Highway.uasset" SILENT=true
[2016.08.05-02.09.45:904][505]LogSavePackage: Save=270.80ms
[2016.08.05-02.09.45:904][505]LogSavePackage: Moving '../../../../../../Users/Adam/Documents/Unreal Projects/Beats/Saved/HighwayBD1F29D8429692A8F09EF9A7E7748515.tmp' to '../../../../../../Users/Adam/Documents/Unreal Projects/Beats/Content/Blueprints/Main/Highway.uasset'
[2016.08.05-02.09.45:907][505]LogSavePackage: Total save time: 287.57ms
[2016.08.05-02.09.45:907][505]LogSavePackage:Display: Finished SavePackage ../../../../../../Users/Adam/Documents/Unreal Projects/Beats/Content/Blueprints/Main/Highway.uasset
[2016.08.05-02.12.20:712][319]Cmd: OBJ SAVEPACKAGE PACKAGE="/Game/Maps/Test" FILE="../../../../../../Users/Adam/Documents/Unreal Projects/Beats/Content/Maps/Test.umap" SILENT=true AUTOSAVING=false KEEPDIRTY=false
[2016.08.05-02.12.20:790][319]LogSavePackage: Save=50.67ms
[2016.08.05-02.12.20:790][319]LogSavePackage: Moving '../../../../../../Users/Adam/Documents/Unreal Projects/Beats/Saved/Test1FEC5AA142BE55BB8CB3B7990B19D027.tmp' to '../../../../../../Users/Adam/Documents/Unreal Projects/Beats/Content/Maps/Test.umap'
[2016.08.05-02.12.20:792][319]LogSavePackage: Total save time: 63.85ms
[2016.08.05-02.12.20:792][319]LogSavePackage:Display: Finished SavePackage ../../../../../../Users/Adam/Documents/Unreal Projects/Beats/Content/Maps/Test.umap
[2016.08.05-02.12.20:813][319]LogFileHelpers: Saving map 'Test' took 0.188
[2016.08.05-02.12.20:842][319]Cmd: OBJ SAVEPACKAGE PACKAGE="/Game/Blueprints/Main/Highway" FILE="../../../../../../Users/Adam/Documents/Unreal Projects/Beats/Content/Blueprints/Main/Highway.uasset" SILENT=true
[2016.08.05-02.12.21:055][319]LogSavePackage: Save=202.29ms
[2016.08.05-02.12.21:055][319]LogSavePackage: Moving '../../../../../../Users/Adam/Documents/Unreal Projects/Beats/Saved/Highway1D6E41144CC9BC48A72DF39AC4F45AED.tmp' to '../../../../../../Users/Adam/Documents/Unreal Projects/Beats/Content/Blueprints/Main/Highway.uasset'
[2016.08.05-02.12.21:058][319]LogSavePackage: Total save time: 215.22ms
[2016.08.05-02.12.21:058][319]LogSavePackage:Display: Finished SavePackage ../../../../../../Users/Adam/Documents/Unreal Projects/Beats/Content/Blueprints/Main/Highway.uasset
[2016.08.05-02.12.21:730][398]BlueprintLog: New page: Compile Highway
[2016.08.05-02.12.22:095][398]BlueprintEditorCompileResults: Info [1089.36] Compile of Highway successful! [in 364 ms]
[2016.08.05-02.12.22:521][431]Cmd: OBJ SAVEPACKAGE PACKAGE="/Game/Maps/Test" FILE="../../../../../../Users/Adam/Documents/Unreal Projects/Beats/Content/Maps/Test.umap" SILENT=true AUTOSAVING=false KEEPDIRTY=false
[2016.08.05-02.12.22:666][431]LogSavePackage: Save=105.53ms
[2016.08.05-02.12.22:666][431]LogSavePackage: Moving '../../../../../../Users/Adam/Documents/Unreal Projects/Beats/Saved/Test4242F963459E964DC066C3B8794C5DEC.tmp' to '../../../../../../Users/Adam/Documents/Unreal Projects/Beats/Content/Maps/Test.umap'
[2016.08.05-02.12.22:670][431]LogSavePackage: Total save time: 132.21ms
[2016.08.05-02.12.22:670][431]LogSavePackage:Display: Finished SavePackage ../../../../../../Users/Adam/Documents/Unreal Projects/Beats/Content/Maps/Test.umap
[2016.08.05-02.12.22:689][431]LogFileHelpers: Saving map 'Test' took 0.251
[2016.08.05-02.12.30:817][270]LogD3D11RHI: Timed out while waiting for GPU to catch up. (0.5 s)
[2016.08.05-02.12.31:321][271]LogD3D11RHI: Timed out while waiting for GPU to catch up. (0.5 s)
[2016.08.05-02.12.34:241][550]BlueprintLog: New page: Compile Highway
[2016.08.05-02.12.34:390][550]BlueprintEditorCompileResults: Info [1101.65] Compile of Highway successful! [in 147 ms]
[2016.08.05-02.12.35:546][686]LogEditorTransaction: Undo Delete current selection
[2016.08.05-02.12.41:484][277]LogD3D11RHI: Timed out while waiting for GPU to catch up. (0.5 s)
[2016.08.05-02.12.41:990][278]LogD3D11RHI: Timed out while waiting for GPU to catch up. (0.5 s)
[2016.08.05-02.12.43:727][405]BlueprintLog: New page: Compile Highway
[2016.08.05-02.12.43:866][405]BlueprintEditorCompileResults: Info [1111.13] Compile of Highway successful! [in 139 ms]
[2016.08.05-02.12.44:793][500]Cmd: OBJ SAVEPACKAGE PACKAGE="/Game/Maps/Test" FILE="../../../../../../Users/Adam/Documents/Unreal Projects/Beats/Content/Maps/Test.umap" SILENT=true AUTOSAVING=false KEEPDIRTY=false
[2016.08.05-02.12.44:873][500]LogSavePackage: Save=51.93ms
[2016.08.05-02.12.44:873][500]LogSavePackage: Moving '../../../../../../Users/Adam/Documents/Unreal Projects/Beats/Saved/TestC78FA3C746EF1C33BF4C87A9EC08ECA9.tmp' to '../../../../../../Users/Adam/Documents/Unreal Projects/Beats/Content/Maps/Test.umap'
[2016.08.05-02.12.44:876][500]LogSavePackage: Total save time: 64.99ms
[2016.08.05-02.12.44:876][500]LogSavePackage:Display: Finished SavePackage ../../../../../../Users/Adam/Documents/Unreal Projects/Beats/Content/Maps/Test.umap
[2016.08.05-02.12.44:895][500]LogFileHelpers: Saving map 'Test' took 0.188
[2016.08.05-02.12.44:923][500]Cmd: OBJ SAVEPACKAGE PACKAGE="/Game/Blueprints/Main/Highway" FILE="../../../../../../Users/Adam/Documents/Unreal Projects/Beats/Content/Blueprints/Main/Highway.uasset" SILENT=true
[2016.08.05-02.12.45:163][500]LogSavePackage: Save=227.97ms
[2016.08.05-02.12.45:163][500]LogSavePackage: Moving '../../../../../../Users/Adam/Documents/Unreal Projects/Beats/Saved/Highway43E8FC5C4C42794ED54A299A14A427C6.tmp' to '../../../../../../Users/Adam/Documents/Unreal Projects/Beats/Content/Blueprints/Main/Highway.uasset'
[2016.08.05-02.12.45:166][500]LogSavePackage: Total save time: 241.59ms
[2016.08.05-02.12.45:166][500]LogSavePackage:Display: Finished SavePackage ../../../../../../Users/Adam/Documents/Unreal Projects/Beats/Content/Blueprints/Main/Highway.uasset
[2016.08.05-02.12.58:783][ 81]BlueprintLog: New page: Compile Highway
[2016.08.05-02.12.59:112][ 81]BlueprintEditorCompileResults: Info [1126.37] Compile of Highway successful! [in 329 ms]
[2016.08.05-02.12.59:715][136]Cmd: OBJ SAVEPACKAGE PACKAGE="/Game/Maps/Test" FILE="../../../../../../Users/Adam/Documents/Unreal Projects/Beats/Content/Maps/Test.umap" SILENT=true AUTOSAVING=false KEEPDIRTY=false
[2016.08.05-02.12.59:793][136]LogSavePackage: Save=50.47ms
[2016.08.05-02.12.59:793][136]LogSavePackage: Moving '../../../../../../Users/Adam/Documents/Unreal Projects/Beats/Saved/Test4D8AA81C4AA6A359DBDB84AE15F195BC.tmp' to '../../../../../../Users/Adam/Documents/Unreal Projects/Beats/Content/Maps/Test.umap'
[2016.08.05-02.12.59:795][136]LogSavePackage: Total save time: 63.23ms
[2016.08.05-02.12.59:795][136]LogSavePackage:Display: Finished SavePackage ../../../../../../Users/Adam/Documents/Unreal Projects/Beats/Content/Maps/Test.umap
[2016.08.05-02.12.59:815][136]LogFileHelpers: Saving map 'Test' took 0.183
[2016.08.05-02.12.59:847][136]Cmd: OBJ SAVEPACKAGE PACKAGE="/Game/Blueprints/Main/Highway" FILE="../../../../../../Users/Adam/Documents/Unreal Projects/Beats/Content/Blueprints/Main/Highway.uasset" SILENT=true
[2016.08.05-02.13.00:049][136]LogSavePackage: Save=190.48ms
[2016.08.05-02.13.00:049][136]LogSavePackage: Moving '../../../../../../Users/Adam/Documents/Unreal Projects/Beats/Saved/Highway1B38D5EC4BB7D862124360A0FA5B62D2.tmp' to '../../../../../../Users/Adam/Documents/Unreal Projects/Beats/Content/Blueprints/Main/Highway.uasset'
[2016.08.05-02.13.00:053][136]LogSavePackage: Total save time: 204.43ms
[2016.08.05-02.13.00:053][136]LogSavePackage:Display: Finished SavePackage ../../../../../../Users/Adam/Documents/Unreal Projects/Beats/Content/Blueprints/Main/Highway.uasset
[2016.08.05-02.13.24:178][908]BlueprintLog: New page: Compile Highway
[2016.08.05-02.13.24:318][908]BlueprintEditorCompileResults: Info [1151.58] Compile of Highway successful! [in 140 ms]
[2016.08.05-02.13.24:957][968]Cmd: OBJ SAVEPACKAGE PACKAGE="/Game/Maps/Test" FILE="../../../../../../Users/Adam/Documents/Unreal Projects/Beats/Content/Maps/Test.umap" SILENT=true AUTOSAVING=false KEEPDIRTY=false
[2016.08.05-02.13.25:043][968]LogSavePackage: Save=52.19ms
[2016.08.05-02.13.25:043][968]LogSavePackage: Moving '../../../../../../Users/Adam/Documents/Unreal Projects/Beats/Saved/Test0CB7DA4548C26B7848FE3AB6B292EB6E.tmp' to '../../../../../../Users/Adam/Documents/Unreal Projects/Beats/Content/Maps/Test.umap'
[2016.08.05-02.13.25:046][968]LogSavePackage: Total save time: 67.68ms
[2016.08.05-02.13.25:046][968]LogSavePackage:Display: Finished SavePackage ../../../../../../Users/Adam/Documents/Unreal Projects/Beats/Content/Maps/Test.umap
[2016.08.05-02.13.25:064][968]LogFileHelpers: Saving map 'Test' took 0.198
[2016.08.05-02.13.25:091][968]Cmd: OBJ SAVEPACKAGE PACKAGE="/Game/Blueprints/Main/Highway" FILE="../../../../../../Users/Adam/Documents/Unreal Projects/Beats/Content/Blueprints/Main/Highway.uasset" SILENT=true
[2016.08.05-02.13.25:292][968]LogSavePackage: Save=189.86ms
[2016.08.05-02.13.25:292][968]LogSavePackage: Moving '../../../../../../Users/Adam/Documents/Unreal Projects/Beats/Saved/Highway6FBE5BBE4D0881758016519A4DE65903.tmp' to '../../../../../../Users/Adam/Documents/Unreal Projects/Beats/Content/Blueprints/Main/Highway.uasset'
[2016.08.05-02.13.25:295][968]LogSavePackage: Total save time: 203.31ms
[2016.08.05-02.13.25:295][968]LogSavePackage:Display: Finished SavePackage ../../../../../../Users/Adam/Documents/Unreal Projects/Beats/Content/Blueprints/Main/Highway.uasset
[2016.08.05-02.15.01:281][845]BlueprintLog: New page: Compile Highway
[2016.08.05-02.15.01:435][845]BlueprintEditorCompileResults: Info [1248.70] Compile of Highway successful! [in 153 ms]
[2016.08.05-02.15.08:459][629]Cmd: OBJ SAVEPACKAGE PACKAGE="/Game/Maps/Test" FILE="../../../../../../Users/Adam/Documents/Unreal Projects/Beats/Content/Maps/Test.umap" SILENT=true AUTOSAVING=false KEEPDIRTY=false
[2016.08.05-02.15.08:603][629]LogSavePackage: Save=106.04ms
[2016.08.05-02.15.08:603][629]LogSavePackage: Moving '../../../../../../Users/Adam/Documents/Unreal Projects/Beats/Saved/TestB81591F6455AC2D3332FC2B771684FF9.tmp' to '../../../../../../Users/Adam/Documents/Unreal Projects/Beats/Content/Maps/Test.umap'
[2016.08.05-02.15.08:606][629]LogSavePackage: Total save time: 123.24ms
[2016.08.05-02.15.08:606][629]LogSavePackage:Display: Finished SavePackage ../../../../../../Users/Adam/Documents/Unreal Projects/Beats/Content/Maps/Test.umap
[2016.08.05-02.15.08:638][629]LogFileHelpers: Saving map 'Test' took 0.269
[2016.08.05-02.15.08:665][629]Cmd: OBJ SAVEPACKAGE PACKAGE="/Game/Blueprints/Main/Highway" FILE="../../../../../../Users/Adam/Documents/Unreal Projects/Beats/Content/Blueprints/Main/Highway.uasset" SILENT=true
[2016.08.05-02.15.08:882][629]LogSavePackage: Save=203.72ms
[2016.08.05-02.15.08:882][629]LogSavePackage: Moving '../../../../../../Users/Adam/Documents/Unreal Projects/Beats/Saved/Highway55F8210D4D41039AD9EAC99FFC8A28EA.tmp' to '../../../../../../Users/Adam/Documents/Unreal Projects/Beats/Content/Blueprints/Main/Highway.uasset'
[2016.08.05-02.15.08:884][629]LogSavePackage: Total save time: 218.35ms
[2016.08.05-02.15.08:885][629]LogSavePackage:Display: Finished SavePackage ../../../../../../Users/Adam/Documents/Unreal Projects/Beats/Content/Blueprints/Main/Highway.uasset
[2016.08.05-02.15.09:009][644]BlueprintLog: New page: Compile Highway
[2016.08.05-02.15.09:150][644]BlueprintEditorCompileResults: Info [1256.41] Compile of Highway successful! [in 140 ms]
[2016.08.05-02.15.09:150][644]BlueprintLog: New page: Compile Highway
[2016.08.05-02.15.09:314][644]BlueprintEditorCompileResults: Info [1256.57] Compile of Highway successful! [in 162 ms]
[2016.08.05-02.15.09:752][680]Cmd: OBJ SAVEPACKAGE PACKAGE="/Game/Maps/Test" FILE="../../../../../../Users/Adam/Documents/Unreal Projects/Beats/Content/Maps/Test.umap" SILENT=true AUTOSAVING=false KEEPDIRTY=false
[2016.08.05-02.15.09:841][680]LogSavePackage: Save=51.21ms
[2016.08.05-02.15.09:841][680]LogSavePackage: Moving '../../../../../../Users/Adam/Documents/Unreal Projects/Beats/Saved/Test5944D78F42CCB13B092AEA947748C40E.tmp' to '../../../../../../Users/Adam/Documents/Unreal Projects/Beats/Content/Maps/Test.umap'
[2016.08.05-02.15.09:843][680]LogSavePackage: Total save time: 63.94ms
[2016.08.05-02.15.09:843][680]LogSavePackage:Display: Finished SavePackage ../../../../../../Users/Adam/Documents/Unreal Projects/Beats/Content/Maps/Test.umap
[2016.08.05-02.15.09:864][680]LogFileHelpers: Saving map 'Test' took 0.194
[2016.08.05-02.15.12:871][ 34]BlueprintLog: New page: Compile Highway
[2016.08.05-02.15.13:043][ 34]BlueprintEditorCompileResults: Info [1260.30] Compile of Highway successful! [in 172 ms]
[2016.08.05-02.15.13:475][ 69]Cmd: OBJ SAVEPACKAGE PACKAGE="/Game/Maps/Test" FILE="../../../../../../Users/Adam/Documents/Unreal Projects/Beats/Content/Maps/Test.umap" SILENT=true AUTOSAVING=false KEEPDIRTY=false
[2016.08.05-02.15.13:553][ 69]LogSavePackage: Save=50.74ms
[2016.08.05-02.15.13:553][ 69]LogSavePackage: Moving '../../../../../../Users/Adam/Documents/Unreal Projects/Beats/Saved/Test5970D84A424E69A9B3CA149FD0AF146F.tmp' to '../../../../../../Users/Adam/Documents/Unreal Projects/Beats/Content/Maps/Test.umap'
[2016.08.05-02.15.13:555][ 69]LogSavePackage: Total save time: 63.58ms
[2016.08.05-02.15.13:555][ 69]LogSavePackage:Display: Finished SavePackage ../../../../../../Users/Adam/Documents/Unreal Projects/Beats/Content/Maps/Test.umap
[2016.08.05-02.15.13:580][ 69]LogFileHelpers: Saving map 'Test' took 0.190
[2016.08.05-02.15.13:607][ 69]Cmd: OBJ SAVEPACKAGE PACKAGE="/Game/Blueprints/Main/Highway" FILE="../../../../../../Users/Adam/Documents/Unreal Projects/Beats/Content/Blueprints/Main/Highway.uasset" SILENT=true
[2016.08.05-02.15.13:809][ 69]LogSavePackage: Save=191.05ms
[2016.08.05-02.15.13:809][ 69]LogSavePackage: Moving '../../../../../../Users/Adam/Documents/Unreal Projects/Beats/Saved/Highway4FF6CC144AFF78AB4A6D0BBFBEA359F0.tmp' to '../../../../../../Users/Adam/Documents/Unreal Projects/Beats/Content/Blueprints/Main/Highway.uasset'
[2016.08.05-02.15.13:812][ 69]LogSavePackage: Total save time: 204.27ms
[2016.08.05-02.15.13:812][ 69]LogSavePackage:Display: Finished SavePackage ../../../../../../Users/Adam/Documents/Unreal Projects/Beats/Content/Blueprints/Main/Highway.uasset
[2016.08.05-02.15.26:545][469]Cmd: OBJ SAVEPACKAGE PACKAGE="/Game/Maps/Test" FILE="../../../../../../Users/Adam/Documents/Unreal Projects/Beats/Content/Maps/Test.umap" SILENT=true AUTOSAVING=false KEEPDIRTY=false
[2016.08.05-02.15.26:623][469]LogSavePackage: Save=51.27ms
[2016.08.05-02.15.26:623][469]LogSavePackage: Moving '../../../../../../Users/Adam/Documents/Unreal Projects/Beats/Saved/Test495F076D42539C49C7F2BCBD6586DB61.tmp' to '../../../../../../Users/Adam/Documents/Unreal Projects/Beats/Content/Maps/Test.umap'
[2016.08.05-02.15.26:626][469]LogSavePackage: Total save time: 64.98ms
[2016.08.05-02.15.26:626][469]LogSavePackage:Display: Finished SavePackage ../../../../../../Users/Adam/Documents/Unreal Projects/Beats/Content/Maps/Test.umap
[2016.08.05-02.15.26:646][469]LogFileHelpers: Saving map 'Test' took 0.196
[2016.08.05-02.15.26:673][469]Cmd: OBJ SAVEPACKAGE PACKAGE="/Game/Blueprints/Main/Highway" FILE="../../../../../../Users/Adam/Documents/Unreal Projects/Beats/Content/Blueprints/Main/Highway.uasset" SILENT=true
[2016.08.05-02.15.26:890][469]LogSavePackage: Save=205.59ms
[2016.08.05-02.15.26:890][469]LogSavePackage: Moving '../../../../../../Users/Adam/Documents/Unreal Projects/Beats/Saved/Highway9455A93442ADD0E51E52048A09459C71.tmp' to '../../../../../../Users/Adam/Documents/Unreal Projects/Beats/Content/Blueprints/Main/Highway.uasset'
[2016.08.05-02.15.26:892][469]LogSavePackage: Total save time: 218.60ms
[2016.08.05-02.15.26:892][469]LogSavePackage:Display: Finished SavePackage ../../../../../../Users/Adam/Documents/Unreal Projects/Beats/Content/Blueprints/Main/Highway.uasset
[2016.08.05-02.15.27:193][505]BlueprintLog: New page: Compile Highway
[2016.08.05-02.15.27:332][505]BlueprintEditorCompileResults: Info [1274.59] Compile of Highway successful! [in 138 ms]
[2016.08.05-02.15.27:792][542]Cmd: OBJ SAVEPACKAGE PACKAGE="/Game/Maps/Test" FILE="../../../../../../Users/Adam/Documents/Unreal Projects/Beats/Content/Maps/Test.umap" SILENT=true AUTOSAVING=false KEEPDIRTY=false
[2016.08.05-02.15.27:870][542]LogSavePackage: Save=50.62ms
[2016.08.05-02.15.27:870][542]LogSavePackage: Moving '../../../../../../Users/Adam/Documents/Unreal Projects/Beats/Saved/Test1988D18B4FF543C0E720C88A0EFE536B.tmp' to '../../../../../../Users/Adam/Documents/Unreal Projects/Beats/Content/Maps/Test.umap'
[2016.08.05-02.15.27:873][542]LogSavePackage: Total save time: 64.00ms
[2016.08.05-02.15.27:873][542]LogSavePackage:Display: Finished SavePackage ../../../../../../Users/Adam/Documents/Unreal Projects/Beats/Content/Maps/Test.umap
[2016.08.05-02.15.27:893][542]LogFileHelpers: Saving map 'Test' took 0.183
[2016.08.05-02.15.41:189][ 64]Cmd: OBJ SAVEPACKAGE PACKAGE="/Game/Maps/Test" FILE="../../../../../../Users/Adam/Documents/Unreal Projects/Beats/Content/Maps/Test.umap" SILENT=true AUTOSAVING=false KEEPDIRTY=false
[2016.08.05-02.15.41:269][ 64]LogSavePackage: Save=53.83ms
[2016.08.05-02.15.41:269][ 64]LogSavePackage: Moving '../../../../../../Users/Adam/Documents/Unreal Projects/Beats/Saved/Test1B42779140A8CA23F97628840E523D2F.tmp' to '../../../../../../Users/Adam/Documents/Unreal Projects/Beats/Content/Maps/Test.umap'
[2016.08.05-02.15.41:271][ 64]LogSavePackage: Total save time: 66.64ms
[2016.08.05-02.15.41:272][ 64]LogSavePackage:Display: Finished SavePackage ../../../../../../Users/Adam/Documents/Unreal Projects/Beats/Content/Maps/Test.umap
[2016.08.05-02.15.41:293][ 64]LogFileHelpers: Saving map 'Test' took 0.188
[2016.08.05-02.15.41:320][ 64]Cmd: OBJ SAVEPACKAGE PACKAGE="/Game/Blueprints/Main/Highway" FILE="../../../../../../Users/Adam/Documents/Unreal Projects/Beats/Content/Blueprints/Main/Highway.uasset" SILENT=true
[2016.08.05-02.15.41:607][ 64]LogSavePackage: Save=275.30ms
[2016.08.05-02.15.41:607][ 64]LogSavePackage: Moving '../../../../../../Users/Adam/Documents/Unreal Projects/Beats/Saved/Highway53C4236A4FAA754F749B1E8F2E73D3F3.tmp' to '../../../../../../Users/Adam/Documents/Unreal Projects/Beats/Content/Blueprints/Main/Highway.uasset'
[2016.08.05-02.15.41:611][ 64]LogSavePackage: Total save time: 289.34ms
[2016.08.05-02.15.41:611][ 64]LogSavePackage:Display: Finished SavePackage ../../../../../../Users/Adam/Documents/Unreal Projects/Beats/Content/Blueprints/Main/Highway.uasset
[2016.08.05-02.15.41:845][ 92]BlueprintLog: New page: Compile Highway
[2016.08.05-02.15.41:996][ 92]BlueprintEditorCompileResults: Info [1289.26] Compile of Highway successful! [in 151 ms]
[2016.08.05-02.17.14:767][768]BlueprintLog: New page: Compile Highway
[2016.08.05-02.17.14:937][768]BlueprintEditorCompileResults: Info [1382.20] Compile of Highway successful! [in 170 ms]
[2016.08.05-02.17.19:556][295]Cmd: OBJ SAVEPACKAGE PACKAGE="/Game/Maps/Test" FILE="../../../../../../Users/Adam/Documents/Unreal Projects/Beats/Content/Maps/Test.umap" SILENT=true AUTOSAVING=false KEEPDIRTY=false
[2016.08.05-02.17.19:644][295]LogSavePackage: Save=51.86ms
[2016.08.05-02.17.19:644][295]LogSavePackage: Moving '../../../../../../Users/Adam/Documents/Unreal Projects/Beats/Saved/Test5A68EF6B4D9C2D5D0EF5D0AFF1EA75D9.tmp' to '../../../../../../Users/Adam/Documents/Unreal Projects/Beats/Content/Maps/Test.umap'
[2016.08.05-02.17.19:648][295]LogSavePackage: Total save time: 69.67ms
[2016.08.05-02.17.19:648][295]LogSavePackage:Display: Finished SavePackage ../../../../../../Users/Adam/Documents/Unreal Projects/Beats/Content/Maps/Test.umap
[2016.08.05-02.17.19:683][295]LogFileHelpers: Saving map 'Test' took 0.213
[2016.08.05-02.17.19:715][295]Cmd: OBJ SAVEPACKAGE PACKAGE="/Game/Blueprints/Main/Highway" FILE="../../../../../../Users/Adam/Documents/Unreal Projects/Beats/Content/Blueprints/Main/Highway.uasset" SILENT=true
[2016.08.05-02.17.19:951][295]LogSavePackage: Save=223.72ms
[2016.08.05-02.17.19:951][295]LogSavePackage: Moving '../../../../../../Users/Adam/Documents/Unreal Projects/Beats/Saved/HighwayC4C6EA8B4D46C93342052DA6F74D234A.tmp' to '../../../../../../Users/Adam/Documents/Unreal Projects/Beats/Content/Blueprints/Main/Highway.uasset'
[2016.08.05-02.17.19:954][295]LogSavePackage: Total save time: 238.15ms
[2016.08.05-02.17.19:954][295]LogSavePackage:Display: Finished SavePackage ../../../../../../Users/Adam/Documents/Unreal Projects/Beats/Content/Blueprints/Main/Highway.uasset
[2016.08.05-02.17.48:775][597]BlueprintLog: New page: Compile Highway
[2016.08.05-02.17.48:990][597]BlueprintEditorCompileResults: Info [1416.25] Compile of Highway successful! [in 215 ms]
[2016.08.05-02.17.50:200][723]Cmd: OBJ SAVEPACKAGE PACKAGE="/Game/Maps/Test" FILE="../../../../../../Users/Adam/Documents/Unreal Projects/Beats/Content/Maps/Test.umap" SILENT=true AUTOSAVING=false KEEPDIRTY=false
[2016.08.05-02.17.50:279][723]LogSavePackage: Save=50.57ms
[2016.08.05-02.17.50:279][723]LogSavePackage: Moving '../../../../../../Users/Adam/Documents/Unreal Projects/Beats/Saved/TestCBE59B414BC48DDD6EF3A19CB6BE1541.tmp' to '../../../../../../Users/Adam/Documents/Unreal Projects/Beats/Content/Maps/Test.umap'
[2016.08.05-02.17.50:281][723]LogSavePackage: Total save time: 63.83ms
[2016.08.05-02.17.50:281][723]LogSavePackage:Display: Finished SavePackage ../../../../../../Users/Adam/Documents/Unreal Projects/Beats/Content/Maps/Test.umap
[2016.08.05-02.17.50:300][723]LogFileHelpers: Saving map 'Test' took 0.183
[2016.08.05-02.17.50:327][723]Cmd: OBJ SAVEPACKAGE PACKAGE="/Game/Blueprints/Main/Highway" FILE="../../../../../../Users/Adam/Documents/Unreal Projects/Beats/Content/Blueprints/Main/Highway.uasset" SILENT=true
[2016.08.05-02.17.50:581][723]LogSavePackage: Save=241.19ms
[2016.08.05-02.17.50:581][723]LogSavePackage: Moving '../../../../../../Users/Adam/Documents/Unreal Projects/Beats/Saved/HighwayA9F7EE594881068419274395666F3C9A.tmp' to '../../../../../../Users/Adam/Documents/Unreal Projects/Beats/Content/Blueprints/Main/Highway.uasset'
[2016.08.05-02.17.50:584][723]LogSavePackage: Total save time: 255.49ms
[2016.08.05-02.17.50:584][723]LogSavePackage:Display: Finished SavePackage ../../../../../../Users/Adam/Documents/Unreal Projects/Beats/Content/Blueprints/Main/Highway.uasset
[2016.08.05-02.18.25:249][551]BlueprintLog: New page: Compile Highway
[2016.08.05-02.18.25:491][551]BlueprintEditorCompileResults: Info [1452.75] Compile of Highway successful! [in 242 ms]
[2016.08.05-02.18.26:378][638]Cmd: OBJ SAVEPACKAGE PACKAGE="/Game/Maps/Test" FILE="../../../../../../Users/Adam/Documents/Unreal Projects/Beats/Content/Maps/Test.umap" SILENT=true AUTOSAVING=false KEEPDIRTY=false
[2016.08.05-02.18.26:457][638]LogSavePackage: Save=50.64ms
[2016.08.05-02.18.26:457][638]LogSavePackage: Moving '../../../../../../Users/Adam/Documents/Unreal Projects/Beats/Saved/Test1C9ABC7A4605AF8A740B13881B81C9E5.tmp' to '../../../../../../Users/Adam/Documents/Unreal Projects/Beats/Content/Maps/Test.umap'
[2016.08.05-02.18.26:460][638]LogSavePackage: Total save time: 65.58ms
[2016.08.05-02.18.26:460][638]LogSavePackage:Display: Finished SavePackage ../../../../../../Users/Adam/Documents/Unreal Projects/Beats/Content/Maps/Test.umap
[2016.08.05-02.18.26:480][638]LogFileHelpers: Saving map 'Test' took 0.191
[2016.08.05-02.18.26:507][638]Cmd: OBJ SAVEPACKAGE PACKAGE="/Game/Blueprints/Main/Highway" FILE="../../../../../../Users/Adam/Documents/Unreal Projects/Beats/Content/Blueprints/Main/Highway.uasset" SILENT=true
[2016.08.05-02.18.26:725][638]LogSavePackage: Save=206.19ms
[2016.08.05-02.18.26:725][638]LogSavePackage: Moving '../../../../../../Users/Adam/Documents/Unreal Projects/Beats/Saved/Highway9ABB189A4CD80535EA8417AE21AB1FB9.tmp' to '../../../../../../Users/Adam/Documents/Unreal Projects/Beats/Content/Blueprints/Main/Highway.uasset'
[2016.08.05-02.18.26:728][638]LogSavePackage: Total save time: 220.15ms
[2016.08.05-02.18.26:728][638]LogSavePackage:Display: Finished SavePackage ../../../../../../Users/Adam/Documents/Unreal Projects/Beats/Content/Blueprints/Main/Highway.uasset
[2016.08.05-02.19.12:611][663]LogFactory: FactoryCreateBinary: SoundWave with ReimportSoundFactory (0 0 ../../../../../../Users/Adam/Documents/GameMaker/Projects/Salt.gmx/sound/audio/snd_song_tesla.wav)
[2016.08.05-02.19.12:673][663]LogAudioDerivedData:Display: Building compressed audio format OGG wave snd_song_tesla...
[2016.08.05-02.19.13:495][663]LogAudioDerivedData:Warning: Updated SoundWave->RawPCMDataSize during cooking SoundWave /Game/Audio/snd_song_tesla.snd_song_tesla.
[2016.08.05-02.19.15:423][771]Cmd: OBJ SAVEPACKAGE PACKAGE="/Game/Audio/snd_song_tesla" FILE="../../../../../../Users/Adam/Documents/Unreal Projects/Beats/Content/Audio/snd_song_tesla.uasset" SILENT=true
[2016.08.05-02.19.15:431][771]LogSavePackage: Save=6.03ms
[2016.08.05-02.19.15:431][771]LogSavePackage: Moving '../../../../../../Users/Adam/Documents/Unreal Projects/Beats/Saved/snd_song_tesla77F916FF450E94342778C2BFA2D16CE9.tmp' to '../../../../../../Users/Adam/Documents/Unreal Projects/Beats/Content/Audio/snd_song_tesla.uasset'
[2016.08.05-02.19.15:433][771]LogSavePackage: Total save time: 9.08ms
[2016.08.05-02.19.15:433][771]LogSavePackage:Display: Finished SavePackage ../../../../../../Users/Adam/Documents/Unreal Projects/Beats/Content/Audio/snd_song_tesla.uasset
[2016.08.05-02.20.18:176][577]Cmd: OBJ SAVEPACKAGE PACKAGE="/Game/Audio/snd_song_tesla_Cue" FILE="../../../../../../Users/Adam/Documents/Unreal Projects/Beats/Content/Audio/snd_song_tesla_Cue.uasset" SILENT=true
[2016.08.05-02.20.18:179][577]LogSavePackage: Save=2.23ms
[2016.08.05-02.20.18:179][577]LogSavePackage: Moving '../../../../../../Users/Adam/Documents/Unreal Projects/Beats/Saved/snd_song_tesla_Cue6B2B94764B8D368B81CBA49BFCBFEF5B.tmp' to '../../../../../../Users/Adam/Documents/Unreal Projects/Beats/Content/Audio/snd_song_tesla_Cue.uasset'
[2016.08.05-02.20.18:182][577]LogSavePackage: Total save time: 4.90ms
[2016.08.05-02.20.18:182][577]LogSavePackage:Display: Finished SavePackage ../../../../../../Users/Adam/Documents/Unreal Projects/Beats/Content/Audio/snd_song_tesla_Cue.uasset
[2016.08.05-02.20.18:224][577]Cmd: OBJ SAVEPACKAGE PACKAGE="/Game/Maps/Test" FILE="../../../../../../Users/Adam/Documents/Unreal Projects/Beats/Saved/Autosaves/Game/Maps/UEDPCTest.umap" SILENT=true AUTOSAVING=true KEEPDIRTY=true
[2016.08.05-02.20.18:366][577]LogSavePackage: Save=109.37ms
[2016.08.05-02.20.18:366][577]LogSavePackage: Moving '../../../../../../Users/Adam/Documents/Unreal Projects/Beats/Saved/UEDPCTest0B00A691403B81C1ADEB0E9097837441.tmp' to '../../../../../../Users/Adam/Documents/Unreal Projects/Beats/Saved/Autosaves/Game/Maps/UEDPCTest.umap'
[2016.08.05-02.20.18:369][577]LogSavePackage: Total save time: 142.39ms
[2016.08.05-02.20.18:369][577]LogSavePackage:Display: Finished SavePackage ../../../../../../Users/Adam/Documents/Unreal Projects/Beats/Saved/Autosaves/Game/Maps/UEDPCTest.umap
[2016.08.05-02.21.16:294][100]Cmd: OBJ SAVEPACKAGE PACKAGE="/Game/Maps/Test" FILE="../../../../../../Users/Adam/Documents/Unreal Projects/Beats/Content/Maps/Test.umap" SILENT=true AUTOSAVING=false KEEPDIRTY=false
[2016.08.05-02.21.16:436][100]LogSavePackage: Save=91.65ms
[2016.08.05-02.21.16:436][100]LogSavePackage: Moving '../../../../../../Users/Adam/Documents/Unreal Projects/Beats/Saved/TestBA65DF1E472AF5D9094838922D83D16C.tmp' to '../../../../../../Users/Adam/Documents/Unreal Projects/Beats/Content/Maps/Test.umap'
[2016.08.05-02.21.16:438][100]LogSavePackage: Total save time: 124.68ms
[2016.08.05-02.21.16:438][100]LogSavePackage:Display: Finished SavePackage ../../../../../../Users/Adam/Documents/Unreal Projects/Beats/Content/Maps/Test.umap
[2016.08.05-02.21.16:458][100]LogFileHelpers: Saving map 'Test' took 0.252
[2016.08.05-02.21.16:463][100]Cmd: OBJ SAVEPACKAGE PACKAGE="/Game/Blueprints/Main/Highway" FILE="../../../../../../Users/Adam/Documents/Unreal Projects/Beats/Content/Blueprints/Main/Highway.uasset" SILENT=true
[2016.08.05-02.21.16:691][100]LogSavePackage: Save=213.71ms
[2016.08.05-02.21.16:691][100]LogSavePackage: Moving '../../../../../../Users/Adam/Documents/Unreal Projects/Beats/Saved/Highway0C5FD05B4BA337B4C040D997A5C24357.tmp' to '../../../../../../Users/Adam/Documents/Unreal Projects/Beats/Content/Blueprints/Main/Highway.uasset'
[2016.08.05-02.21.16:694][100]LogSavePackage: Total save time: 229.57ms
[2016.08.05-02.21.16:694][100]LogSavePackage:Display: Finished SavePackage ../../../../../../Users/Adam/Documents/Unreal Projects/Beats/Content/Blueprints/Main/Highway.uasset
[2016.08.05-02.21.17:836][161]Cmd: OBJ SAVEPACKAGE PACKAGE="/Game/Maps/Test" FILE="../../../../../../Users/Adam/Documents/Unreal Projects/Beats/Saved/Autosaves/Game/Maps/UEDPCTest.umap" SILENT=true AUTOSAVING=true KEEPDIRTY=true
[2016.08.05-02.21.17:900][161]LogSavePackage: Save=52.63ms
[2016.08.05-02.21.17:900][161]LogSavePackage: Moving '../../../../../../Users/Adam/Documents/Unreal Projects/Beats/Saved/UEDPCTest249C7E4743748B25DB555EB02C1BC54A.tmp' to '../../../../../../Users/Adam/Documents/Unreal Projects/Beats/Saved/Autosaves/Game/Maps/UEDPCTest.umap'
[2016.08.05-02.21.17:902][161]LogSavePackage: Total save time: 64.91ms
[2016.08.05-02.21.17:902][161]LogSavePackage:Display: Finished SavePackage ../../../../../../Users/Adam/Documents/Unreal Projects/Beats/Saved/Autosaves/Game/Maps/UEDPCTest.umap
[2016.08.05-02.21.31:742][295]Cmd: OBJ SAVEPACKAGE PACKAGE="/Game/Maps/Test" FILE="../../../../../../Users/Adam/Documents/Unreal Projects/Beats/Content/Maps/Test.umap" SILENT=true AUTOSAVING=false KEEPDIRTY=false
[2016.08.05-02.21.31:831][295]LogSavePackage: Save=58.20ms
[2016.08.05-02.21.31:831][295]LogSavePackage: Moving '../../../../../../Users/Adam/Documents/Unreal Projects/Beats/Saved/Test58A2A28049941089ECBAF69334ECA76B.tmp' to '../../../../../../Users/Adam/Documents/Unreal Projects/Beats/Content/Maps/Test.umap'
[2016.08.05-02.21.31:834][295]LogSavePackage: Total save time: 73.20ms
[2016.08.05-02.21.31:834][295]LogSavePackage:Display: Finished SavePackage ../../../../../../Users/Adam/Documents/Unreal Projects/Beats/Content/Maps/Test.umap
[2016.08.05-02.21.31:856][295]LogFileHelpers: Saving map 'Test' took 0.210
[2016.08.05-02.21.37:767][748]BlueprintLog: New page: Compile Highway
[2016.08.05-02.21.37:923][748]BlueprintEditorCompileResults: Info [1645.18] Compile of Highway successful! [in 156 ms]
[2016.08.05-02.21.39:649][897]Cmd: OBJ SAVEPACKAGE PACKAGE="/Game/Maps/Test" FILE="../../../../../../Users/Adam/Documents/Unreal Projects/Beats/Saved/Autosaves/Game/Maps/UEDPCTest.umap" SILENT=true AUTOSAVING=true KEEPDIRTY=true
[2016.08.05-02.21.39:714][897]LogSavePackage: Save=53.46ms
[2016.08.05-02.21.39:714][897]LogSavePackage: Moving '../../../../../../Users/Adam/Documents/Unreal Projects/Beats/Saved/UEDPCTestBA427BB9412D425526CADA82204D5036.tmp' to '../../../../../../Users/Adam/Documents/Unreal Projects/Beats/Saved/Autosaves/Game/Maps/UEDPCTest.umap'
[2016.08.05-02.21.39:716][897]LogSavePackage: Total save time: 65.87ms
[2016.08.05-02.21.39:716][897]LogSavePackage:Display: Finished SavePackage ../../../../../../Users/Adam/Documents/Unreal Projects/Beats/Saved/Autosaves/Game/Maps/UEDPCTest.umap
[2016.08.05-02.21.53:576][182]LogPlayLevel: PlayLevel: No blueprints needed recompiling
[2016.08.05-02.21.53:577][182]PIE: New page: PIE session: Test (Aug 4, 2016, 5:21:53 PM)
[2016.08.05-02.21.53:577][182]LogPlayLevel: Creating play world package: /Game/Maps/UEDPIE_0_Test
[2016.08.05-02.21.53:582][182]LogPlayLevel: PIE: StaticDuplicateObject took: (0.005007s)
[2016.08.05-02.21.53:583][182]LogAIModule: Creating AISystem for world Test
[2016.08.05-02.21.53:583][182]LogPlayLevel: PIE: World Init took: (0.001150s)
[2016.08.05-02.21.53:583][182]LogPlayLevel: PIE: Created PIE world by copying editor world from /Game/Maps/Test.Test to /Game/Maps/UEDPIE_0_Test.Test (0.006448s)
[2016.08.05-02.21.53:605][182]LogInit: XAudio2 using 'Speakers (Realtek High Definition Audio)' : 2 channels at 48 kHz using 32 bits per sample (channel mask 0x3)
[2016.08.05-02.21.53:615][182]LogInit: FAudioDevice initialized.
[2016.08.05-02.21.53:663][182]LogLinker:Warning: Can't find file '/Game/Blueprints/Blueprints/SaltGameMode'
[2016.08.05-02.21.53:664][182]LogLinker:Warning: Can't find file '/Game/Blueprints/Blueprints/SaltGameMode'
[2016.08.05-02.21.53:664][182]LogUObjectGlobals:Warning: Failed to find object 'Class /Game/Blueprints/Blueprints/SaltGameMode.SaltGameMode_C'
[2016.08.05-02.21.53:664][182]LogWorld: Game class is 'GameMode'
[2016.08.05-02.21.53:667][182]LogWorld: Bringing World /Game/Maps/UEDPIE_0_Test.Test up for play (max tick rate 0) at 2016.08.04-22.21.53
[2016.08.05-02.21.53:668][182]LogWorld: Bringing up level for play took: 0.002643
[2016.08.05-02.21.53:674][182]LogContentBrowser: Native class hierarchy updated for 'MovieSceneCapture' in 0.0019 seconds. Added 9 classes and 0 folders.
[2016.08.05-02.21.53:675][182]PIE: Info Play in editor start time for /Game/Maps/UEDPIE_0_Test -0.659
[2016.08.05-02.21.55:158][282]LogBlueprintDebug:Warning: Unknown breakpoint hit at node K2Node_AssignmentStatement in object Function /Game/Blueprints/Main/Highway.Highway_C:getBeat:006D
[2016.08.05-02.21.55:355][282]LogTexture:Display: Building textures: BlueprintMacroLibrary_64x (BGRA8)
[2016.08.05-02.22.05:516][284]LogBlueprintDebug:Warning: Unknown breakpoint hit at node K2Node_AssignmentStatement in object Function /Game/Blueprints/Main/Highway.Highway_C:getBeat:006D
[2016.08.05-02.22.25:194][285]LogBlueprintDebug:Warning: Unknown breakpoint hit at node K2Node_AssignmentStatement in object Function /Game/Blueprints/Main/Highway.Highway_C:getBeat:006D
[2016.08.05-02.22.50:261][522]BlueprintLog: New page: Compile Highway
[2016.08.05-02.22.50:423][522]BlueprintEditorCompileResults: Info [1717.68] Compile of Highway successful! [in 161 ms]
[2016.08.05-02.22.52:330][651]LogPlayLevel: PlayLevel: No blueprints needed recompiling
[2016.08.05-02.22.52:330][651]PIE: New page: PIE session: Test (Aug 4, 2016, 5:22:52 PM)
[2016.08.05-02.22.52:330][651]LogPlayLevel: Creating play world package: /Game/Maps/UEDPIE_0_Test
[2016.08.05-02.22.52:334][651]LogPlayLevel: PIE: StaticDuplicateObject took: (0.003666s)
[2016.08.05-02.22.52:334][651]LogAIModule: Creating AISystem for world Test
[2016.08.05-02.22.52:334][651]LogPlayLevel: PIE: World Init took: (0.000588s)
[2016.08.05-02.22.52:335][651]LogPlayLevel: PIE: Created PIE world by copying editor world from /Game/Maps/Test.Test to /Game/Maps/UEDPIE_0_Test.Test (0.004437s)
[2016.08.05-02.22.52:360][651]LogInit: XAudio2 using 'Speakers (Realtek High Definition Audio)' : 2 channels at 48 kHz using 32 bits per sample (channel mask 0x3)
[2016.08.05-02.22.52:368][651]LogInit: FAudioDevice initialized.
[2016.08.05-02.22.52:408][651]LogLinker:Warning: Can't find file '/Game/Blueprints/Blueprints/SaltGameMode'
[2016.08.05-02.22.52:408][651]LogLinker:Warning: Can't find file '/Game/Blueprints/Blueprints/SaltGameMode'
[2016.08.05-02.22.52:408][651]LogUObjectGlobals:Warning: Failed to find object 'Class /Game/Blueprints/Blueprints/SaltGameMode.SaltGameMode_C'
[2016.08.05-02.22.52:408][651]LogWorld: Game class is 'GameMode'
[2016.08.05-02.22.52:411][651]LogWorld: Bringing World /Game/Maps/UEDPIE_0_Test.Test up for play (max tick rate 0) at 2016.08.04-22.22.52
[2016.08.05-02.22.52:411][651]LogWorld: Bringing up level for play took: 0.002339
[2016.08.05-02.22.52:412][651]PIE: Info Play in editor start time for /Game/Maps/UEDPIE_0_Test 0.078
[2016.08.05-02.22.54:323][776]LogBlueprintDebug:Warning: Unknown breakpoint hit at node K2Node_AssignmentStatement in object Function /Game/Blueprints/Main/Highway.Highway_C:getBeat:006D
[2016.08.05-02.23.31:059][632]Set new viewmode: Wireframe
[2016.08.05-02.23.40:181][546]LogPlayLevel: PlayLevel: No blueprints needed recompiling
[2016.08.05-02.23.40:181][546]PIE: New page: PIE session: Test (Aug 4, 2016, 5:23:40 PM)
[2016.08.05-02.23.40:181][546]LogPlayLevel: Creating play world package: /Game/Maps/UEDPIE_0_Test
[2016.08.05-02.23.40:185][546]LogPlayLevel: PIE: StaticDuplicateObject took: (0.003432s)
[2016.08.05-02.23.40:185][546]LogAIModule: Creating AISystem for world Test
[2016.08.05-02.23.40:185][546]LogPlayLevel: PIE: World Init took: (0.000504s)
[2016.08.05-02.23.40:185][546]LogPlayLevel: PIE: Created PIE world by copying editor world from /Game/Maps/Test.Test to /Game/Maps/UEDPIE_0_Test.Test (0.004098s)
[2016.08.05-02.23.40:208][546]LogInit: XAudio2 using 'Speakers (Realtek High Definition Audio)' : 2 channels at 48 kHz using 32 bits per sample (channel mask 0x3)
[2016.08.05-02.23.40:218][546]LogInit: FAudioDevice initialized.
[2016.08.05-02.23.40:256][546]LogLinker:Warning: Can't find file '/Game/Blueprints/Blueprints/SaltGameMode'
[2016.08.05-02.23.40:256][546]LogLinker:Warning: Can't find file '/Game/Blueprints/Blueprints/SaltGameMode'
[2016.08.05-02.23.40:256][546]LogUObjectGlobals:Warning: Failed to find object 'Class /Game/Blueprints/Blueprints/SaltGameMode.SaltGameMode_C'
[2016.08.05-02.23.40:256][546]LogWorld: Game class is 'GameMode'
[2016.08.05-02.23.40:259][546]LogWorld: Bringing World /Game/Maps/UEDPIE_0_Test.Test up for play (max tick rate 0) at 2016.08.04-22.23.40
[2016.08.05-02.23.40:261][546]LogWorld: Bringing up level for play took: 0.003424
[2016.08.05-02.23.40:261][546]LogGameMode: Warning - PATHS NOT DEFINED or NO PLAYERSTART with positive rating
[2016.08.05-02.23.40:267][546]PIE: Info Play in editor start time for /Game/Maps/UEDPIE_0_Test -0.067
[2016.08.05-02.23.40:295][548]LogRenderer: Reallocating scene render targets to support 1280x720 (Frame:9545).
[2016.08.05-02.23.41:337][604]LogBlueprintDebug:Warning: Hit breakpoint on node 'K2Node_VariableSet', from offset 80
[2016.08.05-02.23.41:337][604]LogBlueprintDebug: 
Script call stack:
	Function /Game/Blueprints/BeatPuppets/BeatPuppeteer.BeatPuppeteer_C:ReceiveTick
	Function /Game/Blueprints/BeatPuppets/BeatPuppeteer.BeatPuppeteer_C:ExecuteUbergraph_BeatPuppeteer
	Function /Game/Blueprints/BeatPuppets/BeatPuppeteer.BeatPuppeteer_C:TriggerBeat
	Function /Game/Blueprints/Main/Highway.Highway_C:Receive Beat
	Function /Game/Blueprints/Main/Highway.Highway_C:ExecuteUbergraph_Highway
	Function /Game/Blueprints/Main/Highway.Highway_C:getBeat

[2016.08.05-02.23.44:883][606]LogBlueprintDebug:Warning: Hit breakpoint on node 'K2Node_VariableSet', from offset 80
[2016.08.05-02.23.44:883][606]LogBlueprintDebug: 
Script call stack:
	Function /Game/Blueprints/BeatPuppets/BeatPuppeteer.BeatPuppeteer_C:ReceiveTick
	Function /Game/Blueprints/BeatPuppets/BeatPuppeteer.BeatPuppeteer_C:ExecuteUbergraph_BeatPuppeteer
	Function /Game/Blueprints/BeatPuppets/BeatPuppeteer.BeatPuppeteer_C:TriggerBeat
	Function /Game/Blueprints/Main/Highway.Highway_C:Receive Beat
	Function /Game/Blueprints/Main/Highway.Highway_C:ExecuteUbergraph_Highway
	Function /Game/Blueprints/Main/Highway.Highway_C:getBeat

[2016.08.05-02.23.47:630][607]LogBlueprintDebug:Warning: Hit breakpoint on node 'K2Node_VariableSet', from offset 80
[2016.08.05-02.23.47:630][607]LogBlueprintDebug: 
Script call stack:
	Function /Game/Blueprints/BeatPuppets/BeatPuppeteer.BeatPuppeteer_C:ReceiveTick
	Function /Game/Blueprints/BeatPuppets/BeatPuppeteer.BeatPuppeteer_C:ExecuteUbergraph_BeatPuppeteer
	Function /Game/Blueprints/BeatPuppets/BeatPuppeteer.BeatPuppeteer_C:TriggerBeat
	Function /Game/Blueprints/Main/Highway.Highway_C:Receive Beat
	Function /Game/Blueprints/Main/Highway.Highway_C:ExecuteUbergraph_Highway
	Function /Game/Blueprints/Main/Highway.Highway_C:getBeat

[2016.08.05-02.23.49:967][608]LogBlueprintDebug:Warning: Hit breakpoint on node 'K2Node_VariableSet', from offset 80
[2016.08.05-02.23.49:967][608]LogBlueprintDebug: 
Script call stack:
	Function /Game/Blueprints/BeatPuppets/BeatPuppeteer.BeatPuppeteer_C:ReceiveTick
	Function /Game/Blueprints/BeatPuppets/BeatPuppeteer.BeatPuppeteer_C:ExecuteUbergraph_BeatPuppeteer
	Function /Game/Blueprints/BeatPuppets/BeatPuppeteer.BeatPuppeteer_C:TriggerBeat
	Function /Game/Blueprints/Main/Highway.Highway_C:Receive Beat
	Function /Game/Blueprints/Main/Highway.Highway_C:ExecuteUbergraph_Highway
	Function /Game/Blueprints/Main/Highway.Highway_C:getBeat

[2016.08.05-02.23.56:891][609]LogBlueprintDebug:Warning: Hit breakpoint on node 'K2Node_VariableSet', from offset 80
[2016.08.05-02.23.56:891][609]LogBlueprintDebug: 
Script call stack:
	Function /Game/Blueprints/BeatPuppets/BeatPuppeteer.BeatPuppeteer_C:ReceiveTick
	Function /Game/Blueprints/BeatPuppets/BeatPuppeteer.BeatPuppeteer_C:ExecuteUbergraph_BeatPuppeteer
	Function /Game/Blueprints/BeatPuppets/BeatPuppeteer.BeatPuppeteer_C:TriggerBeat
	Function /Game/Blueprints/Main/Highway.Highway_C:Receive Beat
	Function /Game/Blueprints/Main/Highway.Highway_C:ExecuteUbergraph_Highway
	Function /Game/Blueprints/Main/Highway.Highway_C:getBeat

[2016.08.05-02.23.59:527][610]LogBlueprintDebug:Warning: Hit breakpoint on node 'K2Node_VariableSet', from offset 80
[2016.08.05-02.23.59:527][610]LogBlueprintDebug: 
Script call stack:
	Function /Game/Blueprints/BeatPuppets/BeatPuppeteer.BeatPuppeteer_C:ReceiveTick
	Function /Game/Blueprints/BeatPuppets/BeatPuppeteer.BeatPuppeteer_C:ExecuteUbergraph_BeatPuppeteer
	Function /Game/Blueprints/BeatPuppets/BeatPuppeteer.BeatPuppeteer_C:TriggerBeat
	Function /Game/Blueprints/Main/Highway.Highway_C:Receive Beat
	Function /Game/Blueprints/Main/Highway.Highway_C:ExecuteUbergraph_Highway
	Function /Game/Blueprints/Main/Highway.Highway_C:getBeat

[2016.08.05-02.24.02:014][611]LogBlueprintDebug:Warning: Hit breakpoint on node 'K2Node_VariableSet', from offset 80
[2016.08.05-02.24.02:014][611]LogBlueprintDebug: 
Script call stack:
	Function /Game/Blueprints/BeatPuppets/BeatPuppeteer.BeatPuppeteer_C:ReceiveTick
	Function /Game/Blueprints/BeatPuppets/BeatPuppeteer.BeatPuppeteer_C:ExecuteUbergraph_BeatPuppeteer
	Function /Game/Blueprints/BeatPuppets/BeatPuppeteer.BeatPuppeteer_C:TriggerBeat
	Function /Game/Blueprints/Main/Highway.Highway_C:Receive Beat
	Function /Game/Blueprints/Main/Highway.Highway_C:ExecuteUbergraph_Highway
	Function /Game/Blueprints/Main/Highway.Highway_C:getBeat

[2016.08.05-02.24.04:879][612]LogBlueprintDebug:Warning: Hit breakpoint on node 'K2Node_VariableSet', from offset 80
[2016.08.05-02.24.04:879][612]LogBlueprintDebug: 
Script call stack:
	Function /Game/Blueprints/BeatPuppets/BeatPuppeteer.BeatPuppeteer_C:ReceiveTick
	Function /Game/Blueprints/BeatPuppets/BeatPuppeteer.BeatPuppeteer_C:ExecuteUbergraph_BeatPuppeteer
	Function /Game/Blueprints/BeatPuppets/BeatPuppeteer.BeatPuppeteer_C:TriggerBeat
	Function /Game/Blueprints/Main/Highway.Highway_C:Receive Beat
	Function /Game/Blueprints/Main/Highway.Highway_C:ExecuteUbergraph_Highway
	Function /Game/Blueprints/Main/Highway.Highway_C:getBeat

[2016.08.05-02.24.42:952][611]Cmd: OBJ SAVEPACKAGE PACKAGE="/Game/Maps/Test" FILE="../../../../../../Users/Adam/Documents/Unreal Projects/Beats/Content/Maps/Test.umap" SILENT=true AUTOSAVING=false KEEPDIRTY=false
[2016.08.05-02.24.43:042][611]LogSavePackage: Save=58.30ms
[2016.08.05-02.24.43:042][611]LogSavePackage: Moving '../../../../../../Users/Adam/Documents/Unreal Projects/Beats/Saved/TestBED8E5734FAA46EB89E227A9CFC26710.tmp' to '../../../../../../Users/Adam/Documents/Unreal Projects/Beats/Content/Maps/Test.umap'
[2016.08.05-02.24.43:045][611]LogSavePackage: Total save time: 74.61ms
[2016.08.05-02.24.43:045][611]LogSavePackage:Display: Finished SavePackage ../../../../../../Users/Adam/Documents/Unreal Projects/Beats/Content/Maps/Test.umap
[2016.08.05-02.24.43:064][611]LogFileHelpers: Saving map 'Test' took 0.200
[2016.08.05-02.24.43:097][611]Cmd: OBJ SAVEPACKAGE PACKAGE="/Game/Blueprints/Main/Highway" FILE="../../../../../../Users/Adam/Documents/Unreal Projects/Beats/Content/Blueprints/Main/Highway.uasset" SILENT=true
[2016.08.05-02.24.43:314][611]LogSavePackage: Save=202.53ms
[2016.08.05-02.24.43:315][611]LogSavePackage: Moving '../../../../../../Users/Adam/Documents/Unreal Projects/Beats/Saved/HighwayF43EEB924ACEAE4AF37DD295E231CF94.tmp' to '../../../../../../Users/Adam/Documents/Unreal Projects/Beats/Content/Blueprints/Main/Highway.uasset'
[2016.08.05-02.24.43:317][611]LogSavePackage: Total save time: 219.17ms
[2016.08.05-02.24.43:317][611]LogSavePackage:Display: Finished SavePackage ../../../../../../Users/Adam/Documents/Unreal Projects/Beats/Content/Blueprints/Main/Highway.uasset
[2016.08.05-02.24.45:894][912]BlueprintLog: New page: Compile Highway
[2016.08.05-02.24.46:044][912]BlueprintEditorCompileResults: Info [1833.30] Compile of Highway successful! [in 149 ms]
[2016.08.05-02.24.46:368][934]Cmd: OBJ SAVEPACKAGE PACKAGE="/Game/Maps/Test" FILE="../../../../../../Users/Adam/Documents/Unreal Projects/Beats/Content/Maps/Test.umap" SILENT=true AUTOSAVING=false KEEPDIRTY=false
[2016.08.05-02.24.46:451][934]LogSavePackage: Save=50.78ms
[2016.08.05-02.24.46:451][934]LogSavePackage: Moving '../../../../../../Users/Adam/Documents/Unreal Projects/Beats/Saved/Test87CFE216461C2922CD49128FC206D040.tmp' to '../../../../../../Users/Adam/Documents/Unreal Projects/Beats/Content/Maps/Test.umap'
[2016.08.05-02.24.46:454][934]LogSavePackage: Total save time: 64.97ms
[2016.08.05-02.24.46:454][934]LogSavePackage:Display: Finished SavePackage ../../../../../../Users/Adam/Documents/Unreal Projects/Beats/Content/Maps/Test.umap
[2016.08.05-02.24.46:474][934]LogFileHelpers: Saving map 'Test' took 0.191
[2016.08.05-02.24.48:539][112]LogPlayLevel: PlayLevel: No blueprints needed recompiling
[2016.08.05-02.24.48:540][112]PIE: New page: PIE session: Test (Aug 4, 2016, 5:24:48 PM)
[2016.08.05-02.24.48:540][112]LogPlayLevel: Creating play world package: /Game/Maps/UEDPIE_0_Test
[2016.08.05-02.24.48:543][112]LogPlayLevel: PIE: StaticDuplicateObject took: (0.003564s)
[2016.08.05-02.24.48:544][112]LogAIModule: Creating AISystem for world Test
[2016.08.05-02.24.48:544][112]LogPlayLevel: PIE: World Init took: (0.000581s)
[2016.08.05-02.24.48:544][112]LogPlayLevel: PIE: Created PIE world by copying editor world from /Game/Maps/Test.Test to /Game/Maps/UEDPIE_0_Test.Test (0.004339s)
[2016.08.05-02.24.48:566][112]LogInit: XAudio2 using 'Speakers (Realtek High Definition Audio)' : 2 channels at 48 kHz using 32 bits per sample (channel mask 0x3)
[2016.08.05-02.24.48:576][112]LogInit: FAudioDevice initialized.
[2016.08.05-02.24.48:613][112]LogLinker:Warning: Can't find file '/Game/Blueprints/Blueprints/SaltGameMode'
[2016.08.05-02.24.48:614][112]LogLinker:Warning: Can't find file '/Game/Blueprints/Blueprints/SaltGameMode'
[2016.08.05-02.24.48:614][112]LogUObjectGlobals:Warning: Failed to find object 'Class /Game/Blueprints/Blueprints/SaltGameMode.SaltGameMode_C'
[2016.08.05-02.24.48:614][112]LogWorld: Game class is 'GameMode'
[2016.08.05-02.24.48:617][112]LogWorld: Bringing World /Game/Maps/UEDPIE_0_Test.Test up for play (max tick rate 0) at 2016.08.04-22.24.48
[2016.08.05-02.24.48:617][112]LogWorld: Bringing up level for play took: 0.002486
[2016.08.05-02.24.48:618][112]PIE: Info Play in editor start time for /Game/Maps/UEDPIE_0_Test 0.284
[2016.08.05-02.24.51:399][293]LogBlueprintDebug:Warning: Hit breakpoint on node 'K2Node_VariableSet', from offset 80
[2016.08.05-02.24.51:399][293]LogBlueprintDebug: 
Script call stack:
	Function /Game/Blueprints/BeatPuppets/BeatPuppeteer.BeatPuppeteer_C:ReceiveTick
	Function /Game/Blueprints/BeatPuppets/BeatPuppeteer.BeatPuppeteer_C:ExecuteUbergraph_BeatPuppeteer
	Function /Game/Blueprints/BeatPuppets/BeatPuppeteer.BeatPuppeteer_C:TriggerBeat
	Function /Game/Blueprints/Main/Highway.Highway_C:Receive Beat
	Function /Game/Blueprints/Main/Highway.Highway_C:ExecuteUbergraph_Highway
	Function /Game/Blueprints/Main/Highway.Highway_C:getBeat

[2016.08.05-02.24.56:086][295]LogBlueprintDebug:Warning: Hit breakpoint on node 'K2Node_VariableSet', from offset 80
[2016.08.05-02.24.56:086][295]LogBlueprintDebug: 
Script call stack:
	Function /Game/Blueprints/BeatPuppets/BeatPuppeteer.BeatPuppeteer_C:ReceiveTick
	Function /Game/Blueprints/BeatPuppets/BeatPuppeteer.BeatPuppeteer_C:ExecuteUbergraph_BeatPuppeteer
	Function /Game/Blueprints/BeatPuppets/BeatPuppeteer.BeatPuppeteer_C:TriggerBeat
	Function /Game/Blueprints/Main/Highway.Highway_C:Receive Beat
	Function /Game/Blueprints/Main/Highway.Highway_C:ExecuteUbergraph_Highway
	Function /Game/Blueprints/Main/Highway.Highway_C:getBeat

[2016.08.05-02.37.55:019][266]LogActorComponent: UnregisterComponent: (/Engine/Transient.EditorFloorComp) Not registered. Aborting.
[2016.08.05-02.37.55:075][266]LogActorComponent: UnregisterComponent: (/Engine/Transient.EditorFloorComp) Not registered. Aborting.
[2016.08.05-02.37.55:336][267]Cmd: QUIT_EDITOR
[2016.08.05-02.37.55:745][267]LogWindowsTextInputMethodSystem:Display: IME system now deactivated.
[2016.08.05-02.37.55:745][267]LogWindowsTextInputMethodSystem:Display: IME system now deactivated.
[2016.08.05-02.37.55:789][267]LogExit: Preparing to exit.
[2016.08.05-02.37.56:922][267]LogExit: Editor shut down
[2016.08.05-02.37.56:923][267]LogExit: Transaction tracking system shut down
[2016.08.05-02.37.57:079][267]LogObj: Freed 0b from 0 cluster array pools.
[2016.08.05-02.37.57:079][267]LogExit: Object subsystem successfully closed.
[2016.08.05-02.37.57:103][267]LogD3D11RHI: Shutdown
[2016.08.05-02.37.57:103][267]LogD3D11RHI: CleanupD3DDevice
[2016.08.05-02.37.57:174][267]LogD3D11RHI: ~FD3D11DynamicRHI
[2016.08.05-02.37.57:284][267]LogDerivedDataCache: Shutdown
[2016.08.05-02.37.57:285][267]LogModuleManager: Shutting down and abandoning module MovieSceneCapture (209)
[2016.08.05-02.37.57:285][267]LogModuleManager: Shutting down and abandoning module BlueprintGraph (208)
[2016.08.05-02.37.57:285][267]LogModuleManager: Shutting down and abandoning module HierarchicalLODOutliner (207)
[2016.08.05-02.37.57:285][267]LogModuleManager: Shutting down and abandoning module CrashTracker (206)
[2016.08.05-02.37.57:285][267]LogModuleManager: Shutting down and abandoning module SceneOutliner (205)
[2016.08.05-02.37.57:285][267]LogModuleManager: Shutting down and abandoning module SuperSearch (204)
[2016.08.05-02.37.57:285][267]LogModuleManager: Shutting down and abandoning module WidgetCarousel (203)
[2016.08.05-02.37.57:285][267]LogModuleManager: Shutting down and abandoning module AddContentDialog (202)
[2016.08.05-02.37.57:286][267]LogModuleManager: Shutting down and abandoning module GameplayTags (201)
[2016.08.05-02.37.57:286][267]LogModuleManager: Shutting down and abandoning module EditorWidgets (200)
[2016.08.05-02.37.57:286][267]LogModuleManager: Shutting down and abandoning module CollectionManager (199)
[2016.08.05-02.37.57:287][267]LogModuleManager: Shutting down and abandoning module StatsViewer (198)
[2016.08.05-02.37.57:287][267]LogModuleManager: Shutting down and abandoning module FoliageEdit (197)
[2016.08.05-02.37.57:287][267]LogModuleManager: Shutting down and abandoning module LandscapeEditor (196)
[2016.08.05-02.37.57:287][267]LogModuleManager: Shutting down and abandoning module ActorPickerMode (195)
[2016.08.05-02.37.57:287][267]LogModuleManager: Shutting down and abandoning module GeometryMode (194)
[2016.08.05-02.37.57:287][267]LogModuleManager: Shutting down and abandoning module TextureAlignMode (193)
[2016.08.05-02.37.57:287][267]LogModuleManager: Shutting down and abandoning module BspMode (192)
[2016.08.05-02.37.57:287][267]LogModuleManager: Shutting down and abandoning module PlacementMode (191)
[2016.08.05-02.37.57:287][267]LogModuleManager: Shutting down and abandoning module AutomationWorker (190)
[2016.08.05-02.37.57:287][267]LogModuleManager: Shutting down and abandoning module CharacterAI (189)
[2016.08.05-02.37.57:287][267]LogModuleManager: Shutting down and abandoning module SmartSnapping (188)
[2016.08.05-02.37.57:287][267]LogModuleManager: Shutting down and abandoning module ViewportSnapping (187)
[2016.08.05-02.37.57:287][267]LogModuleManager: Shutting down and abandoning module LogVisualizer (186)
[2016.08.05-02.37.57:287][267]LogModuleManager: Shutting down and abandoning module GameProjectGeneration (185)
[2016.08.05-02.37.57:287][267]LogModuleManager: Shutting down and abandoning module IntroTutorials (184)
[2016.08.05-02.37.57:287][267]LogModuleManager: Shutting down and abandoning module EditorLiveStreaming (183)
[2016.08.05-02.37.57:287][267]LogModuleManager: Shutting down and abandoning module IOSPlatformEditor (182)
[2016.08.05-02.37.57:287][267]LogModuleManager: Shutting down and abandoning module HTML5PlatformEditor (181)
[2016.08.05-02.37.57:287][267]LogModuleManager: Shutting down and abandoning module AndroidDeviceDetection (180)
[2016.08.05-02.37.58:253][267]LogModuleManager: Shutting down and abandoning module AndroidPlatformEditor (179)
[2016.08.05-02.37.58:253][267]LogModuleManager: Shutting down and abandoning module IOSRuntimeSettings (178)
[2016.08.05-02.37.58:253][267]LogModuleManager: Shutting down and abandoning module AndroidRuntimeSettings (177)
[2016.08.05-02.37.58:253][267]LogModuleManager: Shutting down and abandoning module MergeActors (176)
[2016.08.05-02.37.58:253][267]LogModuleManager: Shutting down and abandoning module SizeMap (175)
[2016.08.05-02.37.58:253][267]LogModuleManager: Shutting down and abandoning module TreeMap (174)
[2016.08.05-02.37.58:253][267]LogModuleManager: Shutting down and abandoning module ReferenceViewer (173)
[2016.08.05-02.37.58:253][267]LogModuleManager: Shutting down and abandoning module LocalizationService (172)
[2016.08.05-02.37.58:253][267]LogModuleManager: Shutting down and abandoning module LocalizationDashboard (171)
[2016.08.05-02.37.58:253][267]LogModuleManager: Shutting down and abandoning module HardwareTargeting (170)
[2016.08.05-02.37.58:253][267]LogModuleManager: Shutting down and abandoning module DeviceProfileEditor (169)
[2016.08.05-02.37.58:253][267]LogModuleManager: Shutting down and abandoning module UndoHistory (168)
[2016.08.05-02.37.58:253][267]LogModuleManager: Shutting down and abandoning module UserFeedback (167)
[2016.08.05-02.37.58:253][267]LogModuleManager: Shutting down and abandoning module XmlParser (166)
[2016.08.05-02.37.58:253][267]LogModuleManager: Shutting down and abandoning module Blutility (165)
[2016.08.05-02.37.58:253][267]LogModuleManager: Shutting down and abandoning module ProjectTargetPlatformEditor (164)
[2016.08.05-02.37.58:253][267]LogModuleManager: Shutting down and abandoning module ProjectSettingsViewer (163)
[2016.08.05-02.37.58:254][267]LogModuleManager: Shutting down and abandoning module InputBindingEditor (162)
[2016.08.05-02.37.58:254][267]LogModuleManager: Shutting down and abandoning module EditorSettingsViewer (161)
[2016.08.05-02.37.58:254][267]LogModuleManager: Shutting down and abandoning module SettingsEditor (160)
[2016.08.05-02.37.58:254][267]LogModuleManager: Shutting down and abandoning module ProjectLauncher (159)
[2016.08.05-02.37.58:254][267]LogModuleManager: Shutting down and abandoning module SessionFrontend (158)
[2016.08.05-02.37.58:254][267]LogModuleManager: Shutting down and abandoning module ProfilerClient (157)
[2016.08.05-02.37.58:254][267]LogModuleManager: Shutting down and abandoning module TargetDeviceServices (156)
[2016.08.05-02.37.58:254][267]LogModuleManager: Shutting down and abandoning module DeviceManager (155)
[2016.08.05-02.37.58:296][267]LogModuleManager: Shutting down and abandoning module AutomationController (154)
[2016.08.05-02.37.58:296][267]LogModuleManager: Shutting down and abandoning module AutomationWindow (153)
[2016.08.05-02.37.58:296][267]LogModuleManager: Shutting down and abandoning module Layers (152)
[2016.08.05-02.37.58:296][267]LogModuleManager: Shutting down and abandoning module ComponentVisualizers (151)
[2016.08.05-02.37.58:296][267]LogModuleManager: Shutting down and abandoning module DetailCustomizations (150)
[2016.08.05-02.37.58:296][267]LogModuleManager: Shutting down and abandoning module PackagesDialog (149)
[2016.08.05-02.37.58:296][267]LogModuleManager: Shutting down and abandoning module Persona (148)
[2016.08.05-02.37.58:296][267]LogModuleManager: Shutting down and abandoning module Kismet (147)
[2016.08.05-02.37.58:297][267]LogModuleManager: Shutting down and abandoning module GraphEditor (146)
[2016.08.05-02.37.58:297][267]LogModuleManager: Shutting down and abandoning module ClassViewer (145)
[2016.08.05-02.37.58:297][267]LogModuleManager: Shutting down and abandoning module Toolbox (144)
[2016.08.05-02.37.58:297][267]LogModuleManager: Shutting down and abandoning module ModuleUI (143)
[2016.08.05-02.37.58:297][267]LogModuleManager: Shutting down and abandoning module MovieSceneTools (142)
[2016.08.05-02.37.58:297][267]LogModuleManager: Shutting down and abandoning module OutputLog (141)
[2016.08.05-02.37.58:297][267]LogModuleManager: Shutting down and abandoning module GammaUI (140)
[2016.08.05-02.37.58:297][267]LogModuleManager: Shutting down and abandoning module Documentation (139)
[2016.08.05-02.37.58:297][267]LogModuleManager: Shutting down and abandoning module StreamingPauseRendering (138)
[2016.08.05-02.37.58:297][267]LogModuleManager: Shutting down and abandoning module AnalyticsET (137)
[2016.08.05-02.37.58:297][267]LogModuleManager: Shutting down and abandoning module Analytics (136)
[2016.08.05-02.37.58:297][267]LogModuleManager: Shutting down and abandoning module PortalServices (135)
[2016.08.05-02.37.58:297][267]LogModuleManager: Shutting down and abandoning module PortalRpc (134)
[2016.08.05-02.37.58:297][267]LogModuleManager: Shutting down and abandoning module MessagingRpc (133)
[2016.08.05-02.37.58:297][267]LogModuleManager: Shutting down and abandoning module AITestSuite (132)
[2016.08.05-02.37.58:297][267]LogModuleManager: Shutting down and abandoning module GameplayDebugger (131)
[2016.08.05-02.37.58:297][267]LogModuleManager: Shutting down and abandoning module AIModule (130)
[2016.08.05-02.37.58:297][267]LogModuleManager: Shutting down and abandoning module ProfilerService (129)
[2016.08.05-02.37.58:542][267]LogModuleManager: Shutting down and abandoning module TaskGraph (128)
[2016.08.05-02.37.58:542][267]LogModuleManager: Shutting down and abandoning module SubstanceEditor (127)
[2016.08.05-02.37.58:542][267]LogModuleManager: Shutting down and abandoning module SlateRemote (126)
[2016.08.05-02.37.58:542][267]LogModuleManager: Shutting down and abandoning module SteamVRController (125)
[2016.08.05-02.37.58:542][267]LogModuleManager: Shutting down and abandoning module SteamVR (124)
[2016.08.05-02.37.58:542][267]LogModuleManager: Shutting down and abandoning module ProceduralMeshComponent (123)
[2016.08.05-02.37.58:542][267]LogModuleManager: Shutting down and abandoning module OculusLibrary (122)
[2016.08.05-02.37.58:542][267]LogModuleManager: Shutting down and abandoning module OculusInput (121)
[2016.08.05-02.37.58:542][267]LogModuleManager: Shutting down and abandoning module CustomMeshComponent (120)
[2016.08.05-02.37.58:542][267]LogModuleManager: Shutting down and abandoning module CableComponent (119)
[2016.08.05-02.37.58:542][267]LogModuleManager: Shutting down and abandoning module ArchVisCharacter (118)
[2016.08.05-02.37.58:542][267]LogModuleManager: Shutting down and abandoning module MediaPlayerEditor (117)
[2016.08.05-02.37.58:542][267]LogModuleManager: Shutting down and abandoning module HTML5Networking (116)
[2016.08.05-02.37.58:542][267]LogModuleManager: Shutting down and abandoning module SpeedTreeImporter (115)
[2016.08.05-02.37.58:542][267]LogModuleManager: Shutting down and abandoning module PluginBrowser (114)
[2016.08.05-02.37.58:542][267]LogModuleManager: Shutting down and abandoning module EpicSurvey (113)
[2016.08.05-02.37.58:542][267]LogModuleManager: Shutting down and abandoning module DesktopPlatform (112)
[2016.08.05-02.37.58:542][267]LogModuleManager: Shutting down and abandoning module VisualStudioSourceCodeAccess (111)
[2016.08.05-02.37.58:542][267]LogModuleManager: Shutting down and abandoning module UObjectPlugin (110)
[2016.08.05-02.37.58:542][267]LogModuleManager: Shutting down and abandoning module SubversionSourceControl (109)
[2016.08.05-02.37.58:542][267]LogModuleManager: Shutting down and abandoning module PerforceSourceControl (108)
[2016.08.05-02.37.58:543][267]LogModuleManager: Shutting down and abandoning module SourceControl (107)
[2016.08.05-02.37.58:543][267]LogModuleManager: Shutting down and abandoning module GitSourceControl (106)
[2016.08.05-02.37.58:543][267]LogModuleManager: Shutting down and abandoning module LightPropagationVolumeEditor (105)
[2016.08.05-02.37.58:543][267]LogModuleManager: Shutting down and abandoning module PaperTiledImporter (104)
[2016.08.05-02.37.58:543][267]LogModuleManager: Shutting down and abandoning module PaperSpriteSheetImporter (103)
[2016.08.05-02.37.58:543][267]LogModuleManager: Shutting down and abandoning module MeshPaint (102)
[2016.08.05-02.37.58:543][267]LogModuleManager: Shutting down and abandoning module HotReload (101)
[2016.08.05-02.37.58:543][267]LogModuleManager: Shutting down and abandoning module MainFrame (100)
[2016.08.05-02.37.58:543][267]LogModuleManager: Shutting down and abandoning module LevelEditor (99)
[2016.08.05-02.37.58:544][267]LogModuleManager: Shutting down and abandoning module DirectoryWatcher (98)
[2016.08.05-02.37.58:545][267]LogModuleManager: Shutting down and abandoning module AssetRegistry (97)
[2016.08.05-02.37.58:663][267]LogModuleManager: Shutting down and abandoning module ContentBrowser (96)
[2016.08.05-02.37.58:664][267]LogModuleManager: Shutting down and abandoning module Paper2DEditor (95)
[2016.08.05-02.37.58:664][267]LogModuleManager: Shutting down and abandoning module Beats (94)
[2016.08.05-02.37.58:664][267]LogModuleManager: Shutting down and abandoning module UdpMessaging (93)
[2016.08.05-02.37.58:765][267]LogModuleManager: Shutting down and abandoning module SubstanceCore (92)
[2016.08.05-02.37.58:765][267]LogModuleManager: Shutting down and abandoning module LightPropagationVolumeRuntime (91)
[2016.08.05-02.37.58:765][267]LogModuleManager: Shutting down and abandoning module Paper2D (90)
[2016.08.05-02.37.58:765][267]LogModuleManager: Shutting down and abandoning module WindowsMoviePlayer (89)
[2016.08.05-02.37.58:765][267]LogModuleManager: Shutting down and abandoning module Media (88)
[2016.08.05-02.37.58:765][267]LogModuleManager: Shutting down and abandoning module WmfMedia (87)
[2016.08.05-02.37.58:765][267]LogModuleManager: Shutting down and abandoning module MediaAssets (86)
[2016.08.05-02.37.58:765][267]LogModuleManager: Shutting down and abandoning module GameLiveStreaming (85)
[2016.08.05-02.37.58:765][267]LogModuleManager: Shutting down and abandoning module GameplayTagsEditor (84)
[2016.08.05-02.37.58:765][267]LogModuleManager: Shutting down and abandoning module OnlineBlueprintSupport (83)
[2016.08.05-02.37.58:765][267]LogModuleManager: Shutting down and abandoning module GameplayTasksEditor (82)
[2016.08.05-02.37.58:765][267]LogModuleManager: Shutting down and abandoning module PropertyEditor (81)
[2016.08.05-02.37.58:765][267]LogModuleManager: Shutting down and abandoning module BehaviorTreeEditor (80)
[2016.08.05-02.37.58:765][267]LogModuleManager: Shutting down and abandoning module FunctionalTesting (79)
[2016.08.05-02.37.58:765][267]LogModuleManager: Shutting down and abandoning module CollisionAnalyzer (78)
[2016.08.05-02.37.58:765][267]LogModuleManager: Shutting down and abandoning module WorkspaceMenuStructure (77)
[2016.08.05-02.37.58:765][267]LogModuleManager: Shutting down and abandoning module MessageLog (76)
[2016.08.05-02.37.58:765][267]LogModuleManager: Shutting down and abandoning module Sequencer (75)
[2016.08.05-02.37.58:765][267]LogModuleManager: Shutting down and abandoning module AssetTools (74)
[2016.08.05-02.37.58:765][267]LogModuleManager: Shutting down and abandoning module UMGEditor (73)
[2016.08.05-02.37.58:765][267]LogModuleManager: Shutting down and abandoning module UMG (72)
[2016.08.05-02.37.58:765][267]LogModuleManager: Shutting down and abandoning module SlateReflector (71)
[2016.08.05-02.37.58:765][267]LogModuleManager: Shutting down and abandoning module Slate (70)
[2016.08.05-02.37.58:765][267]LogModuleManager: Shutting down and abandoning module EditorStyle (69)
[2016.08.05-02.37.58:769][267]LogModuleManager: Shutting down and abandoning module SessionServices (68)
[2016.08.05-02.37.58:769][267]LogModuleManager: Shutting down and abandoning module SourceCodeAccess (67)
[2016.08.05-02.37.58:769][267]LogModuleManager: Shutting down and abandoning module HeadMountedDisplay (66)
[2016.08.05-02.37.58:769][267]LogModuleManager: Shutting down and abandoning module XAudio2 (65)
[2016.08.05-02.37.58:769][267]LogModuleManager: Shutting down and abandoning module Networking (63)
[2016.08.05-02.37.58:769][267]LogModuleManager: Shutting down and abandoning module Core (62)
[2016.08.05-02.37.58:769][267]LogModuleManager: Shutting down and abandoning module KismetCompiler (61)
[2016.08.05-02.37.58:769][267]LogModuleManager: Shutting down and abandoning module PhysXFormats (60)
[2016.08.05-02.37.58:769][267]LogModuleManager: Shutting down and abandoning module MeshUtilities (59)
[2016.08.05-02.37.58:769][267]LogModuleManager: Shutting down and abandoning module CookingStats (58)
[2016.08.05-02.37.58:770][267]LogModuleManager: Shutting down and abandoning module DerivedDataCache (57)
[2016.08.05-02.37.58:770][267]LogDerivedDataCache: Shutdown
[2016.08.05-02.37.58:770][267]LogModuleManager: Shutting down and abandoning module ShaderFormatOpenGL (56)
[2016.08.05-02.37.58:770][267]LogModuleManager: Shutting down and abandoning module ShaderFormatD3D (55)
[2016.08.05-02.37.58:770][267]LogModuleManager: Shutting down and abandoning module MetalShaderFormat (54)
[2016.08.05-02.37.58:770][267]LogModuleManager: Shutting down and abandoning module TextureFormatUncompressed (53)
[2016.08.05-02.37.58:770][267]LogModuleManager: Shutting down and abandoning module TextureFormatPVR (52)
[2016.08.05-02.37.58:770][267]LogModuleManager: Shutting down and abandoning module TextureFormatIntelISPCTexComp (51)
[2016.08.05-02.37.58:770][267]LogModuleManager: Shutting down and abandoning module TextureFormatDXT (50)
[2016.08.05-02.37.58:770][267]LogModuleManager: Shutting down and abandoning module ImageWrapper (49)
[2016.08.05-02.37.58:770][267]LogModuleManager: Shutting down and abandoning module TextureFormatASTC (48)
[2016.08.05-02.37.58:770][267]LogModuleManager: Shutting down and abandoning module TextureFormatAndroid (47)
[2016.08.05-02.37.58:770][267]LogModuleManager: Shutting down and abandoning module AudioFormatOpus (46)
[2016.08.05-02.37.58:770][267]LogModuleManager: Shutting down and abandoning module AudioFormatOgg (45)
[2016.08.05-02.37.58:770][267]LogModuleManager: Shutting down and abandoning module AudioFormatADPCM (44)
[2016.08.05-02.37.58:770][267]LogModuleManager: Shutting down and abandoning module LinuxTargetPlatform (43)
[2016.08.05-02.37.58:770][267]LogModuleManager: Shutting down and abandoning module LinuxServerTargetPlatform (42)
[2016.08.05-02.37.58:770][267]LogModuleManager: Shutting down and abandoning module LinuxNoEditorTargetPlatform (41)
[2016.08.05-02.37.58:770][267]LogModuleManager: Shutting down and abandoning module TVOSTargetPlatform (40)
[2016.08.05-02.37.58:770][267]LogModuleManager: Shutting down and abandoning module Messaging (39)
[2016.08.05-02.37.58:770][267]LogModuleManager: Shutting down and abandoning module IOSTargetPlatform (38)
[2016.08.05-02.37.58:770][267]LogModuleManager: Shutting down and abandoning module HTML5TargetPlatform (37)
[2016.08.05-02.37.58:770][267]LogModuleManager: Shutting down and abandoning module Android_PVRTCTargetPlatform (36)
[2016.08.05-02.37.58:770][267]LogModuleManager: Shutting down and abandoning module Android_MultiTargetPlatform (35)
[2016.08.05-02.37.58:770][267]LogModuleManager: Shutting down and abandoning module Android_ETC2TargetPlatform (34)
[2016.08.05-02.37.58:770][267]LogModuleManager: Shutting down and abandoning module Android_ETC1TargetPlatform (33)
[2016.08.05-02.37.58:770][267]LogModuleManager: Shutting down and abandoning module Android_DXTTargetPlatform (32)
[2016.08.05-02.37.58:770][267]LogModuleManager: Shutting down and abandoning module Android_ATCTargetPlatform (31)
[2016.08.05-02.37.58:770][267]LogModuleManager: Shutting down and abandoning module Android_ASTCTargetPlatform (30)
[2016.08.05-02.37.58:770][267]LogModuleManager: Shutting down and abandoning module AndroidTargetPlatform (29)
[2016.08.05-02.37.58:770][267]LogModuleManager: Shutting down and abandoning module WindowsTargetPlatform (28)
[2016.08.05-02.37.58:770][267]LogModuleManager: Shutting down and abandoning module WindowsServerTargetPlatform (27)
[2016.08.05-02.37.58:770][267]LogModuleManager: Shutting down and abandoning module WindowsNoEditorTargetPlatform (26)
[2016.08.05-02.37.58:770][267]LogModuleManager: Shutting down and abandoning module WindowsClientTargetPlatform (25)
[2016.08.05-02.37.58:770][267]LogModuleManager: Shutting down and abandoning module AllDesktopTargetPlatform (24)
[2016.08.05-02.37.58:770][267]LogModuleManager: Shutting down and abandoning module TargetPlatform (23)
[2016.08.05-02.37.58:770][267]LogModuleManager: Shutting down and abandoning module InputCore (22)
[2016.08.05-02.37.58:770][267]LogModuleManager: Shutting down and abandoning module Settings (21)
[2016.08.05-02.37.58:770][267]LogModuleManager: Shutting down and abandoning module OnlineSubsystem (19)
[2016.08.05-02.37.58:770][267]LogModuleManager: Shutting down and abandoning module HTTP (18)
[2016.08.05-02.38.00:773][267]LogModuleManager: Shutting down and abandoning module XMPP (17)
[2016.08.05-02.38.00:773][267]LogModuleManager: Shutting down and abandoning module OculusRift (16)
[2016.08.05-02.38.00:773][267]LogModuleManager: Shutting down and abandoning module ExampleDeviceProfileSelector (15)
[2016.08.05-02.38.00:773][267]LogModuleManager: Shutting down and abandoning module TextureCompressor (14)
[2016.08.05-02.38.00:773][267]LogModuleManager: Shutting down and abandoning module ShaderCore (13)
[2016.08.05-02.38.00:773][267]LogModuleManager: Shutting down and abandoning module Landscape (12)
[2016.08.05-02.38.00:773][267]LogModuleManager: Shutting down and abandoning module SlateRHIRenderer (11)
[2016.08.05-02.38.00:775][267]LogModuleManager: Shutting down and abandoning module OpenGLDrv (10)
[2016.08.05-02.38.00:775][267]LogModuleManager: Shutting down and abandoning module D3D11RHI (9)
[2016.08.05-02.38.00:775][267]LogModuleManager: Shutting down and abandoning module AnimGraphRuntime (8)
[2016.08.05-02.38.00:775][267]LogModuleManager: Shutting down and abandoning module Renderer (7)
[2016.08.05-02.38.00:775][267]LogModuleManager: Shutting down and abandoning module Engine (6)
[2016.08.05-02.38.00:775][267]LogModuleManager: Shutting down and abandoning module CoreUObject (5)
[2016.08.05-02.38.00:775][267]LogModuleManager: Shutting down and abandoning module NetworkFile (4)
[2016.08.05-02.38.00:775][267]LogModuleManager: Shutting down and abandoning module StreamingFile (3)
[2016.08.05-02.38.00:775][267]LogModuleManager: Shutting down and abandoning module SandboxFile (2)
[2016.08.05-02.38.00:775][267]LogModuleManager: Shutting down and abandoning module PakFile (1)
[2016.08.05-02.38.00:777][267]LogExit: Exiting.
[2016.08.05-02.38.00:787][267]Log file closed, 08/04/16 22:38:00
