Log file open, 04/22/16 16:09:07
LogInit:Display: Running engine for game: Beats
LogPlatformFile: Not using cached read wrapper
LogInit:Display: RandInit(-1395233784) SRandInit(-1395233783).
LogTaskGraph: Started task graph with 4 named threads and 7 total threads.
LogStats: Stats thread started at 0.076363
LogInit: Version: 4.11.2-2946394+++UE4+Release-4.11
LogInit: API Version: 2927265
LogInit: Compiled (64-bit): Apr 18 2016 02:18:46
LogInit: Compiled with Visual C++: 19.00.23026.00
LogInit: Build Configuration: Development
LogInit: Branch Name: ++UE4+Release-4.11
LogInit: Command line:  
LogInit: Base directory: C:/Program Files (x86)/Epic Games/4.11/Engine/Binaries/Win64/
LogInit: Installed Engine Build: 1
LogInit: Using libcurl 7.41.0
LogInit:  - built for x86_64-pc-win32
LogInit:  - supports SSL with WinSSL
LogInit:  - other features:
LogInit:      CURL_VERSION_SSL
LogInit:      CURL_VERSION_IPV6
LogInit:      CURL_VERSION_ASYNCHDNS
LogInit:      CURL_VERSION_LARGEFILE
LogInit:      CURL_VERSION_IDN
LogInit:  CurlRequestOptions (configurable via config and command line):
LogInit:  - bVerifyPeer = true  - Libcurl will verify peer certificate
LogInit:  - bUseHttpProxy = false  - Libcurl will NOT use HTTP proxy
LogInit:  - bDontReuseConnections = false  - Libcurl will reuse connections
LogInit:  - CertBundlePath = nullptr  - Libcurl will use whatever was configured at build time.
LogInit: Presizing for max 16777216 objects, including 0 objects not considered by GC, pre-allocating 0 bytes for permanent pool.
LogInit: Object subsystem initialized
[2016.04.22-20.09.08:122][  0]LogInit: Selected Device Profile: [Windows]
[2016.04.22-20.09.08:122][  0]LogInit: Applying CVar settings loaded from the selected device profile: [Windows]
[2016.04.22-20.09.08:129][  0]LogInit: Computer: DESKTOP-TA850RC
[2016.04.22-20.09.08:129][  0]LogInit: User: Adam
[2016.04.22-20.09.08:129][  0]LogInit: CPU Page size=65536, Cores=4
[2016.04.22-20.09.08:129][  0]LogInit: High frequency timer resolution =2.338345 MHz
[2016.04.22-20.09.08:129][  0]LogMemory: Memory total: Physical=15.8GB (16GB approx)
[2016.04.22-20.09.08:129][  0]LogMemory: Platform Memory Stats for Windows
[2016.04.22-20.09.08:129][  0]LogMemory: Process Physical Memory: 313.21 MB used, 313.21 MB peak
[2016.04.22-20.09.08:129][  0]LogMemory: Process Virtual Memory: 314.88 MB used, 314.88 MB peak
[2016.04.22-20.09.08:129][  0]LogMemory: Physical Memory: 5629.45 MB used, 16203.17 MB total
[2016.04.22-20.09.08:129][  0]LogMemory: Virtual Memory: 638.82 MB used, 134217728.00 MB total
[2016.04.22-20.09.08:162][  0]LogTextLocalizationManager: No specific translations for ('en-US') exist, so ('en') translations will be used.
[2016.04.22-20.09.08:583][  0]LogD3D11RHI: D3D11 adapters:
[2016.04.22-20.09.08:614][  0]LogD3D11RHI:    0. 'NVIDIA GeForce GT 750M' (Feature Level 11_0)
[2016.04.22-20.09.08:614][  0]LogD3D11RHI:       1992MB of dedicated video memory, 0MB of dedicated system memory, and 8101MB of shared system memory, 1 output[s]
[2016.04.22-20.09.08:620][  0]LogD3D11RHI:    1. 'Intel(R) HD Graphics 4600' (Feature Level 11_0)
[2016.04.22-20.09.08:620][  0]LogD3D11RHI:       112MB of dedicated video memory, 0MB of dedicated system memory, and 8101MB of shared system memory, 0 output[s]
[2016.04.22-20.09.08:622][  0]LogD3D11RHI:    2. 'Microsoft Basic Render Driver' (Feature Level 11_0)
[2016.04.22-20.09.08:622][  0]LogD3D11RHI:       0MB of dedicated video memory, 0MB of dedicated system memory, and 8101MB of shared system memory, 0 output[s]
[2016.04.22-20.09.08:622][  0]LogD3D11RHI: Chosen D3D11 Adapter: 0
[2016.04.22-20.09.08:627][  0]LogD3D11RHI: Creating new Direct3DDevice
[2016.04.22-20.09.08:627][  0]LogD3D11RHI:     Adapter Name: NVIDIA GeForce GT 750M
[2016.04.22-20.09.08:627][  0]LogD3D11RHI:   Driver Version: Unknown (internal Unknown)
[2016.04.22-20.09.08:627][  0]LogD3D11RHI:      Driver Date: Unknown
[2016.04.22-20.09.08:627][  0]LogRHI: Texture pool is 1361 MB (70% of 1945 MB)
[2016.04.22-20.09.08:645][  0]LogD3D11RHI: Async texture creation enabled
[2016.04.22-20.09.08:663][  0]LogShaderCompilers: Guid format shader working directory is -15 characters bigger than the processId version (../../../../../../Users/Adam/Documents/Unreal Projects/Beats/Intermediate/Shaders/WorkingDirectory/3740/).
[2016.04.22-20.09.08:663][  0]LogShaderCompilers: Cleaned the shader compiler working directory 'C:/Users/Adam/AppData/Local/Temp/UnrealShaderWorkingDir/F70BE7774BD56A2B50CC4CB4981A866A/'.
[2016.04.22-20.09.08:663][  0]LogShaderCompilers:Display: Using Local Shader Compiler.
[2016.04.22-20.09.09:778][  0]LogTemp:Display: Loaded TP AllDesktopTargetPlatform
[2016.04.22-20.09.09:784][  0]LogTemp:Display: Loaded TP WindowsClientTargetPlatform
[2016.04.22-20.09.09:789][  0]LogTemp:Display: Loaded TP WindowsNoEditorTargetPlatform
[2016.04.22-20.09.09:797][  0]LogTemp:Display: Loaded TP WindowsServerTargetPlatform
[2016.04.22-20.09.09:802][  0]LogTemp:Display: Loaded TP WindowsTargetPlatform
[2016.04.22-20.09.09:806][  0]LogTemp:Display: Loaded TP AndroidTargetPlatform
[2016.04.22-20.09.09:810][  0]LogTemp:Display: Loaded TP Android_ASTCTargetPlatform
[2016.04.22-20.09.09:813][  0]LogTemp:Display: Loaded TP Android_ATCTargetPlatform
[2016.04.22-20.09.09:816][  0]LogTemp:Display: Loaded TP Android_DXTTargetPlatform
[2016.04.22-20.09.09:819][  0]LogTemp:Display: Loaded TP Android_ETC1TargetPlatform
[2016.04.22-20.09.09:823][  0]LogTemp:Display: Loaded TP Android_ETC2TargetPlatform
[2016.04.22-20.09.09:830][  0]LogTemp:Display: Loaded TP Android_MultiTargetPlatform
[2016.04.22-20.09.09:830][  0]LogTemp:Display: Loaded TP Android_PVRTCTargetPlatform
[2016.04.22-20.09.09:831][  0]LogTemp:Display: Loaded TP HTML5TargetPlatform
[2016.04.22-20.09.09:849][  0]LogTemp:Display: Loaded TP IOSTargetPlatform
[2016.04.22-20.09.09:852][  0]LogTemp:Display: Loaded TP TVOSTargetPlatform
[2016.04.22-20.09.09:855][  0]LogTemp:Display: Loaded TP LinuxNoEditorTargetPlatform
[2016.04.22-20.09.09:859][  0]LogTemp:Display: Loaded TP LinuxServerTargetPlatform
[2016.04.22-20.09.09:862][  0]LogTemp:Display: Loaded TP LinuxTargetPlatform
[2016.04.22-20.09.09:863][  0]LogTargetPlatformManager:Display: Building Assets For Windows
[2016.04.22-20.09.09:947][  0]LogDerivedDataCache:Display: Max Cache Size: 512 MB
[2016.04.22-20.09.09:999][  0]LogDerivedDataCache: Loaded boot cache 0.05s 46MB C:/Users/Adam/AppData/Local/UnrealEngine/4.11/DerivedDataCache/Boot.ddc.
[2016.04.22-20.09.09:999][  0]LogDerivedDataCache:Display: Loaded Boot cache: C:/Users/Adam/AppData/Local/UnrealEngine/4.11/DerivedDataCache/Boot.ddc
[2016.04.22-20.09.09:999][  0]LogDerivedDataCache: FDerivedDataBackendGraph:  Pak pak cache file ../../../../../../Users/Adam/Documents/Unreal Projects/Beats/DerivedDataCache/DDC.ddp not found, will not use a pak cache.
[2016.04.22-20.09.09:999][  0]LogDerivedDataCache: Unable to find inner node Pak for hierarchical cache Hierarchy.
[2016.04.22-20.09.09:999][  0]LogDerivedDataCache: FDerivedDataBackendGraph:  CompressedPak pak cache file ../../../../../../Users/Adam/Documents/Unreal Projects/Beats/DerivedDataCache/Compressed.ddp not found, will not use a pak cache.
[2016.04.22-20.09.09:999][  0]LogDerivedDataCache: Unable to find inner node CompressedPak for hierarchical cache Hierarchy.
[2016.04.22-20.09.10:015][  0]LogDerivedDataCache:Display: Pak cache opened for reading ../../../Engine/DerivedDataCache/Compressed.ddp.
[2016.04.22-20.09.10:027][  0]LogDerivedDataCache: Using Local data cache path C:/Users/Adam/AppData/Local/UnrealEngine/Common/DerivedDataCache: Writable
[2016.04.22-20.09.10:214][  0]LogInit: Selected Device Profile: [Windows]
[2016.04.22-20.09.10:215][  0]LogContentStreaming: Texture pool size is 0.00 MB
[2016.04.22-20.09.10:257][  0]LogMaterial: Uniform references updated for custom material expression Custom.
[2016.04.22-20.09.10:426][  0]LogMeshUtilities: No automatic mesh reduction module available
[2016.04.22-20.09.10:426][  0]LogMeshUtilities: No automatic mesh merging module available
[2016.04.22-20.09.10:426][  0]LogMeshUtilities: No distributed automatic mesh merging module available
[2016.04.22-20.09.10:698][  0]LogUObjectArray: 27679 objects as part of root set at end of initial load.
[2016.04.22-20.09.10:698][  0]LogUObjectAllocator: 5591592 out of 0 bytes used by permanent object pool.
[2016.04.22-20.09.10:698][  0]LogUObjectArray: CloseDisregardForGC: 0/0 objects in disregard for GC pool
[2016.04.22-20.09.10:706][  0]LogInit: WinSock: version 1.1 (2.2), MaxSocks=32767, MaxUdp=65467
[2016.04.22-20.09.10:810][  0]LogSlate: SlateFontCache - WITH_FREETYPE: 1, WITH_HARFBUZZ: 1
[2016.04.22-20.09.10:810][  0]LogSlate: SlateFontCache - WITH_FREETYPE: 1, WITH_HARFBUZZ: 1
[2016.04.22-20.09.10:958][  0]LogStreaming:Warning: Failed to read file '../../../Engine/Content/Editor/Slate/Common/Selection_16x.png' error.
[2016.04.22-20.09.10:958][  0]LogSlate: Could not find file for Slate resource: ../../../Engine/Content/Editor/Slate/Common/Selection_16x.png
[2016.04.22-20.09.10:958][  0]LogStreaming:Warning: Failed to read file '../../../Engine/Content/Editor/Slate/Common/Selection_16x.png' error.
[2016.04.22-20.09.10:958][  0]LogSlate: Could not find file for Slate resource: ../../../Engine/Content/Editor/Slate/Common/Selection_16x.png
[2016.04.22-20.09.10:958][  0]LogStreaming:Warning: Failed to read file '../../../Engine/Content/Editor/Slate/Common/Selection_16x.png' error.
[2016.04.22-20.09.10:958][  0]LogSlate: Could not find file for Slate resource: ../../../Engine/Content/Editor/Slate/Common/Selection_16x.png
[2016.04.22-20.09.11:723][  0]LogUdpMessaging: Initializing bridge on interface 0.0.0.0:0 to multicast group 230.0.0.1:6666.
[2016.04.22-20.09.11:841][  0]LogAssetRegistry: FAssetRegistry took 0.0213 seconds to start up
[2016.04.22-20.09.12:004][  0]SourceControl: Info Source control is disabled
[2016.04.22-20.09.12:093][  0]SourceControl: Info Source control is disabled
[2016.04.22-20.09.12:102][  0]SourceControl: Info Source control is disabled
[2016.04.22-20.09.12:112][  0]SourceControl: Info Source control is disabled
[2016.04.22-20.09.12:266][  0]LogHMD: Failed to initialize OpenVR with code 110
[2016.04.22-20.09.12:341][  0]LogEngine: Initializing Engine...
[2016.04.22-20.09.12:508][  0]LogAIModule: Creating AISystem for world NewWorld
[2016.04.22-20.09.12:515][  0]LogInit: XAudio2 using 'Speakers (Realtek High Definition Audio)' : 2 channels at 48 kHz using 32 bits per sample (channel mask 0x3)
[2016.04.22-20.09.12:531][  0]LogInit: FAudioDevice initialized.
[2016.04.22-20.09.12:556][  0]LogDerivedDataCache: Saved boot cache 0.03s 46MB C:/Users/Adam/AppData/Local/UnrealEngine/4.11/DerivedDataCache/Boot.ddc.
[2016.04.22-20.09.12:560][  0]LogInit: Texture streaming: Enabled
[2016.04.22-20.09.12:586][  0]LogInit: Transaction tracking system initialized
[2016.04.22-20.09.12:613][  0]BlueprintLog: New page: Editor Load
[2016.04.22-20.09.12:698][  0]LocalizationService: Info Localization service is disabled
[2016.04.22-20.09.12:770][  0]LogConsoleResponse:Display: 
[2016.04.22-20.09.12:881][  0]LogCook:Display: Max memory allowance for cook 8192mb
[2016.04.22-20.09.12:881][  0]LogCook:Display: Mobile HDR setting 1
[2016.04.22-20.09.12:881][  0]LogCook:Display: Done creating registry. It took  0.00s.
[2016.04.22-20.09.12:935][  0]LogFileCache: Scanning file cache for directory 'C:/Users/Adam/Documents/Unreal Projects/Beats/Content/' took 0.01s
[2016.04.22-20.09.12:935][  0]SourceControl: Info Source control is disabled
[2016.04.22-20.09.12:936][  0]Cmd: MAP LOAD FILE="../../../../../../Users/Adam/Documents/Unreal Projects/Beats/Content/TwinStickBP/Maps/TwinStickExampleMap.umap" TEMPLATE=0 SHOWPROGRESS=1 FEATURELEVEL=3
[2016.04.22-20.09.12:936][  0]LightingResults: New page: Lighting Build
[2016.04.22-20.09.12:940][  0]MapCheck: New page: Map Check
[2016.04.22-20.09.12:940][  0]LightingResults: New page: Lighting Build
[2016.04.22-20.09.13:475][  0]LogAIModule: Creating AISystem for world TwinStickExampleMap
[2016.04.22-20.09.13:485][  0]LogEditorServer: Finished looking for orphan Actors (0.000 secs)
[2016.04.22-20.09.13:485][  0]Cmd: MAP CHECKDEP NOCLEARLOG
[2016.04.22-20.09.13:565][  0]MapCheck: Info Map check complete: 0 Error(s), 0 Warning(s), took 79.336ms to complete.
[2016.04.22-20.09.13:565][  0]LogFileHelpers: Loading map 'TwinStickExampleMap' took 0.629
[2016.04.22-20.09.13:681][  0]LogCollectionManager: Loaded 0 collections in 0.002087 seconds
[2016.04.22-20.09.13:722][  0]LogFileCache: Scanning file cache for directory 'C:/Users/Adam/Documents/Unreal Projects/Beats/Saved/Collections/' took 0.01s
[2016.04.22-20.09.13:723][  0]LogFileCache: Scanning file cache for directory 'C:/Users/Adam/Documents/Unreal Projects/Beats/Content/Developers/Adam/Collections/' took 0.01s
[2016.04.22-20.09.13:723][  0]LogFileCache: Scanning file cache for directory 'C:/Users/Adam/Documents/Unreal Projects/Beats/Content/Collections/' took 0.01s
[2016.04.22-20.09.13:723][  0]LogCollectionManager: Rebuilt the GUID cache for 0 collections in 0.000003 seconds
[2016.04.22-20.09.13:731][  0]LogContentBrowser: Native class hierarchy populated in 0.0083 seconds. Added 1980 classes and 345 folders.
[2016.04.22-20.09.13:735][  0]LogStats: UGameplayTagsManager::ConstructGameplayTagTree: Construct from data asset -  0.000 s
[2016.04.22-20.09.13:735][  0]LogStats: UGameplayTagsManager::ConstructGameplayTagTree: GameplayTagTreeChangedEvent.Broadcast -  0.000 s
[2016.04.22-20.09.13:737][  0]LogContentBrowser: Native class hierarchy updated for 'GameplayTags' in 0.0017 seconds. Added 12 classes and 0 folders.
[2016.04.22-20.09.13:743][  0]LogContentBrowser: Native class hierarchy updated for 'WidgetCarousel' in 0.0014 seconds. Added 0 classes and 0 folders.
[2016.04.22-20.09.13:752][  0]LogContentBrowser: Native class hierarchy updated for 'SuperSearch' in 0.0019 seconds. Added 1 classes and 2 folders.
[2016.04.22-20.09.13:810][  0]LogContentBrowser: Native class hierarchy updated for 'AddContentDialog' in 0.0014 seconds. Added 0 classes and 0 folders.
[2016.04.22-20.09.13:815][  0]LogContentBrowser: Native class hierarchy updated for 'SceneOutliner' in 0.0014 seconds. Added 1 classes and 2 folders.
[2016.04.22-20.09.13:838][  0]LogCrashTracker: Crashtracker disabled due to settings.
[2016.04.22-20.09.13:848][  0]LogWindowsTextInputMethodSystem:Display: IME system now deactivated.
[2016.04.22-20.09.13:848][  0]LogWindowsTextInputMethodSystem:Display: IME system now deactivated.
[2016.04.22-20.09.13:900][  0]LogContentBrowser: Native class hierarchy updated for 'HierarchicalLODOutliner' in 0.0015 seconds. Added 1 classes and 2 folders.
[2016.04.22-20.09.13:900][  0]LogLoad: Full Startup: 6.62 seconds (BP compile: 0.11 seconds)
[2016.04.22-20.09.13:900][  0]LogExternalProfiler: Found external profiler: VSPerf
[2016.04.22-20.09.13:900][  0]LogExternalProfiler: Using external profiler: VSPerf
[2016.04.22-20.09.13:919][  0]LogOcInput: OculusInput pre-init called
[2016.04.22-20.09.13:978][  0]LogContentStreaming: Texture pool size now 1000 MB
[2016.04.22-20.09.14:133][  0]LogRenderer: Reallocating scene render targets to support 1208x576 (Frame:2).
[2016.04.22-20.09.14:219][  1]LogAssetRegistry: Asset discovery search completed in 2.3990 seconds
[2016.04.22-20.09.14:219][  1]LogCollectionManager: Rebuilt the object cache for 0 collections in 0.000000 seconds (found 0 objects)
[2016.04.22-20.09.14:219][  1]LogCollectionManager: Fixed up redirectors for 0 collections in 0.000021 seconds (updated 0 objects)
[2016.04.22-20.09.22:913][315]LogContentBrowser: Native class hierarchy updated for 'BlueprintGraph' in 0.0017 seconds. Added 108 classes and 0 folders.
[2016.04.22-20.09.29:008][577]BlueprintLog: New page: Compile BeatBlock
[2016.04.22-20.09.29:031][577]LogActorComponent: UnregisterComponent: (/Engine/Transient.ProjectileMovementComponent_8) Not registered. Aborting.
[2016.04.22-20.09.29:120][577]BlueprintEditorCompileResults: Info [0021.84] Compile of BeatBlock successful! [in 112 ms]
[2016.04.22-20.09.29:924][599]LogSavePackage: Save=256.72ms
[2016.04.22-20.09.29:924][599]LogSavePackage: Moving '../../../../../../Users/Adam/Documents/Unreal Projects/Beats/Saved/TwinStickExampleMap85ED77F842D0C29535A2009B44F92E34.tmp' to '../../../../../../Users/Adam/Documents/Unreal Projects/Beats/Content/TwinStickBP/Maps/TwinStickExampleMap.umap'
[2016.04.22-20.09.29:927][599]LogSavePackage: Total save time: 264.81ms
[2016.04.22-20.09.29:927][599]LogSavePackage:Display: Finished SavePackage ../../../../../../Users/Adam/Documents/Unreal Projects/Beats/Content/TwinStickBP/Maps/TwinStickExampleMap.umap
[2016.04.22-20.09.29:937][599]LogFileHelpers: Saving map 'TwinStickExampleMap' took 0.392
[2016.04.22-20.09.29:974][599]Cmd: OBJ SAVEPACKAGE PACKAGE="/Game/TwinStickBP/Blueprints/BeatBlock" FILE="../../../../../../Users/Adam/Documents/Unreal Projects/Beats/Content/TwinStickBP/Blueprints/BeatBlock.uasset" SILENT=true
[2016.04.22-20.09.30:027][599]LogSavePackage: Save=50.67ms
[2016.04.22-20.09.30:027][599]LogSavePackage: Moving '../../../../../../Users/Adam/Documents/Unreal Projects/Beats/Saved/BeatBlock79ED2B31474ECA9AA4D3708BBB590FEE.tmp' to '../../../../../../Users/Adam/Documents/Unreal Projects/Beats/Content/TwinStickBP/Blueprints/BeatBlock.uasset'
[2016.04.22-20.09.30:030][599]LogSavePackage: Total save time: 55.20ms
[2016.04.22-20.09.30:030][599]LogSavePackage:Display: Finished SavePackage ../../../../../../Users/Adam/Documents/Unreal Projects/Beats/Content/TwinStickBP/Blueprints/BeatBlock.uasset
[2016.04.22-20.09.31:585][682]Recompiling Beats...
[2016.04.22-20.09.31:585][682]Launching UnrealBuildTool... [C:/Program Files (x86)/Epic Games/4.11/Engine/Binaries/DotNET/UnrealBuildTool.exe Beats -ModuleWithSuffix Beats 7045 Win64 Development -editorrecompile -canskiplink "C:/Users/Adam/Documents/Unreal Projects/Beats/Beats.uproject"  -2015]
[2016.04.22-20.09.31:612][682]Warning: Starting HotReload took  0.0s.
[2016.04.22-20.09.48:103][ 17]CompilerResultsLog: New page: Compilation - Apr 22, 2016, 11:09:48 AM
[2016.04.22-20.09.48:103][ 17]CompilerResultsLog: Info Creating makefile for hot reloading Beats (working set of source files changed)
[2016.04.22-20.09.48:103][ 17]CompilerResultsLog: Info Compiling game modules for hot reload
[2016.04.22-20.09.48:103][ 17]CompilerResultsLog: Info Parsing headers for BeatsEditor
[2016.04.22-20.09.48:103][ 17]CompilerResultsLog: Info   Running UnrealHeaderTool "C:\Users\Adam\Documents\Unreal Projects\Beats\Beats.uproject" "C:\Users\Adam\Documents\Unreal Projects\Beats\Intermediate\Build\Win64\BeatsEditor\Development\UnrealHeaderTool.manifest" -LogCmds="loginit warning, logexit warning, logdatabase error" -Unattended -WarningsAsErrors -installed
[2016.04.22-20.09.48:103][ 17]CompilerResultsLog: Info Reflection code generated for BeatsEditor in 6.5420363 seconds
[2016.04.22-20.09.48:103][ 17]CompilerResultsLog: Info Performing 2 actions (4 in parallel)
[2016.04.22-20.09.48:103][ 17]CompilerResultsLog: Info BeatActor.cpp
[2016.04.22-20.09.48:103][ 17]CompilerResultsLog: Info [2/2] Link UE4Editor-Beats-7045.dll
[2016.04.22-20.09.48:103][ 17]CompilerResultsLog: Info    Creating library C:\Users\Adam\Documents\Unreal Projects\Beats\Intermediate\Build\Win64\UE4Editor\Development\UE4Editor-Beats-7045.lib and object C:\Users\Adam\Documents\Unreal Projects\Beats\Intermediate\Build\Win64\UE4Editor\Development\UE4Editor-Beats-7045.exp
[2016.04.22-20.09.48:103][ 17]CompilerResultsLog: Info -------- End Detailed Actions Stats -----------------------------------------------------------
[2016.04.22-20.09.48:103][ 17]CompilerResultsLog: Info Total build time: 16.27 seconds
[2016.04.22-20.09.48:103][ 17]LogMainFrame: MainFrame: Module compiling took 16.522 seconds
[2016.04.22-20.09.48:103][ 17]LogActorComponent: UnregisterComponent: (/Engine/Transient.ProjectileMovementComponent_8) Not registered. Aborting.
[2016.04.22-20.09.48:177][ 17]LogContentBrowser: Native class hierarchy updated for 'Beats' in 0.0015 seconds. Added 1 classes and 2 folders.
[2016.04.22-20.09.48:179][ 17]Warning: HotReload successful (2 functions remapped  0 scriptstructs remapped)
[2016.04.22-20.09.48:471][ 17]LogContentBrowser: Native class hierarchy populated in 0.0084 seconds. Added 1983 classes and 351 folders.
[2016.04.22-20.09.48:472][ 17]Warning: HotReload took 16.9s.
[2016.04.22-20.09.51:599][111]LogPlayLevel: PlayLevel: No blueprints needed recompiling
[2016.04.22-20.09.51:599][111]PIE: New page: PIE session: TwinStickExampleMap (Apr 22, 2016, 11:09:51 AM)
[2016.04.22-20.09.51:600][111]LogPlayLevel: Creating play world package: /Game/TwinStickBP/Maps/UEDPIE_0_TwinStickExampleMap
[2016.04.22-20.09.51:606][111]LogPlayLevel: PIE: StaticDuplicateObject took: (0.006011s)
[2016.04.22-20.09.51:606][111]LogAIModule: Creating AISystem for world TwinStickExampleMap
[2016.04.22-20.09.51:607][111]LogPlayLevel: PIE: World Init took: (0.000886s)
[2016.04.22-20.09.51:607][111]LogPlayLevel: PIE: Created PIE world by copying editor world from /Game/TwinStickBP/Maps/TwinStickExampleMap.TwinStickExampleMap to /Game/TwinStickBP/Maps/UEDPIE_0_TwinStickExampleMap.TwinStickExampleMap (0.007207s)
[2016.04.22-20.09.51:607][111]LogActorComponent: UnregisterComponent: (/Engine/Transient.ProjectileMovementComponent_8) Not registered. Aborting.
[2016.04.22-20.09.51:641][111]LogInit: XAudio2 using 'Speakers (Realtek High Definition Audio)' : 2 channels at 48 kHz using 32 bits per sample (channel mask 0x3)
[2016.04.22-20.09.51:651][111]LogInit: FAudioDevice initialized.
[2016.04.22-20.09.51:695][111]LogWorld: Game class is 'TwinStickGameMode_C'
[2016.04.22-20.09.51:701][111]LogWorld: Bringing World /Game/TwinStickBP/Maps/UEDPIE_0_TwinStickExampleMap.TwinStickExampleMap up for play (max tick rate 60) at 2016.04.22-16.09.51
[2016.04.22-20.09.51:701][111]LogWorld: Bringing up level for play took: 0.003916
[2016.04.22-20.09.51:714][111]LogContentBrowser: Native class hierarchy updated for 'MovieSceneCapture' in 0.0014 seconds. Added 9 classes and 0 folders.
[2016.04.22-20.09.51:715][111]LogUObjectGlobals:Warning: Class which was marked abstract was trying to be loaded.  It will be nulled out on save. None Engine
[2016.04.22-20.09.51:725][111]LogStats: FPlatformStackWalk::StackWalkAndDump -  0.010 s
[2016.04.22-20.09.51:725][111]LogOutputDevice:Warning: === Handled error: ===

Ensure condition failed: false [File:D:\BuildFarm\buildmachine_++UE4+Release-4.11\Engine\Source\Runtime\CoreUObject\Private\UObject\UObjectGlobals.cpp] [Line: 1956]
Class which was marked abstract was trying to be loaded.  It will be nulled out on save. None Engine
Stack: 
UE4Editor-Core.dll
UE4Editor-Core.dll
UE4Editor-Core.dll
UE4Editor-CoreUObject.dll
UE4Editor-CoreUObject.dll
UE4Editor-Engine.dll
UE4Editor-Beats-7045.dll
UE4Editor-Engine.dll
UE4Editor-Engine.dll
UE4Editor-Engine.dll
UE4Editor-Engine.dll
UE4Editor-Engine.dll
UE4Editor-Engine.dll
UE4Editor-UnrealEd.dll
UE4Editor-UnrealEd.dll
UE4Editor-UnrealEd.dll
UE4Editor-UnrealEd.dll
UE4Editor-UnrealEd.dll
UE4Editor.exe
UE4Editor.exe
UE4Editor.exe
UE4Editor.exe
UE4Editor.exe
KERNEL32.DLL
ntdll.dll
ntdll.dll

[2016.04.22-20.09.51:725][111]LogStats:                SubmitErrorReport -  0.000 s
[2016.04.22-20.09.52:022][111]LogStats:                    SendNewReport -  0.297 s
[2016.04.22-20.09.52:022][111]LogStats:             FDebug::EnsureFailed -  0.307 s
[2016.04.22-20.09.52:022][111]LogWindows:Error: Windows GetLastError: The operation completed successfully. (0)
[2016.04.22-20.09.52:361][111]LogCrashTracker: 


[2016.04.22-20.09.52:361][111]LogCrashTracker: 


[2016.04.22-20.09.52:361][111]LogWindows:Error: === Critical error: ===
Fatal error: [File:D:\BuildFarm\buildmachine_++UE4+Release-4.11\Engine\Source\Runtime\CoreUObject\Private\UObject\UObjectGlobals.cpp] [Line: 2830] 
FObjectInitializer::Get() can only be used inside of UObject-derived class constructor.




