Log file open, 04/22/16 16:10:52
LogInit:Display: Running engine for game: Beats
LogPlatformFile: Not using cached read wrapper
LogInit:Display: RandInit(-1149921976) SRandInit(-1149921976).
LogTaskGraph: Started task graph with 4 named threads and 7 total threads.
LogStats: Stats thread started at 0.073954
LogInit: Version: 4.11.2-2946394+++UE4+Release-4.11
LogInit: API Version: 2927265
LogInit: Compiled (64-bit): Apr 18 2016 02:18:46
LogInit: Compiled with Visual C++: 19.00.23026.00
LogInit: Build Configuration: Development
LogInit: Branch Name: ++UE4+Release-4.11
LogInit: Command line:  
LogInit: Base directory: C:/Program Files (x86)/Epic Games/4.11/Engine/Binaries/Win64/
LogInit: Installed Engine Build: 1
LogInit: Using libcurl 7.41.0
LogInit:  - built for x86_64-pc-win32
LogInit:  - supports SSL with WinSSL
LogInit:  - other features:
LogInit:      CURL_VERSION_SSL
LogInit:      CURL_VERSION_IPV6
LogInit:      CURL_VERSION_ASYNCHDNS
LogInit:      CURL_VERSION_LARGEFILE
LogInit:      CURL_VERSION_IDN
LogInit:  CurlRequestOptions (configurable via config and command line):
LogInit:  - bVerifyPeer = true  - Libcurl will verify peer certificate
LogInit:  - bUseHttpProxy = false  - Libcurl will NOT use HTTP proxy
LogInit:  - bDontReuseConnections = false  - Libcurl will reuse connections
LogInit:  - CertBundlePath = nullptr  - Libcurl will use whatever was configured at build time.
LogInit: Presizing for max 16777216 objects, including 0 objects not considered by GC, pre-allocating 0 bytes for permanent pool.
LogInit: Object subsystem initialized
[2016.04.22-20.10.53:029][  0]LogInit: Selected Device Profile: [Windows]
[2016.04.22-20.10.53:029][  0]LogInit: Applying CVar settings loaded from the selected device profile: [Windows]
[2016.04.22-20.10.53:044][  0]LogInit: Computer: DESKTOP-TA850RC
[2016.04.22-20.10.53:044][  0]LogInit: User: Adam
[2016.04.22-20.10.53:044][  0]LogInit: CPU Page size=65536, Cores=4
[2016.04.22-20.10.53:044][  0]LogInit: High frequency timer resolution =2.338345 MHz
[2016.04.22-20.10.53:045][  0]LogMemory: Memory total: Physical=15.8GB (16GB approx)
[2016.04.22-20.10.53:045][  0]LogMemory: Platform Memory Stats for Windows
[2016.04.22-20.10.53:045][  0]LogMemory: Process Physical Memory: 313.28 MB used, 313.28 MB peak
[2016.04.22-20.10.53:045][  0]LogMemory: Process Virtual Memory: 314.97 MB used, 314.97 MB peak
[2016.04.22-20.10.53:045][  0]LogMemory: Physical Memory: 5966.07 MB used, 16203.17 MB total
[2016.04.22-20.10.53:045][  0]LogMemory: Virtual Memory: 653.25 MB used, 134217728.00 MB total
[2016.04.22-20.10.53:080][  0]LogTextLocalizationManager: No specific translations for ('en-US') exist, so ('en') translations will be used.
[2016.04.22-20.10.53:477][  0]LogD3D11RHI: D3D11 adapters:
[2016.04.22-20.10.53:500][  0]LogD3D11RHI:    0. 'NVIDIA GeForce GT 750M' (Feature Level 11_0)
[2016.04.22-20.10.53:500][  0]LogD3D11RHI:       1992MB of dedicated video memory, 0MB of dedicated system memory, and 8101MB of shared system memory, 1 output[s]
[2016.04.22-20.10.53:507][  0]LogD3D11RHI:    1. 'Intel(R) HD Graphics 4600' (Feature Level 11_0)
[2016.04.22-20.10.53:507][  0]LogD3D11RHI:       112MB of dedicated video memory, 0MB of dedicated system memory, and 8101MB of shared system memory, 0 output[s]
[2016.04.22-20.10.53:508][  0]LogD3D11RHI:    2. 'Microsoft Basic Render Driver' (Feature Level 11_0)
[2016.04.22-20.10.53:509][  0]LogD3D11RHI:       0MB of dedicated video memory, 0MB of dedicated system memory, and 8101MB of shared system memory, 0 output[s]
[2016.04.22-20.10.53:509][  0]LogD3D11RHI: Chosen D3D11 Adapter: 0
[2016.04.22-20.10.53:512][  0]LogD3D11RHI: Creating new Direct3DDevice
[2016.04.22-20.10.53:512][  0]LogD3D11RHI:     Adapter Name: NVIDIA GeForce GT 750M
[2016.04.22-20.10.53:512][  0]LogD3D11RHI:   Driver Version: Unknown (internal Unknown)
[2016.04.22-20.10.53:512][  0]LogD3D11RHI:      Driver Date: Unknown
[2016.04.22-20.10.53:513][  0]LogRHI: Texture pool is 1361 MB (70% of 1945 MB)
[2016.04.22-20.10.53:527][  0]LogD3D11RHI: Async texture creation enabled
[2016.04.22-20.10.53:544][  0]LogShaderCompilers: Guid format shader working directory is -15 characters bigger than the processId version (../../../../../../Users/Adam/Documents/Unreal Projects/Beats/Intermediate/Shaders/WorkingDirectory/7440/).
[2016.04.22-20.10.53:545][  0]LogShaderCompilers: Cleaned the shader compiler working directory 'C:/Users/Adam/AppData/Local/Temp/UnrealShaderWorkingDir/1B3E1CE149A289CD874A04927D32E67F/'.
[2016.04.22-20.10.53:545][  0]LogShaderCompilers:Display: Using Local Shader Compiler.
[2016.04.22-20.10.54:570][  0]LogTemp:Display: Loaded TP AllDesktopTargetPlatform
[2016.04.22-20.10.54:574][  0]LogTemp:Display: Loaded TP WindowsClientTargetPlatform
[2016.04.22-20.10.54:579][  0]LogTemp:Display: Loaded TP WindowsNoEditorTargetPlatform
[2016.04.22-20.10.54:584][  0]LogTemp:Display: Loaded TP WindowsServerTargetPlatform
[2016.04.22-20.10.54:589][  0]LogTemp:Display: Loaded TP WindowsTargetPlatform
[2016.04.22-20.10.54:593][  0]LogTemp:Display: Loaded TP AndroidTargetPlatform
[2016.04.22-20.10.54:596][  0]LogTemp:Display: Loaded TP Android_ASTCTargetPlatform
[2016.04.22-20.10.54:599][  0]LogTemp:Display: Loaded TP Android_ATCTargetPlatform
[2016.04.22-20.10.54:602][  0]LogTemp:Display: Loaded TP Android_DXTTargetPlatform
[2016.04.22-20.10.54:606][  0]LogTemp:Display: Loaded TP Android_ETC1TargetPlatform
[2016.04.22-20.10.54:609][  0]LogTemp:Display: Loaded TP Android_ETC2TargetPlatform
[2016.04.22-20.10.54:616][  0]LogTemp:Display: Loaded TP Android_MultiTargetPlatform
[2016.04.22-20.10.54:616][  0]LogTemp:Display: Loaded TP Android_PVRTCTargetPlatform
[2016.04.22-20.10.54:617][  0]LogTemp:Display: Loaded TP HTML5TargetPlatform
[2016.04.22-20.10.54:635][  0]LogTemp:Display: Loaded TP IOSTargetPlatform
[2016.04.22-20.10.54:638][  0]LogTemp:Display: Loaded TP TVOSTargetPlatform
[2016.04.22-20.10.54:641][  0]LogTemp:Display: Loaded TP LinuxNoEditorTargetPlatform
[2016.04.22-20.10.54:644][  0]LogTemp:Display: Loaded TP LinuxServerTargetPlatform
[2016.04.22-20.10.54:648][  0]LogTemp:Display: Loaded TP LinuxTargetPlatform
[2016.04.22-20.10.54:648][  0]LogTargetPlatformManager:Display: Building Assets For Windows
[2016.04.22-20.10.54:731][  0]LogDerivedDataCache:Display: Max Cache Size: 512 MB
[2016.04.22-20.10.54:825][  0]LogDerivedDataCache: Loaded boot cache 0.09s 46MB C:/Users/Adam/AppData/Local/UnrealEngine/4.11/DerivedDataCache/Boot.ddc.
[2016.04.22-20.10.54:825][  0]LogDerivedDataCache:Display: Loaded Boot cache: C:/Users/Adam/AppData/Local/UnrealEngine/4.11/DerivedDataCache/Boot.ddc
[2016.04.22-20.10.54:826][  0]LogDerivedDataCache: FDerivedDataBackendGraph:  Pak pak cache file ../../../../../../Users/Adam/Documents/Unreal Projects/Beats/DerivedDataCache/DDC.ddp not found, will not use a pak cache.
[2016.04.22-20.10.54:826][  0]LogDerivedDataCache: Unable to find inner node Pak for hierarchical cache Hierarchy.
[2016.04.22-20.10.54:826][  0]LogDerivedDataCache: FDerivedDataBackendGraph:  CompressedPak pak cache file ../../../../../../Users/Adam/Documents/Unreal Projects/Beats/DerivedDataCache/Compressed.ddp not found, will not use a pak cache.
[2016.04.22-20.10.54:826][  0]LogDerivedDataCache: Unable to find inner node CompressedPak for hierarchical cache Hierarchy.
[2016.04.22-20.10.54:856][  0]LogDerivedDataCache:Display: Pak cache opened for reading ../../../Engine/DerivedDataCache/Compressed.ddp.
[2016.04.22-20.10.54:869][  0]LogDerivedDataCache: Using Local data cache path C:/Users/Adam/AppData/Local/UnrealEngine/Common/DerivedDataCache: Writable
[2016.04.22-20.10.55:218][  0]LogInit: Selected Device Profile: [Windows]
[2016.04.22-20.10.55:219][  0]LogContentStreaming: Texture pool size is 0.00 MB
[2016.04.22-20.10.55:256][  0]LogMaterial: Uniform references updated for custom material expression Custom.
[2016.04.22-20.10.55:376][  0]LogMeshUtilities: No automatic mesh reduction module available
[2016.04.22-20.10.55:376][  0]LogMeshUtilities: No automatic mesh merging module available
[2016.04.22-20.10.55:376][  0]LogMeshUtilities: No distributed automatic mesh merging module available
[2016.04.22-20.10.55:649][  0]LogUObjectArray: 27679 objects as part of root set at end of initial load.
[2016.04.22-20.10.55:649][  0]LogUObjectAllocator: 5591592 out of 0 bytes used by permanent object pool.
[2016.04.22-20.10.55:649][  0]LogUObjectArray: CloseDisregardForGC: 0/0 objects in disregard for GC pool
[2016.04.22-20.10.55:665][  0]LogInit: WinSock: version 1.1 (2.2), MaxSocks=32767, MaxUdp=65467
[2016.04.22-20.10.55:763][  0]LogSlate: SlateFontCache - WITH_FREETYPE: 1, WITH_HARFBUZZ: 1
[2016.04.22-20.10.55:763][  0]LogSlate: SlateFontCache - WITH_FREETYPE: 1, WITH_HARFBUZZ: 1
[2016.04.22-20.10.55:918][  0]LogStreaming:Warning: Failed to read file '../../../Engine/Content/Editor/Slate/Common/Selection_16x.png' error.
[2016.04.22-20.10.55:918][  0]LogSlate: Could not find file for Slate resource: ../../../Engine/Content/Editor/Slate/Common/Selection_16x.png
[2016.04.22-20.10.55:918][  0]LogStreaming:Warning: Failed to read file '../../../Engine/Content/Editor/Slate/Common/Selection_16x.png' error.
[2016.04.22-20.10.55:918][  0]LogSlate: Could not find file for Slate resource: ../../../Engine/Content/Editor/Slate/Common/Selection_16x.png
[2016.04.22-20.10.55:918][  0]LogStreaming:Warning: Failed to read file '../../../Engine/Content/Editor/Slate/Common/Selection_16x.png' error.
[2016.04.22-20.10.55:918][  0]LogSlate: Could not find file for Slate resource: ../../../Engine/Content/Editor/Slate/Common/Selection_16x.png
[2016.04.22-20.10.56:837][  0]LogUdpMessaging: Initializing bridge on interface 0.0.0.0:0 to multicast group 230.0.0.1:6666.
[2016.04.22-20.10.57:001][  0]LogAssetRegistry: FAssetRegistry took 0.0224 seconds to start up
[2016.04.22-20.10.57:149][  0]SourceControl: Info Source control is disabled
[2016.04.22-20.10.57:231][  0]SourceControl: Info Source control is disabled
[2016.04.22-20.10.57:240][  0]SourceControl: Info Source control is disabled
[2016.04.22-20.10.57:249][  0]SourceControl: Info Source control is disabled
[2016.04.22-20.10.57:465][  0]LogHMD: Failed to initialize OpenVR with code 110
[2016.04.22-20.10.57:545][  0]LogEngine: Initializing Engine...
[2016.04.22-20.10.57:717][  0]LogAIModule: Creating AISystem for world NewWorld
[2016.04.22-20.10.57:723][  0]LogInit: XAudio2 using 'Speakers (Realtek High Definition Audio)' : 2 channels at 48 kHz using 32 bits per sample (channel mask 0x3)
[2016.04.22-20.10.57:736][  0]LogInit: FAudioDevice initialized.
[2016.04.22-20.10.57:761][  0]LogDerivedDataCache: Saved boot cache 0.02s 46MB C:/Users/Adam/AppData/Local/UnrealEngine/4.11/DerivedDataCache/Boot.ddc.
[2016.04.22-20.10.57:765][  0]LogInit: Texture streaming: Enabled
[2016.04.22-20.10.57:790][  0]LogInit: Transaction tracking system initialized
[2016.04.22-20.10.57:820][  0]BlueprintLog: New page: Editor Load
[2016.04.22-20.10.57:898][  0]LocalizationService: Info Localization service is disabled
[2016.04.22-20.10.57:964][  0]LogConsoleResponse:Display: 
[2016.04.22-20.10.58:080][  0]LogCook:Display: Max memory allowance for cook 8192mb
[2016.04.22-20.10.58:080][  0]LogCook:Display: Mobile HDR setting 1
[2016.04.22-20.10.58:080][  0]LogCook:Display: Done creating registry. It took  0.00s.
[2016.04.22-20.10.58:131][  0]LogFileCache: Scanning file cache for directory 'C:/Users/Adam/Documents/Unreal Projects/Beats/Content/' took 0.01s
[2016.04.22-20.10.58:131][  0]SourceControl: Info Source control is disabled
[2016.04.22-20.10.58:131][  0]Cmd: MAP LOAD FILE="../../../../../../Users/Adam/Documents/Unreal Projects/Beats/Content/TwinStickBP/Maps/TwinStickExampleMap.umap" TEMPLATE=0 SHOWPROGRESS=1 FEATURELEVEL=3
[2016.04.22-20.10.58:132][  0]LightingResults: New page: Lighting Build
[2016.04.22-20.10.58:135][  0]MapCheck: New page: Map Check
[2016.04.22-20.10.58:135][  0]LightingResults: New page: Lighting Build
[2016.04.22-20.10.58:482][  0]LogAIModule: Creating AISystem for world TwinStickExampleMap
[2016.04.22-20.10.58:490][  0]LogEditorServer: Finished looking for orphan Actors (0.000 secs)
[2016.04.22-20.10.58:490][  0]Cmd: MAP CHECKDEP NOCLEARLOG
[2016.04.22-20.10.58:568][  0]MapCheck: Info Map check complete: 0 Error(s), 0 Warning(s), took 77.543ms to complete.
[2016.04.22-20.10.58:568][  0]LogFileHelpers: Loading map 'TwinStickExampleMap' took 0.437
[2016.04.22-20.10.58:668][  0]LogCollectionManager: Loaded 0 collections in 0.002214 seconds
[2016.04.22-20.10.58:708][  0]LogFileCache: Scanning file cache for directory 'C:/Users/Adam/Documents/Unreal Projects/Beats/Saved/Collections/' took 0.01s
[2016.04.22-20.10.58:708][  0]LogFileCache: Scanning file cache for directory 'C:/Users/Adam/Documents/Unreal Projects/Beats/Content/Developers/Adam/Collections/' took 0.01s
[2016.04.22-20.10.58:708][  0]LogFileCache: Scanning file cache for directory 'C:/Users/Adam/Documents/Unreal Projects/Beats/Content/Collections/' took 0.01s
[2016.04.22-20.10.58:708][  0]LogCollectionManager: Rebuilt the GUID cache for 0 collections in 0.000003 seconds
[2016.04.22-20.10.58:716][  0]LogContentBrowser: Native class hierarchy populated in 0.0078 seconds. Added 1980 classes and 345 folders.
[2016.04.22-20.10.58:719][  0]LogStats: UGameplayTagsManager::ConstructGameplayTagTree: Construct from data asset -  0.000 s
[2016.04.22-20.10.58:719][  0]LogStats: UGameplayTagsManager::ConstructGameplayTagTree: GameplayTagTreeChangedEvent.Broadcast -  0.000 s
[2016.04.22-20.10.58:721][  0]LogContentBrowser: Native class hierarchy updated for 'GameplayTags' in 0.0014 seconds. Added 12 classes and 0 folders.
[2016.04.22-20.10.58:727][  0]LogContentBrowser: Native class hierarchy updated for 'WidgetCarousel' in 0.0014 seconds. Added 0 classes and 0 folders.
[2016.04.22-20.10.58:735][  0]LogContentBrowser: Native class hierarchy updated for 'SuperSearch' in 0.0015 seconds. Added 1 classes and 2 folders.
[2016.04.22-20.10.58:787][  0]LogContentBrowser: Native class hierarchy updated for 'AddContentDialog' in 0.0014 seconds. Added 0 classes and 0 folders.
[2016.04.22-20.10.58:792][  0]LogContentBrowser: Native class hierarchy updated for 'SceneOutliner' in 0.0014 seconds. Added 1 classes and 2 folders.
[2016.04.22-20.10.58:813][  0]LogCrashTracker: Crashtracker disabled due to settings.
[2016.04.22-20.10.58:821][  0]LogWindowsTextInputMethodSystem:Display: IME system now deactivated.
[2016.04.22-20.10.58:822][  0]LogWindowsTextInputMethodSystem:Display: IME system now deactivated.
[2016.04.22-20.10.58:873][  0]LogContentBrowser: Native class hierarchy updated for 'HierarchicalLODOutliner' in 0.0038 seconds. Added 1 classes and 2 folders.
[2016.04.22-20.10.58:874][  0]LogLoad: Full Startup: 6.69 seconds (BP compile: 0.07 seconds)
[2016.04.22-20.10.58:874][  0]LogExternalProfiler: Found external profiler: VSPerf
[2016.04.22-20.10.58:874][  0]LogExternalProfiler: Using external profiler: VSPerf
[2016.04.22-20.10.58:893][  0]LogOcInput: OculusInput pre-init called
[2016.04.22-20.10.58:950][  0]LogContentStreaming: Texture pool size now 1000 MB
[2016.04.22-20.10.59:099][  0]LogRenderer: Reallocating scene render targets to support 1208x576 (Frame:2).
[2016.04.22-20.10.59:173][  1]LogAssetRegistry: Asset discovery search completed in 2.1944 seconds
[2016.04.22-20.10.59:173][  1]LogCollectionManager: Rebuilt the object cache for 0 collections in 0.000001 seconds (found 0 objects)
[2016.04.22-20.10.59:173][  1]LogCollectionManager: Fixed up redirectors for 0 collections in 0.000020 seconds (updated 0 objects)
[2016.04.22-20.11.30:867][463]LogContentBrowser: Native class hierarchy updated for 'BlueprintGraph' in 0.0030 seconds. Added 108 classes and 0 folders.
[2016.04.22-20.11.36:409][681]BlueprintLog: New page: Compile BeatBlock
[2016.04.22-20.11.36:432][681]LogActorComponent: UnregisterComponent: (/Engine/Transient.ProjectileMovementComponent_8) Not registered. Aborting.
[2016.04.22-20.11.36:512][681]BlueprintEditorCompileResults: Info [0044.32] Compile of BeatBlock successful! [in 101 ms]
[2016.04.22-20.11.38:662][694]LogSavePackage: Save=1100.12ms
[2016.04.22-20.11.38:663][694]LogSavePackage: Moving '../../../../../../Users/Adam/Documents/Unreal Projects/Beats/Saved/TwinStickExampleMap1CEF12B84E3E9E3DE18E858944F469C7.tmp' to '../../../../../../Users/Adam/Documents/Unreal Projects/Beats/Content/TwinStickBP/Maps/TwinStickExampleMap.umap'
[2016.04.22-20.11.38:675][694]LogSavePackage: Total save time: 1120.79ms
[2016.04.22-20.11.38:675][694]LogSavePackage:Display: Finished SavePackage ../../../../../../Users/Adam/Documents/Unreal Projects/Beats/Content/TwinStickBP/Maps/TwinStickExampleMap.umap
[2016.04.22-20.11.38:734][694]LogFileHelpers: Saving map 'TwinStickExampleMap' took 1.668
[2016.04.22-20.11.38:806][694]Cmd: OBJ SAVEPACKAGE PACKAGE="/Game/TwinStickBP/Blueprints/BeatBlock" FILE="../../../../../../Users/Adam/Documents/Unreal Projects/Beats/Content/TwinStickBP/Blueprints/BeatBlock.uasset" SILENT=true
[2016.04.22-20.11.39:034][694]LogSavePackage: Save=220.00ms
[2016.04.22-20.11.39:034][694]LogSavePackage: Moving '../../../../../../Users/Adam/Documents/Unreal Projects/Beats/Saved/BeatBlock308BD5CC4694B0A9C3C5D79E2513CAD7.tmp' to '../../../../../../Users/Adam/Documents/Unreal Projects/Beats/Content/TwinStickBP/Blueprints/BeatBlock.uasset'
[2016.04.22-20.11.39:047][694]LogSavePackage: Total save time: 237.51ms
[2016.04.22-20.11.39:047][694]LogSavePackage:Display: Finished SavePackage ../../../../../../Users/Adam/Documents/Unreal Projects/Beats/Content/TwinStickBP/Blueprints/BeatBlock.uasset
[2016.04.22-20.11.41:320][788]LogPlayLevel: PlayLevel: No blueprints needed recompiling
[2016.04.22-20.11.41:320][788]PIE: New page: PIE session: TwinStickExampleMap (Apr 22, 2016, 11:11:41 AM)
[2016.04.22-20.11.41:320][788]LogPlayLevel: Creating play world package: /Game/TwinStickBP/Maps/UEDPIE_0_TwinStickExampleMap
[2016.04.22-20.11.41:328][788]LogPlayLevel: PIE: StaticDuplicateObject took: (0.007503s)
[2016.04.22-20.11.41:328][788]LogAIModule: Creating AISystem for world TwinStickExampleMap
[2016.04.22-20.11.41:328][788]LogPlayLevel: PIE: World Init took: (0.000705s)
[2016.04.22-20.11.41:329][788]LogPlayLevel: PIE: Created PIE world by copying editor world from /Game/TwinStickBP/Maps/TwinStickExampleMap.TwinStickExampleMap to /Game/TwinStickBP/Maps/UEDPIE_0_TwinStickExampleMap.TwinStickExampleMap (0.008459s)
[2016.04.22-20.11.41:352][788]LogInit: XAudio2 using 'Speakers (Realtek High Definition Audio)' : 2 channels at 48 kHz using 32 bits per sample (channel mask 0x3)
[2016.04.22-20.11.41:361][788]LogInit: FAudioDevice initialized.
[2016.04.22-20.11.41:416][788]LogWorld: Game class is 'TwinStickGameMode_C'
[2016.04.22-20.11.41:421][788]LogWorld: Bringing World /Game/TwinStickBP/Maps/UEDPIE_0_TwinStickExampleMap.TwinStickExampleMap up for play (max tick rate 60) at 2016.04.22-16.11.41
[2016.04.22-20.11.41:422][788]LogWorld: Bringing up level for play took: 0.004188
[2016.04.22-20.11.41:427][788]LogContentBrowser: Native class hierarchy updated for 'MovieSceneCapture' in 0.0014 seconds. Added 9 classes and 0 folders.
[2016.04.22-20.11.41:427][788]LogUObjectGlobals:Warning: Class which was marked abstract was trying to be loaded.  It will be nulled out on save. None Engine
[2016.04.22-20.11.41:437][788]LogStats: FPlatformStackWalk::StackWalkAndDump -  0.010 s
[2016.04.22-20.11.41:437][788]LogOutputDevice:Warning: === Handled error: ===

Ensure condition failed: false [File:D:\BuildFarm\buildmachine_++UE4+Release-4.11\Engine\Source\Runtime\CoreUObject\Private\UObject\UObjectGlobals.cpp] [Line: 1956]
Class which was marked abstract was trying to be loaded.  It will be nulled out on save. None Engine
Stack: 
UE4Editor-Core.dll
UE4Editor-Core.dll
UE4Editor-Core.dll
UE4Editor-CoreUObject.dll
UE4Editor-CoreUObject.dll
UE4Editor-Engine.dll
UE4Editor-Beats-7045.dll
UE4Editor-Engine.dll
UE4Editor-Engine.dll
UE4Editor-Engine.dll
UE4Editor-Engine.dll
UE4Editor-Engine.dll
UE4Editor-Engine.dll
UE4Editor-UnrealEd.dll
UE4Editor-UnrealEd.dll
UE4Editor-UnrealEd.dll
UE4Editor-UnrealEd.dll
UE4Editor-UnrealEd.dll
UE4Editor.exe
UE4Editor.exe
UE4Editor.exe
UE4Editor.exe
UE4Editor.exe
KERNEL32.DLL
ntdll.dll
ntdll.dll

[2016.04.22-20.11.41:437][788]LogStats:                SubmitErrorReport -  0.000 s
[2016.04.22-20.11.41:767][788]LogStats:                    SendNewReport -  0.330 s
[2016.04.22-20.11.41:767][788]LogStats:             FDebug::EnsureFailed -  0.340 s
[2016.04.22-20.11.41:767][788]LogWindows:Error: Windows GetLastError: The operation completed successfully. (0)
[2016.04.22-20.11.42:119][788]LogCrashTracker: 


[2016.04.22-20.11.42:119][788]LogCrashTracker: 


[2016.04.22-20.11.42:119][788]LogWindows:Error: === Critical error: ===
Fatal error: [File:D:\BuildFarm\buildmachine_++UE4+Release-4.11\Engine\Source\Runtime\CoreUObject\Private\UObject\UObjectGlobals.cpp] [Line: 2830] 
FObjectInitializer::Get() can only be used inside of UObject-derived class constructor.




