Log file open, 04/22/16 13:38:27
LogInit:Display: Running engine for game: Beats
LogPlatformFile: Not using cached read wrapper
LogInit:Display: RandInit(-1059961901) SRandInit(-1059961900).
LogTaskGraph: Started task graph with 4 named threads and 7 total threads.
LogStats: Stats thread started at 0.085552
LogInit: Version: 4.11.2-2946394+++UE4+Release-4.11
LogInit: API Version: 2927265
LogInit: Compiled (64-bit): Apr 18 2016 02:18:46
LogInit: Compiled with Visual C++: 19.00.23026.00
LogInit: Build Configuration: Development
LogInit: Branch Name: ++UE4+Release-4.11
LogInit: Command line: -EpicPortal 
LogInit: Base directory: C:/Program Files (x86)/Epic Games/4.11/Engine/Binaries/Win64/
LogInit: Installed Engine Build: 1
LogInit: Using libcurl 7.41.0
LogInit:  - built for x86_64-pc-win32
LogInit:  - supports SSL with WinSSL
LogInit:  - other features:
LogInit:      CURL_VERSION_SSL
LogInit:      CURL_VERSION_IPV6
LogInit:      CURL_VERSION_ASYNCHDNS
LogInit:      CURL_VERSION_LARGEFILE
LogInit:      CURL_VERSION_IDN
LogInit:  CurlRequestOptions (configurable via config and command line):
LogInit:  - bVerifyPeer = true  - Libcurl will verify peer certificate
LogInit:  - bUseHttpProxy = false  - Libcurl will NOT use HTTP proxy
LogInit:  - bDontReuseConnections = false  - Libcurl will reuse connections
LogInit:  - CertBundlePath = nullptr  - Libcurl will use whatever was configured at build time.
LogInit: Presizing for max 16777216 objects, including 0 objects not considered by GC, pre-allocating 0 bytes for permanent pool.
LogInit: Object subsystem initialized
[2016.04.22-17.38.27:751][  0]LogInit: Selected Device Profile: [Windows]
[2016.04.22-17.38.27:751][  0]LogInit: Applying CVar settings loaded from the selected device profile: [Windows]
[2016.04.22-17.38.27:759][  0]LogInit: Computer: DESKTOP-TA850RC
[2016.04.22-17.38.27:759][  0]LogInit: User: Adam
[2016.04.22-17.38.27:759][  0]LogInit: CPU Page size=65536, Cores=4
[2016.04.22-17.38.27:759][  0]LogInit: High frequency timer resolution =2.338345 MHz
[2016.04.22-17.38.27:760][  0]LogMemory: Memory total: Physical=15.8GB (16GB approx)
[2016.04.22-17.38.27:760][  0]LogMemory: Platform Memory Stats for Windows
[2016.04.22-17.38.27:760][  0]LogMemory: Process Physical Memory: 312.35 MB used, 312.35 MB peak
[2016.04.22-17.38.27:760][  0]LogMemory: Process Virtual Memory: 314.88 MB used, 314.88 MB peak
[2016.04.22-17.38.27:760][  0]LogMemory: Physical Memory: 5433.49 MB used, 16203.17 MB total
[2016.04.22-17.38.27:760][  0]LogMemory: Virtual Memory: 653.25 MB used, 134217728.00 MB total
[2016.04.22-17.38.27:795][  0]LogTextLocalizationManager: No specific translations for ('en-US') exist, so ('en') translations will be used.
[2016.04.22-17.38.28:225][  0]LogD3D11RHI: D3D11 adapters:
[2016.04.22-17.38.28:260][  0]LogD3D11RHI:    0. 'NVIDIA GeForce GT 750M' (Feature Level 11_0)
[2016.04.22-17.38.28:260][  0]LogD3D11RHI:       1992MB of dedicated video memory, 0MB of dedicated system memory, and 8101MB of shared system memory, 1 output[s]
[2016.04.22-17.38.28:267][  0]LogD3D11RHI:    1. 'Intel(R) HD Graphics 4600' (Feature Level 11_0)
[2016.04.22-17.38.28:267][  0]LogD3D11RHI:       112MB of dedicated video memory, 0MB of dedicated system memory, and 8101MB of shared system memory, 0 output[s]
[2016.04.22-17.38.28:269][  0]LogD3D11RHI:    2. 'Microsoft Basic Render Driver' (Feature Level 11_0)
[2016.04.22-17.38.28:269][  0]LogD3D11RHI:       0MB of dedicated video memory, 0MB of dedicated system memory, and 8101MB of shared system memory, 0 output[s]
[2016.04.22-17.38.28:269][  0]LogD3D11RHI: Chosen D3D11 Adapter: 0
[2016.04.22-17.38.28:277][  0]LogD3D11RHI: Creating new Direct3DDevice
[2016.04.22-17.38.28:277][  0]LogD3D11RHI:     Adapter Name: NVIDIA GeForce GT 750M
[2016.04.22-17.38.28:277][  0]LogD3D11RHI:   Driver Version: Unknown (internal Unknown)
[2016.04.22-17.38.28:277][  0]LogD3D11RHI:      Driver Date: Unknown
[2016.04.22-17.38.28:277][  0]LogRHI: Texture pool is 1361 MB (70% of 1945 MB)
[2016.04.22-17.38.28:303][  0]LogD3D11RHI: Async texture creation enabled
[2016.04.22-17.38.28:326][  0]LogShaderCompilers: Guid format shader working directory is -15 characters bigger than the processId version (../../../../../../Users/Adam/Documents/Unreal Projects/Beats/Intermediate/Shaders/WorkingDirectory/6576/).
[2016.04.22-17.38.28:326][  0]LogShaderCompilers: Cleaned the shader compiler working directory 'C:/Users/Adam/AppData/Local/Temp/UnrealShaderWorkingDir/14F595BD4173F62C031883A46EDCFF28/'.
[2016.04.22-17.38.28:326][  0]LogShaderCompilers:Display: Using Local Shader Compiler.
[2016.04.22-17.38.29:581][  0]LogTemp:Display: Loaded TP AllDesktopTargetPlatform
[2016.04.22-17.38.29:585][  0]LogTemp:Display: Loaded TP WindowsClientTargetPlatform
[2016.04.22-17.38.29:590][  0]LogTemp:Display: Loaded TP WindowsNoEditorTargetPlatform
[2016.04.22-17.38.29:595][  0]LogTemp:Display: Loaded TP WindowsServerTargetPlatform
[2016.04.22-17.38.29:601][  0]LogTemp:Display: Loaded TP WindowsTargetPlatform
[2016.04.22-17.38.29:606][  0]LogTemp:Display: Loaded TP AndroidTargetPlatform
[2016.04.22-17.38.29:610][  0]LogTemp:Display: Loaded TP Android_ASTCTargetPlatform
[2016.04.22-17.38.29:615][  0]LogTemp:Display: Loaded TP Android_ATCTargetPlatform
[2016.04.22-17.38.29:618][  0]LogTemp:Display: Loaded TP Android_DXTTargetPlatform
[2016.04.22-17.38.29:621][  0]LogTemp:Display: Loaded TP Android_ETC1TargetPlatform
[2016.04.22-17.38.29:625][  0]LogTemp:Display: Loaded TP Android_ETC2TargetPlatform
[2016.04.22-17.38.29:632][  0]LogTemp:Display: Loaded TP Android_MultiTargetPlatform
[2016.04.22-17.38.29:632][  0]LogTemp:Display: Loaded TP Android_PVRTCTargetPlatform
[2016.04.22-17.38.29:633][  0]LogTemp:Display: Loaded TP HTML5TargetPlatform
[2016.04.22-17.38.29:651][  0]LogTemp:Display: Loaded TP IOSTargetPlatform
[2016.04.22-17.38.29:657][  0]LogTemp:Display: Loaded TP TVOSTargetPlatform
[2016.04.22-17.38.29:663][  0]LogTemp:Display: Loaded TP LinuxNoEditorTargetPlatform
[2016.04.22-17.38.29:671][  0]LogTemp:Display: Loaded TP LinuxServerTargetPlatform
[2016.04.22-17.38.29:678][  0]LogTemp:Display: Loaded TP LinuxTargetPlatform
[2016.04.22-17.38.29:679][  0]LogTargetPlatformManager:Display: Building Assets For Windows
[2016.04.22-17.38.29:784][  0]LogDerivedDataCache:Display: Max Cache Size: 512 MB
[2016.04.22-17.38.29:844][  0]LogDerivedDataCache: Loaded boot cache 0.06s 47MB C:/Users/Adam/AppData/Local/UnrealEngine/4.11/DerivedDataCache/Boot.ddc.
[2016.04.22-17.38.29:844][  0]LogDerivedDataCache:Display: Loaded Boot cache: C:/Users/Adam/AppData/Local/UnrealEngine/4.11/DerivedDataCache/Boot.ddc
[2016.04.22-17.38.29:845][  0]LogDerivedDataCache: FDerivedDataBackendGraph:  Pak pak cache file ../../../../../../Users/Adam/Documents/Unreal Projects/Beats/DerivedDataCache/DDC.ddp not found, will not use a pak cache.
[2016.04.22-17.38.29:845][  0]LogDerivedDataCache: Unable to find inner node Pak for hierarchical cache Hierarchy.
[2016.04.22-17.38.29:845][  0]LogDerivedDataCache: FDerivedDataBackendGraph:  CompressedPak pak cache file ../../../../../../Users/Adam/Documents/Unreal Projects/Beats/DerivedDataCache/Compressed.ddp not found, will not use a pak cache.
[2016.04.22-17.38.29:845][  0]LogDerivedDataCache: Unable to find inner node CompressedPak for hierarchical cache Hierarchy.
[2016.04.22-17.38.29:861][  0]LogDerivedDataCache:Display: Pak cache opened for reading ../../../Engine/DerivedDataCache/Compressed.ddp.
[2016.04.22-17.38.29:874][  0]LogDerivedDataCache: Using Local data cache path C:/Users/Adam/AppData/Local/UnrealEngine/Common/DerivedDataCache: Writable
[2016.04.22-17.38.30:051][  0]LogInit: Selected Device Profile: [Windows]
[2016.04.22-17.38.30:052][  0]LogContentStreaming: Texture pool size is 0.00 MB
[2016.04.22-17.38.30:090][  0]LogMaterial: Uniform references updated for custom material expression Custom.
[2016.04.22-17.38.30:239][  0]LogMeshUtilities: No automatic mesh reduction module available
[2016.04.22-17.38.30:239][  0]LogMeshUtilities: No automatic mesh merging module available
[2016.04.22-17.38.30:239][  0]LogMeshUtilities: No distributed automatic mesh merging module available
[2016.04.22-17.38.30:554][  0]LogUObjectArray: 27679 objects as part of root set at end of initial load.
[2016.04.22-17.38.30:554][  0]LogUObjectAllocator: 5591592 out of 0 bytes used by permanent object pool.
[2016.04.22-17.38.30:554][  0]LogUObjectArray: CloseDisregardForGC: 0/0 objects in disregard for GC pool
[2016.04.22-17.38.30:563][  0]LogInit: WinSock: version 1.1 (2.2), MaxSocks=32767, MaxUdp=65467
[2016.04.22-17.38.30:682][  0]LogSlate: SlateFontCache - WITH_FREETYPE: 1, WITH_HARFBUZZ: 1
[2016.04.22-17.38.30:682][  0]LogSlate: SlateFontCache - WITH_FREETYPE: 1, WITH_HARFBUZZ: 1
[2016.04.22-17.38.30:866][  0]LogStreaming:Warning: Failed to read file '../../../Engine/Content/Editor/Slate/Common/Selection_16x.png' error.
[2016.04.22-17.38.30:866][  0]LogSlate: Could not find file for Slate resource: ../../../Engine/Content/Editor/Slate/Common/Selection_16x.png
[2016.04.22-17.38.30:866][  0]LogStreaming:Warning: Failed to read file '../../../Engine/Content/Editor/Slate/Common/Selection_16x.png' error.
[2016.04.22-17.38.30:866][  0]LogSlate: Could not find file for Slate resource: ../../../Engine/Content/Editor/Slate/Common/Selection_16x.png
[2016.04.22-17.38.30:866][  0]LogStreaming:Warning: Failed to read file '../../../Engine/Content/Editor/Slate/Common/Selection_16x.png' error.
[2016.04.22-17.38.30:866][  0]LogSlate: Could not find file for Slate resource: ../../../Engine/Content/Editor/Slate/Common/Selection_16x.png
[2016.04.22-17.38.31:688][  0]LogUdpMessaging: Initializing bridge on interface 0.0.0.0:0 to multicast group 230.0.0.1:6666.
[2016.04.22-17.38.31:796][  0]LogAssetRegistry: FAssetRegistry took 0.0210 seconds to start up
[2016.04.22-17.38.32:001][  0]SourceControl: Info Source control is disabled
[2016.04.22-17.38.32:154][  0]SourceControl: Info Source control is disabled
[2016.04.22-17.38.32:176][  0]SourceControl: Info Source control is disabled
[2016.04.22-17.38.32:194][  0]SourceControl: Info Source control is disabled
[2016.04.22-17.38.32:405][  0]LogHMD: Failed to initialize OpenVR with code 110
[2016.04.22-17.38.32:485][  0]LogEngine: Initializing Engine...
[2016.04.22-17.38.32:634][  0]LogAIModule: Creating AISystem for world NewWorld
[2016.04.22-17.38.32:640][  0]LogInit: XAudio2 using 'Speakers (Realtek High Definition Audio)' : 2 channels at 48 kHz using 32 bits per sample (channel mask 0x3)
[2016.04.22-17.38.32:652][  0]LogInit: FAudioDevice initialized.
[2016.04.22-17.38.32:680][  0]LogDerivedDataCache: Saved boot cache 0.03s 47MB C:/Users/Adam/AppData/Local/UnrealEngine/4.11/DerivedDataCache/Boot.ddc.
[2016.04.22-17.38.32:683][  0]LogInit: Texture streaming: Enabled
[2016.04.22-17.38.32:706][  0]LogInit: Transaction tracking system initialized
[2016.04.22-17.38.32:729][  0]BlueprintLog: New page: Editor Load
[2016.04.22-17.38.32:949][  0]LocalizationService: Info Localization service is disabled
[2016.04.22-17.38.33:065][  0]LogConsoleResponse:Display: 
[2016.04.22-17.38.33:191][  0]LogCook:Display: Max memory allowance for cook 8192mb
[2016.04.22-17.38.33:191][  0]LogCook:Display: Mobile HDR setting 1
[2016.04.22-17.38.33:191][  0]LogCook:Display: Done creating registry. It took  0.00s.
[2016.04.22-17.38.33:253][  0]LogFileCache: Scanning file cache for directory 'C:/Users/Adam/Documents/Unreal Projects/Beats/Content/' took 0.01s
[2016.04.22-17.38.33:253][  0]SourceControl: Info Source control is disabled
[2016.04.22-17.38.33:253][  0]Cmd: MAP LOAD FILE="../../../../../../Users/Adam/Documents/Unreal Projects/Beats/Content/TwinStickBP/Maps/TwinStickExampleMap.umap" TEMPLATE=0 SHOWPROGRESS=1 FEATURELEVEL=3
[2016.04.22-17.38.33:255][  0]LightingResults: New page: Lighting Build
[2016.04.22-17.38.33:258][  0]MapCheck: New page: Map Check
[2016.04.22-17.38.33:258][  0]LightingResults: New page: Lighting Build
[2016.04.22-17.38.33:593][  0]LogAIModule: Creating AISystem for world TwinStickExampleMap
[2016.04.22-17.38.33:603][  0]LogEditorServer: Finished looking for orphan Actors (0.000 secs)
[2016.04.22-17.38.33:603][  0]Cmd: MAP CHECKDEP NOCLEARLOG
[2016.04.22-17.38.33:682][  0]MapCheck: Info Map check complete: 0 Error(s), 0 Warning(s), took 78.605ms to complete.
[2016.04.22-17.38.33:682][  0]LogFileHelpers: Loading map 'TwinStickExampleMap' took 0.428
[2016.04.22-17.38.33:804][  0]LogCollectionManager: Loaded 0 collections in 0.002129 seconds
[2016.04.22-17.38.33:849][  0]LogFileCache: Scanning file cache for directory 'C:/Users/Adam/Documents/Unreal Projects/Beats/Saved/Collections/' took 0.01s
[2016.04.22-17.38.33:849][  0]LogFileCache: Scanning file cache for directory 'C:/Users/Adam/Documents/Unreal Projects/Beats/Content/Developers/Adam/Collections/' took 0.01s
[2016.04.22-17.38.33:849][  0]LogFileCache: Scanning file cache for directory 'C:/Users/Adam/Documents/Unreal Projects/Beats/Content/Collections/' took 0.01s
[2016.04.22-17.38.33:849][  0]LogCollectionManager: Rebuilt the GUID cache for 0 collections in 0.000003 seconds
[2016.04.22-17.38.33:858][  0]LogContentBrowser: Native class hierarchy populated in 0.0093 seconds. Added 1979 classes and 343 folders.
[2016.04.22-17.38.33:862][  0]LogStats: UGameplayTagsManager::ConstructGameplayTagTree: Construct from data asset -  0.000 s
[2016.04.22-17.38.33:862][  0]LogStats: UGameplayTagsManager::ConstructGameplayTagTree: GameplayTagTreeChangedEvent.Broadcast -  0.000 s
[2016.04.22-17.38.33:863][  0]LogContentBrowser: Native class hierarchy updated for 'GameplayTags' in 0.0004 seconds. Added 12 classes and 0 folders.
[2016.04.22-17.38.33:868][  0]LogContentBrowser: Native class hierarchy updated for 'WidgetCarousel' in 0.0006 seconds. Added 0 classes and 0 folders.
[2016.04.22-17.38.33:877][  0]LogContentBrowser: Native class hierarchy updated for 'SuperSearch' in 0.0004 seconds. Added 1 classes and 2 folders.
[2016.04.22-17.38.33:937][  0]LogContentBrowser: Native class hierarchy updated for 'AddContentDialog' in 0.0011 seconds. Added 0 classes and 0 folders.
[2016.04.22-17.38.33:943][  0]LogContentBrowser: Native class hierarchy updated for 'SceneOutliner' in 0.0004 seconds. Added 1 classes and 2 folders.
[2016.04.22-17.38.33:967][  0]LogCrashTracker: Crashtracker disabled due to settings.
[2016.04.22-17.38.33:983][  0]LogWindowsTextInputMethodSystem:Display: IME system now deactivated.
[2016.04.22-17.38.33:983][  0]LogWindowsTextInputMethodSystem:Display: IME system now deactivated.
[2016.04.22-17.38.34:060][  0]LogContentBrowser: Native class hierarchy updated for 'HierarchicalLODOutliner' in 0.0012 seconds. Added 1 classes and 2 folders.
[2016.04.22-17.38.34:061][  0]LogLoad: Full Startup: 7.16 seconds (BP compile: 0.06 seconds)
[2016.04.22-17.38.34:061][  0]LogExternalProfiler: Found external profiler: VSPerf
[2016.04.22-17.38.34:061][  0]LogExternalProfiler: Using external profiler: VSPerf
[2016.04.22-17.38.34:073][  0]LogOcInput: OculusInput pre-init called
[2016.04.22-17.38.34:182][  0]LogContentStreaming: Texture pool size now 1000 MB
[2016.04.22-17.38.34:396][  0]LogRenderer: Reallocating scene render targets to support 1208x576 (Frame:2).
[2016.04.22-17.38.34:574][  2]LogAssetRegistry: Asset discovery search completed in 2.7989 seconds
[2016.04.22-17.38.34:574][  2]LogCollectionManager: Rebuilt the object cache for 0 collections in 0.000001 seconds (found 0 objects)
[2016.04.22-17.38.34:574][  2]LogCollectionManager: Fixed up redirectors for 0 collections in 0.000115 seconds (updated 0 objects)
[2016.04.22-17.38.52:756][380]LogContentBrowser: Native class hierarchy updated for 'BlueprintGraph' in 0.0025 seconds. Added 108 classes and 0 folders.
[2016.04.22-17.39.13:621][148]LogActorComponent: UnregisterComponent: (/Engine/Transient.ProjectileMovementComponent_8) Not registered. Aborting.
[2016.04.22-17.39.21:082][541]BlueprintLog: New page: Compile TwinStickPawn
[2016.04.22-17.39.21:563][541]BlueprintEditorCompileResults: Info [0054.66] Compile of TwinStickPawn successful! [in 480 ms]
[2016.04.22-17.40.46:854][474]LogSavePackage: Save=204.43ms
[2016.04.22-17.40.46:854][474]LogSavePackage: Moving '../../../../../../Users/Adam/Documents/Unreal Projects/Beats/Saved/TwinStickExampleMap1BD3B7E842636FA6FCC7F78036B2284D.tmp' to '../../../../../../Users/Adam/Documents/Unreal Projects/Beats/Content/TwinStickBP/Maps/TwinStickExampleMap.umap'
[2016.04.22-17.40.46:858][474]LogSavePackage: Total save time: 212.36ms
[2016.04.22-17.40.46:858][474]LogSavePackage:Display: Finished SavePackage ../../../../../../Users/Adam/Documents/Unreal Projects/Beats/Content/TwinStickBP/Maps/TwinStickExampleMap.umap
[2016.04.22-17.40.46:870][474]LogFileHelpers: Saving map 'TwinStickExampleMap' took 0.348
[2016.04.22-17.40.47:034][474]LogSavePackage: Save=115.60ms
[2016.04.22-17.40.47:034][474]LogSavePackage: Moving '../../../../../../Users/Adam/Documents/Unreal Projects/Beats/Saved/TwinStickPawn2FCDFD6E4A8AC7131F9D56B08CB93BDF.tmp' to '../../../../../../Users/Adam/Documents/Unreal Projects/Beats/Content/TwinStickBP/Blueprints/TwinStickPawn.uasset'
[2016.04.22-17.40.47:037][474]LogSavePackage: Total save time: 120.44ms
[2016.04.22-17.40.47:037][474]LogSavePackage:Display: Finished SavePackage ../../../../../../Users/Adam/Documents/Unreal Projects/Beats/Content/TwinStickBP/Blueprints/TwinStickPawn.uasset
[2016.04.22-17.41.03:270][785]Running C:/Program Files (x86)/Epic Games/4.11/Engine/Binaries/DotNET/UnrealBuildTool.exe  -projectfiles -project="C:/Users/Adam/Documents/Unreal Projects/Beats/Beats.uproject" -game -progress -2015
[2016.04.22-17.41.03:697][785]Discovering modules, targets and source code for game...
[2016.04.22-17.41.07:421][785]LogHotReload: Recompiling module Beats...
[2016.04.22-17.41.07:421][785]LogVSAccessor:Warning: Couldn't access Visual Studio
[2016.04.22-17.41.07:446][785]Recompiling Beats...
[2016.04.22-17.41.07:447][785]Launching UnrealBuildTool... [C:/Program Files (x86)/Epic Games/4.11/Engine/Binaries/DotNET/UnrealBuildTool.exe Beats -Module Beats Win64 Development -editorrecompile -canskiplink "C:/Users/Adam/Documents/Unreal Projects/Beats/Beats.uproject"  -2015]
[2016.04.22-17.41.48:234][785]Performing full C++ include scan (hot reloading a new target)
Creating makefile for hot reloading Beats (no existing makefile)
Compiling game modules for hot reload
Parsing headers for BeatsEditor
  Running UnrealHeaderTool "C:\Users\Adam\Documents\Unreal Projects\Beats\Beats.uproject" "C:\Users\Adam\Documents\Unreal Projects\Beats\Intermediate\Build\Win64\BeatsEditor\Development\UnrealHeaderTool.manifest" -LogCmds="loginit warning, logexit warning, logdatabase error" -Unattended -WarningsAsErrors -installed
Reflection code generated for BeatsEditor in 3.2864243 seconds
Performing 7 actions (4 in parallel)
[3/7] Resource ModuleVersionResource.rc.inl
[2/7] Resource PCLaunch.rc
PCH.Beats.h.cpp
BeatActor.cpp
Beats.cpp
Beats.generated.cpp
[7/7] Link UE4Editor-Beats.dll
   Creating library C:\Users\Adam\Documents\Unreal Projects\Beats\Intermediate\Build\Win64\UE4Editor\Development\UE4Editor-Beats.lib and object C:\Users\Adam\Documents\Unreal Projects\Beats\Intermediate\Build\Win64\UE4Editor\Development\UE4Editor-Beats.exp
-------- End Detailed Actions Stats -----------------------------------------------------------
Total build time: 40.61 seconds

[2016.04.22-17.41.48:235][785]CompilerResultsLog: New page: Compilation - Apr 22, 2016, 8:41:48 AM
[2016.04.22-17.41.48:235][785]CompilerResultsLog: Info Performing full C++ include scan (hot reloading a new target)
[2016.04.22-17.41.48:235][785]CompilerResultsLog: Info Creating makefile for hot reloading Beats (no existing makefile)
[2016.04.22-17.41.48:235][785]CompilerResultsLog: Info Compiling game modules for hot reload
[2016.04.22-17.41.48:235][785]CompilerResultsLog: Info Parsing headers for BeatsEditor
[2016.04.22-17.41.48:235][785]CompilerResultsLog: Info   Running UnrealHeaderTool "C:\Users\Adam\Documents\Unreal Projects\Beats\Beats.uproject" "C:\Users\Adam\Documents\Unreal Projects\Beats\Intermediate\Build\Win64\BeatsEditor\Development\UnrealHeaderTool.manifest" -LogCmds="loginit warning, logexit warning, logdatabase error" -Unattended -WarningsAsErrors -installed
[2016.04.22-17.41.48:235][785]CompilerResultsLog: Info Reflection code generated for BeatsEditor in 3.2864243 seconds
[2016.04.22-17.41.48:235][785]CompilerResultsLog: Info Performing 7 actions (4 in parallel)
[2016.04.22-17.41.48:235][785]CompilerResultsLog: Info [3/7] Resource ModuleVersionResource.rc.inl
[2016.04.22-17.41.48:235][785]CompilerResultsLog: Info [2/7] Resource PCLaunch.rc
[2016.04.22-17.41.48:235][785]CompilerResultsLog: Info PCH.Beats.h.cpp
[2016.04.22-17.41.48:235][785]CompilerResultsLog: Info BeatActor.cpp
[2016.04.22-17.41.48:235][785]CompilerResultsLog: Info Beats.cpp
[2016.04.22-17.41.48:235][785]CompilerResultsLog: Info Beats.generated.cpp
[2016.04.22-17.41.48:235][785]CompilerResultsLog: Info [7/7] Link UE4Editor-Beats.dll
[2016.04.22-17.41.48:235][785]CompilerResultsLog: Info    Creating library C:\Users\Adam\Documents\Unreal Projects\Beats\Intermediate\Build\Win64\UE4Editor\Development\UE4Editor-Beats.lib and object C:\Users\Adam\Documents\Unreal Projects\Beats\Intermediate\Build\Win64\UE4Editor\Development\UE4Editor-Beats.exp
[2016.04.22-17.41.48:236][785]CompilerResultsLog: Info -------- End Detailed Actions Stats -----------------------------------------------------------
[2016.04.22-17.41.48:236][785]CompilerResultsLog: Info Total build time: 40.61 seconds
[2016.04.22-17.41.48:236][785]LogMainFrame: MainFrame: Module compiling took 40.814 seconds
[2016.04.22-17.41.48:236][785]Reloading module after successful compile.
[2016.04.22-17.41.48:260][785]LogContentBrowser: Native class hierarchy updated for 'Beats' in 0.0019 seconds. Added 1 classes and 2 folders.
[2016.04.22-17.41.48:511][785]LogContentBrowser: Native class hierarchy populated in 0.0197 seconds. Added 1983 classes and 351 folders.
[2016.04.22-17.41.51:549][793]LogVSAccessor:Warning: Visual Studio is open but could not be queried - it may be blocked by a modal operation
[2016.04.22-17.41.51:574][794]LogVSAccessor:Warning: Visual Studio is open but could not be queried - it may be blocked by a modal operation
[2016.04.22-17.41.51:910][795]LogVSAccessor:Warning: Visual Studio is open but could not be queried - it may be blocked by a modal operation
[2016.04.22-17.41.57:179][796]LogVSAccessor:Warning: Couldn't goto line number '0' in 'C:/Users/Adam/Documents/Unreal Projects/Beats/Source/Beats/BeatActor.h'
[2016.04.22-17.41.57:623][796]LogVSAccessor:Warning: Couldn't goto line number '0' in 'C:/Users/Adam/Documents/Unreal Projects/Beats/Source/Beats/BeatActor.cpp'
[2016.04.22-17.49.41:534][427]LogFactory: FactoryCreateBinary: SoundWave with ReimportSoundFactory (0 0 D:/Program Files (x86)/Image-Line/FL Studio 11/Data/Projects/My Old Projects/0 - SGDC/A Tempo/Ostinato/conflitto-ostinato_Master.wav)
[2016.04.22-17.49.41:906][427]LogAudioDerivedData:Display: Building compressed audio format OGG wave conflitto-ostinato_Master...
[2016.04.22-17.49.47:647][427]LogAudioDerivedData:Warning: Updated SoundWave->RawPCMDataSize during cooking SoundWave /Game/Audio/conflitto-ostinato_Master.conflitto-ostinato_Master.
[2016.04.22-17.49.57:780][539]Cmd: OBJ SAVEPACKAGE PACKAGE="/Game/Audio/120bpm" FILE="../../../../../../Users/Adam/Documents/Unreal Projects/Beats/Content/Audio/120bpm.uasset" SILENT=true
[2016.04.22-17.49.57:794][539]LogSavePackage: Save=12.35ms
[2016.04.22-17.49.57:794][539]LogSavePackage: Moving '../../../../../../Users/Adam/Documents/Unreal Projects/Beats/Saved/120bpm2A845F454F3C9EACF3679E9E8CC17D7E.tmp' to '../../../../../../Users/Adam/Documents/Unreal Projects/Beats/Content/Audio/120bpm.uasset'
[2016.04.22-17.49.57:798][539]LogSavePackage: Total save time: 16.41ms
[2016.04.22-17.49.57:798][539]LogSavePackage:Display: Finished SavePackage ../../../../../../Users/Adam/Documents/Unreal Projects/Beats/Content/Audio/120bpm.uasset
[2016.04.22-17.49.57:857][539]LogActorComponent: UnregisterComponent: (/Engine/Transient.ProjectileMovementComponent_8) Not registered. Aborting.
[2016.04.22-17.50.47:332][755]LogFileHelpers: Editor autosave (incl. sublevels) for '/Game/TwinStickBP/Maps/TwinStickExampleMap' took 0.039
[2016.04.22-17.50.47:346][755]LogSavePackage: Save=2.03ms
[2016.04.22-17.50.47:346][755]LogSavePackage: Moving '../../../../../../Users/Adam/Documents/Unreal Projects/Beats/Saved/conflitto-ostinato_Master_Auto1CAC5E0124030566C99C876A33232C34B.tmp' to '../../../../../../Users/Adam/Documents/Unreal Projects/Beats/Saved/Autosaves/Game/Audio/conflitto-ostinato_Master_Auto1.uasset'
[2016.04.22-17.50.47:347][755]LogSavePackage: Total save time: 4.24ms
[2016.04.22-17.50.47:348][755]LogSavePackage:Display: Finished SavePackage ../../../../../../Users/Adam/Documents/Unreal Projects/Beats/Saved/Autosaves/Game/Audio/conflitto-ostinato_Master_Auto1.uasset
[2016.04.22-17.50.47:348][755]LogFileHelpers: Auto-saving content packages took 0.013
[2016.04.22-19.12.05:006][577]LogHttp:Warning: Timeout processing Http request. 000001E3B6F26F80
[2016.04.22-19.38.54:866][618]Recompiling Beats...
[2016.04.22-19.38.54:866][618]Launching UnrealBuildTool... [C:/Program Files (x86)/Epic Games/4.11/Engine/Binaries/DotNET/UnrealBuildTool.exe Beats -ModuleWithSuffix Beats 9918 Win64 Development -editorrecompile -canskiplink "C:/Users/Adam/Documents/Unreal Projects/Beats/Beats.uproject"  -2015]
[2016.04.22-19.38.55:134][618]Warning: Starting HotReload took  0.3s.
[2016.04.22-19.39.13:543][511]CompilerResultsLog: New page: Compilation - Apr 22, 2016, 10:39:13 AM
[2016.04.22-19.39.13:544][511]CompilerResultsLog: Info Creating makefile for hot reloading Beats (working set of source files changed)
[2016.04.22-19.39.13:544][511]CompilerResultsLog: Info Compiling game modules for hot reload
[2016.04.22-19.39.13:544][511]CompilerResultsLog: Info Parsing headers for BeatsEditor
[2016.04.22-19.39.13:544][511]CompilerResultsLog: Info   Running UnrealHeaderTool "C:\Users\Adam\Documents\Unreal Projects\Beats\Beats.uproject" "C:\Users\Adam\Documents\Unreal Projects\Beats\Intermediate\Build\Win64\BeatsEditor\Development\UnrealHeaderTool.manifest" -LogCmds="loginit warning, logexit warning, logdatabase error" -Unattended -WarningsAsErrors -installed
[2016.04.22-19.39.13:544][511]CompilerResultsLog: Info Reflection code generated for BeatsEditor in 9.9114343 seconds
[2016.04.22-19.39.13:544][511]CompilerResultsLog: Info Performing 3 actions (4 in parallel)
[2016.04.22-19.39.13:544][511]CompilerResultsLog: Info BeatActor.cpp
[2016.04.22-19.39.13:544][511]CompilerResultsLog: Info Beats.generated.cpp
[2016.04.22-19.39.13:544][511]CompilerResultsLog:Error: Error C:\Users\Adam\Documents\Unreal Projects\Beats\Source\Beats\BeatActor.cpp(32) : warning C4996: 'UEngine::GetAudioDevice': GetAudioDevice is deprecated UEngine::GetMainAudioDevice instead. Please update your code to the new API before upgrading to the next release, otherwise your project will no longer compile.
[2016.04.22-19.39.13:544][511]CompilerResultsLog: Info C:\Program Files (x86)\Epic Games\4.11\Engine\Source\Runtime\Engine\Classes\Engine/Engine.h(2135): note: see declaration of 'UEngine::GetAudioDevice'
[2016.04.22-19.39.13:544][511]CompilerResultsLog:Error: Error C:\Users\Adam\Documents\Unreal Projects\Beats\Source\Beats\BeatActor.cpp(45) : error C2065: 'active': undeclared identifier
[2016.04.22-19.39.13:544][511]CompilerResultsLog:Error: Error C:\Users\Adam\Documents\Unreal Projects\Beats\Source\Beats\BeatActor.cpp(45) : error C2228: left of '.PlaybackTime' must have class/struct/union
[2016.04.22-19.39.13:544][511]CompilerResultsLog:Error: Error C:\Users\Adam\Documents\Unreal Projects\Beats\Source\Beats\BeatActor.cpp(45) : note: type is 'unknown-type'
[2016.04.22-19.39.13:544][511]CompilerResultsLog: Info -------- End Detailed Actions Stats -----------------------------------------------------------
[2016.04.22-19.39.13:544][511]CompilerResultsLog: Info ERROR: UBT ERROR: Failed to produce item: C:\Users\Adam\Documents\Unreal Projects\Beats\Binaries\Win64\UE4Editor-Beats-9918.dll
[2016.04.22-19.39.13:544][511]CompilerResultsLog: Info Total build time: 18.23 seconds
[2016.04.22-19.39.13:544][511]LogMainFrame: MainFrame: Module compiling took 18.681 seconds
[2016.04.22-19.39.13:545][511]Warning: HotReload failed, recompile failed
[2016.04.22-19.45.04:777][367]Recompiling Beats...
[2016.04.22-19.45.04:778][367]Launching UnrealBuildTool... [C:/Program Files (x86)/Epic Games/4.11/Engine/Binaries/DotNET/UnrealBuildTool.exe Beats -ModuleWithSuffix Beats 8832 Win64 Development -editorrecompile -canskiplink "C:/Users/Adam/Documents/Unreal Projects/Beats/Beats.uproject"  -2015]
[2016.04.22-19.45.04:799][367]Warning: Starting HotReload took  0.0s.
[2016.04.22-19.45.30:641][306]CompilerResultsLog: New page: Compilation - Apr 22, 2016, 10:45:30 AM
[2016.04.22-19.45.30:641][306]CompilerResultsLog: Info Creating makefile for hot reloading Beats (working set of source files changed)
[2016.04.22-19.45.30:641][306]CompilerResultsLog: Info Compiling game modules for hot reload
[2016.04.22-19.45.30:641][306]CompilerResultsLog: Info Parsing headers for BeatsEditor
[2016.04.22-19.45.30:641][306]CompilerResultsLog: Info   Running UnrealHeaderTool "C:\Users\Adam\Documents\Unreal Projects\Beats\Beats.uproject" "C:\Users\Adam\Documents\Unreal Projects\Beats\Intermediate\Build\Win64\BeatsEditor\Development\UnrealHeaderTool.manifest" -LogCmds="loginit warning, logexit warning, logdatabase error" -Unattended -WarningsAsErrors -installed
[2016.04.22-19.45.30:641][306]CompilerResultsLog: Info Reflection code generated for BeatsEditor in 12.2816868 seconds
[2016.04.22-19.45.30:641][306]CompilerResultsLog: Info Performing 3 actions (4 in parallel)
[2016.04.22-19.45.30:641][306]CompilerResultsLog: Info BeatActor.cpp
[2016.04.22-19.45.30:641][306]CompilerResultsLog: Info Beats.generated.cpp
[2016.04.22-19.45.30:641][306]CompilerResultsLog: Info [3/3] Link UE4Editor-Beats-8832.dll
[2016.04.22-19.45.30:641][306]CompilerResultsLog: Info    Creating library C:\Users\Adam\Documents\Unreal Projects\Beats\Intermediate\Build\Win64\UE4Editor\Development\UE4Editor-Beats-8832.lib and object C:\Users\Adam\Documents\Unreal Projects\Beats\Intermediate\Build\Win64\UE4Editor\Development\UE4Editor-Beats-8832.exp
[2016.04.22-19.45.30:641][306]CompilerResultsLog: Info -------- End Detailed Actions Stats -----------------------------------------------------------
[2016.04.22-19.45.30:641][306]CompilerResultsLog: Info Total build time: 25.66 seconds
[2016.04.22-19.45.30:641][306]LogMainFrame: MainFrame: Module compiling took 25.869 seconds
[2016.04.22-19.45.30:687][306]LogClass: Could not find existing class BeatActor in package /Script/Beats for HotReload, assuming new class
[2016.04.22-19.45.30:687][306]LogClass: Function getPlaybackTime is new.
[2016.04.22-19.45.30:690][306]LogHotReload: Re-instancing BeatActor after hot-reload.
[2016.04.22-19.45.30:750][306]LogContentBrowser: Native class hierarchy updated for 'Beats' in 0.0017 seconds. Added 1 classes and 2 folders.
[2016.04.22-19.45.30:753][306]Warning: HotReload successful (0 functions remapped  0 scriptstructs remapped)
[2016.04.22-19.45.30:952][306]LogContentBrowser: Native class hierarchy populated in 0.0081 seconds. Added 1983 classes and 351 folders.
[2016.04.22-19.45.30:952][306]Warning: HotReload took 26.2s.
[2016.04.22-19.45.58:308][417]LogRenderer: Reallocating scene render targets to support 1208x900 (Frame:4957).
[2016.04.22-19.46.29:254][232]LogActorComponent: UnregisterComponent: (/Engine/Transient.ProjectileMovementComponent_8) Not registered. Aborting.
[2016.04.22-19.46.33:074][448]Cmd: OBJ SAVEPACKAGE PACKAGE="/Game/Audio/conflitto-ostinato_Master" FILE="../../../../../../Users/Adam/Documents/Unreal Projects/Beats/Content/Audio/conflitto-ostinato_Master.uasset" SILENT=true
[2016.04.22-19.46.33:076][448]LogSavePackage: Save=1.19ms
[2016.04.22-19.46.33:076][448]LogSavePackage: Moving '../../../../../../Users/Adam/Documents/Unreal Projects/Beats/Saved/conflitto-ostinato_Master7827C08F45785A955DCB32A0AD6C45A6.tmp' to '../../../../../../Users/Adam/Documents/Unreal Projects/Beats/Content/Audio/conflitto-ostinato_Master.uasset'
[2016.04.22-19.46.33:079][448]LogSavePackage: Total save time: 3.94ms
[2016.04.22-19.46.33:079][448]LogSavePackage:Display: Finished SavePackage ../../../../../../Users/Adam/Documents/Unreal Projects/Beats/Content/Audio/conflitto-ostinato_Master.uasset
[2016.04.22-19.46.33:108][448]Cmd: OBJ SAVEPACKAGE PACKAGE="/Game/TwinStickBP/Blueprints/BeatBlock" FILE="../../../../../../Users/Adam/Documents/Unreal Projects/Beats/Content/TwinStickBP/Blueprints/BeatBlock.uasset" SILENT=true
[2016.04.22-19.46.33:132][448]LogSavePackage: Save=18.86ms
[2016.04.22-19.46.33:132][448]LogSavePackage: Moving '../../../../../../Users/Adam/Documents/Unreal Projects/Beats/Saved/BeatBlock4BAB938B42BB256C2F4EA6A1979A12AB.tmp' to '../../../../../../Users/Adam/Documents/Unreal Projects/Beats/Content/TwinStickBP/Blueprints/BeatBlock.uasset'
[2016.04.22-19.46.33:135][448]LogSavePackage: Total save time: 22.12ms
[2016.04.22-19.46.33:135][448]LogSavePackage:Display: Finished SavePackage ../../../../../../Users/Adam/Documents/Unreal Projects/Beats/Content/TwinStickBP/Blueprints/BeatBlock.uasset
[2016.04.22-19.46.39:580][824]LogClass:Warning: Type mismatch in Tempo of SKEL_BeatBlock_C - Previous (StructProperty) Current(FloatProperty) for package:  FObjectReader
[2016.04.22-19.46.40:815][897]BlueprintLog: New page: Compile BeatBlock
[2016.04.22-19.46.41:012][897]BlueprintEditorCompileResults: Info [7694.14] Compile of BeatBlock successful! [in 195 ms]
[2016.04.22-19.46.49:625][409]BlueprintLog: New page: Compile BeatBlock
[2016.04.22-19.46.49:791][409]BlueprintEditorCompileResults: Info [7702.92] Compile of BeatBlock successful! [in 165 ms]
[2016.04.22-19.46.53:060][603]BlueprintLog: New page: Compile BeatBlock
[2016.04.22-19.46.53:157][603]BlueprintEditorCompileResults: Info [7706.29] Compile of BeatBlock successful! [in 95 ms]
[2016.04.22-19.46.53:495][618]Cmd: OBJ SAVEPACKAGE PACKAGE="/Game/TwinStickBP/Blueprints/BeatBlock" FILE="../../../../../../Users/Adam/Documents/Unreal Projects/Beats/Content/TwinStickBP/Blueprints/BeatBlock.uasset" SILENT=true
[2016.04.22-19.46.53:519][618]LogSavePackage: Save=18.78ms
[2016.04.22-19.46.53:519][618]LogSavePackage: Moving '../../../../../../Users/Adam/Documents/Unreal Projects/Beats/Saved/BeatBlockA4DEA0F04DDB9AC8C0F8B7AAFF607250.tmp' to '../../../../../../Users/Adam/Documents/Unreal Projects/Beats/Content/TwinStickBP/Blueprints/BeatBlock.uasset'
[2016.04.22-19.46.53:522][618]LogSavePackage: Total save time: 25.80ms
[2016.04.22-19.46.53:522][618]LogSavePackage:Display: Finished SavePackage ../../../../../../Users/Adam/Documents/Unreal Projects/Beats/Content/TwinStickBP/Blueprints/BeatBlock.uasset
[2016.04.22-19.47.18:949][135]BlueprintLog: New page: Compile BeatBlock
[2016.04.22-19.47.19:111][135]BlueprintEditorCompileResults: Info [7732.24] Compile of BeatBlock successful! [in 161 ms]
[2016.04.22-19.47.23:159][346]LogActorComponent: UnregisterComponent: (/Engine/Transient.ProjectileMovementComponent_8) Not registered. Aborting.
[2016.04.22-19.47.23:293][346]Cmd: OBJ SAVEPACKAGE PACKAGE="/Game/TwinStickBP/Blueprints/BeatBlock" FILE="../../../../../../Users/Adam/Documents/Unreal Projects/Beats/Content/TwinStickBP/Blueprints/BeatBlock.uasset" SILENT=true
[2016.04.22-19.47.23:314][346]LogSavePackage: Save=18.93ms
[2016.04.22-19.47.23:314][346]LogSavePackage: Moving '../../../../../../Users/Adam/Documents/Unreal Projects/Beats/Saved/BeatBlock81A097224BCC76884E7A4B8BF302DE62.tmp' to '../../../../../../Users/Adam/Documents/Unreal Projects/Beats/Content/TwinStickBP/Blueprints/BeatBlock.uasset'
[2016.04.22-19.47.23:317][346]LogSavePackage: Total save time: 22.62ms
[2016.04.22-19.47.23:317][346]LogSavePackage:Display: Finished SavePackage ../../../../../../Users/Adam/Documents/Unreal Projects/Beats/Content/TwinStickBP/Blueprints/BeatBlock.uasset
[2016.04.22-19.47.31:915][747]LogActorComponent: UnregisterComponent: (/Engine/Transient.ProjectileMovementComponent_8) Not registered. Aborting.
[2016.04.22-19.47.31:979][747]Cmd: OBJ SAVEPACKAGE PACKAGE="/Game/Audio/120bpm_Cue" FILE="../../../../../../Users/Adam/Documents/Unreal Projects/Beats/Content/Audio/120bpm_Cue.uasset" SILENT=true
[2016.04.22-19.47.31:982][747]LogSavePackage: Save=2.14ms
[2016.04.22-19.47.31:982][747]LogSavePackage: Moving '../../../../../../Users/Adam/Documents/Unreal Projects/Beats/Saved/120bpm_CueA180F76A41D518672C3DBEAF64FA6F31.tmp' to '../../../../../../Users/Adam/Documents/Unreal Projects/Beats/Content/Audio/120bpm_Cue.uasset'
[2016.04.22-19.47.31:985][747]LogSavePackage: Total save time: 5.05ms
[2016.04.22-19.47.31:985][747]LogSavePackage:Display: Finished SavePackage ../../../../../../Users/Adam/Documents/Unreal Projects/Beats/Content/Audio/120bpm_Cue.uasset
[2016.04.22-19.49.03:525][255]LogFileHelpers: Editor autosave (incl. sublevels) for '/Game/TwinStickBP/Maps/TwinStickExampleMap' took 0.025
[2016.04.22-19.49.03:533][255]OBJ SavePackage: Generating thumbnails for [1] asset(s) in package [/Game/TwinStickBP/Blueprints/BeatBlock] ([1] browsable assets)...
[2016.04.22-19.49.03:586][255]OBJ SavePackage:     Rendered thumbnail for [Blueprint /Game/TwinStickBP/Blueprints/BeatBlock.BeatBlock]
[2016.04.22-19.49.03:586][255]OBJ SavePackage: Finished generating thumbnails for package [/Game/TwinStickBP/Blueprints/BeatBlock]
[2016.04.22-19.49.03:608][255]LogSavePackage: Save=20.09ms
[2016.04.22-19.49.03:608][255]LogSavePackage: Moving '../../../../../../Users/Adam/Documents/Unreal Projects/Beats/Saved/BeatBlock_Auto2DED4A85448F5745BDB7DC38EAF8316B7.tmp' to '../../../../../../Users/Adam/Documents/Unreal Projects/Beats/Saved/Autosaves/Game/TwinStickBP/Blueprints/BeatBlock_Auto2.uasset'
[2016.04.22-19.49.03:610][255]LogSavePackage: Total save time: 23.16ms
[2016.04.22-19.49.03:610][255]LogSavePackage:Display: Finished SavePackage ../../../../../../Users/Adam/Documents/Unreal Projects/Beats/Saved/Autosaves/Game/TwinStickBP/Blueprints/BeatBlock_Auto2.uasset
[2016.04.22-19.49.03:610][255]LogFileHelpers: Auto-saving content packages took 0.084
[2016.04.22-19.51.53:344][874]Recompiling Beats...
[2016.04.22-19.51.53:345][874]Launching UnrealBuildTool... [C:/Program Files (x86)/Epic Games/4.11/Engine/Binaries/DotNET/UnrealBuildTool.exe Beats -ModuleWithSuffix Beats 1144 Win64 Development -editorrecompile -canskiplink "C:/Users/Adam/Documents/Unreal Projects/Beats/Beats.uproject"  -2015]
[2016.04.22-19.51.53:369][874]Warning: Starting HotReload took  0.0s.
[2016.04.22-19.52.10:598][550]CompilerResultsLog: New page: Compilation - Apr 22, 2016, 10:52:10 AM
[2016.04.22-19.52.10:599][550]CompilerResultsLog: Info Creating makefile for hot reloading Beats (working set of source files changed)
[2016.04.22-19.52.10:599][550]CompilerResultsLog: Info Compiling game modules for hot reload
[2016.04.22-19.52.10:599][550]CompilerResultsLog: Info Parsing headers for BeatsEditor
[2016.04.22-19.52.10:599][550]CompilerResultsLog: Info   Running UnrealHeaderTool "C:\Users\Adam\Documents\Unreal Projects\Beats\Beats.uproject" "C:\Users\Adam\Documents\Unreal Projects\Beats\Intermediate\Build\Win64\BeatsEditor\Development\UnrealHeaderTool.manifest" -LogCmds="loginit warning, logexit warning, logdatabase error" -Unattended -WarningsAsErrors -installed
[2016.04.22-19.52.10:599][550]CompilerResultsLog: Info Reflection code generated for BeatsEditor in 6.3540512 seconds
[2016.04.22-19.52.10:599][550]CompilerResultsLog: Info Performing 3 actions (4 in parallel)
[2016.04.22-19.52.10:599][550]CompilerResultsLog: Info Beats.generated.cpp
[2016.04.22-19.52.10:599][550]CompilerResultsLog: Info BeatActor.cpp
[2016.04.22-19.52.10:599][550]CompilerResultsLog: Info [3/3] Link UE4Editor-Beats-1144.dll
[2016.04.22-19.52.10:600][550]CompilerResultsLog: Info    Creating library C:\Users\Adam\Documents\Unreal Projects\Beats\Intermediate\Build\Win64\UE4Editor\Development\UE4Editor-Beats-1144.lib and object C:\Users\Adam\Documents\Unreal Projects\Beats\Intermediate\Build\Win64\UE4Editor\Development\UE4Editor-Beats-1144.exp
[2016.04.22-19.52.10:600][550]CompilerResultsLog: Info -------- End Detailed Actions Stats -----------------------------------------------------------
[2016.04.22-19.52.10:600][550]CompilerResultsLog: Info Total build time: 17.05 seconds
[2016.04.22-19.52.10:600][550]LogMainFrame: MainFrame: Module compiling took 17.261 seconds
[2016.04.22-19.52.10:752][550]LogClass: Could not find existing class BeatActor in package /Script/Beats for HotReload, assuming new class
[2016.04.22-19.52.10:752][550]LogClass: Function defineSound is new.
[2016.04.22-19.52.10:752][550]LogClass: Function getPlaybackTime is new.
[2016.04.22-19.52.10:762][550]LogHotReload: Re-instancing BeatActor after hot-reload.
[2016.04.22-19.52.11:536][550]LogContentBrowser: Native class hierarchy updated for 'Beats' in 0.0055 seconds. Added 1 classes and 2 folders.
[2016.04.22-19.52.11:543][550]Warning: HotReload successful (0 functions remapped  0 scriptstructs remapped)
[2016.04.22-19.52.12:377][550]LogContentBrowser: Native class hierarchy populated in 0.0363 seconds. Added 1983 classes and 351 folders.
[2016.04.22-19.52.12:377][550]Warning: HotReload took 19.0s.
[2016.04.22-19.52.28:993][471]BlueprintLog: New page: Compile BeatBlock
[2016.04.22-19.52.29:121][471]BlueprintEditorCompileResults: Info [8042.25] Compile of BeatBlock successful! [in 127 ms]
[2016.04.22-19.52.29:758][504]Cmd: OBJ SAVEPACKAGE PACKAGE="/Game/TwinStickBP/Blueprints/BeatBlock" FILE="../../../../../../Users/Adam/Documents/Unreal Projects/Beats/Content/TwinStickBP/Blueprints/BeatBlock.uasset" SILENT=true
[2016.04.22-19.52.29:781][504]LogSavePackage: Save=20.76ms
[2016.04.22-19.52.29:781][504]LogSavePackage: Moving '../../../../../../Users/Adam/Documents/Unreal Projects/Beats/Saved/BeatBlock62B6BECC4BE5C6B22E817C96DE4CDAF3.tmp' to '../../../../../../Users/Adam/Documents/Unreal Projects/Beats/Content/TwinStickBP/Blueprints/BeatBlock.uasset'
[2016.04.22-19.52.29:784][504]LogSavePackage: Total save time: 25.26ms
[2016.04.22-19.52.29:784][504]LogSavePackage:Display: Finished SavePackage ../../../../../../Users/Adam/Documents/Unreal Projects/Beats/Content/TwinStickBP/Blueprints/BeatBlock.uasset
[2016.04.22-19.52.52:244][269]Cmd: OBJ SAVEPACKAGE PACKAGE="/Game/TwinStickBP/Blueprints/BeatBlock" FILE="../../../../../../Users/Adam/Documents/Unreal Projects/Beats/Content/TwinStickBP/Blueprints/BeatBlock.uasset" SILENT=true
[2016.04.22-19.52.52:269][269]LogSavePackage: Save=22.67ms
[2016.04.22-19.52.52:269][269]LogSavePackage: Moving '../../../../../../Users/Adam/Documents/Unreal Projects/Beats/Saved/BeatBlock14AD678945843AC1582601A1D2A2A9EC.tmp' to '../../../../../../Users/Adam/Documents/Unreal Projects/Beats/Content/TwinStickBP/Blueprints/BeatBlock.uasset'
[2016.04.22-19.52.52:272][269]LogSavePackage: Total save time: 26.91ms
[2016.04.22-19.52.52:272][269]LogSavePackage:Display: Finished SavePackage ../../../../../../Users/Adam/Documents/Unreal Projects/Beats/Content/TwinStickBP/Blueprints/BeatBlock.uasset
[2016.04.22-19.54.36:244][428]BlueprintLog: New page: Compile BeatBlock
[2016.04.22-19.54.36:423][428]BlueprintEditorCompileResults: Info [8169.55] Compile of BeatBlock successful! [in 179 ms]
[2016.04.22-19.54.39:916][632]Cmd: OBJ SAVEPACKAGE PACKAGE="/Game/TwinStickBP/Blueprints/BeatBlock" FILE="../../../../../../Users/Adam/Documents/Unreal Projects/Beats/Content/TwinStickBP/Blueprints/BeatBlock.uasset" SILENT=true
[2016.04.22-19.54.39:952][632]LogSavePackage: Save=34.30ms
[2016.04.22-19.54.39:952][632]LogSavePackage: Moving '../../../../../../Users/Adam/Documents/Unreal Projects/Beats/Saved/BeatBlockB93599464FFC468294C389BD7172D74A.tmp' to '../../../../../../Users/Adam/Documents/Unreal Projects/Beats/Content/TwinStickBP/Blueprints/BeatBlock.uasset'
[2016.04.22-19.54.39:956][632]LogSavePackage: Total save time: 38.57ms
[2016.04.22-19.54.39:956][632]LogSavePackage:Display: Finished SavePackage ../../../../../../Users/Adam/Documents/Unreal Projects/Beats/Content/TwinStickBP/Blueprints/BeatBlock.uasset
[2016.04.22-19.55.02:965][972]Cmd: OBJ SAVEPACKAGE PACKAGE="/Game/TwinStickBP/Blueprints/BeatBlock" FILE="../../../../../../Users/Adam/Documents/Unreal Projects/Beats/Content/TwinStickBP/Blueprints/BeatBlock.uasset" SILENT=true
[2016.04.22-19.55.03:007][972]LogSavePackage: Save=40.47ms
[2016.04.22-19.55.03:007][972]LogSavePackage: Moving '../../../../../../Users/Adam/Documents/Unreal Projects/Beats/Saved/BeatBlockF4C24DB047E92054FD9A11BDE3B1E981.tmp' to '../../../../../../Users/Adam/Documents/Unreal Projects/Beats/Content/TwinStickBP/Blueprints/BeatBlock.uasset'
[2016.04.22-19.55.03:010][972]LogSavePackage: Total save time: 44.15ms
[2016.04.22-19.55.03:010][972]LogSavePackage:Display: Finished SavePackage ../../../../../../Users/Adam/Documents/Unreal Projects/Beats/Content/TwinStickBP/Blueprints/BeatBlock.uasset
[2016.04.22-19.56.08:724][735]BlueprintLog: New page: Compile BeatBlock
[2016.04.22-19.56.08:845][735]BlueprintEditorCompileResults: Info [8261.97] Compile of BeatBlock successful! [in 121 ms]
[2016.04.22-19.56.09:256][754]Cmd: OBJ SAVEPACKAGE PACKAGE="/Game/TwinStickBP/Blueprints/BeatBlock" FILE="../../../../../../Users/Adam/Documents/Unreal Projects/Beats/Content/TwinStickBP/Blueprints/BeatBlock.uasset" SILENT=true
[2016.04.22-19.56.09:306][754]LogSavePackage: Save=47.77ms
[2016.04.22-19.56.09:306][754]LogSavePackage: Moving '../../../../../../Users/Adam/Documents/Unreal Projects/Beats/Saved/BeatBlock8E16D8084687BE04956C7A8C46A23658.tmp' to '../../../../../../Users/Adam/Documents/Unreal Projects/Beats/Content/TwinStickBP/Blueprints/BeatBlock.uasset'
[2016.04.22-19.56.09:309][754]LogSavePackage: Total save time: 52.29ms
[2016.04.22-19.56.09:309][754]LogSavePackage:Display: Finished SavePackage ../../../../../../Users/Adam/Documents/Unreal Projects/Beats/Content/TwinStickBP/Blueprints/BeatBlock.uasset
[2016.04.22-19.56.14:398][ 40]BlueprintLog: New page: Pre-Play auto-recompile
[2016.04.22-19.56.14:410][ 40]LogPlayLevel: [PlayLevel] Compiling TwinStickPawn before play...
[2016.04.22-19.56.14:514][ 40]LogPlayLevel: PlayLevel: Blueprint regeneration took 116 ms (1 blueprints)
[2016.04.22-19.56.14:544][ 40]PIE: New page: PIE session: TwinStickExampleMap (Apr 22, 2016, 10:56:14 AM)
[2016.04.22-19.56.14:544][ 40]LogPlayLevel: Creating play world package: /Game/TwinStickBP/Maps/UEDPIE_0_TwinStickExampleMap
[2016.04.22-19.56.14:550][ 40]LogPlayLevel: PIE: StaticDuplicateObject took: (0.006184s)
[2016.04.22-19.56.14:551][ 40]LogAIModule: Creating AISystem for world TwinStickExampleMap
[2016.04.22-19.56.14:551][ 40]LogPlayLevel: PIE: World Init took: (0.000638s)
[2016.04.22-19.56.14:551][ 40]LogPlayLevel: PIE: Created PIE world by copying editor world from /Game/TwinStickBP/Maps/TwinStickExampleMap.TwinStickExampleMap to /Game/TwinStickBP/Maps/UEDPIE_0_TwinStickExampleMap.TwinStickExampleMap (0.007044s)
[2016.04.22-19.56.14:590][ 40]LogInit: XAudio2 using 'Speakers (Realtek High Definition Audio)' : 2 channels at 48 kHz using 32 bits per sample (channel mask 0x3)
[2016.04.22-19.56.14:600][ 40]LogInit: FAudioDevice initialized.
[2016.04.22-19.56.14:651][ 40]LogWorld: Game class is 'TwinStickGameMode_C'
[2016.04.22-19.56.14:658][ 40]LogWorld: Bringing World /Game/TwinStickBP/Maps/UEDPIE_0_TwinStickExampleMap.TwinStickExampleMap up for play (max tick rate 60) at 2016.04.22-15.56.14
[2016.04.22-19.56.14:658][ 40]LogWorld: Bringing up level for play took: 0.005684
[2016.04.22-19.56.14:687][ 40]LogContentBrowser: Native class hierarchy updated for 'MovieSceneCapture' in 0.0018 seconds. Added 9 classes and 0 folders.
[2016.04.22-19.56.14:688][ 40]PIE: Info Play in editor start time for /Game/TwinStickBP/Maps/UEDPIE_0_TwinStickExampleMap 0.163
[2016.04.22-19.56.25:336][503]LogPlayLevel: PlayLevel: No blueprints needed recompiling
[2016.04.22-19.56.25:337][503]PIE: New page: PIE session: TwinStickExampleMap (Apr 22, 2016, 10:56:25 AM)
[2016.04.22-19.56.25:337][503]LogPlayLevel: Creating play world package: /Game/TwinStickBP/Maps/UEDPIE_0_TwinStickExampleMap
[2016.04.22-19.56.25:350][503]LogPlayLevel: PIE: StaticDuplicateObject took: (0.013220s)
[2016.04.22-19.56.25:351][503]LogAIModule: Creating AISystem for world TwinStickExampleMap
[2016.04.22-19.56.25:351][503]LogPlayLevel: PIE: World Init took: (0.001190s)
[2016.04.22-19.56.25:351][503]LogPlayLevel: PIE: Created PIE world by copying editor world from /Game/TwinStickBP/Maps/TwinStickExampleMap.TwinStickExampleMap to /Game/TwinStickBP/Maps/UEDPIE_0_TwinStickExampleMap.TwinStickExampleMap (0.014794s)
[2016.04.22-19.56.25:352][503]LogActorComponent: UnregisterComponent: (/Engine/Transient.ProjectileMovementComponent_8) Not registered. Aborting.
[2016.04.22-19.56.25:415][503]LogInit: XAudio2 using 'Speakers (Realtek High Definition Audio)' : 2 channels at 48 kHz using 32 bits per sample (channel mask 0x3)
[2016.04.22-19.56.25:438][503]LogInit: FAudioDevice initialized.
[2016.04.22-19.56.25:473][503]LogWorld: Game class is 'TwinStickGameMode_C'
[2016.04.22-19.56.25:483][503]LogWorld: Bringing World /Game/TwinStickBP/Maps/UEDPIE_0_TwinStickExampleMap.TwinStickExampleMap up for play (max tick rate 60) at 2016.04.22-15.56.25
[2016.04.22-19.56.25:484][503]LogWorld: Bringing up level for play took: 0.008859
[2016.04.22-19.56.25:486][503]LogWindows:Error: Windows GetLastError: The operation completed successfully. (0)
[2016.04.22-19.56.26:688][503]LogCrashTracker: 


[2016.04.22-19.56.26:696][503]LogCrashTracker: 


[2016.04.22-19.56.26:696][503]LogWindows:Error: === Critical error: ===
Fatal error: [File:D:\BuildFarm\buildmachine_++UE4+Release-4.11\Engine\Source\Runtime\CoreUObject\Private\UObject\Obj.cpp] [Line: 84] 
No object initializer found during construction.




[2016.04.22-19.56.26:742][503]LogExit: Executing StaticShutdownAfterError
[2016.04.22-19.56.26:744][503]LogOutputDevice:Warning: 

Script Stack:
BeatBlock_C.ExecuteUbergraph_BeatBlock
BeatBlock_C.ReceiveBeginPlay

[2016.04.22-19.56.26:746][503]LogPhysics:Warning: PHYSX: ..\..\PhysX\src\NpScene.cpp (2946) 8 : PxScene::unlockWrite() called without matching call to PxScene::lockWrite(), behaviour will be undefined.
[2016.04.22-19.56.26:746][503]LogPhysics:Warning: PHYSX: ..\..\PhysX\src\NpScene.cpp (2946) 8 : PxScene::unlockWrite() called without matching call to PxScene::lockWrite(), behaviour will be undefined.
[2016.04.22-19.56.26:747][503]LogPhysics:Warning: PHYSX: ..\..\PhysX\src\NpScene.cpp (2946) 8 : PxScene::unlockWrite() called without matching call to PxScene::lockWrite(), behaviour will be undefined.
[2016.04.22-19.56.26:747][503]LogPhysics:Warning: PHYSX: ..\..\PhysX\src\NpScene.cpp (2946) 8 : PxScene::unlockWrite() called without matching call to PxScene::lockWrite(), behaviour will be undefined.
[2016.04.22-19.56.26:747][503]LogPhysics:Warning: PHYSX: ..\..\PhysX\src\NpScene.cpp (2946) 8 : PxScene::unlockWrite() called without matching call to PxScene::lockWrite(), behaviour will be undefined.
[2016.04.22-19.56.26:748][503]LogPhysics:Warning: PHYSX: ..\..\PhysX\src\NpScene.cpp (2946) 8 : PxScene::unlockWrite() called without matching call to PxScene::lockWrite(), behaviour will be undefined.
[2016.04.22-19.56.26:748][503]LogPhysics:Warning: PHYSX: ..\..\PhysX\src\NpScene.cpp (2946) 8 : PxScene::unlockWrite() called without matching call to PxScene::lockWrite(), behaviour will be undefined.
[2016.04.22-19.56.26:748][503]LogPhysics:Warning: PHYSX: ..\..\PhysX\src\NpScene.cpp (2946) 8 : PxScene::unlockWrite() called without matching call to PxScene::lockWrite(), behaviour will be undefined.
[2016.04.22-19.56.26:748][503]LogWindows: FPlatformMisc::RequestExit(1)
[2016.04.22-19.56.26:748][503]Log file closed, 04/22/16 15:56:26
