Log file open, 07/24/16 15:41:24
LogInit:Display: Running engine for game: Beats
LogPlatformFile: Not using cached read wrapper
LogInit:Display: RandInit(-688082407) SRandInit(-688082406).
LogTaskGraph: Started task graph with 4 named threads and 7 total threads.
LogStats: Stats thread started at 0.079309
LogInit: Version: 4.11.2-2946394+++UE4+Release-4.11
LogInit: API Version: 2927265
LogInit: Compiled (64-bit): Apr 18 2016 02:18:46
LogInit: Compiled with Visual C++: 19.00.23026.00
LogInit: Build Configuration: Development
LogInit: Branch Name: ++UE4+Release-4.11
LogInit: Command line:  /Temp/Autosaves/Game/Maps/UEDPCTest -game -PIEVIACONSOLE -ResX=1280 -ResY=720  -Multiprocess -messaging -SessionName="Play in Standalone Game" 
LogInit: Base directory: C:/Program Files (x86)/Epic Games/4.11/Engine/Binaries/Win64/
LogInit: Installed Engine Build: 1
LogInit: Using libcurl 7.41.0
LogInit:  - built for x86_64-pc-win32
LogInit:  - supports SSL with WinSSL
LogInit:  - other features:
LogInit:      CURL_VERSION_SSL
LogInit:      CURL_VERSION_IPV6
LogInit:      CURL_VERSION_ASYNCHDNS
LogInit:      CURL_VERSION_LARGEFILE
LogInit:      CURL_VERSION_IDN
LogInit:  CurlRequestOptions (configurable via config and command line):
LogInit:  - bVerifyPeer = true  - Libcurl will verify peer certificate
LogInit:  - bUseHttpProxy = false  - Libcurl will NOT use HTTP proxy
LogInit:  - bDontReuseConnections = false  - Libcurl will reuse connections
LogInit:  - CertBundlePath = nullptr  - Libcurl will use whatever was configured at build time.
LogInit: Presizing for max 16777216 objects, including 0 objects not considered by GC, pre-allocating 0 bytes for permanent pool.
LogInit: Object subsystem initialized
[2016.07.24-19.41.24:543][  0]LogInit: Selected Device Profile: [Windows]
[2016.07.24-19.41.24:543][  0]LogInit: Applying CVar settings loaded from the selected device profile: [Windows]
[2016.07.24-19.41.24:546][  0]LogInit: Computer: DESKTOP-TA850RC
[2016.07.24-19.41.24:546][  0]LogInit: User: Adam
[2016.07.24-19.41.24:546][  0]LogInit: CPU Page size=65536, Cores=4
[2016.07.24-19.41.24:546][  0]LogInit: High frequency timer resolution =2.338346 MHz
[2016.07.24-19.41.24:547][  0]LogMemory: Memory total: Physical=15.8GB (16GB approx)
[2016.07.24-19.41.24:547][  0]LogMemory: Platform Memory Stats for Windows
[2016.07.24-19.41.24:547][  0]LogMemory: Process Physical Memory: 312.95 MB used, 312.95 MB peak
[2016.07.24-19.41.24:547][  0]LogMemory: Process Virtual Memory: 315.07 MB used, 315.07 MB peak
[2016.07.24-19.41.24:547][  0]LogMemory: Physical Memory: 6293.80 MB used, 16203.17 MB total
[2016.07.24-19.41.24:547][  0]LogMemory: Virtual Memory: 651.92 MB used, 134217728.00 MB total
[2016.07.24-19.41.24:577][  0]LogTextLocalizationManager: No specific translations for ('en-US') exist, so ('en') translations will be used.
[2016.07.24-19.41.24:954][  0]LogD3D11RHI: D3D11 adapters:
[2016.07.24-19.41.24:983][  0]LogD3D11RHI:    0. 'NVIDIA GeForce GT 750M' (Feature Level 11_0)
[2016.07.24-19.41.24:983][  0]LogD3D11RHI:       1992MB of dedicated video memory, 0MB of dedicated system memory, and 8101MB of shared system memory, 1 output[s]
[2016.07.24-19.41.24:990][  0]LogD3D11RHI:    1. 'Intel(R) HD Graphics 4600' (Feature Level 11_0)
[2016.07.24-19.41.24:990][  0]LogD3D11RHI:       112MB of dedicated video memory, 0MB of dedicated system memory, and 2048MB of shared system memory, 0 output[s]
[2016.07.24-19.41.24:992][  0]LogD3D11RHI:    2. 'Microsoft Basic Render Driver' (Feature Level 11_0)
[2016.07.24-19.41.24:992][  0]LogD3D11RHI:       0MB of dedicated video memory, 0MB of dedicated system memory, and 8101MB of shared system memory, 0 output[s]
[2016.07.24-19.41.24:992][  0]LogD3D11RHI: Chosen D3D11 Adapter: 0
[2016.07.24-19.41.24:995][  0]LogD3D11RHI: Creating new Direct3DDevice
[2016.07.24-19.41.24:996][  0]LogD3D11RHI:     Adapter Name: NVIDIA GeForce GT 750M
[2016.07.24-19.41.24:996][  0]LogD3D11RHI:   Driver Version: Unknown (internal Unknown)
[2016.07.24-19.41.24:996][  0]LogD3D11RHI:      Driver Date: Unknown
[2016.07.24-19.41.24:996][  0]LogRHI: Texture pool is 1361 MB (70% of 1945 MB)
[2016.07.24-19.41.25:009][  0]LogD3D11RHI: Async texture creation enabled
[2016.07.24-19.41.25:026][  0]LogShaderCompilers: Guid format shader working directory is -15 characters bigger than the processId version (../../../../../../Users/Adam/Documents/Unreal Projects/Beats/Intermediate/Shaders/WorkingDirectory/8988/).
[2016.07.24-19.41.25:027][  0]LogShaderCompilers: Cleaned the shader compiler working directory 'C:/Users/Adam/AppData/Local/Temp/UnrealShaderWorkingDir/DD38CE37438EA15669BE4D95673950B0/'.
[2016.07.24-19.41.25:027][  0]LogShaderCompilers:Display: Using Local Shader Compiler.
[2016.07.24-19.41.26:138][  0]LogTemp:Display: Loaded TP AllDesktopTargetPlatform
[2016.07.24-19.41.26:143][  0]LogTemp:Display: Loaded TP WindowsClientTargetPlatform
[2016.07.24-19.41.26:148][  0]LogTemp:Display: Loaded TP WindowsNoEditorTargetPlatform
[2016.07.24-19.41.26:153][  0]LogTemp:Display: Loaded TP WindowsServerTargetPlatform
[2016.07.24-19.41.26:158][  0]LogTemp:Display: Loaded TP WindowsTargetPlatform
[2016.07.24-19.41.26:161][  0]LogTemp:Display: Loaded TP AndroidTargetPlatform
[2016.07.24-19.41.26:165][  0]LogTemp:Display: Loaded TP Android_ASTCTargetPlatform
[2016.07.24-19.41.26:168][  0]LogTemp:Display: Loaded TP Android_ATCTargetPlatform
[2016.07.24-19.41.26:171][  0]LogTemp:Display: Loaded TP Android_DXTTargetPlatform
[2016.07.24-19.41.26:175][  0]LogTemp:Display: Loaded TP Android_ETC1TargetPlatform
[2016.07.24-19.41.26:178][  0]LogTemp:Display: Loaded TP Android_ETC2TargetPlatform
[2016.07.24-19.41.26:185][  0]LogTemp:Display: Loaded TP Android_MultiTargetPlatform
[2016.07.24-19.41.26:185][  0]LogTemp:Display: Loaded TP Android_PVRTCTargetPlatform
[2016.07.24-19.41.26:186][  0]LogTemp:Display: Loaded TP HTML5TargetPlatform
[2016.07.24-19.41.26:204][  0]LogTemp:Display: Loaded TP IOSTargetPlatform
[2016.07.24-19.41.26:211][  0]LogTemp:Display: Loaded TP TVOSTargetPlatform
[2016.07.24-19.41.26:218][  0]LogTemp:Display: Loaded TP LinuxNoEditorTargetPlatform
[2016.07.24-19.41.26:225][  0]LogTemp:Display: Loaded TP LinuxServerTargetPlatform
[2016.07.24-19.41.26:232][  0]LogTemp:Display: Loaded TP LinuxTargetPlatform
[2016.07.24-19.41.26:232][  0]LogTargetPlatformManager:Display: Building Assets For Windows
[2016.07.24-19.41.26:394][  0]LogDerivedDataCache:Display: Max Cache Size: 512 MB
[2016.07.24-19.41.26:447][  0]LogDerivedDataCache: Loaded boot cache 0.05s 46MB C:/Users/Adam/AppData/Local/UnrealEngine/4.11/DerivedDataCache/Boot.ddc.
[2016.07.24-19.41.26:447][  0]LogDerivedDataCache:Display: Loaded Boot cache: C:/Users/Adam/AppData/Local/UnrealEngine/4.11/DerivedDataCache/Boot.ddc
[2016.07.24-19.41.26:447][  0]LogDerivedDataCache: FDerivedDataBackendGraph:  Pak pak cache file ../../../../../../Users/Adam/Documents/Unreal Projects/Beats/DerivedDataCache/DDC.ddp not found, will not use a pak cache.
[2016.07.24-19.41.26:447][  0]LogDerivedDataCache: Unable to find inner node Pak for hierarchical cache Hierarchy.
[2016.07.24-19.41.26:447][  0]LogDerivedDataCache: FDerivedDataBackendGraph:  CompressedPak pak cache file ../../../../../../Users/Adam/Documents/Unreal Projects/Beats/DerivedDataCache/Compressed.ddp not found, will not use a pak cache.
[2016.07.24-19.41.26:447][  0]LogDerivedDataCache: Unable to find inner node CompressedPak for hierarchical cache Hierarchy.
[2016.07.24-19.41.26:461][  0]LogDerivedDataCache:Display: Pak cache opened for reading ../../../Engine/DerivedDataCache/Compressed.ddp.
[2016.07.24-19.41.26:473][  0]LogDerivedDataCache: Using Local data cache path C:/Users/Adam/AppData/Local/UnrealEngine/Common/DerivedDataCache: Writable
[2016.07.24-19.41.26:684][  0]LogInit: Selected Device Profile: [Windows]
[2016.07.24-19.41.26:689][  0]LogMaterial: Uniform references updated for custom material expression Custom.
[2016.07.24-19.41.26:690][  0]LogContentStreaming: Texture pool size is 1000.00 MB
[2016.07.24-19.41.26:810][  0]LogMeshUtilities: No automatic mesh reduction module available
[2016.07.24-19.41.26:810][  0]LogMeshUtilities: No automatic mesh merging module available
[2016.07.24-19.41.26:810][  0]LogMeshUtilities: No distributed automatic mesh merging module available
[2016.07.24-19.41.27:026][  0]LogInit: WinSock: version 1.1 (2.2), MaxSocks=32767, MaxUdp=65467
[2016.07.24-19.41.27:097][  0]LogSlate: SlateFontCache - WITH_FREETYPE: 1, WITH_HARFBUZZ: 1
[2016.07.24-19.41.27:097][  0]LogSlate: SlateFontCache - WITH_FREETYPE: 1, WITH_HARFBUZZ: 1
[2016.07.24-19.41.27:238][  0]LogWindowsMoviePlayer: Unable to load movie: ../../../../../../Users/Adam/Documents/Unreal Projects/Beats/Content/Movies/Default_Startup.mp4
[2016.07.24-19.41.27:322][  0]LogSubstanceCoreModule: Substance CPU Engine Loaded, Max Texture Size 2048
[2016.07.24-19.41.27:334][  0]LogUdpMessaging: Initializing bridge on interface 0.0.0.0:0 to multicast group 230.0.0.1:6666.
[2016.07.24-19.41.27:416][  0]SourceControl: Info Source control is disabled
[2016.07.24-19.41.27:416][  0]SourceControl: Info Source control is disabled
[2016.07.24-19.41.27:437][  0]SourceControl: Info Source control is disabled
[2016.07.24-19.41.27:551][  0]LogHMD: Failed to initialize OpenVR with code 110
[2016.07.24-19.41.27:579][  0]LogUObjectArray: 29379 objects as part of root set at end of initial load.
[2016.07.24-19.41.27:579][  0]LogUObjectAllocator: 6111432 out of 0 bytes used by permanent object pool.
[2016.07.24-19.41.27:579][  0]LogUObjectArray: CloseDisregardForGC: 0/0 objects in disregard for GC pool
[2016.07.24-19.41.27:632][  0]LogEngine: Initializing Engine...
[2016.07.24-19.41.27:761][  0]LogInit: XAudio2 using 'Speakers (Realtek High Definition Audio)' : 2 channels at 48 kHz using 32 bits per sample (channel mask 0x3)
[2016.07.24-19.41.27:774][  0]LogInit: FAudioDevice initialized.
[2016.07.24-19.41.27:778][  0]LogInit: Texture streaming: Enabled
[2016.07.24-19.41.27:851][  0]LogNet: Browse: /Temp/Autosaves/Game/Maps/UEDPCTest?Name=Player
[2016.07.24-19.41.27:851][  0]LogLoad: LoadMap: /Temp/Autosaves/Game/Maps/UEDPCTest?Name=Player
[2016.07.24-19.41.27:865][  0]LogMemory: Platform Memory Stats for Windows
[2016.07.24-19.41.27:865][  0]LogMemory: Process Physical Memory: 654.21 MB used, 657.43 MB peak
[2016.07.24-19.41.27:865][  0]LogMemory: Process Virtual Memory: 711.25 MB used, 711.27 MB peak
[2016.07.24-19.41.27:865][  0]LogMemory: Physical Memory: 6594.65 MB used, 16203.17 MB total
[2016.07.24-19.41.27:865][  0]LogMemory: Virtual Memory: 1270.77 MB used, 134217728.00 MB total
[2016.07.24-19.41.27:865][  0]LogMemory: 
[2016.07.24-19.41.27:865][  0]Allocator Stats for TBB: (not implemented)
[2016.07.24-19.41.28:000][  0]LogAIModule: Creating AISystem for world Test
[2016.07.24-19.41.28:001][  0]LogLinker:Warning: Can't find file '/Game/Blueprints/Blueprints/SaltGameMode'
[2016.07.24-19.41.28:001][  0]LogUObjectGlobals:Warning: Failed to load '/Game/Blueprints/Blueprints/SaltGameMode': Can't find file '/Game/Blueprints/Blueprints/SaltGameMode'
[2016.07.24-19.41.28:002][  0]LogLinker:Warning: Can't find file '/Game/Blueprints/Blueprints/SaltGameMode'
[2016.07.24-19.41.28:002][  0]LogUObjectGlobals:Warning: Failed to load '/Game/Blueprints/Blueprints/SaltGameMode': Can't find file '/Game/Blueprints/Blueprints/SaltGameMode'
[2016.07.24-19.41.28:002][  0]LogUObjectGlobals:Warning: Failed to find object 'Class /Game/Blueprints/Blueprints/SaltGameMode.SaltGameMode_C'
[2016.07.24-19.41.28:002][  0]LogWorld: Game class is 'GameMode'
[2016.07.24-19.41.28:008][  0]LogWorld: Bringing World /Temp/Autosaves/Game/Maps/UEDPCTest.Test up for play (max tick rate 0) at 2016.07.24-15.41.28
[2016.07.24-19.41.28:008][  0]LogWorld: Bringing up level for play took: 0.005436
[2016.07.24-19.41.28:009][  0]LogInit:Display: Game Engine Initialized.
[2016.07.24-19.41.28:229][  0]LogLoad: Full Startup: 4.58 seconds (BP compile: 0.03 seconds)
[2016.07.24-19.41.28:229][  0]LogExternalProfiler: Found external profiler: VSPerf
[2016.07.24-19.41.28:229][  0]LogExternalProfiler: Using external profile