Log file open, 04/22/16 16:12:06
LogInit:Display: Running engine for game: Beats
LogPlatformFile: Not using cached read wrapper
LogInit:Display: RandInit(-977312467) SRandInit(-977312466).
LogTaskGraph: Started task graph with 4 named threads and 7 total threads.
LogStats: Stats thread started at 0.072775
LogInit: Version: 4.11.2-2946394+++UE4+Release-4.11
LogInit: API Version: 2927265
LogInit: Compiled (64-bit): Apr 18 2016 02:18:46
LogInit: Compiled with Visual C++: 19.00.23026.00
LogInit: Build Configuration: Development
LogInit: Branch Name: ++UE4+Release-4.11
LogInit: Command line:  
LogInit: Base directory: C:/Program Files (x86)/Epic Games/4.11/Engine/Binaries/Win64/
LogInit: Installed Engine Build: 1
LogInit: Using libcurl 7.41.0
LogInit:  - built for x86_64-pc-win32
LogInit:  - supports SSL with WinSSL
LogInit:  - other features:
LogInit:      CURL_VERSION_SSL
LogInit:      CURL_VERSION_IPV6
LogInit:      CURL_VERSION_ASYNCHDNS
LogInit:      CURL_VERSION_LARGEFILE
LogInit:      CURL_VERSION_IDN
LogInit:  CurlRequestOptions (configurable via config and command line):
LogInit:  - bVerifyPeer = true  - Libcurl will verify peer certificate
LogInit:  - bUseHttpProxy = false  - Libcurl will NOT use HTTP proxy
LogInit:  - bDontReuseConnections = false  - Libcurl will reuse connections
LogInit:  - CertBundlePath = nullptr  - Libcurl will use whatever was configured at build time.
LogInit: Presizing for max 16777216 objects, including 0 objects not considered by GC, pre-allocating 0 bytes for permanent pool.
LogInit: Object subsystem initialized
[2016.04.22-20.12.06:768][  0]LogInit: Selected Device Profile: [Windows]
[2016.04.22-20.12.06:768][  0]LogInit: Applying CVar settings loaded from the selected device profile: [Windows]
[2016.04.22-20.12.06:775][  0]LogInit: Computer: DESKTOP-TA850RC
[2016.04.22-20.12.06:775][  0]LogInit: User: Adam
[2016.04.22-20.12.06:775][  0]LogInit: CPU Page size=65536, Cores=4
[2016.04.22-20.12.06:775][  0]LogInit: High frequency timer resolution =2.338345 MHz
[2016.04.22-20.12.06:775][  0]LogMemory: Memory total: Physical=15.8GB (16GB approx)
[2016.04.22-20.12.06:775][  0]LogMemory: Platform Memory Stats for Windows
[2016.04.22-20.12.06:775][  0]LogMemory: Process Physical Memory: 313.23 MB used, 313.23 MB peak
[2016.04.22-20.12.06:775][  0]LogMemory: Process Virtual Memory: 314.96 MB used, 314.96 MB peak
[2016.04.22-20.12.06:775][  0]LogMemory: Physical Memory: 5966.86 MB used, 16203.17 MB total
[2016.04.22-20.12.06:775][  0]LogMemory: Virtual Memory: 653.25 MB used, 134217728.00 MB total
[2016.04.22-20.12.06:806][  0]LogTextLocalizationManager: No specific translations for ('en-US') exist, so ('en') translations will be used.
[2016.04.22-20.12.07:216][  0]LogD3D11RHI: D3D11 adapters:
[2016.04.22-20.12.07:242][  0]LogD3D11RHI:    0. 'NVIDIA GeForce GT 750M' (Feature Level 11_0)
[2016.04.22-20.12.07:242][  0]LogD3D11RHI:       1992MB of dedicated video memory, 0MB of dedicated system memory, and 8101MB of shared system memory, 1 output[s]
[2016.04.22-20.12.07:248][  0]LogD3D11RHI:    1. 'Intel(R) HD Graphics 4600' (Feature Level 11_0)
[2016.04.22-20.12.07:248][  0]LogD3D11RHI:       112MB of dedicated video memory, 0MB of dedicated system memory, and 8101MB of shared system memory, 0 output[s]
[2016.04.22-20.12.07:250][  0]LogD3D11RHI:    2. 'Microsoft Basic Render Driver' (Feature Level 11_0)
[2016.04.22-20.12.07:250][  0]LogD3D11RHI:       0MB of dedicated video memory, 0MB of dedicated system memory, and 8101MB of shared system memory, 0 output[s]
[2016.04.22-20.12.07:250][  0]LogD3D11RHI: Chosen D3D11 Adapter: 0
[2016.04.22-20.12.07:255][  0]LogD3D11RHI: Creating new Direct3DDevice
[2016.04.22-20.12.07:255][  0]LogD3D11RHI:     Adapter Name: NVIDIA GeForce GT 750M
[2016.04.22-20.12.07:255][  0]LogD3D11RHI:   Driver Version: Unknown (internal Unknown)
[2016.04.22-20.12.07:255][  0]LogD3D11RHI:      Driver Date: Unknown
[2016.04.22-20.12.07:255][  0]LogRHI: Texture pool is 1361 MB (70% of 1945 MB)
[2016.04.22-20.12.07:276][  0]LogD3D11RHI: Async texture creation enabled
[2016.04.22-20.12.07:291][  0]LogShaderCompilers: Guid format shader working directory is -16 characters bigger than the processId version (../../../../../../Users/Adam/Documents/Unreal Projects/Beats/Intermediate/Shaders/WorkingDirectory/11000/).
[2016.04.22-20.12.07:291][  0]LogShaderCompilers: Cleaned the shader compiler working directory 'C:/Users/Adam/AppData/Local/Temp/UnrealShaderWorkingDir/93CA36674ACF62DC7F2EE892B3682C29/'.
[2016.04.22-20.12.07:291][  0]LogShaderCompilers:Display: Using Local Shader Compiler.
[2016.04.22-20.12.08:658][  0]LogTemp:Display: Loaded TP AllDesktopTargetPlatform
[2016.04.22-20.12.08:668][  0]LogTemp:Display: Loaded TP WindowsClientTargetPlatform
[2016.04.22-20.12.08:680][  0]LogTemp:Display: Loaded TP WindowsNoEditorTargetPlatform
[2016.04.22-20.12.08:691][  0]LogTemp:Display: Loaded TP WindowsServerTargetPlatform
[2016.04.22-20.12.08:702][  0]LogTemp:Display: Loaded TP WindowsTargetPlatform
[2016.04.22-20.12.08:710][  0]LogTemp:Display: Loaded TP AndroidTargetPlatform
[2016.04.22-20.12.08:716][  0]LogTemp:Display: Loaded TP Android_ASTCTargetPlatform
[2016.04.22-20.12.08:721][  0]LogTemp:Display: Loaded TP Android_ATCTargetPlatform
[2016.04.22-20.12.08:724][  0]LogTemp:Display: Loaded TP Android_DXTTargetPlatform
[2016.04.22-20.12.08:728][  0]LogTemp:Display: Loaded TP Android_ETC1TargetPlatform
[2016.04.22-20.12.08:732][  0]LogTemp:Display: Loaded TP Android_ETC2TargetPlatform
[2016.04.22-20.12.08:740][  0]LogTemp:Display: Loaded TP Android_MultiTargetPlatform
[2016.04.22-20.12.08:740][  0]LogTemp:Display: Loaded TP Android_PVRTCTargetPlatform
[2016.04.22-20.12.08:741][  0]LogTemp:Display: Loaded TP HTML5TargetPlatform
[2016.04.22-20.12.08:758][  0]LogTemp:Display: Loaded TP IOSTargetPlatform
[2016.04.22-20.12.08:762][  0]LogTemp:Display: Loaded TP TVOSTargetPlatform
[2016.04.22-20.12.08:765][  0]LogTemp:Display: Loaded TP LinuxNoEditorTargetPlatform
[2016.04.22-20.12.08:769][  0]LogTemp:Display: Loaded TP LinuxServerTargetPlatform
[2016.04.22-20.12.08:774][  0]LogTemp:Display: Loaded TP LinuxTargetPlatform
[2016.04.22-20.12.08:774][  0]LogTargetPlatformManager:Display: Building Assets For Windows
[2016.04.22-20.12.08:874][  0]LogDerivedDataCache:Display: Max Cache Size: 512 MB
[2016.04.22-20.12.08:932][  0]LogDerivedDataCache: Loaded boot cache 0.06s 46MB C:/Users/Adam/AppData/Local/UnrealEngine/4.11/DerivedDataCache/Boot.ddc.
[2016.04.22-20.12.08:932][  0]LogDerivedDataCache:Display: Loaded Boot cache: C:/Users/Adam/AppData/Local/UnrealEngine/4.11/DerivedDataCache/Boot.ddc
[2016.04.22-20.12.08:932][  0]LogDerivedDataCache: FDerivedDataBackendGraph:  Pak pak cache file ../../../../../../Users/Adam/Documents/Unreal Projects/Beats/DerivedDataCache/DDC.ddp not found, will not use a pak cache.
[2016.04.22-20.12.08:932][  0]LogDerivedDataCache: Unable to find inner node Pak for hierarchical cache Hierarchy.
[2016.04.22-20.12.08:932][  0]LogDerivedDataCache: FDerivedDataBackendGraph:  CompressedPak pak cache file ../../../../../../Users/Adam/Documents/Unreal Projects/Beats/DerivedDataCache/Compressed.ddp not found, will not use a pak cache.
[2016.04.22-20.12.08:932][  0]LogDerivedDataCache: Unable to find inner node CompressedPak for hierarchical cache Hierarchy.
[2016.04.22-20.12.08:948][  0]LogDerivedDataCache:Display: Pak cache opened for reading ../../../Engine/DerivedDataCache/Compressed.ddp.
[2016.04.22-20.12.08:960][  0]LogDerivedDataCache: Using Local data cache path C:/Users/Adam/AppData/Local/UnrealEngine/Common/DerivedDataCache: Writable
[2016.04.22-20.12.09:162][  0]LogInit: Selected Device Profile: [Windows]
[2016.04.22-20.12.09:163][  0]LogContentStreaming: Texture pool size is 0.00 MB
[2016.04.22-20.12.09:204][  0]LogMaterial: Uniform references updated for custom material expression Custom.
[2016.04.22-20.12.09:349][  0]LogMeshUtilities: No automatic mesh reduction module available
[2016.04.22-20.12.09:349][  0]LogMeshUtilities: No automatic mesh merging module available
[2016.04.22-20.12.09:349][  0]LogMeshUtilities: No distributed automatic mesh merging module available
[2016.04.22-20.12.09:691][  0]LogUObjectArray: 27679 objects as part of root set at end of initial load.
[2016.04.22-20.12.09:691][  0]LogUObjectAllocator: 5591592 out of 0 bytes used by permanent object pool.
[2016.04.22-20.12.09:691][  0]LogUObjectArray: CloseDisregardForGC: 0/0 objects in disregard for GC pool
[2016.04.22-20.12.09:699][  0]LogInit: WinSock: version 1.1 (2.2), MaxSocks=32767, MaxUdp=65467
[2016.04.22-20.12.09:819][  0]LogSlate: SlateFontCache - WITH_FREETYPE: 1, WITH_HARFBUZZ: 1
[2016.04.22-20.12.09:819][  0]LogSlate: SlateFontCache - WITH_FREETYPE: 1, WITH_HARFBUZZ: 1
[2016.04.22-20.12.10:039][  0]LogStreaming:Warning: Failed to read file '../../../Engine/Content/Editor/Slate/Common/Selection_16x.png' error.
[2016.04.22-20.12.10:039][  0]LogSlate: Could not find file for Slate resource: ../../../Engine/Content/Editor/Slate/Common/Selection_16x.png
[2016.04.22-20.12.10:039][  0]LogStreaming:Warning: Failed to read file '../../../Engine/Content/Editor/Slate/Common/Selection_16x.png' error.
[2016.04.22-20.12.10:039][  0]LogSlate: Could not find file for Slate resource: ../../../Engine/Content/Editor/Slate/Common/Selection_16x.png
[2016.04.22-20.12.10:039][  0]LogStreaming:Warning: Failed to read file '../../../Engine/Content/Editor/Slate/Common/Selection_16x.png' error.
[2016.04.22-20.12.10:039][  0]LogSlate: Could not find file for Slate resource: ../../../Engine/Content/Editor/Slate/Common/Selection_16x.png
[2016.04.22-20.12.10:906][  0]LogUdpMessaging: Initializing bridge on interface 0.0.0.0:0 to multicast group 230.0.0.1:6666.
[2016.04.22-20.12.11:028][  0]LogAssetRegistry: FAssetRegistry took 0.0219 seconds to start up
[2016.04.22-20.12.11:214][  0]SourceControl: Info Source control is disabled
[2016.04.22-20.12.11:301][  0]SourceControl: Info Source control is disabled
[2016.04.22-20.12.11:311][  0]SourceControl: Info Source control is disabled
[2016.04.22-20.12.11:323][  0]SourceControl: Info Source control is disabled
[2016.04.22-20.12.11:459][  0]LogHMD: Failed to initialize OpenVR with code 110
[2016.04.22-20.12.11:542][  0]LogEngine: Initializing Engine...
[2016.04.22-20.12.11:686][  0]LogAIModule: Creating AISystem for world NewWorld
[2016.04.22-20.12.11:692][  0]LogInit: XAudio2 using 'Speakers (Realtek High Definition Audio)' : 2 channels at 48 kHz using 32 bits per sample (channel mask 0x3)
[2016.04.22-20.12.11:706][  0]LogInit: FAudioDevice initialized.
[2016.04.22-20.12.11:730][  0]LogDerivedDataCache: Saved boot cache 0.02s 46MB C:/Users/Adam/AppData/Local/UnrealEngine/4.11/DerivedDataCache/Boot.ddc.
[2016.04.22-20.12.11:734][  0]LogInit: Texture streaming: Enabled
[2016.04.22-20.12.11:757][  0]LogInit: Transaction tracking system initialized
[2016.04.22-20.12.11:784][  0]BlueprintLog: New page: Editor Load
[2016.04.22-20.12.11:860][  0]LocalizationService: Info Localization service is disabled
[2016.04.22-20.12.11:927][  0]LogConsoleResponse:Display: 
[2016.04.22-20.12.12:045][  0]LogCook:Display: Max memory allowance for cook 8192mb
[2016.04.22-20.12.12:045][  0]LogCook:Display: Mobile HDR setting 1
[2016.04.22-20.12.12:045][  0]LogCook:Display: Done creating registry. It took  0.00s.
[2016.04.22-20.12.12:129][  0]LogFileCache: Scanning file cache for directory 'C:/Users/Adam/Documents/Unreal Projects/Beats/Content/' took 0.01s
[2016.04.22-20.12.12:129][  0]SourceControl: Info Source control is disabled
[2016.04.22-20.12.12:129][  0]Cmd: MAP LOAD FILE="../../../../../../Users/Adam/Documents/Unreal Projects/Beats/Content/TwinStickBP/Maps/TwinStickExampleMap.umap" TEMPLATE=0 SHOWPROGRESS=1 FEATURELEVEL=3
[2016.04.22-20.12.12:129][  0]LightingResults: New page: Lighting Build
[2016.04.22-20.12.12:132][  0]MapCheck: New page: Map Check
[2016.04.22-20.12.12:132][  0]LightingResults: New page: Lighting Build
[2016.04.22-20.12.12:550][  0]LogAIModule: Creating AISystem for world TwinStickExampleMap
[2016.04.22-20.12.12:560][  0]LogEditorServer: Finished looking for orphan Actors (0.000 secs)
[2016.04.22-20.12.12:560][  0]Cmd: MAP CHECKDEP NOCLEARLOG
[2016.04.22-20.12.12:654][  0]MapCheck: Info Map check complete: 0 Error(s), 0 Warning(s), took 92.651ms to complete.
[2016.04.22-20.12.12:654][  0]LogFileHelpers: Loading map 'TwinStickExampleMap' took 0.525
[2016.04.22-20.12.12:768][  0]LogCollectionManager: Loaded 0 collections in 0.003223 seconds
[2016.04.22-20.12.12:809][  0]LogFileCache: Scanning file cache for directory 'C:/Users/Adam/Documents/Unreal Projects/Beats/Saved/Collections/' took 0.01s
[2016.04.22-20.12.12:809][  0]LogFileCache: Scanning file cache for directory 'C:/Users/Adam/Documents/Unreal Projects/Beats/Content/Developers/Adam/Collections/' took 0.01s
[2016.04.22-20.12.12:809][  0]LogFileCache: Scanning file cache for directory 'C:/Users/Adam/Documents/Unreal Projects/Beats/Content/Collections/' took 0.01s
[2016.04.22-20.12.12:809][  0]LogCollectionManager: Rebuilt the GUID cache for 0 collections in 0.000003 seconds
[2016.04.22-20.12.12:825][  0]LogContentBrowser: Native class hierarchy populated in 0.0160 seconds. Added 1980 classes and 345 folders.
[2016.04.22-20.12.12:833][  0]LogStats: UGameplayTagsManager::ConstructGameplayTagTree: Construct from data asset -  0.000 s
[2016.04.22-20.12.12:833][  0]LogStats: UGameplayTagsManager::ConstructGameplayTagTree: GameplayTagTreeChangedEvent.Broadcast -  0.000 s
[2016.04.22-20.12.12:837][  0]LogContentBrowser: Native class hierarchy updated for 'GameplayTags' in 0.0034 seconds. Added 12 classes and 0 folders.
[2016.04.22-20.12.12:849][  0]LogContentBrowser: Native class hierarchy updated for 'WidgetCarousel' in 0.0029 seconds. Added 0 classes and 0 folders.
[2016.04.22-20.12.12:865][  0]LogContentBrowser: Native class hierarchy updated for 'SuperSearch' in 0.0030 seconds. Added 1 classes and 2 folders.
[2016.04.22-20.12.12:984][  0]LogContentBrowser: Native class hierarchy updated for 'AddContentDialog' in 0.0028 seconds. Added 0 classes and 0 folders.
[2016.04.22-20.12.12:994][  0]LogContentBrowser: Native class hierarchy updated for 'SceneOutliner' in 0.0034 seconds. Added 1 classes and 2 folders.
[2016.04.22-20.12.13:038][  0]LogCrashTracker: Crashtracker disabled due to settings.
[2016.04.22-20.12.13:050][  0]LogWindowsTextInputMethodSystem:Display: IME system now deactivated.
[2016.04.22-20.12.13:050][  0]LogWindowsTextInputMethodSystem:Display: IME system now deactivated.
[2016.04.22-20.12.13:097][  0]LogContentBrowser: Native class hierarchy updated for 'HierarchicalLODOutliner' in 0.0017 seconds. Added 1 classes and 2 folders.
[2016.04.22-20.12.13:097][  0]LogLoad: Full Startup: 7.09 seconds (BP compile: 0.09 seconds)
[2016.04.22-20.12.13:097][  0]LogExternalProfiler: Found external profiler: VSPerf
[2016.04.22-20.12.13:097][  0]LogExternalProfiler: Using external profiler: VSPerf
[2016.04.22-20.12.13:116][  0]LogOcInput: OculusInput pre-init called
[2016.04.22-20.12.13:173][  0]LogContentStreaming: Texture pool size now 1000 MB
[2016.04.22-20.12.13:335][  0]LogRenderer: Reallocating scene render targets to support 1208x576 (Frame:2).
[2016.04.22-20.12.13:509][  1]LogAssetRegistry: Asset discovery search completed in 2.5026 seconds
[2016.04.22-20.12.13:509][  1]LogCollectionManager: Rebuilt the object cache for 0 collections in 0.000001 seconds (found 0 objects)
[2016.04.22-20.12.13:509][  1]LogCollectionManager: Fixed up redirectors for 0 collections in 0.000024 seconds (updated 0 objects)
[2016.04.22-20.12.14:726][ 47]Recompiling Beats...
[2016.04.22-20.12.14:726][ 47]Launching UnrealBuildTool... [C:/Program Files (x86)/Epic Games/4.11/Engine/Binaries/DotNET/UnrealBuildTool.exe Beats -ModuleWithSuffix Beats 2427 Win64 Development -editorrecompile -canskiplink "C:/Users/Adam/Documents/Unreal Projects/Beats/Beats.uproject"  -2015]
[2016.04.22-20.12.14:752][ 47]Warning: Starting HotReload took  0.0s.
[2016.04.22-20.12.42:465][271]CompilerResultsLog: New page: Compilation - Apr 22, 2016, 11:12:42 AM
[2016.04.22-20.12.42:465][271]CompilerResultsLog: Info Creating makefile for hot reloading Beats (game project files are newer)
[2016.04.22-20.12.42:465][271]CompilerResultsLog: Info Compiling game modules for hot reload
[2016.04.22-20.12.42:465][271]CompilerResultsLog: Info Parsing headers for BeatsEditor
[2016.04.22-20.12.42:465][271]CompilerResultsLog: Info   Running UnrealHeaderTool "C:\Users\Adam\Documents\Unreal Projects\Beats\Beats.uproject" "C:\Users\Adam\Documents\Unreal Projects\Beats\Intermediate\Build\Win64\BeatsEditor\Development\UnrealHeaderTool.manifest" -LogCmds="loginit warning, logexit warning, logdatabase error" -Unattended -WarningsAsErrors -installed
[2016.04.22-20.12.42:465][271]CompilerResultsLog: Info Reflection code generated for BeatsEditor in 10.102354 seconds
[2016.04.22-20.12.42:465][271]CompilerResultsLog: Info Performing 2 actions (4 in parallel)
[2016.04.22-20.12.42:465][271]CompilerResultsLog: Info BeatActor.cpp
[2016.04.22-20.12.42:465][271]CompilerResultsLog: Info [2/2] Link UE4Editor-Beats-2427.dll
[2016.04.22-20.12.42:465][271]CompilerResultsLog: Info    Creating library C:\Users\Adam\Documents\Unreal Projects\Beats\Intermediate\Build\Win64\UE4Editor\Development\UE4Editor-Beats-2427.lib and object C:\Users\Adam\Documents\Unreal Projects\Beats\Intermediate\Build\Win64\UE4Editor\Development\UE4Editor-Beats-2427.exp
[2016.04.22-20.12.42:465][271]CompilerResultsLog: Info -------- End Detailed Actions Stats -----------------------------------------------------------
[2016.04.22-20.12.42:465][271]CompilerResultsLog: Info Total build time: 27.54 seconds
[2016.04.22-20.12.42:465][271]LogMainFrame: MainFrame: Module compiling took 27.743 seconds
[2016.04.22-20.12.42:512][271]LogContentBrowser: Native class hierarchy updated for 'Beats' in 0.0021 seconds. Added 1 classes and 2 folders.
[2016.04.22-20.12.42:513][271]Warning: HotReload successful (2 functions remapped  0 scriptstructs remapped)
[2016.04.22-20.12.42:575][271]LogContentBrowser: Native class hierarchy populated in 0.0085 seconds. Added 1983 classes and 351 folders.
[2016.04.22-20.12.42:576][271]Warning: HotReload took 27.9s.
[2016.04.22-20.12.44:387][364]LogPlayLevel: PlayLevel: No blueprints needed recompiling
[2016.04.22-20.12.44:387][364]PIE: New page: PIE session: TwinStickExampleMap (Apr 22, 2016, 11:12:44 AM)
[2016.04.22-20.12.44:387][364]LogPlayLevel: Creating play world package: /Game/TwinStickBP/Maps/UEDPIE_0_TwinStickExampleMap
[2016.04.22-20.12.44:393][364]LogPlayLevel: PIE: StaticDuplicateObject took: (0.006275s)
[2016.04.22-20.12.44:394][364]LogAIModule: Creating AISystem for world TwinStickExampleMap
[2016.04.22-20.12.44:394][364]LogPlayLevel: PIE: World Init took: (0.000693s)
[2016.04.22-20.12.44:394][364]LogPlayLevel: PIE: Created PIE world by copying editor world from /Game/TwinStickBP/Maps/TwinStickExampleMap.TwinStickExampleMap to /Game/TwinStickBP/Maps/UEDPIE_0_TwinStickExampleMap.TwinStickExampleMap (0.007240s)
[2016.04.22-20.12.44:406][364]LogInit: XAudio2 using 'Speakers (Realtek High Definition Audio)' : 2 channels at 48 kHz using 32 bits per sample (channel mask 0x3)
[2016.04.22-20.12.44:415][364]LogInit: FAudioDevice initialized.
[2016.04.22-20.12.44:470][364]LogWorld: Game class is 'TwinStickGameMode_C'
[2016.04.22-20.12.44:475][364]LogWorld: Bringing World /Game/TwinStickBP/Maps/UEDPIE_0_TwinStickExampleMap.TwinStickExampleMap up for play (max tick rate 60) at 2016.04.22-16.12.44
[2016.04.22-20.12.44:476][364]LogWorld: Bringing up level for play took: 0.004283
[2016.04.22-20.12.44:489][364]LogContentBrowser: Native class hierarchy updated for 'MovieSceneCapture' in 0.0014 seconds. Added 9 classes and 0 folders.
[2016.04.22-20.12.44:490][364]PIE: Info Play in editor start time for /Game/TwinStickBP/Maps/UEDPIE_0_TwinStickExampleMap -0.035
[2016.04.22-20.13.23:850][ 71]LogContentBrowser: Native class hierarchy updated for 'BlueprintGraph' in 0.0035 seconds. Added 108 classes and 0 folders.
[2016.04.22-20.13.36:231][687]LogRenderer: Reallocating scene render targets to support 1208x900 (Frame:2108).
[2016.04.22-20.13.36:600][709]BlueprintLog: New page: Compile BeatBlock
[2016.04.22-20.13.36:630][709]LogActorComponent: UnregisterComponent: (/Engine/Transient.ProjectileMovementComponent_8) Not registered. Aborting.
[2016.04.22-20.13.36:751][709]BlueprintEditorCompileResults: Info [0090.75] Compile of BeatBlock successful! [in 150 ms]
[2016.04.22-20.13.39:352][809]LogSavePackage: Save=409.89ms
[2016.04.22-20.13.39:352][809]LogSavePackage: Moving '../../../../../../Users/Adam/Documents/Unreal Projects/Beats/Saved/TwinStickExampleMapCF571A444A44990B92DF4ABEAC90BB12.tmp' to '../../../../../../Users/Adam/Documents/Unreal Projects/Beats/Content/TwinStickBP/Maps/TwinStickExampleMap.umap'
[2016.04.22-20.13.39:356][809]LogSavePackage: Total save time: 416.75ms
[2016.04.22-20.13.39:356][809]LogSavePackage:Display: Finished SavePackage ../../../../../../Users/Adam/Documents/Unreal Projects/Beats/Content/TwinStickBP/Maps/TwinStickExampleMap.umap
[2016.04.22-20.13.39:372][809]LogFileHelpers: Saving map 'TwinStickExampleMap' took 0.610
[2016.04.22-20.13.39:408][809]Cmd: OBJ SAVEPACKAGE PACKAGE="/Game/TwinStickBP/Blueprints/BeatBlock" FILE="../../../../../../Users/Adam/Documents/Unreal Projects/Beats/Content/TwinStickBP/Blueprints/BeatBlock.uasset" SILENT=true
[2016.04.22-20.13.39:495][809]LogSavePackage: Save=83.28ms
[2016.04.22-20.13.39:495][809]LogSavePackage: Moving '../../../../../../Users/Adam/Documents/Unreal Projects/Beats/Saved/BeatBlock28CC30014E6B6650155DFE96CD629F26.tmp' to '../../../../../../Users/Adam/Documents/Unreal Projects/Beats/Content/TwinStickBP/Blueprints/BeatBlock.uasset'
[2016.04.22-20.13.39:499][809]LogSavePackage: Total save time: 89.03ms
[2016.04.22-20.13.39:499][809]LogSavePackage:Display: Finished SavePackage ../../../../../../Users/Adam/Documents/Unreal Projects/Beats/Content/TwinStickBP/Blueprints/BeatBlock.uasset
[2016.04.22-20.13.41:338][899]LogPlayLevel: PlayLevel: No blueprints needed recompiling
[2016.04.22-20.13.41:338][899]PIE: New page: PIE session: TwinStickExampleMap (Apr 22, 2016, 11:13:41 AM)
[2016.04.22-20.13.41:338][899]LogPlayLevel: Creating play world package: /Game/TwinStickBP/Maps/UEDPIE_0_TwinStickExampleMap
[2016.04.22-20.13.41:354][899]LogPlayLevel: PIE: StaticDuplicateObject took: (0.015439s)
[2016.04.22-20.13.41:355][899]LogAIModule: Creating AISystem for world TwinStickExampleMap
[2016.04.22-20.13.41:355][899]LogPlayLevel: PIE: World Init took: (0.001415s)
[2016.04.22-20.13.41:355][899]LogPlayLevel: PIE: Created PIE world by copying editor world from /Game/TwinStickBP/Maps/TwinStickExampleMap.TwinStickExampleMap to /Game/TwinStickBP/Maps/UEDPIE_0_TwinStickExampleMap.TwinStickExampleMap (0.017354s)
[2016.04.22-20.13.41:383][899]LogInit: XAudio2 using 'Speakers (Realtek High Definition Audio)' : 2 channels at 48 kHz using 32 bits per sample (channel mask 0x3)
[2016.04.22-20.13.41:399][899]LogInit: FAudioDevice initialized.
[2016.04.22-20.13.41:429][899]LogWorld: Game class is 'TwinStickGameMode_C'
[2016.04.22-20.13.41:436][899]LogWorld: Bringing World /Game/TwinStickBP/Maps/UEDPIE_0_TwinStickExampleMap.TwinStickExampleMap up for play (max tick rate 60) at 2016.04.22-16.13.41
[2016.04.22-20.13.41:436][899]LogWorld: Bringing up level for play took: 0.005850
[2016.04.22-20.13.41:438][899]PIE: Info Play in editor start time for /Game/TwinStickBP/Maps/UEDPIE_0_TwinStickExampleMap 0.913
[2016.04.22-20.13.49:755][317]LogPlayLevel: PlayLevel: No blueprints needed recompiling
[2016.04.22-20.13.49:755][317]PIE: New page: PIE session: TwinStickExampleMap (Apr 22, 2016, 11:13:49 AM)
[2016.04.22-20.13.49:755][317]LogPlayLevel: Creating play world package: /Game/TwinStickBP/Maps/UEDPIE_0_TwinStickExampleMap
[2016.04.22-20.13.49:761][317]LogPlayLevel: PIE: StaticDuplicateObject took: (0.006586s)
[2016.04.22-20.13.49:762][317]LogAIModule: Creating AISystem for world TwinStickExampleMap
[2016.04.22-20.13.49:762][317]LogPlayLevel: PIE: World Init took: (0.000639s)
[2016.04.22-20.13.49:762][317]LogPlayLevel: PIE: Created PIE world by copying editor world from /Game/TwinStickBP/Maps/TwinStickExampleMap.TwinStickExampleMap to /Game/TwinStickBP/Maps/UEDPIE_0_TwinStickExampleMap.TwinStickExampleMap (0.007440s)
[2016.04.22-20.13.49:762][317]LogActorComponent: UnregisterComponent: (/Engine/Transient.ProjectileMovementComponent_8) Not registered. Aborting.
[2016.04.22-20.13.49:791][317]LogInit: XAudio2 using 'Speakers (Realtek High Definition Audio)' : 2 channels at 48 kHz using 32 bits per sample (channel mask 0x3)
[2016.04.22-20.13.49:804][317]LogInit: FAudioDevice initialized.
[2016.04.22-20.13.49:836][317]LogWorld: Game class is 'TwinStickGameMode_C'
[2016.04.22-20.13.49:843][317]LogWorld: Bringing World /Game/TwinStickBP/Maps/UEDPIE_0_TwinStickExampleMap.TwinStickExampleMap up for play (max tick rate 60) at 2016.04.22-16.13.49
[2016.04.22-20.13.49:843][317]LogWorld: Bringing up level for play took: 0.005935
[2016.04.22-20.13.49:845][317]PIE: Info Play in editor start time for /Game/TwinStickBP/Maps/UEDPIE_0_TwinStickExampleMap -0.68
[2016.04.22-20.14.24:596][105]Recompiling Beats...
[2016.04.22-20.14.24:597][105]Launching UnrealBuildTool... [C:/Program Files (x86)/Epic Games/4.11/Engine/Binaries/DotNET/UnrealBuildTool.exe Beats -ModuleWithSuffix Beats 5322 Win64 Development -editorrecompile -canskiplink "C:/Users/Adam/Documents/Unreal Projects/Beats/Beats.uproject"  -2015]
[2016.04.22-20.14.24:678][105]Warning: Starting HotReload took  0.1s.
[2016.04.22-20.14.59:081][765]CompilerResultsLog: New page: Compilation - Apr 22, 2016, 11:14:59 AM
[2016.04.22-20.14.59:081][765]CompilerResultsLog: Info Creating makefile for hot reloading Beats (working set of source files changed)
[2016.04.22-20.14.59:081][765]CompilerResultsLog: Info Compiling game modules for hot reload
[2016.04.22-20.14.59:081][765]CompilerResultsLog: Info Parsing headers for BeatsEditor
[2016.04.22-20.14.59:081][765]CompilerResultsLog: Info   Running UnrealHeaderTool "C:\Users\Adam\Documents\Unreal Projects\Beats\Beats.uproject" "C:\Users\Adam\Documents\Unreal Projects\Beats\Intermediate\Build\Win64\BeatsEditor\Development\UnrealHeaderTool.manifest" -LogCmds="loginit warning, logexit warning, logdatabase error" -Unattended -WarningsAsErrors -installed
[2016.04.22-20.14.59:081][765]CompilerResultsLog: Info Reflection code generated for BeatsEditor in 12.1492281 seconds
[2016.04.22-20.14.59:081][765]CompilerResultsLog: Info Performing 2 actions (4 in parallel)
[2016.04.22-20.14.59:081][765]CompilerResultsLog: Info BeatActor.cpp
[2016.04.22-20.14.59:081][765]CompilerResultsLog: Info [2/2] Link UE4Editor-Beats-5322.dll
[2016.04.22-20.14.59:082][765]CompilerResultsLog: Info    Creating library C:\Users\Adam\Documents\Unreal Projects\Beats\Intermediate\Build\Win64\UE4Editor\Development\UE4Editor-Beats-5322.lib and object C:\Users\Adam\Documents\Unreal Projects\Beats\Intermediate\Build\Win64\UE4Editor\Development\UE4Editor-Beats-5322.exp
[2016.04.22-20.14.59:082][765]CompilerResultsLog: Info -------- End Detailed Actions Stats -----------------------------------------------------------
[2016.04.22-20.14.59:082][765]CompilerResultsLog: Info Total build time: 34.06 seconds
[2016.04.22-20.14.59:082][765]LogMainFrame: MainFrame: Module compiling took 34.497 seconds
[2016.04.22-20.14.59:206][765]LogContentBrowser: Native class hierarchy updated for 'Beats' in 0.0056 seconds. Added 1 classes and 2 folders.
[2016.04.22-20.14.59:211][765]Warning: HotReload successful (2 functions remapped  0 scriptstructs remapped)
[2016.04.22-20.15.00:131][765]LogContentBrowser: Native class hierarchy populated in 0.0328 seconds. Added 1983 classes and 351 folders.
[2016.04.22-20.15.00:131][765]Warning: HotReload took 35.6s.
[2016.04.22-20.15.19:567][684]LogPlayLevel: PlayLevel: No blueprints needed recompiling
[2016.04.22-20.15.19:567][684]PIE: New page: PIE session: TwinStickExampleMap (Apr 22, 2016, 11:15:19 AM)
[2016.04.22-20.15.19:567][684]LogPlayLevel: Creating play world package: /Game/TwinStickBP/Maps/UEDPIE_0_TwinStickExampleMap
[2016.04.22-20.15.19:573][684]LogPlayLevel: PIE: StaticDuplicateObject took: (0.005790s)
[2016.04.22-20.15.19:574][684]LogAIModule: Creating AISystem for world TwinStickExampleMap
[2016.04.22-20.15.19:574][684]LogPlayLevel: PIE: World Init took: (0.000586s)
[2016.04.22-20.15.19:574][684]LogPlayLevel: PIE: Created PIE world by copying editor world from /Game/TwinStickBP/Maps/TwinStickExampleMap.TwinStickExampleMap to /Game/TwinStickBP/Maps/UEDPIE_0_TwinStickExampleMap.TwinStickExampleMap (0.006570s)
[2016.04.22-20.15.19:619][684]LogInit: XAudio2 using 'Speakers (Realtek High Definition Audio)' : 2 channels at 48 kHz using 32 bits per sample (channel mask 0x3)
[2016.04.22-20.15.19:627][684]LogInit: FAudioDevice initialized.
[2016.04.22-20.15.19:656][684]LogWorld: Game class is 'TwinStickGameMode_C'
[2016.04.22-20.15.19:660][684]LogWorld: Bringing World /Game/TwinStickBP/Maps/UEDPIE_0_TwinStickExampleMap.TwinStickExampleMap up for play (max tick rate 60) at 2016.04.22-16.15.19
[2016.04.22-20.15.19:661][684]LogWorld: Bringing up level for play took: 0.004046
[2016.04.22-20.15.19:662][684]PIE: Info Play in editor start time for /Game/TwinStickBP/Maps/UEDPIE_0_TwinStickExampleMap -0.863
[2016.04.22-20.22.12:681][385]Recompiling Beats...
[2016.04.22-20.22.12:681][385]Launching UnrealBuildTool... [C:/Program Files (x86)/Epic Games/4.11/Engine/Binaries/DotNET/UnrealBuildTool.exe Beats -ModuleWithSuffix Beats 7767 Win64 Development -editorrecompile -canskiplink "C:/Users/Adam/Documents/Unreal Projects/Beats/Beats.uproject"  -2015]
[2016.04.22-20.22.12:709][385]Warning: Starting HotReload took  0.1s.
[2016.04.22-20.22.30:803][280]CompilerResultsLog: New page: Compilation - Apr 22, 2016, 11:22:30 AM
[2016.04.22-20.22.30:804][280]CompilerResultsLog: Info Creating makefile for hot reloading Beats (working set of source files changed)
[2016.04.22-20.22.30:804][280]CompilerResultsLog: Info Compiling game modules for hot reload
[2016.04.22-20.22.30:804][280]CompilerResultsLog: Info Parsing headers for BeatsEditor
[2016.04.22-20.22.30:804][280]CompilerResultsLog: Info   Running UnrealHeaderTool "C:\Users\Adam\Documents\Unreal Projects\Beats\Beats.uproject" "C:\Users\Adam\Documents\Unreal Projects\Beats\Intermediate\Build\Win64\BeatsEditor\Development\UnrealHeaderTool.manifest" -LogCmds="loginit warning, logexit warning, logdatabase error" -Unattended -WarningsAsErrors -installed
[2016.04.22-20.22.30:804][280]CompilerResultsLog: Info Reflection code generated for BeatsEditor in 9.4454997 seconds
[2016.04.22-20.22.30:804][280]CompilerResultsLog: Info Performing 2 actions (4 in parallel)
[2016.04.22-20.22.30:804][280]CompilerResultsLog: Info BeatActor.cpp
[2016.04.22-20.22.30:804][280]CompilerResultsLog: Info [2/2] Link UE4Editor-Beats-7767.dll
[2016.04.22-20.22.30:804][280]CompilerResultsLog: Info    Creating library C:\Users\Adam\Documents\Unreal Projects\Beats\Intermediate\Build\Win64\UE4Editor\Development\UE4Editor-Beats-7767.lib and object C:\Users\Adam\Documents\Unreal Projects\Beats\Intermediate\Build\Win64\UE4Editor\Development\UE4Editor-Beats-7767.exp
[2016.04.22-20.22.30:804][280]CompilerResultsLog: Info -------- End Detailed Actions Stats -----------------------------------------------------------
[2016.04.22-20.22.30:804][280]CompilerResultsLog: Info Total build time: 17.91 seconds
[2016.04.22-20.22.30:804][280]LogMainFrame: MainFrame: Module compiling took 18.136 seconds
[2016.04.22-20.22.30:805][280]LogActorComponent: UnregisterComponent: (/Engine/Transient.ProjectileMovementComponent_8) Not registered. Aborting.
[2016.04.22-20.22.30:971][280]LogContentBrowser: Native class hierarchy updated for 'Beats' in 0.0084 seconds. Added 1 classes and 2 folders.
[2016.04.22-20.22.30:980][280]Warning: HotReload successful (2 functions remapped  0 scriptstructs remapped)
[2016.04.22-20.22.31:965][280]LogContentBrowser: Native class hierarchy populated in 0.0312 seconds. Added 1983 classes and 351 folders.
[2016.04.22-20.22.31:965][280]Warning: HotReload took 19.3s.
[2016.04.22-20.22.46:828][ 24]LogPlayLevel: PlayLevel: No blueprints needed recompiling
[2016.04.22-20.22.46:828][ 24]PIE: New page: PIE session: TwinStickExampleMap (Apr 22, 2016, 11:22:46 AM)
[2016.04.22-20.22.46:828][ 24]LogPlayLevel: Creating play world package: /Game/TwinStickBP/Maps/UEDPIE_0_TwinStickExampleMap
[2016.04.22-20.22.46:835][ 24]LogPlayLevel: PIE: StaticDuplicateObject took: (0.006938s)
[2016.04.22-20.22.46:836][ 24]LogAIModule: Creating AISystem for world TwinStickExampleMap
[2016.04.22-20.22.46:836][ 24]LogPlayLevel: PIE: World Init took: (0.000701s)
[2016.04.22-20.22.46:836][ 24]LogPlayLevel: PIE: Created PIE world by copying editor world from /Game/TwinStickBP/Maps/TwinStickExampleMap.TwinStickExampleMap to /Game/TwinStickBP/Maps/UEDPIE_0_TwinStickExampleMap.TwinStickExampleMap (0.007841s)
[2016.04.22-20.22.46:901][ 24]LogInit: XAudio2 using 'Speakers (Realtek High Definition Audio)' : 2 channels at 48 kHz using 32 bits per sample (channel mask 0x3)
[2016.04.22-20.22.46:910][ 24]LogInit: FAudioDevice initialized.
[2016.04.22-20.22.46:943][ 24]LogWorld: Game class is 'TwinStickGameMode_C'
[2016.04.22-20.22.46:948][ 24]LogWorld: Bringing World /Game/TwinStickBP/Maps/UEDPIE_0_TwinStickExampleMap.TwinStickExampleMap up for play (max tick rate 0) at 2016.04.22-16.22.46
[2016.04.22-20.22.46:948][ 24]LogWorld: Bringing up level for play took: 0.004319
[2016.04.22-20.22.47:294][ 24]LogCrashTracker: 


[2016.04.22-20.22.47:301][ 24]LogCrashTracker: 


[2016.04.22-20.22.47:301][ 24]LogWindows:Error: === Critical error: ===
Fatal error!



[2016.04.22-20.22.47:343][ 24]LogExit: Executing StaticShutdownAfterError
[2016.04.22-20.22.47:347][ 24]LogOutputDevice:Warning: 

Script Stack:
BeatBlock_C.ExecuteUbergraph_BeatBlock
BeatBlock_C.ReceiveBeginPlay

[2016.04.22-20.22.47:348][ 24]LogPhysics:Warning: PHYSX: ..\..\PhysX\src\NpScene.cpp (2946) 8 : PxScene::unlockWrite() called without matching call to PxScene::lockWrite(), behaviour will be undefined.
[2016.04.22-20.22.47:348][ 24]LogPhysics:Warning: PHYSX: ..\..\PhysX\src\NpScene.cpp (2946) 8 : PxScene::unlockWrite() called without matching call to PxScene::lockWrite(), behaviour will be undefined.
[2016.04.22-20.22.47:348][ 24]LogPhysics:Warning: PHYSX: ..\..\PhysX\src\NpScene.cpp (2946) 8 : PxScene::unlockWrite() called without matching call to PxScene::lockWrite(), behaviour will be undefined.
[2016.04.22-20.22.47:349][ 24]LogPhysics:Warning: PHYSX: ..\..\PhysX\src\NpScene.cpp (2946) 8 : PxScene::unlockWrite() called without matching call to PxScene::lockWrite(), behaviour will be undefined.
[2016.04.22-20.22.47:349][ 24]LogPhysics:Warning: PHYSX: ..\..\PhysX\src\NpScene.cpp (2946) 8 : PxScene::unlockWrite() called without matching call to PxScene::lockWrite(), behaviour will be undefined.
[2016.04.22-20.22.47:349][ 24]LogPhysics:Warning: PHYSX: ..\..\PhysX\src\NpScene.cpp (2946) 8 : PxScene::unlockWrite() called without matching call to PxScene::lockWrite(), behaviour will be undefined.
[2016.04.22-20.22.47:349][ 24]LogWindows: FPlatformMisc::RequestExit(1)
[2016.04.22-20.22.47:349][ 24]Log file closed, 04/22/16 16:22:47
