Log file open, 04/22/16 16:22:55
LogInit:Display: Running engine for game: Beats
LogPlatformFile: Not using cached read wrapper
LogInit:Display: RandInit(540386168) SRandInit(540386168).
LogTaskGraph: Started task graph with 4 named threads and 7 total threads.
LogStats: Stats thread started at 0.072741
LogInit: Version: 4.11.2-2946394+++UE4+Release-4.11
LogInit: API Version: 2927265
LogInit: Compiled (64-bit): Apr 18 2016 02:18:46
LogInit: Compiled with Visual C++: 19.00.23026.00
LogInit: Build Configuration: Development
LogInit: Branch Name: ++UE4+Release-4.11
LogInit: Command line:  
LogInit: Base directory: C:/Program Files (x86)/Epic Games/4.11/Engine/Binaries/Win64/
LogInit: Installed Engine Build: 1
LogInit: Using libcurl 7.41.0
LogInit:  - built for x86_64-pc-win32
LogInit:  - supports SSL with WinSSL
LogInit:  - other features:
LogInit:      CURL_VERSION_SSL
LogInit:      CURL_VERSION_IPV6
LogInit:      CURL_VERSION_ASYNCHDNS
LogInit:      CURL_VERSION_LARGEFILE
LogInit:      CURL_VERSION_IDN
LogInit:  CurlRequestOptions (configurable via config and command line):
LogInit:  - bVerifyPeer = true  - Libcurl will verify peer certificate
LogInit:  - bUseHttpProxy = false  - Libcurl will NOT use HTTP proxy
LogInit:  - bDontReuseConnections = false  - Libcurl will reuse connections
LogInit:  - CertBundlePath = nullptr  - Libcurl will use whatever was configured at build time.
LogInit: Presizing for max 16777216 objects, including 0 objects not considered by GC, pre-allocating 0 bytes for permanent pool.
LogInit: Object subsystem initialized
[2016.04.22-20.22.55:913][  0]LogInit: Selected Device Profile: [Windows]
[2016.04.22-20.22.55:913][  0]LogInit: Applying CVar settings loaded from the selected device profile: [Windows]
[2016.04.22-20.22.55:921][  0]LogInit: Computer: DESKTOP-TA850RC
[2016.04.22-20.22.55:921][  0]LogInit: User: Adam
[2016.04.22-20.22.55:921][  0]LogInit: CPU Page size=65536, Cores=4
[2016.04.22-20.22.55:921][  0]LogInit: High frequency timer resolution =2.338345 MHz
[2016.04.22-20.22.55:921][  0]LogMemory: Memory total: Physical=15.8GB (16GB approx)
[2016.04.22-20.22.55:921][  0]LogMemory: Platform Memory Stats for Windows
[2016.04.22-20.22.55:921][  0]LogMemory: Process Physical Memory: 313.30 MB used, 313.30 MB peak
[2016.04.22-20.22.55:921][  0]LogMemory: Process Virtual Memory: 314.98 MB used, 314.98 MB peak
[2016.04.22-20.22.55:921][  0]LogMemory: Physical Memory: 5933.71 MB used, 16203.17 MB total
[2016.04.22-20.22.55:921][  0]LogMemory: Virtual Memory: 653.25 MB used, 134217728.00 MB total
[2016.04.22-20.22.55:952][  0]LogTextLocalizationManager: No specific translations for ('en-US') exist, so ('en') translations will be used.
[2016.04.22-20.22.56:429][  0]LogD3D11RHI: D3D11 adapters:
[2016.04.22-20.22.56:456][  0]LogD3D11RHI:    0. 'NVIDIA GeForce GT 750M' (Feature Level 11_0)
[2016.04.22-20.22.56:456][  0]LogD3D11RHI:       1992MB of dedicated video memory, 0MB of dedicated system memory, and 8101MB of shared system memory, 1 output[s]
[2016.04.22-20.22.56:462][  0]LogD3D11RHI:    1. 'Intel(R) HD Graphics 4600' (Feature Level 11_0)
[2016.04.22-20.22.56:462][  0]LogD3D11RHI:       112MB of dedicated video memory, 0MB of dedicated system memory, and 8101MB of shared system memory, 0 output[s]
[2016.04.22-20.22.56:463][  0]LogD3D11RHI:    2. 'Microsoft Basic Render Driver' (Feature Level 11_0)
[2016.04.22-20.22.56:463][  0]LogD3D11RHI:       0MB of dedicated video memory, 0MB of dedicated system memory, and 8101MB of shared system memory, 0 output[s]
[2016.04.22-20.22.56:463][  0]LogD3D11RHI: Chosen D3D11 Adapter: 0
[2016.04.22-20.22.56:467][  0]LogD3D11RHI: Creating new Direct3DDevice
[2016.04.22-20.22.56:468][  0]LogD3D11RHI:     Adapter Name: NVIDIA GeForce GT 750M
[2016.04.22-20.22.56:468][  0]LogD3D11RHI:   Driver Version: Unknown (internal Unknown)
[2016.04.22-20.22.56:468][  0]LogD3D11RHI:      Driver Date: Unknown
[2016.04.22-20.22.56:468][  0]LogRHI: Texture pool is 1361 MB (70% of 1945 MB)
[2016.04.22-20.22.56:483][  0]LogD3D11RHI: Async texture creation enabled
[2016.04.22-20.22.56:496][  0]LogShaderCompilers: Guid format shader working directory is -15 characters bigger than the processId version (../../../../../../Users/Adam/Documents/Unreal Projects/Beats/Intermediate/Shaders/WorkingDirectory/7604/).
[2016.04.22-20.22.56:496][  0]LogShaderCompilers: Cleaned the shader compiler working directory 'C:/Users/Adam/AppData/Local/Temp/UnrealShaderWorkingDir/D1185EBE4321E698D5C3AAB8145C2A01/'.
[2016.04.22-20.22.56:496][  0]LogShaderCompilers:Display: Using Local Shader Compiler.
[2016.04.22-20.22.57:521][  0]LogTemp:Display: Loaded TP AllDesktopTargetPlatform
[2016.04.22-20.22.57:526][  0]LogTemp:Display: Loaded TP WindowsClientTargetPlatform
[2016.04.22-20.22.57:530][  0]LogTemp:Display: Loaded TP WindowsNoEditorTargetPlatform
[2016.04.22-20.22.57:535][  0]LogTemp:Display: Loaded TP WindowsServerTargetPlatform
[2016.04.22-20.22.57:540][  0]LogTemp:Display: Loaded TP WindowsTargetPlatform
[2016.04.22-20.22.57:544][  0]LogTemp:Display: Loaded TP AndroidTargetPlatform
[2016.04.22-20.22.57:547][  0]LogTemp:Display: Loaded TP Android_ASTCTargetPlatform
[2016.04.22-20.22.57:551][  0]LogTemp:Display: Loaded TP Android_ATCTargetPlatform
[2016.04.22-20.22.57:555][  0]LogTemp:Display: Loaded TP Android_DXTTargetPlatform
[2016.04.22-20.22.57:558][  0]LogTemp:Display: Loaded TP Android_ETC1TargetPlatform
[2016.04.22-20.22.57:563][  0]LogTemp:Display: Loaded TP Android_ETC2TargetPlatform
[2016.04.22-20.22.57:572][  0]LogTemp:Display: Loaded TP Android_MultiTargetPlatform
[2016.04.22-20.22.57:572][  0]LogTemp:Display: Loaded TP Android_PVRTCTargetPlatform
[2016.04.22-20.22.57:574][  0]LogTemp:Display: Loaded TP HTML5TargetPlatform
[2016.04.22-20.22.57:591][  0]LogTemp:Display: Loaded TP IOSTargetPlatform
[2016.04.22-20.22.57:594][  0]LogTemp:Display: Loaded TP TVOSTargetPlatform
[2016.04.22-20.22.57:598][  0]LogTemp:Display: Loaded TP LinuxNoEditorTargetPlatform
[2016.04.22-20.22.57:601][  0]LogTemp:Display: Loaded TP LinuxServerTargetPlatform
[2016.04.22-20.22.57:604][  0]LogTemp:Display: Loaded TP LinuxTargetPlatform
[2016.04.22-20.22.57:604][  0]LogTargetPlatformManager:Display: Building Assets For Windows
[2016.04.22-20.22.57:684][  0]LogDerivedDataCache:Display: Max Cache Size: 512 MB
[2016.04.22-20.22.57:731][  0]LogDerivedDataCache: Loaded boot cache 0.05s 46MB C:/Users/Adam/AppData/Local/UnrealEngine/4.11/DerivedDataCache/Boot.ddc.
[2016.04.22-20.22.57:731][  0]LogDerivedDataCache:Display: Loaded Boot cache: C:/Users/Adam/AppData/Local/UnrealEngine/4.11/DerivedDataCache/Boot.ddc
[2016.04.22-20.22.57:731][  0]LogDerivedDataCache: FDerivedDataBackendGraph:  Pak pak cache file ../../../../../../Users/Adam/Documents/Unreal Projects/Beats/DerivedDataCache/DDC.ddp not found, will not use a pak cache.
[2016.04.22-20.22.57:731][  0]LogDerivedDataCache: Unable to find inner node Pak for hierarchical cache Hierarchy.
[2016.04.22-20.22.57:731][  0]LogDerivedDataCache: FDerivedDataBackendGraph:  CompressedPak pak cache file ../../../../../../Users/Adam/Documents/Unreal Projects/Beats/DerivedDataCache/Compressed.ddp not found, will not use a pak cache.
[2016.04.22-20.22.57:731][  0]LogDerivedDataCache: Unable to find inner node CompressedPak for hierarchical cache Hierarchy.
[2016.04.22-20.22.57:746][  0]LogDerivedDataCache:Display: Pak cache opened for reading ../../../Engine/DerivedDataCache/Compressed.ddp.
[2016.04.22-20.22.57:758][  0]LogDerivedDataCache: Using Local data cache path C:/Users/Adam/AppData/Local/UnrealEngine/Common/DerivedDataCache: Writable
[2016.04.22-20.22.57:943][  0]LogInit: Selected Device Profile: [Windows]
[2016.04.22-20.22.57:944][  0]LogContentStreaming: Texture pool size is 0.00 MB
[2016.04.22-20.22.57:981][  0]LogMaterial: Uniform references updated for custom material expression Custom.
[2016.04.22-20.22.58:101][  0]LogMeshUtilities: No automatic mesh reduction module available
[2016.04.22-20.22.58:101][  0]LogMeshUtilities: No automatic mesh merging module available
[2016.04.22-20.22.58:101][  0]LogMeshUtilities: No distributed automatic mesh merging module available
[2016.04.22-20.22.58:330][  0]LogUObjectArray: 27679 objects as part of root set at end of initial load.
[2016.04.22-20.22.58:330][  0]LogUObjectAllocator: 5591592 out of 0 bytes used by permanent object pool.
[2016.04.22-20.22.58:330][  0]LogUObjectArray: CloseDisregardForGC: 0/0 objects in disregard for GC pool
[2016.04.22-20.22.58:337][  0]LogInit: WinSock: version 1.1 (2.2), MaxSocks=32767, MaxUdp=65467
[2016.04.22-20.22.58:429][  0]LogSlate: SlateFontCache - WITH_FREETYPE: 1, WITH_HARFBUZZ: 1
[2016.04.22-20.22.58:429][  0]LogSlate: SlateFontCache - WITH_FREETYPE: 1, WITH_HARFBUZZ: 1
[2016.04.22-20.22.58:574][  0]LogStreaming:Warning: Failed to read file '../../../Engine/Content/Editor/Slate/Common/Selection_16x.png' error.
[2016.04.22-20.22.58:574][  0]LogSlate: Could not find file for Slate resource: ../../../Engine/Content/Editor/Slate/Common/Selection_16x.png
[2016.04.22-20.22.58:574][  0]LogStreaming:Warning: Failed to read file '../../../Engine/Content/Editor/Slate/Common/Selection_16x.png' error.
[2016.04.22-20.22.58:574][  0]LogSlate: Could not find file for Slate resource: ../../../Engine/Content/Editor/Slate/Common/Selection_16x.png
[2016.04.22-20.22.58:574][  0]LogStreaming:Warning: Failed to read file '../../../Engine/Content/Editor/Slate/Common/Selection_16x.png' error.
[2016.04.22-20.22.58:574][  0]LogSlate: Could not find file for Slate resource: ../../../Engine/Content/Editor/Slate/Common/Selection_16x.png
[2016.04.22-20.22.59:351][  0]LogUdpMessaging: Initializing bridge on interface 0.0.0.0:0 to multicast group 230.0.0.1:6666.
[2016.04.22-20.22.59:493][  0]LogAssetRegistry: FAssetRegistry took 0.0218 seconds to start up
[2016.04.22-20.22.59:644][  0]SourceControl: Info Source control is disabled
[2016.04.22-20.22.59:727][  0]SourceControl: Info Source control is disabled
[2016.04.22-20.22.59:736][  0]SourceControl: Info Source control is disabled
[2016.04.22-20.22.59:746][  0]SourceControl: Info Source control is disabled
[2016.04.22-20.22.59:936][  0]LogHMD: Failed to initialize OpenVR with code 110
[2016.04.22-20.23.00:012][  0]LogEngine: Initializing Engine...
[2016.04.22-20.23.00:188][  0]LogAIModule: Creating AISystem for world NewWorld
[2016.04.22-20.23.00:195][  0]LogInit: XAudio2 using 'Speakers (Realtek High Definition Audio)' : 2 channels at 48 kHz using 32 bits per sample (channel mask 0x3)
[2016.04.22-20.23.00:208][  0]LogInit: FAudioDevice initialized.
[2016.04.22-20.23.00:233][  0]LogDerivedDataCache: Saved boot cache 0.02s 46MB C:/Users/Adam/AppData/Local/UnrealEngine/4.11/DerivedDataCache/Boot.ddc.
[2016.04.22-20.23.00:236][  0]LogInit: Texture streaming: Enabled
[2016.04.22-20.23.00:259][  0]LogInit: Transaction tracking system initialized
[2016.04.22-20.23.00:282][  0]BlueprintLog: New page: Editor Load
[2016.04.22-20.23.00:359][  0]LocalizationService: Info Localization service is disabled
[2016.04.22-20.23.00:429][  0]LogConsoleResponse:Display: 
[2016.04.22-20.23.00:540][  0]LogCook:Display: Max memory allowance for cook 8192mb
[2016.04.22-20.23.00:540][  0]LogCook:Display: Mobile HDR setting 1
[2016.04.22-20.23.00:540][  0]LogCook:Display: Done creating registry. It took  0.00s.
[2016.04.22-20.23.00:592][  0]LogFileCache: Scanning file cache for directory 'C:/Users/Adam/Documents/Unreal Projects/Beats/Content/' took 0.01s
[2016.04.22-20.23.00:592][  0]SourceControl: Info Source control is disabled
[2016.04.22-20.23.00:592][  0]Cmd: MAP LOAD FILE="../../../../../../Users/Adam/Documents/Unreal Projects/Beats/Content/TwinStickBP/Maps/TwinStickExampleMap.umap" TEMPLATE=0 SHOWPROGRESS=1 FEATURELEVEL=3
[2016.04.22-20.23.00:593][  0]LightingResults: New page: Lighting Build
[2016.04.22-20.23.00:596][  0]MapCheck: New page: Map Check
[2016.04.22-20.23.00:596][  0]LightingResults: New page: Lighting Build
[2016.04.22-20.23.00:984][  0]LogAIModule: Creating AISystem for world TwinStickExampleMap
[2016.04.22-20.23.00:995][  0]LogEditorServer: Finished looking for orphan Actors (0.000 secs)
[2016.04.22-20.23.00:995][  0]Cmd: MAP CHECKDEP NOCLEARLOG
[2016.04.22-20.23.01:078][  0]MapCheck: Info Map check complete: 0 Error(s), 0 Warning(s), took 82.637ms to complete.
[2016.04.22-20.23.01:078][  0]LogFileHelpers: Loading map 'TwinStickExampleMap' took 0.486
[2016.04.22-20.23.01:184][  0]LogCollectionManager: Loaded 0 collections in 0.002171 seconds
[2016.04.22-20.23.01:225][  0]LogFileCache: Scanning file cache for directory 'C:/Users/Adam/Documents/Unreal Projects/Beats/Saved/Collections/' took 0.01s
[2016.04.22-20.23.01:225][  0]LogFileCache: Scanning file cache for directory 'C:/Users/Adam/Documents/Unreal Projects/Beats/Content/Developers/Adam/Collections/' took 0.01s
[2016.04.22-20.23.01:225][  0]LogFileCache: Scanning file cache for directory 'C:/Users/Adam/Documents/Unreal Projects/Beats/Content/Collections/' took 0.01s
[2016.04.22-20.23.01:225][  0]LogCollectionManager: Rebuilt the GUID cache for 0 collections in 0.000003 seconds
[2016.04.22-20.23.01:235][  0]LogContentBrowser: Native class hierarchy populated in 0.0096 seconds. Added 1980 classes and 345 folders.
[2016.04.22-20.23.01:239][  0]LogStats: UGameplayTagsManager::ConstructGameplayTagTree: Construct from data asset -  0.000 s
[2016.04.22-20.23.01:239][  0]LogStats: UGameplayTagsManager::ConstructGameplayTagTree: GameplayTagTreeChangedEvent.Broadcast -  0.000 s
[2016.04.22-20.23.01:241][  0]LogContentBrowser: Native class hierarchy updated for 'GameplayTags' in 0.0019 seconds. Added 12 classes and 0 folders.
[2016.04.22-20.23.01:248][  0]LogContentBrowser: Native class hierarchy updated for 'WidgetCarousel' in 0.0017 seconds. Added 0 classes and 0 folders.
[2016.04.22-20.23.01:260][  0]LogContentBrowser: Native class hierarchy updated for 'SuperSearch' in 0.0022 seconds. Added 1 classes and 2 folders.
[2016.04.22-20.23.01:327][  0]LogContentBrowser: Native class hierarchy updated for 'AddContentDialog' in 0.0014 seconds. Added 0 classes and 0 folders.
[2016.04.22-20.23.01:332][  0]LogContentBrowser: Native class hierarchy updated for 'SceneOutliner' in 0.0014 seconds. Added 1 classes and 2 folders.
[2016.04.22-20.23.01:354][  0]LogCrashTracker: Crashtracker disabled due to settings.
[2016.04.22-20.23.01:359][  0]LogUObjectGlobals:Warning: Failed to find object 'Class None.'
[2016.04.22-20.23.01:387][  0]LogContentBrowser: Native class hierarchy updated for 'HierarchicalLODOutliner' in 0.0015 seconds. Added 1 classes and 2 folders.
[2016.04.22-20.23.01:387][  0]LogLoad: Full Startup: 6.33 seconds (BP compile: 0.08 seconds)
[2016.04.22-20.23.01:387][  0]LogExternalProfiler: Found external profiler: VSPerf
[2016.04.22-20.23.01:387][  0]LogExternalProfiler: Using external profiler: VSPerf
[2016.04.22-20.23.01:397][  0]LogWindowsTextInputMethodSystem:Display: IME system now deactivated.
[2016.04.22-20.23.01:397][  0]LogWindowsTextInputMethodSystem:Display: IME system now deactivated.
[2016.04.22-20.23.01:397][  0]LogOcInput: OculusInput pre-init called
[2016.04.22-20.23.01:444][  0]LogContentStreaming: Texture pool size now 1000 MB
[2016.04.22-20.23.01:593][  0]LogRenderer: Reallocating scene render targets to support 1208x576 (Frame:2).
[2016.04.22-20.23.01:685][  1]LogAssetRegistry: Asset discovery search completed in 2.2140 seconds
[2016.04.22-20.23.01:685][  1]LogCollectionManager: Rebuilt the object cache for 0 collections in 0.000000 seconds (found 0 objects)
[2016.04.22-20.23.01:685][  1]LogCollectionManager: Fixed up redirectors for 0 collections in 0.000018 seconds (updated 0 objects)
[2016.04.22-20.27.45:634][258]Recompiling Beats...
[2016.04.22-20.27.45:634][258]Launching UnrealBuildTool... [C:/Program Files (x86)/Epic Games/4.11/Engine/Binaries/DotNET/UnrealBuildTool.exe Beats -ModuleWithSuffix Beats 5820 Win64 Development -editorrecompile -canskiplink "C:/Users/Adam/Documents/Unreal Projects/Beats/Beats.uproject"  -2015]
[2016.04.22-20.27.45:675][258]Warning: Starting HotReload took  0.1s.
[2016.04.22-20.28.05:035][254]CompilerResultsLog: New page: Compilation - Apr 22, 2016, 11:28:05 AM
[2016.04.22-20.28.05:035][254]CompilerResultsLog: Info Creating makefile for hot reloading Beats (working set of source files changed)
[2016.04.22-20.28.05:035][254]CompilerResultsLog: Info Compiling game modules for hot reload
[2016.04.22-20.28.05:035][254]CompilerResultsLog: Info Parsing headers for BeatsEditor
[2016.04.22-20.28.05:035][254]CompilerResultsLog: Info   Running UnrealHeaderTool "C:\Users\Adam\Documents\Unreal Projects\Beats\Beats.uproject" "C:\Users\Adam\Documents\Unreal Projects\Beats\Intermediate\Build\Win64\BeatsEditor\Development\UnrealHeaderTool.manifest" -LogCmds="loginit warning, logexit warning, logdatabase error" -Unattended -WarningsAsErrors -installed
[2016.04.22-20.28.05:035][254]CompilerResultsLog: Info Reflection code generated for BeatsEditor in 6.6513837 seconds
[2016.04.22-20.28.05:035][254]CompilerResultsLog: Info Performing 2 actions (4 in parallel)
[2016.04.22-20.28.05:035][254]CompilerResultsLog: Info BeatActor.cpp
[2016.04.22-20.28.05:035][254]CompilerResultsLog: Info [2/2] Link UE4Editor-Beats-5820.dll
[2016.04.22-20.28.05:035][254]CompilerResultsLog: Info    Creating library C:\Users\Adam\Documents\Unreal Projects\Beats\Intermediate\Build\Win64\UE4Editor\Development\UE4Editor-Beats-5820.lib and object C:\Users\Adam\Documents\Unreal Projects\Beats\Intermediate\Build\Win64\UE4Editor\Development\UE4Editor-Beats-5820.exp
[2016.04.22-20.28.05:035][254]CompilerResultsLog: Info -------- End Detailed Actions Stats -----------------------------------------------------------
[2016.04.22-20.28.05:035][254]CompilerResultsLog: Info Total build time: 19.14 seconds
[2016.04.22-20.28.05:035][254]LogMainFrame: MainFrame: Module compiling took 19.408 seconds
[2016.04.22-20.28.05:069][254]LogContentBrowser: Native class hierarchy updated for 'Beats' in 0.0017 seconds. Added 1 classes and 2 folders.
[2016.04.22-20.28.05:071][254]Warning: HotReload successful (2 functions remapped  0 scriptstructs remapped)
[2016.04.22-20.28.05:133][254]LogContentBrowser: Native class hierarchy populated in 0.0090 seconds. Added 1983 classes and 351 folders.
[2016.04.22-20.28.05:134][254]Warning: HotReload took 19.5s.
[2016.04.22-20.28.08:386][428]LogPlayLevel: PlayLevel: No blueprints needed recompiling
[2016.04.22-20.28.08:387][428]PIE: New page: PIE session: TwinStickExampleMap (Apr 22, 2016, 11:28:08 AM)
[2016.04.22-20.28.08:387][428]LogPlayLevel: Creating play world package: /Game/TwinStickBP/Maps/UEDPIE_0_TwinStickExampleMap
[2016.04.22-20.28.08:394][428]LogPlayLevel: PIE: StaticDuplicateObject took: (0.007020s)
[2016.04.22-20.28.08:395][428]LogAIModule: Creating AISystem for world TwinStickExampleMap
[2016.04.22-20.28.08:395][428]LogPlayLevel: PIE: World Init took: (0.001243s)
[2016.04.22-20.28.08:395][428]LogPlayLevel: PIE: Created PIE world by copying editor world from /Game/TwinStickBP/Maps/TwinStickExampleMap.TwinStickExampleMap to /Game/TwinStickBP/Maps/UEDPIE_0_TwinStickExampleMap.TwinStickExampleMap (0.008540s)
[2016.04.22-20.28.08:409][428]LogInit: XAudio2 using 'Speakers (Realtek High Definition Audio)' : 2 channels at 48 kHz using 32 bits per sample (channel mask 0x3)
[2016.04.22-20.28.08:419][428]LogInit: FAudioDevice initialized.
[2016.04.22-20.28.08:466][428]LogWorld: Game class is 'TwinStickGameMode_C'
[2016.04.22-20.28.08:472][428]LogWorld: Bringing World /Game/TwinStickBP/Maps/UEDPIE_0_TwinStickExampleMap.TwinStickExampleMap up for play (max tick rate 0) at 2016.04.22-16.28.08
[2016.04.22-20.28.08:472][428]LogWorld: Bringing up level for play took: 0.004262
[2016.04.22-20.28.08:488][428]LogContentBrowser: Native class hierarchy updated for 'MovieSceneCapture' in 0.0017 seconds. Added 9 classes and 0 folders.
[2016.04.22-20.28.08:489][428]LogUObjectGlobals:Warning: Class which was marked abstract was trying to be loaded.  It will be nulled out on save. None Engine
[2016.04.22-20.28.08:489][428]LogOutputDevice:Warning: 

Script Stack:
BeatBlock_C.ExecuteUbergraph_BeatBlock
BeatBlock_C.ReceiveBeginPlay

[2016.04.22-20.28.08:501][428]LogStats: FPlatformStackWalk::StackWalkAndDump -  0.012 s
[2016.04.22-20.28.08:501][428]LogOutputDevice:Warning: === Handled error: ===

Ensure condition failed: false [File:D:\BuildFarm\buildmachine_++UE4+Release-4.11\Engine\Source\Runtime\CoreUObject\Private\UObject\UObjectGlobals.cpp] [Line: 1956]
Class which was marked abstract was trying to be loaded.  It will be nulled out on save. None Engine
Stack: 
UE4Editor-Core.dll
UE4Editor-Core.dll
UE4Editor-Core.dll
UE4Editor-CoreUObject.dll
UE4Editor-CoreUObject.dll
UE4Editor-Engine.dll
UE4Editor-Beats-5820.dll
UE4Editor-Beats-5820.dll
UE4Editor-CoreUObject.dll
UE4Editor-CoreUObject.dll
UE4Editor-CoreUObject.dll
UE4Editor-CoreUObject.dll
UE4Editor-CoreUObject.dll
UE4Editor-CoreUObject.dll
UE4Editor-CoreUObject.dll
UE4Editor-CoreUObject.dll
UE4Editor-Engine.dll
UE4Editor-Engine.dll
UE4Editor-Engine.dll
UE4Editor-Engine.dll
UE4Editor-Engine.dll
UE4Editor-Engine.dll
UE4Editor-Engine.dll
UE4Editor-Engine.dll
UE4Editor-UnrealEd.dll
UE4Editor-UnrealEd.dll
UE4Editor-UnrealEd.dll
UE4Editor-UnrealEd.dll
UE4Editor-UnrealEd.dll
UE4Editor.exe
UE4Editor.exe
UE4Editor.exe
UE4Editor.exe
UE4Editor.exe
KERNEL32.DLL
ntdll.dll
ntdll.dll

[2016.04.22-20.28.08:502][428]LogStats:                SubmitErrorReport -  0.000 s
[2016.04.22-20.28.08:836][428]LogStats:                    SendNewReport -  0.335 s
[2016.04.22-20.28.08:836][428]LogStats:             FDebug::EnsureFailed -  0.347 s
[2016.04.22-20.28.08:837][428]LogWindows:Error: Windows GetLastError: The operation completed successfully. (0)
[2016.04.22-20.28.09:180][428]LogCrashTracker: 


[2016.04.22-20.28.09:180][428]LogCrashTracker: 


[2016.04.22-20.28.09:180][428]LogWindows:Error: === Critical error: ===
Fatal error: [File:D:\BuildFarm\buildmachine_++UE4+Release-4.11\Engine\Source\Runtime\CoreUObject\Private\UObject\UObjectGlobals.cpp] [Line: 2830] 
FObjectInitializer::Get() can only be used inside of UObject-derived class constructor.




