Log file open, 07/22/16 19:05:48
LogInit:Display: Running engine for game: Beats
LogPlatformFile: Not using cached read wrapper
LogInit:Display: RandInit(1874145358) SRandInit(1874145362).
LogTaskGraph: Started task graph with 4 named threads and 7 total threads.
LogStats: Stats thread started at 0.215623
LogInit: Version: 4.11.2-2946394+++UE4+Release-4.11
LogInit: API Version: 2927265
LogInit: Compiled (64-bit): Apr 18 2016 02:18:46
LogInit: Compiled with Visual C++: 19.00.23026.00
LogInit: Build Configuration: Development
LogInit: Branch Name: ++UE4+Release-4.11
LogInit: Command line:  /Temp/Autosaves/Game/TwinStickBP/Maps/UEDPCTest -game -PIEVIACONSOLE -ResX=1280 -ResY=720  -Multiprocess -messaging -SessionName="Play in Standalone Game" 
LogInit: Base directory: C:/Program Files (x86)/Epic Games/4.11/Engine/Binaries/Win64/
LogInit: Installed Engine Build: 1
LogInit: Using libcurl 7.41.0
LogInit:  - built for x86_64-pc-win32
LogInit:  - supports SSL with WinSSL
LogInit:  - other features:
LogInit:      CURL_VERSION_SSL
LogInit:      CURL_VERSION_IPV6
LogInit:      CURL_VERSION_ASYNCHDNS
LogInit:      CURL_VERSION_LARGEFILE
LogInit:      CURL_VERSION_IDN
LogInit:  CurlRequestOptions (configurable via config and command line):
LogInit:  - bVerifyPeer = true  - Libcurl will verify peer certificate
LogInit:  - bUseHttpProxy = false  - Libcurl will NOT use HTTP proxy
LogInit:  - bDontReuseConnections = false  - Libcurl will reuse connections
LogInit:  - CertBundlePath = nullptr  - Libcurl will use whatever was configured at build time.
LogInit: Presizing for max 16777216 objects, including 0 objects not considered by GC, pre-allocating 0 bytes for permanent pool.
LogInit: Object subsystem initialized
[2016.07.22-23.05.49:570][  0]LogInit: Selected Device Profile: [Windows]
[2016.07.22-23.05.49:570][  0]LogInit: Applying CVar settings loaded from the selected device profile: [Windows]
[2016.07.22-23.05.49:583][  0]LogInit: Computer: DESKTOP-TA850RC
[2016.07.22-23.05.49:583][  0]LogInit: User: Adam
[2016.07.22-23.05.49:583][  0]LogInit: CPU Page size=65536, Cores=4
[2016.07.22-23.05.49:583][  0]LogInit: High frequency timer resolution =2.338346 MHz
[2016.07.22-23.05.49:584][  0]LogMemory: Memory total: Physical=15.8GB (16GB approx)
[2016.07.22-23.05.49:584][  0]LogMemory: Platform Memory Stats for Windows
[2016.07.22-23.05.49:584][  0]LogMemory: Process Physical Memory: 312.65 MB used, 312.65 MB peak
[2016.07.22-23.05.49:584][  0]LogMemory: Process Virtual Memory: 314.94 MB used, 314.94 MB peak
[2016.07.22-23.05.49:584][  0]LogMemory: Physical Memory: 4439.20 MB used, 16203.17 MB total
[2016.07.22-23.05.49:584][  0]LogMemory: Virtual Memory: 637.48 MB used, 134217728.00 MB total
[2016.07.22-23.05.49:671][  0]LogTextLocalizationManager: No specific translations for ('en-US') exist, so ('en') translations will be used.
[2016.07.22-23.05.50:756][  0]LogD3D11RHI: D3D11 adapters:
[2016.07.22-23.05.50:799][  0]LogD3D11RHI:    0. 'NVIDIA GeForce GT 750M' (Feature Level 11_0)
[2016.07.22-23.05.50:799][  0]LogD3D11RHI:       1992MB of dedicated video memory, 0MB of dedicated system memory, and 8101MB of shared system memory, 2 output[s]
[2016.07.22-23.05.50:813][  0]LogD3D11RHI:    1. 'Intel(R) HD Graphics 4600' (Feature Level 11_0)
[2016.07.22-23.05.50:813][  0]LogD3D11RHI:       112MB of dedicated video memory, 0MB of dedicated system memory, and 2048MB of shared system memory, 0 output[s]
[2016.07.22-23.05.50:818][  0]LogD3D11RHI:    2. 'Microsoft Basic Render Driver' (Feature Level 11_0)
[2016.07.22-23.05.50:818][  0]LogD3D11RHI:       0MB of dedicated video memory, 0MB of dedicated system memory, and 8101MB of shared system memory, 0 output[s]
[2016.07.22-23.05.50:818][  0]LogD3D11RHI: Chosen D3D11 Adapter: 0
[2016.07.22-23.05.50:827][  0]LogD3D11RHI: Creating new Direct3DDevice
[2016.07.22-23.05.50:827][  0]LogD3D11RHI:     Adapter Name: NVIDIA GeForce GT 750M
[2016.07.22-23.05.50:827][  0]LogD3D11RHI:   Driver Version: Unknown (internal Unknown)
[2016.07.22-23.05.50:827][  0]LogD3D11RHI:      Driver Date: Unknown
[2016.07.22-23.05.50:827][  0]LogRHI: Texture pool is 1361 MB (70% of 1945 MB)
[2016.07.22-23.05.50:862][  0]LogD3D11RHI: Async texture creation enabled
[2016.07.22-23.05.50:883][  0]LogShaderCompilers: Guid format shader working directory is -15 characters bigger than the processId version (../../../../../../Users/Adam/Documents/Unreal Projects/Beats/Intermediate/Shaders/WorkingDirectory/1524/).
[2016.07.22-23.05.50:883][  0]LogShaderCompilers: Cleaned the shader compiler working directory 'C:/Users/Adam/AppData/Local/Temp/UnrealShaderWorkingDir/FEFB962140C453F88A705AB5AA4EE680/'.
[2016.07.22-23.05.50:883][  0]LogShaderCompilers:Display: Using Local Shader Compiler.
[2016.07.22-23.05.53:665][  0]LogTemp:Display: Loaded TP AllDesktopTargetPlatform
[2016.07.22-23.05.53:671][  0]LogTemp:Display: Loaded TP WindowsClientTargetPlatform
[2016.07.22-23.05.53:677][  0]LogTemp:Display: Loaded TP WindowsNoEditorTargetPlatform
[2016.07.22-23.05.53:682][  0]LogTemp:Display: Loaded TP WindowsServerTargetPlatform
[2016.07.22-23.05.53:688][  0]LogTemp:Display: Loaded TP WindowsTargetPlatform
[2016.07.22-23.05.53:692][  0]LogTemp:Display: Loaded TP AndroidTargetPlatform
[2016.07.22-23.05.53:695][  0]LogTemp:Display: Loaded TP Android_ASTCTargetPlatform
[2016.07.22-23.05.53:699][  0]LogTemp:Display: Loaded TP Android_ATCTargetPlatform
[2016.07.22-23.05.53:702][  0]LogTemp:Display: Loaded TP Android_DXTTargetPlatform
[2016.07.22-23.05.53:706][  0]LogTemp:Display: Loaded TP Android_ETC1TargetPlatform
[2016.07.22-23.05.53:709][  0]LogTemp:Display: Loaded TP Android_ETC2TargetPlatform
[2016.07.22-23.05.53:716][  0]LogTemp:Display: Loaded TP Android_MultiTargetPlatform
[2016.07.22-23.05.53:716][  0]LogTemp:Display: Loaded TP Android_PVRTCTargetPlatform
[2016.07.22-23.05.53:717][  0]LogTemp:Display: Loaded TP HTML5TargetPlatform
[2016.07.22-23.05.53:735][  0]LogTemp:Display: Loaded TP IOSTargetPlatform
[2016.07.22-23.05.53:738][  0]LogTemp:Display: Loaded TP TVOSTargetPlatform
[2016.07.22-23.05.53:742][  0]LogTemp:Display: Loaded TP LinuxNoEditorTargetPlatform
[2016.07.22-23.05.53:745][  0]LogTemp:Display: Loaded TP LinuxServerTargetPlatform
[2016.07.22-23.05.53:749][  0]LogTemp:Display: Loaded TP LinuxTargetPlatform
[2016.07.22-23.05.53:749][  0]LogTargetPlatformManager:Display: Building Assets For Windows
[2016.07.22-23.05.53:911][  0]LogDerivedDataCache:Display: Max Cache Size: 512 MB
[2016.07.22-23.05.53:963][  0]LogDerivedDataCache: Loaded boot cache 0.05s 46MB C:/Users/Adam/AppData/Local/UnrealEngine/4.11/DerivedDataCache/Boot.ddc.
[2016.07.22-23.05.53:963][  0]LogDerivedDataCache:Display: Loaded Boot cache: C:/Users/Adam/AppData/Local/UnrealEngine/4.11/DerivedDataCache/Boot.ddc
[2016.07.22-23.05.53:963][  0]LogDerivedDataCache: FDerivedDataBackendGraph:  Pak pak cache file ../../../../../../Users/Adam/Documents/Unreal Projects/Beats/DerivedDataCache/DDC.ddp not found, will not use a pak cache.
[2016.07.22-23.05.53:963][  0]LogDerivedDataCache: Unable to find inner node Pak for hierarchical cache Hierarchy.
[2016.07.22-23.05.53:963][  0]LogDerivedDataCache: FDerivedDataBackendGraph:  CompressedPak pak cache file ../../../../../../Users/Adam/Documents/Unreal Projects/Beats/DerivedDataCache/Compressed.ddp not found, will not use a pak cache.
[2016.07.22-23.05.53:963][  0]LogDerivedDataCache: Unable to find inner node CompressedPak for hierarchical cache Hierarchy.
[2016.07.22-23.05.53:977][  0]LogDerivedDataCache:Display: Pak cache opened for reading ../../../Engine/DerivedDataCache/Compressed.ddp.
[2016.07.22-23.05.53:989][  0]LogDerivedDataCache: Using Local data cache path C:/Users/Adam/AppData/Local/UnrealEngine/Common/DerivedDataCache: Writable
[2016.07.22-23.05.54:203][  0]LogInit: Selected Device Profile: [Windows]
[2016.07.22-23.05.54:207][  0]LogMaterial: Uniform references updated for custom material expression Custom.
[2016.07.22-23.05.54:208][  0]LogContentStreaming: Texture pool size is 1000.00 MB
[2016.07.22-23.05.54:332][  0]LogMeshUtilities: No automatic mesh reduction module available
[2016.07.22-23.05.54:332][  0]LogMeshUtilities: No automatic mesh merging module available
[2016.07.22-23.05.54:332][  0]LogMeshUtilities: No distributed automatic mesh merging module available
[2016.07.22-23.05.54:559][  0]LogInit: WinSock: version 1.1 (2.2), MaxSocks=32767, MaxUdp=65467
[2016.07.22-23.05.54:631][  0]LogSlate: SlateFontCache - WITH_FREETYPE: 1, WITH_HARFBUZZ: 1
[2016.07.22-23.05.54:631][  0]LogSlate: SlateFontCache - WITH_FREETYPE: 1, WITH_HARFBUZZ: 1
[2016.07.22-23.05.54:793][  0]LogWindowsMoviePlayer: Unable to load movie: ../../../../../../Users/Adam/Documents/Unreal Projects/Beats/Content/Movies/Default_Startup.mp4
[2016.07.22-23.05.54:880][  0]LogSubstanceCoreModule: Substance CPU Engine Loaded, Max Texture Size 2048
[2016.07.22-23.05.54:892][  0]LogUdpMessaging: Initializing bridge on interface 0.0.0.0:0 to multicast group 230.0.0.1:6666.
[2016.07.22-23.05.54:975][  0]SourceControl: Info Source control is disabled
[2016.07.22-23.05.54:975][  0]SourceControl: Info Source control is disabled
[2016.07.22-23.05.54:987][  0]SourceControl: Info Source control is disabled
[2016.07.22-23.05.55:117][  0]LogHMD: Failed to initialize OpenVR with code 110
[2016.07.22-23.05.55:171][  0]LogUObjectArray: 29379 objects as part of root set at end of initial load.
[2016.07.22-23.05.55:171][  0]LogUObjectAllocator: 6111424 out of 0 bytes used by permanent object pool.
[2016.07.22-23.05.55:171][  0]LogUObjectArray: CloseDisregardForGC: 0/0 objects in disregard for GC pool
[2016.07.22-23.05.55:252][  0]LogEngine: Initializing Engine...
[2016.07.22-23.05.55:384][  0]LogInit: XAudio2 using 'ASUS VS239 (Intel(R) Display Audio)' : 2 channels at 48 kHz using 16 bits per sample (channel mask 0x3)
[2016.07.22-23.05.55:394][  0]LogInit: FAudioDevice initialized.
[2016.07.22-23.05.55:398][  0]LogInit: Texture streaming: Enabled
[2016.07.22-23.05.55:518][  0]LogNet: Browse: /Temp/Autosaves/Game/TwinStickBP/Maps/UEDPCTest?Name=Player
[2016.07.22-23.05.55:518][  0]LogLoad: LoadMap: /Temp/Autosaves/Game/TwinStickBP/Maps/UEDPCTest?Name=Player
[2016.07.22-23.05.55:536][  0]LogMemory: Platform Memory Stats for Windows
[2016.07.22-23.05.55:536][  0]LogMemory: Process Physical Memory: 655.21 MB used, 657.73 MB peak
[2016.07.22-23.05.55:536][  0]LogMemory: Process Virtual Memory: 707.02 MB used, 707.03 MB peak
[2016.07.22-23.05.55:536][  0]LogMemory: Physical Memory: 4678.46 MB used, 16203.17 MB total
[2016.07.22-23.05.55:536][  0]LogMemory: Virtual Memory: 1251.89 MB used, 134217728.00 MB total
[2016.07.22-23.05.55:536][  0]LogMemory: 
[2016.07.22-23.05.55:536][  0]Allocator Stats for TBB: (not implemented)
[2016.07.22-23.05.55:593][  0]LogAIModule: Creating AISystem for world Test
[2016.07.22-23.05.55:659][  0]LogBlueprint:Error: [compiler TwinStickPawn] Error Spawn node  SpawnActor NONE  must have a class specified.
[2016.07.22-23.05.55:665][  0]LogBlueprint:Warning: [compiler TwinStickPawn] Warning [0010.65] Compile of TwinStickPawn failed. 1 Fatal Issue(s) 0 Warning(s) [in 10 ms]
[2016.07.22-23.05.55:665][  0]LogBlueprint:Warning: [compiler TwinStickPawn] Warning [0010.65] Compile of TwinStickPawn failed. 1 Fatal Issue(s) 1 Warning(s) [in 0 ms]
[2016.07.22-23.05.55:665][  0]LogBlueprint:Warning: [compiler TwinStickPawn] Warning [0010.65] Compile of TwinStickPawn failed. 1 Fatal Issue(s) 2 Warning(s) [in 0 ms]
[2016.07.22-23.05.55:691][  0]LogWorld: Game class is 'TwinStickGameMode_C'
[2016.07.22-23.05.55:693][  0]LogWorld: Bringing World /Temp/Autosaves/Game/TwinStickBP/Maps/UEDPCTest.Test up for play (max tick rate 0) at 2016.07.22-19.05.55
[2016.07.22-23.05.55:694][  0]LogWorld: Bringing up level for play took: 0.002139
[2016.07.22-23.05.55:699][  0]LogInit:Display: Game Engine Initialized.
[2016.07.22-23.05.55:917][  0]LogLoad: Full Startup: 10.90 seconds (BP compile: 0.03 seconds)
[2016.07.22-23.05.55:917][  0]LogExternalProfiler: Found external profiler: VSPerf
[2016.07.22-23.05.55:917][  0]LogExternalProfiler: Using external profiler: VSPerf
[2016.07.22-23.05.55:934][  0]LogWindowsTextInputMethodSystem:Display: IME system now deactivated.
[2016.07.22-23.05.55:934][  0]LogWindowsTextInputMethodSystem:Display: IME system now deactivated.
[2016.07.22-23.05.55:934][  0]LogOcInput: OculusInput pre-init called
[2016.07.22-23.05.56:093][  2]LogRenderer: Reallocating scene render targets to support 1280x720 (Frame:2).
[2016.07.22-23.06.13:356][998]LogWindowsTextInputMethodSystem:Display: IME system now deactivated.
[2016.07.22-23.06.13:356][998]LogWindowsTextInputMethodSystem:Display: IME system now deactivated.
[2016.07.22-23.06.13:359][998]LogEngine: All Windows Closed
[2016.07.22-23.06.13:359][998]LogWindows: FPlatformMisc::RequestExit(0)
[2016.07.22-23.06.14:262][999]LogExit: Preparing to exit.
[2016.07.22-23.06.15:921][999]LogExit: Game engine shut down
[2016.07.22-23.06.16:006][999]LogObj: Freed 0b from 0 cluster array pools.
[2016.07.22-23.06.16:006][999]LogExit: Object subsystem successfully closed.
[2016.07.22-23.06.16:024][999]LogD3D11RHI: Shutdown
[2016.07.22-23.06.16:024][999]LogD3D11RHI: CleanupD3DDevice
[2016.07.22-23.06.16:053][999]LogD3D11RHI: ~FD3D11DynamicRHI
[2016.07.22-23.06.16:496][999]LogDerivedDataCache: Shutdown
[2016.07.22-23.06.16:496][999]LogModuleManager: Shutting down and abandoning module AndroidDeviceDetection (126)
[2016.07.22-23.06.17:195][999]LogModuleManager: Shutting down and abandoning module AutomationController (125)
[2016.07.22-23.06.17:196][999]LogModuleManager: Shutting down and abandoning module AutomationWorker (124)
[2016.07.22-23.06.17:196][999]LogModuleManager: Shutting down and abandoning module CharacterAI (123)
[2016.07.22-23.06.17:196][999]LogModuleManager: Shutting down and abandoning module AITestSuite (122)
[2016.07.22-23.06.17:196][999]LogModuleManager: Shutting down and abandoning module GameplayDebugger (121)
[2016.07.22-23.06.17:196][999]LogModuleManager: Shutting down and abandoning module AIModule (120)
[2016.07.22-23.06.17:196][999]LogModuleManager: Shutting down and abandoning module MovieSceneCapture (119)
[2016.07.22-23.06.17:196][999]LogModuleManager: Shutting down and abandoning module StreamingPauseRendering (118)
[2016.07.22-23.06.17:196][999]LogModuleManager: Shutting down and abandoning module PortalServices (117)
[2016.07.22-23.06.17:196][999]LogModuleManager: Shutting down and abandoning module PortalRpc (116)
[2016.07.22-23.06.17:196][999]LogModuleManager: Shutting down and abandoning module MessagingRpc (115)
[2016.07.22-23.06.17:196][999]LogModuleManager: Shutting down and abandoning module ProfilerService (114)
[2016.07.22-23.06.17:218][999]LogModuleManager: Shutting down and abandoning module TaskGraph (113)
[2016.07.22-23.06.17:218][999]LogModuleManager: Shutting down and abandoning module SlateRemote (112)
[2016.07.22-23.06.17:219][999]LogModuleManager: Shutting down and abandoning module SteamVRController (111)
[2016.07.22-23.06.17:219][999]LogModuleManager: Shutting down and abandoning module SteamVR (110)
[2016.07.22-23.06.17:219][999]LogModuleManager: Shutting down and abandoning module ProceduralMeshComponent (109)
[2016.07.22-23.06.17:219][999]LogModuleManager: Shutting down and abandoning module OculusLibrary (108)
[2016.07.22-23.06.17:219][999]LogModuleManager: Shutting down and abandoning module OculusInput (107)
[2016.07.22-23.06.17:219][999]LogModuleManager: Shutting down and abandoning module CustomMeshComponent (106)
[2016.07.22-23.06.17:219][999]LogModuleManager: Shutting down and abandoning module CableComponent (105)
[2016.07.22-23.06.17:219][999]LogModuleManager: Shutting down and abandoning module ArchVisCharacter (104)
[2016.07.22-23.06.17:219][999]LogModuleManager: Shutting down and abandoning module HTML5Networking (103)
[2016.07.22-23.06.17:219][999]LogModuleManager: Shutting down and abandoning module DesktopPlatform (102)
[2016.07.22-23.06.17:219][999]LogModuleManager: Shutting down and abandoning module DirectoryWatcher (101)
[2016.07.22-23.06.17:219][999]LogModuleManager: Shutting down and abandoning module HotReload (100)
[2016.07.22-23.06.17:219][999]LogModuleManager: Shutting down and abandoning module VisualStudioSourceCodeAccess (99)
[2016.07.22-23.06.17:219][999]LogModuleManager: Shutting down and abandoning module UObjectPlugin (98)
[2016.07.22-23.06.17:219][999]LogModuleManager: Shutting down and abandoning module SubversionSourceControl (97)
[2016.07.22-23.06.17:219][999]LogModuleManager: Shutting down and abandoning module SourceControl (96)
[2016.07.22-23.06.17:219][999]LogModuleManager: Shutting down and abandoning module PerforceSourceControl (95)
[2016.07.22-23.06.17:219][999]LogModuleManager: Shutting down and abandoning module Beats (94)
[2016.07.22-23.06.17:219][999]LogModuleManager: Shutting down and abandoning module UdpMessaging (93)
[2016.07.22-23.06.17:319][999]LogModuleManager: Shutting down and abandoning module SubstanceCore (92)
[2016.07.22-23.06.17:319][999]LogModuleManager: Shutting down and abandoning module LightPropagationVolumeRuntime (91)
[2016.07.22-23.06.17:319][999]LogModuleManager: Shutting down and abandoning module Paper2D (90)
[2016.07.22-23.06.17:319][999]LogModuleManager: Shutting down and abandoning module WindowsMoviePlayer (89)
[2016.07.22-23.06.17:319][999]LogModuleManager: Shutting down and abandoning module Media (88)
[2016.07.22-23.06.17:319][999]LogModuleManager: Shutting down and abandoning module WmfMedia (87)
[2016.07.22-23.06.17:319][999]LogModuleManager: Shutting down and abandoning module MediaAssets (86)
[2016.07.22-23.06.17:319][999]LogModuleManager: Shutting down and abandoning module GameLiveStreaming (85)
[2016.07.22-23.06.17:320][999]LogModuleManager: Shutting down and abandoning module GameplayTagsEditor (84)
[2016.07.22-23.06.17:320][999]LogModuleManager: Shutting down and abandoning module OnlineBlueprintSupport (83)
[2016.07.22-23.06.17:320][999]LogModuleManager: Shutting down and abandoning module GameplayTasksEditor (82)
[2016.07.22-23.06.17:320][999]LogModuleManager: Shutting down and abandoning module PropertyEditor (81)
[2016.07.22-23.06.17:320][999]LogModuleManager: Shutting down and abandoning module BehaviorTreeEditor (80)
[2016.07.22-23.06.17:320][999]LogModuleManager: Shutting down and abandoning module FunctionalTesting (79)
[2016.07.22-23.06.17:320][999]LogModuleManager: Shutting down and abandoning module CollisionAnalyzer (78)
[2016.07.22-23.06.17:320][999]LogModuleManager: Shutting down and abandoning module WorkspaceMenuStructure (77)
[2016.07.22-23.06.17:320][999]LogModuleManager: Shutting down and abandoning module MessageLog (76)
[2016.07.22-23.06.17:320][999]LogModuleManager: Shutting down and abandoning module Sequencer (75)
[2016.07.22-23.06.17:320][999]LogModuleManager: Shutting down and abandoning module AssetTools (74)
[2016.07.22-23.06.17:320][999]LogModuleManager: Shutting down and abandoning module UMGEditor (73)
[2016.07.22-23.06.17:320][999]LogModuleManager: Shutting down and abandoning module UMG (72)
[2016.07.22-23.06.17:320][999]LogModuleManager: Shutting down and abandoning module SlateReflector (71)
[2016.07.22-23.06.17:320][999]LogModuleManager: Shutting down and abandoning module Slate (70)
[2016.07.22-23.06.17:320][999]LogModuleManager: Shutting down and abandoning module EditorStyle (69)
[2016.07.22-23.06.17:322][999]LogModuleManager: Shutting down and abandoning module SessionServices (68)
[2016.07.22-23.06.17:322][999]LogModuleManager: Shutting down and abandoning module SourceCodeAccess (67)
[2016.07.22-23.06.17:322][999]LogModuleManager: Shutting down and abandoning module HeadMountedDisplay (66)
[2016.07.22-23.06.17:322][999]LogModuleManager: Shutting down and abandoning module XAudio2 (65)
[2016.07.22-23.06.17:322][999]LogModuleManager: Shutting down and abandoning module Networking (63)
[2016.07.22-23.06.17:322][999]LogModuleManager: Shutting down and abandoning module Core (62)
[2016.07.22-23.06.17:322][999]LogModuleManager: Shutting down and abandoning module KismetCompiler (61)
[2016.07.22-23.06.17:322][999]LogModuleManager: Shutting down and abandoning module PhysXFormats (60)
[2016.07.22-23.06.17:322][999]LogModuleManager: Shutting down and abandoning module MeshUtilities (59)
[2016.07.22-23.06.17:322][999]LogModuleManager: Shutting down and abandoning module CookingStats (58)
[2016.07.22-23.06.17:322][999]LogModuleManager: Shutting down and abandoning module DerivedDataCache (57)
[2016.07.22-23.06.17:322][999]LogDerivedDataCache: Shutdown
[2016.07.22-23.06.17:322][999]LogModuleManager: Shutting down and abandoning module ShaderFormatOpenGL (56)
[2016.07.22-23.06.17:322][999]LogModuleManager: Shutting down and abandoning module ShaderFormatD3D (55)
[2016.07.22-23.06.17:322][999]LogModuleManager: Shutting down and abandoning module MetalShaderFormat (54)
[2016.07.22-23.06.17:323][999]LogModuleManager: Shutting down and abandoning module TextureFormatUncompressed (53)
[2016.07.22-23.06.17:323][999]LogModuleManager: Shutting down and abandoning module TextureFormatPVR (52)
[2016.07.22-23.06.17:323][999]LogModuleManager: Shutting down and abandoning module TextureFormatIntelISPCTexComp (51)
[2016.07.22-23.06.17:323][999]LogModuleManager: Shutting down and abandoning module TextureFormatDXT (50)
[2016.07.22-23.06.17:323][999]LogModuleManager: Shutting down and abandoning module ImageWrapper (49)
[2016.07.22-23.06.17:323][999]LogModuleManager: Shutting down and abandoning module TextureFormatASTC (48)
[2016.07.22-23.06.17:323][999]LogModuleManager: Shutting down and abandoning module TextureFormatAndroid (47)
[2016.07.22-23.06.17:323][999]LogModuleManager: Shutting down and abandoning module AudioFormatOpus (46)
[2016.07.22-23.06.17:323][999]LogModuleManager: Shutting down and abandoning module AudioFormatOgg (45)
[2016.07.22-23.06.17:323][999]LogModuleManager: Shutting down and abandoning module AudioFormatADPCM (44)
[2016.07.22-23.06.17:323][999]LogModuleManager: Shutting down and abandoning module LinuxTargetPlatform (43)
[2016.07.22-23.06.17:323][999]LogModuleManager: Shutting down and abandoning module LinuxServerTargetPlatform (42)
[2016.07.22-23.06.17:323][999]LogModuleManager: Shutting down and abandoning module LinuxNoEditorTargetPlatform (41)
[2016.07.22-23.06.17:323][999]LogModuleManager: Shutting down and abandoning module TVOSTargetPlatform (40)
[2016.07.22-23.06.17:323][999]LogModuleManager: Shutting down and abandoning module Messaging (39)
[2016.07.22-23.06.17:323][999]LogModuleManager: Shutting down and abandoning module IOSTargetPlatform (38)
[2016.07.22-23.06.17:323][999]LogModuleManager: Shutting down and abandoning module HTML5TargetPlatform (37)
[2016.07.22-23.06.17:323][999]LogModuleManager: Shutting down and abandoning module Android_PVRTCTargetPlatform (36)
[2016.07.22-23.06.17:323][999]LogModuleManager: Shutting down and abandoning module Android_MultiTargetPlatform (35)
[2016.07.22-23.06.17:323][999]LogModuleManager: Shutting down and abandoning module Android_ETC2TargetPlatform (34)
[2016.07.22-23.06.17:323][999]LogModuleManager: Shutting down and abandoning module Android_ETC1TargetPlatform (33)
[2016.07.22-23.06.17:323][999]LogModuleManager: Shutting down and abandoning module Android_DXTTargetPlatform (32)
[2016.07.22-23.06.17:323][999]LogModuleManager: Shutting down and abandoning module Android_ATCTargetPlatform (31)
[2016.07.22-23.06.17:323][999]LogModuleManager: Shutting down and abandoning module Android_ASTCTargetPlatform (30)
[2016.07.22-23.06.17:323][999]LogModuleManager: Shutting down and abandoning module AndroidTargetPlatform (29)
[2016.07.22-23.06.17:323][999]LogModuleManager: Shutting down and abandoning module WindowsTargetPlatform (28)
[2016.07.22-23.06.17:323][999]LogModuleManager: Shutting down and abandoning module WindowsServerTargetPlatform (27)
[2016.07.22-23.06.17:323][999]LogModuleManager: Shutting down and abandoning module WindowsNoEditorTargetPlatform (26)
[2016.07.22-23.06.17:323][999]LogModuleManager: Shutting down and abandoning module WindowsClientTargetPlatform (25)
[2016.07.22-23.06.17:323][999]LogModuleManager: Shutting down and abandoning module AllDesktopTargetPlatform (24)
[2016.07.22-23.06.17:323][999]LogModuleManager: Shutting down and abandoning module TargetPlatform (23)
[2016.07.22-23.06.17:323][999]LogModuleManager: Shutting down and abandoning module InputCore (22)
[2016.07.22-23.06.17:323][999]LogModuleManager: Shutting down and abandoning module Settings (21)
[2016.07.22-23.06.17:323][999]LogModuleManager: Shutting down and abandoning module OnlineSubsystem (19)
[2016.07.22-23.06.17:323][999]LogModuleManager: Shutting down and abandoning module HTTP (18)
[2016.07.22-23.06.17:323][999]LogModuleManager: Shutting down and abandoning module XMPP (17)
[2016.07.22-23.06.17:323][999]LogModuleManager: Shutting down and abandoning module OculusRift (16)
[2016.07.22-23.06.17:323][999]LogModuleManager: Shutting down and abandoning module ExampleDeviceProfileSelector (15)
[2016.07.22-23.06.17:323][999]LogModuleManager: Shutting down and abandoning module TextureCompressor (14)
[2016.07.22-23.06.17:323][999]LogModuleManager: Shutting down and abandoning module ShaderCore (13)
[2016.07.22-23.06.17:323][999]LogModuleManager: Shutting down and abandoning module Landscape (12)
[2016.07.22-23.06.17:323][999]LogModuleManager: Shutting down and abandoning module SlateRHIRenderer (11)
[2016.07.22-23.06.17:323][999]LogModuleManager: Shutting down and abandoning module OpenGLDrv (10)
[2016.07.22-23.06.17:323][999]LogModuleManager: Shutting down and abandoning module D3D11RHI (9)
[2016.07.22-23.06.17:323][999]LogModuleManager: Shutting down and abandoning module AnimGraphRuntime (8)
[2016.07.22-23.06.17:323][999]LogModuleManager: Shutting down and abandoning module Renderer (7)
[2016.07.22-23.06.17:323][999]LogModuleManager: Shutting down and abandoning module Engine (6)
[2016.07.22-23.06.17:323][999]LogModuleManager: Shutting down and abandoning module CoreUObject (5)
[2016.07.22-23.06.17:323][999]LogModuleManager: Shutting down and abandoning module NetworkFile (4)
[2016.07.22-23.06.17:323][999]LogModuleManager: Shutting down and abandoning module StreamingFile (3)
[2016.07.22-23.06.17:323][999]LogModuleManager: Shutting down and abandoning module SandboxFile (2)
[2016.07.22-23.06.17:323][999]LogModuleManager: Shutting down and abandoning module PakFile (1)
[2016.07.22-23.06.17:324][999]LogExit: Exiting.
[2016.07.22-23.06.17:326][999]Log file closed, 07/22/16 19:06:17
