Log file open, 07/24/16 14:50:38
LogInit:Display: Running engine for game: Beats
LogPlatformFile: Not using cached read wrapper
LogInit:Display: RandInit(779249817) SRandInit(779249818).
LogTaskGraph: Started task graph with 4 named threads and 7 total threads.
LogStats: Stats thread started at 0.089477
LogInit: Version: 4.11.2-2946394+++UE4+Release-4.11
LogInit: API Version: 2927265
LogInit: Compiled (64-bit): Apr 18 2016 02:18:46
LogInit: Compiled with Visual C++: 19.00.23026.00
LogInit: Build Configuration: Development
LogInit: Branch Name: ++UE4+Release-4.11
LogInit: Command line:  
LogInit: Base directory: C:/Program Files (x86)/Epic Games/4.11/Engine/Binaries/Win64/
LogInit: Installed Engine Build: 1
LogInit: Using libcurl 7.41.0
LogInit:  - built for x86_64-pc-win32
LogInit:  - supports SSL with WinSSL
LogInit:  - other features:
LogInit:      CURL_VERSION_SSL
LogInit:      CURL_VERSION_IPV6
LogInit:      CURL_VERSION_ASYNCHDNS
LogInit:      CURL_VERSION_LARGEFILE
LogInit:      CURL_VERSION_IDN
LogInit:  CurlRequestOptions (configurable via config and command line):
LogInit:  - bVerifyPeer = true  - Libcurl will verify peer certificate
LogInit:  - bUseHttpProxy = false  - Libcurl will NOT use HTTP proxy
LogInit:  - bDontReuseConnections = false  - Libcurl will reuse connections
LogInit:  - CertBundlePath = nullptr  - Libcurl will use whatever was configured at build time.
LogInit: Presizing for max 16777216 objects, including 0 objects not considered by GC, pre-allocating 0 bytes for permanent pool.
LogInit: Object subsystem initialized
[2016.07.24-18.50.38:812][  0]LogInit: Selected Device Profile: [Windows]
[2016.07.24-18.50.38:812][  0]LogInit: Applying CVar settings loaded from the selected device profile: [Windows]
[2016.07.24-18.50.38:820][  0]LogInit: Computer: DESKTOP-TA850RC
[2016.07.24-18.50.38:820][  0]LogInit: User: Adam
[2016.07.24-18.50.38:820][  0]LogInit: CPU Page size=65536, Cores=4
[2016.07.24-18.50.38:820][  0]LogInit: High frequency timer resolution =2.338346 MHz
[2016.07.24-18.50.38:820][  0]LogMemory: Memory total: Physical=15.8GB (16GB approx)
[2016.07.24-18.50.38:820][  0]LogMemory: Platform Memory Stats for Windows
[2016.07.24-18.50.38:820][  0]LogMemory: Process Physical Memory: 313.23 MB used, 313.23 MB peak
[2016.07.24-18.50.38:820][  0]LogMemory: Process Virtual Memory: 315.00 MB used, 315.00 MB peak
[2016.07.24-18.50.38:820][  0]LogMemory: Physical Memory: 4078.88 MB used, 16203.17 MB total
[2016.07.24-18.50.38:820][  0]LogMemory: Virtual Memory: 637.50 MB used, 134217728.00 MB total
[2016.07.24-18.50.39:008][  0]LogTextLocalizationManager: No specific translations for ('en-US') exist, so ('en') translations will be used.
[2016.07.24-18.50.39:401][  0]LogD3D11RHI: D3D11 adapters:
[2016.07.24-18.50.39:429][  0]LogD3D11RHI:    0. 'NVIDIA GeForce GT 750M' (Feature Level 11_0)
[2016.07.24-18.50.39:429][  0]LogD3D11RHI:       1992MB of dedicated video memory, 0MB of dedicated system memory, and 8101MB of shared system memory, 1 output[s]
[2016.07.24-18.50.39:435][  0]LogD3D11RHI:    1. 'Intel(R) HD Graphics 4600' (Feature Level 11_0)
[2016.07.24-18.50.39:435][  0]LogD3D11RHI:       112MB of dedicated video memory, 0MB of dedicated system memory, and 2048MB of shared system memory, 0 output[s]
[2016.07.24-18.50.39:437][  0]LogD3D11RHI:    2. 'Microsoft Basic Render Driver' (Feature Level 11_0)
[2016.07.24-18.50.39:437][  0]LogD3D11RHI:       0MB of dedicated video memory, 0MB of dedicated system memory, and 8101MB of shared system memory, 0 output[s]
[2016.07.24-18.50.39:437][  0]LogD3D11RHI: Chosen D3D11 Adapter: 0
[2016.07.24-18.50.39:441][  0]LogD3D11RHI: Creating new Direct3DDevice
[2016.07.24-18.50.39:441][  0]LogD3D11RHI:     Adapter Name: NVIDIA GeForce GT 750M
[2016.07.24-18.50.39:441][  0]LogD3D11RHI:   Driver Version: Unknown (internal Unknown)
[2016.07.24-18.50.39:441][  0]LogD3D11RHI:      Driver Date: Unknown
[2016.07.24-18.50.39:441][  0]LogRHI: Texture pool is 1361 MB (70% of 1945 MB)
[2016.07.24-18.50.39:459][  0]LogD3D11RHI: Async texture creation enabled
[2016.07.24-18.50.39:483][  0]LogShaderCompilers: Guid format shader working directory is -16 characters bigger than the processId version (../../../../../../Users/Adam/Documents/Unreal Projects/Beats/Intermediate/Shaders/WorkingDirectory/12528/).
[2016.07.24-18.50.39:483][  0]LogShaderCompilers: Cleaned the shader compiler working directory 'C:/Users/Adam/AppData/Local/Temp/UnrealShaderWorkingDir/BFE5F22740475AF5C0195EA48400C0EF/'.
[2016.07.24-18.50.39:483][  0]LogShaderCompilers:Display: Using Local Shader Compiler.
[2016.07.24-18.50.41:863][  0]LogTemp:Display: Loaded TP AllDesktopTargetPlatform
[2016.07.24-18.50.41:875][  0]LogTemp:Display: Loaded TP WindowsClientTargetPlatform
[2016.07.24-18.50.41:887][  0]LogTemp:Display: Loaded TP WindowsNoEditorTargetPlatform
[2016.07.24-18.50.41:900][  0]LogTemp:Display: Loaded TP WindowsServerTargetPlatform
[2016.07.24-18.50.41:912][  0]LogTemp:Display: Loaded TP WindowsTargetPlatform
[2016.07.24-18.50.41:931][  0]LogTemp:Display: Loaded TP AndroidTargetPlatform
[2016.07.24-18.50.41:942][  0]LogTemp:Display: Loaded TP Android_ASTCTargetPlatform
[2016.07.24-18.50.41:953][  0]LogTemp:Display: Loaded TP Android_ATCTargetPlatform
[2016.07.24-18.50.41:967][  0]LogTemp:Display: Loaded TP Android_DXTTargetPlatform
[2016.07.24-18.50.41:985][  0]LogTemp:Display: Loaded TP Android_ETC1TargetPlatform
[2016.07.24-18.50.41:996][  0]LogTemp:Display: Loaded TP Android_ETC2TargetPlatform
[2016.07.24-18.50.42:023][  0]LogTemp:Display: Loaded TP Android_MultiTargetPlatform
[2016.07.24-18.50.42:023][  0]LogTemp:Display: Loaded TP Android_PVRTCTargetPlatform
[2016.07.24-18.50.42:031][  0]LogTemp:Display: Loaded TP HTML5TargetPlatform
[2016.07.24-18.50.42:075][  0]LogTemp:Display: Loaded TP IOSTargetPlatform
[2016.07.24-18.50.42:089][  0]LogTemp:Display: Loaded TP TVOSTargetPlatform
[2016.07.24-18.50.42:106][  0]LogTemp:Display: Loaded TP LinuxNoEditorTargetPlatform
[2016.07.24-18.50.42:116][  0]LogTemp:Display: Loaded TP LinuxServerTargetPlatform
[2016.07.24-18.50.42:127][  0]LogTemp:Display: Loaded TP LinuxTargetPlatform
[2016.07.24-18.50.42:127][  0]LogTargetPlatformManager:Display: Building Assets For Windows
[2016.07.24-18.50.42:451][  0]LogDerivedDataCache:Display: Max Cache Size: 512 MB
[2016.07.24-18.50.42:516][  0]LogDerivedDataCache: Loaded boot cache 0.06s 46MB C:/Users/Adam/AppData/Local/UnrealEngine/4.11/DerivedDataCache/Boot.ddc.
[2016.07.24-18.50.42:516][  0]LogDerivedDataCache:Display: Loaded Boot cache: C:/Users/Adam/AppData/Local/UnrealEngine/4.11/DerivedDataCache/Boot.ddc
[2016.07.24-18.50.42:516][  0]LogDerivedDataCache: FDerivedDataBackendGraph:  Pak pak cache file ../../../../../../Users/Adam/Documents/Unreal Projects/Beats/DerivedDataCache/DDC.ddp not found, will not use a pak cache.
[2016.07.24-18.50.42:516][  0]LogDerivedDataCache: Unable to find inner node Pak for hierarchical cache Hierarchy.
[2016.07.24-18.50.42:516][  0]LogDerivedDataCache: FDerivedDataBackendGraph:  CompressedPak pak cache file ../../../../../../Users/Adam/Documents/Unreal Projects/Beats/DerivedDataCache/Compressed.ddp not found, will not use a pak cache.
[2016.07.24-18.50.42:516][  0]LogDerivedDataCache: Unable to find inner node CompressedPak for hierarchical cache Hierarchy.
[2016.07.24-18.50.42:537][  0]LogDerivedDataCache:Display: Pak cache opened for reading ../../../Engine/DerivedDataCache/Compressed.ddp.
[2016.07.24-18.50.42:549][  0]LogDerivedDataCache: Using Local data cache path C:/Users/Adam/AppData/Local/UnrealEngine/Common/DerivedDataCache: Writable
[2016.07.24-18.50.42:758][  0]LogInit: Selected Device Profile: [Windows]
[2016.07.24-18.50.42:759][  0]LogContentStreaming: Texture pool size is 0.00 MB
[2016.07.24-18.50.42:796][  0]LogMaterial: Uniform references updated for custom material expression Custom.
[2016.07.24-18.50.42:933][  0]LogMeshUtilities: No automatic mesh reduction module available
[2016.07.24-18.50.42:933][  0]LogMeshUtilities: No automatic mesh merging module available
[2016.07.24-18.50.42:933][  0]LogMeshUtilities: No distributed automatic mesh merging module available
[2016.07.24-18.50.43:190][  0]LogUObjectArray: 27679 objects as part of root set at end of initial load.
[2016.07.24-18.50.43:190][  0]LogUObjectAllocator: 5591592 out of 0 bytes used by permanent object pool.
[2016.07.24-18.50.43:190][  0]LogUObjectArray: CloseDisregardForGC: 0/0 objects in disregard for GC pool
[2016.07.24-18.50.43:204][  0]LogInit: WinSock: version 1.1 (2.2), MaxSocks=32767, MaxUdp=65467
[2016.07.24-18.50.44:196][  0]LogSlate: SlateFontCache - WITH_FREETYPE: 1, WITH_HARFBUZZ: 1
[2016.07.24-18.50.44:196][  0]LogSlate: SlateFontCache - WITH_FREETYPE: 1, WITH_HARFBUZZ: 1
[2016.07.24-18.50.44:354][  0]LogStreaming:Warning: Failed to read file '../../../Engine/Content/Editor/Slate/Common/Selection_16x.png' error.
[2016.07.24-18.50.44:354][  0]LogSlate: Could not find file for Slate resource: ../../../Engine/Content/Editor/Slate/Common/Selection_16x.png
[2016.07.24-18.50.44:354][  0]LogStreaming:Warning: Failed to read file '../../../Engine/Content/Editor/Slate/Common/Selection_16x.png' error.
[2016.07.24-18.50.44:354][  0]LogSlate: Could not find file for Slate resource: ../../../Engine/Content/Editor/Slate/Common/Selection_16x.png
[2016.07.24-18.50.44:354][  0]LogStreaming:Warning: Failed to read file '../../../Engine/Content/Editor/Slate/Common/Selection_16x.png' error.
[2016.07.24-18.50.44:354][  0]LogSlate: Could not find file for Slate resource: ../../../Engine/Content/Editor/Slate/Common/Selection_16x.png
[2016.07.24-18.50.45:234][  0]LogSubstanceCoreModule: Substance CPU Engine Loaded, Max Texture Size 2048
[2016.07.24-18.50.45:270][  0]LogUdpMessaging: Initializing bridge on interface 0.0.0.0:0 to multicast group 230.0.0.1:6666.
[2016.07.24-18.50.45:514][  0]LogAssetRegistry: FAssetRegistry took 0.0216 seconds to start up
[2016.07.24-18.50.45:859][  0]SourceControl: Info Source control is disabled
[2016.07.24-18.50.46:873][  0]SourceControl: Info Source control is disabled
[2016.07.24-18.50.46:913][  0]SourceControl: Info Source control is disabled
[2016.07.24-18.50.46:949][  0]SourceControl: Info Source control is disabled
[2016.07.24-18.50.47:321][  0]LogHMD: Failed to initialize OpenVR with code 110
[2016.07.24-18.50.47:493][  0]LogEngine: Initializing Engine...
[2016.07.24-18.50.47:703][  0]LogAIModule: Creating AISystem for world NewWorld
[2016.07.24-18.50.47:712][  0]LogInit: XAudio2 using 'Speakers (Realtek High Definition Audio)' : 2 channels at 48 kHz using 32 bits per sample (channel mask 0x3)
[2016.07.24-18.50.48:005][  0]LogInit: FAudioDevice initialized.
[2016.07.24-18.50.48:028][  0]LogDerivedDataCache: Saved boot cache 0.02s 46MB C:/Users/Adam/AppData/Local/UnrealEngine/4.11/DerivedDataCache/Boot.ddc.
[2016.07.24-18.50.48:033][  0]LogInit: Texture streaming: Enabled
[2016.07.24-18.50.48:122][  0]LogInit: Transaction tracking system initialized
[2016.07.24-18.50.48:218][  0]BlueprintLog: New page: Editor Load
[2016.07.24-18.50.48:701][  0]LocalizationService: Info Localization service is disabled
[2016.07.24-18.50.48:979][  0]LogConsoleResponse:Display: 
[2016.07.24-18.50.49:096][  0]LogCook:Display: Max memory allowance for cook 8192mb
[2016.07.24-18.50.49:096][  0]LogCook:Display: Mobile HDR setting 1
[2016.07.24-18.50.49:096][  0]LogCook:Display: Done creating registry. It took  0.00s.
[2016.07.24-18.50.49:268][  0]LogFileCache: Scanning file cache for directory 'C:/Users/Adam/Documents/Unreal Projects/Beats/Content/' took 0.01s
[2016.07.24-18.50.49:303][  0]SourceControl: Info Source control is disabled
[2016.07.24-18.50.49:303][  0]Cmd: MAP LOAD FILE="../../../../../../Users/Adam/Documents/Unreal Projects/Beats/Content/TwinStickBP/Maps/Test.umap" TEMPLATE=0 SHOWPROGRESS=1 FEATURELEVEL=3
[2016.07.24-18.50.49:303][  0]LogEditorServer:Warning: Can't find file '../../../../../../Users/Adam/Documents/Unreal Projects/Beats/Content/TwinStickBP/Maps/Test.umap'
[2016.07.24-18.50.49:303][  0]Cmd: MAP CHECKDEP NOCLEARLOG
[2016.07.24-18.50.49:370][  0]MapCheck: Info Map check complete: 0 Error(s), 0 Warning(s), took 66.908ms to complete.
[2016.07.24-18.50.49:370][  0]LogFileHelpers: Loading map 'Test' took 0.067
[2016.07.24-18.50.49:492][  0]LogCollectionManager: Loaded 1 collections in 0.002477 seconds
[2016.07.24-18.50.49:532][  0]LogFileCache: Scanning file cache for directory 'C:/Users/Adam/Documents/Unreal Projects/Beats/Saved/Collections/' took 0.01s
[2016.07.24-18.50.49:532][  0]LogFileCache: Scanning file cache for directory 'C:/Users/Adam/Documents/Unreal Projects/Beats/Content/Developers/Adam/Collections/' took 0.01s
[2016.07.24-18.50.49:532][  0]LogFileCache: Scanning file cache for directory 'C:/Users/Adam/Documents/Unreal Projects/Beats/Content/Collections/' took 0.01s
[2016.07.24-18.50.49:532][  0]LogCollectionManager: Rebuilt the GUID cache for 1 collections in 0.000004 seconds
[2016.07.24-18.50.49:532][  0]LogCollectionManager: Rebuilt the hierarchy cache for 1 collections in 0.000000 seconds
[2016.07.24-18.50.49:540][  0]LogContentBrowser: Native class hierarchy populated in 0.0080 seconds. Added 1997 classes and 351 folders.
[2016.07.24-18.50.49:543][  0]LogStats: UGameplayTagsManager::ConstructGameplayTagTree: Construct from data asset -  0.000 s
[2016.07.24-18.50.49:543][  0]LogStats: UGameplayTagsManager::ConstructGameplayTagTree: GameplayTagTreeChangedEvent.Broadcast -  0.000 s
[2016.07.24-18.50.49:545][  0]LogContentBrowser: Native class hierarchy updated for 'GameplayTags' in 0.0019 seconds. Added 12 classes and 0 folders.
[2016.07.24-18.50.49:552][  0]LogContentBrowser: Native class hierarchy updated for 'WidgetCarousel' in 0.0016 seconds. Added 0 classes and 0 folders.
[2016.07.24-18.50.49:586][  0]LogContentBrowser: Native class hierarchy updated for 'SuperSearch' in 0.0017 seconds. Added 1 classes and 2 folders.
[2016.07.24-18.50.49:648][  0]LogContentBrowser: Native class hierarchy updated for 'AddContentDialog' in 0.0017 seconds. Added 0 classes and 0 folders.
[2016.07.24-18.50.49:707][  0]LogContentBrowser: Native class hierarchy updated for 'SceneOutliner' in 0.0017 seconds. Added 1 classes and 2 folders.
[2016.07.24-18.50.49:736][  0]LogCrashTracker: Crashtracker disabled due to settings.
[2016.07.24-18.50.49:741][  0]LogUObjectGlobals:Warning: Failed to find object 'Class None.'
[2016.07.24-18.50.49:785][  0]LogContentBrowser: Native class hierarchy updated for 'HierarchicalLODOutliner' in 0.0018 seconds. Added 1 classes and 2 folders.
[2016.07.24-18.50.49:785][  0]LogLoad: Full Startup: 12.14 seconds (BP compile: 0.00 seconds)
[2016.07.24-18.50.49:785][  0]LogExternalProfiler: Found external profiler: VSPerf
[2016.07.24-18.50.49:785][  0]LogExternalProfiler: Using external profiler: VSPerf
[2016.07.24-18.50.49:803][  0]LogWindowsTextInputMethodSystem:Display: IME system now deactivated.
[2016.07.24-18.50.49:803][  0]LogWindowsTextInputMethodSystem:Display: IME system now deactivated.
[2016.07.24-18.50.49:803][  0]LogOcInput: OculusInput pre-init called
[2016.07.24-18.50.49:852][  0]LogContentStreaming: Texture pool size now 1000 MB
[2016.07.24-18.50.50:011][  0]LogRenderer: Reallocating scene render targets to support 1208x576 (Frame:2).
[2016.07.24-18.50.50:109][  1]LogAssetRegistry: Asset discovery search completed in 4.6169 seconds
[2016.07.24-18.50.50:109][  1]LogCollectionManager: Rebuilt the object cache for 1 collections in 0.000002 seconds (found 0 objects)
[2016.07.24-18.50.50:110][  1]LogCollectionManager: Fixed up redirectors for 1 collections in 0.000027 seconds (updated 0 objects)
[2016.07.24-18.52.01:583][285]Cmd: MAP LOAD FILE="../../../../../../Users/Adam/Documents/Unreal Projects/Beats/Content/Blueprints/Maps/Test.umap" TEMPLATE=0 SHOWPROGRESS=1 FEATURELEVEL=3
[2016.07.24-18.52.01:596][285]LightingResults: New page: Lighting Build
[2016.07.24-18.52.01:601][285]LogContentBrowser: Native class hierarchy updated for 'StatsViewer' in 0.0017 seconds. Added 5 classes and 0 folders.
[2016.07.24-18.52.01:622][285]LoadErrors: New page: Loading map: Test.umap
[2016.07.24-18.52.01:622][285]MapCheck: New page: Map Check
[2016.07.24-18.52.01:622][285]LightingResults: New page: Lighting Build
[2016.07.24-18.52.01:830][285]LogAIModule: Creating AISystem for world Test
[2016.07.24-18.52.01:843][285]LogEditorServer: Finished looking for orphan Actors (0.000 secs)
[2016.07.24-18.52.01:866][285]Cmd: MAP CHECKDEP NOCLEARLOG
[2016.07.24-18.52.01:951][285]MapCheck: Info Map check complete: 0 Error(s), 0 Warning(s), took 84.18ms to complete.
[2016.07.24-18.52.01:951][285]LogFileHelpers: Loading map 'Test' took 0.369
[2016.07.24-18.52.04:274][397]LogSavePackage: Save=48.22ms
[2016.07.24-18.52.04:274][397]LogSavePackage: Moving '../../../../../../Users/Adam/Documents/Unreal Projects/Beats/Saved/UEDPCTestD47A5C504DE033EB501B8D890E991690.tmp' to '../../../../../../Users/Adam/Documents/Unreal Projects/Beats/Saved/Autosaves/Game/Blueprints/Maps/UEDPCTest.umap'
[2016.07.24-18.52.04:276][397]LogSavePackage: Total save time: 59.26ms
[2016.07.24-18.52.04:276][397]LogSavePackage:Display: Finished SavePackage ../../../../../../Users/Adam/Documents/Unreal Projects/Beats/Saved/Autosaves/Game/Blueprints/Maps/UEDPCTest.umap
[2016.07.24-18.52.19:736][854]LogContentBrowser: Native class hierarchy updated for 'BlueprintGraph' in 0.0020 seconds. Added 108 classes and 0 folders.
[2016.07.24-18.52.59:403][574]LogRenderer: Reallocating scene render targets to support 1208x712 (Frame:6100).
[2016.07.24-18.54.07:530][647]Cmd: OBJ SAVEPACKAGE PACKAGE="/Game/Blueprints/Maps/Test" FILE="../../../../../../Users/Adam/Documents/Unreal Projects/Beats/Content/Blueprints/Maps/Test.umap" SILENT=true AUTOSAVING=false KEEPDIRTY=false
[2016.07.24-18.54.07:601][647]LogSavePackage: Save=46.52ms
[2016.07.24-18.54.07:601][647]LogSavePackage: Moving '../../../../../../Users/Adam/Documents/Unreal Projects/Beats/Saved/TestF47FC87E4F8AD40799451FB42C4BE55B.tmp' to '../../../../../../Users/Adam/Documents/Unreal Projects/Beats/Content/Blueprints/Maps/Test.umap'
[2016.07.24-18.54.07:604][647]LogSavePackage: Total save time: 56.89ms
[2016.07.24-18.54.07:604][647]LogSavePackage:Display: Finished SavePackage ../../../../../../Users/Adam/Documents/Unreal Projects/Beats/Content/Blueprints/Maps/Test.umap
[2016.07.24-18.54.07:623][647]LogFileHelpers: Saving map 'Test' took 0.181
[2016.07.24-18.54.57:908][319]BlueprintLog: New page: Compile Highway
[2016.07.24-18.54.58:030][319]BlueprintEditorCompileResults: Info [0260.39] Compile of Highway successful! [in 121 ms]
[2016.07.24-18.54.58:595][347]LogSavePackage: Save=21.53ms
[2016.07.24-18.54.58:595][347]LogSavePackage: Moving '../../../../../../Users/Adam/Documents/Unreal Projects/Beats/Saved/HighwayC24A14A646A764E5E1B1388CB1890954.tmp' to '../../../../../../Users/Adam/Documents/Unreal Projects/Beats/Content/Blueprints/Blueprints/Structures/Highway.uasset'
[2016.07.24-18.54.58:599][347]LogSavePackage: Total save time: 32.14ms
[2016.07.24-18.54.58:599][347]LogSavePackage:Display: Finished SavePackage ../../../../../../Users/Adam/Documents/Unreal Projects/Beats/Content/Blueprints/Blueprints/Structures/Highway.uasset
[2016.07.24-18.56.24:724][499]BlueprintLog: New page: Compile Highway
[2016.07.24-18.56.24:852][499]BlueprintEditorCompileResults: Info [0347.21] Compile of Highway successful! [in 128 ms]
[2016.07.24-18.57.17:325][614]LogSavePackage: Save=24.49ms
[2016.07.24-18.57.17:325][614]LogSavePackage: Moving '../../../../../../Users/Adam/Documents/Unreal Projects/Beats/Saved/Highway5A63D77742E27BAF40B974842DE2B186.tmp' to '../../../../../../Users/Adam/Documents/Unreal Projects/Beats/Content/Blueprints/Blueprints/Structures/Highway.uasset'
[2016.07.24-18.57.17:328][614]LogSavePackage: Total save time: 33.73ms
[2016.07.24-18.57.17:328][614]LogSavePackage:Display: Finished SavePackage ../../../../../../Users/Adam/Documents/Unreal Projects/Beats/Content/Blueprints/Blueprints/Structures/Highway.uasset
[2016.07.24-18.57.23:791][  2]BlueprintLog: New page: Compile Highway
[2016.07.24-18.57.23:921][  2]BlueprintEditorCompileResults: Info [0406.28] Compile of Highway successful! [in 130 ms]
[2016.07.24-18.59.24:048][685]LogActorFactory: Actor Factory created Cylinder
[2016.07.24-18.59.32:392][133]Cmd: BRUSH ADD SELECTNEWBRUSH
[2016.07.24-19.00.03:471][700]Cmd: OBJ SAVEPACKAGE PACKAGE="/Game/Blueprints/Maps/Test" FILE="../../../../../../Users/Adam/Documents/Unreal Projects/Beats/Content/Blueprints/Maps/Test.umap" SILENT=true AUTOSAVING=false KEEPDIRTY=false
[2016.07.24-19.00.03:558][700]LogSavePackage: Save=53.13ms
[2016.07.24-19.00.03:558][700]LogSavePackage: Moving '../../../../../../Users/Adam/Documents/Unreal Projects/Beats/Saved/Test8A21F72240858A449057EB83BD71E221.tmp' to '../../../../../../Users/Adam/Documents/Unreal Projects/Beats/Content/Blueprints/Maps/Test.umap'
[2016.07.24-19.00.03:561][700]LogSavePackage: Total save time: 73.62ms
[2016.07.24-19.00.03:561][700]LogSavePackage:Display: Finished SavePackage ../../../../../../Users/Adam/Documents/Unreal Projects/Beats/Content/Blueprints/Maps/Test.umap
[2016.07.24-19.00.03:602][700]LogFileHelpers: Saving map 'Test' took 0.253
[2016.07.24-19.00.42:232][684]LogStaticMesh: Building static mesh SM_Hexagon...
[2016.07.24-19.00.42:232][684]LogMeshUtilities:Warning: Invalid vertex normals found for mesh. Forcing recomputation of vertex normals for MikkTSpace. Fix mesh or disable "Use MikkTSpace Tangent Space" to avoid forced recomputation of normals.
[2016.07.24-19.00.42:235][684]LogStaticMesh: Built static mesh [0.00s] /Game/Meshes/SM_Hexagon.SM_Hexagon
[2016.07.24-19.00.42:238][684]LogActorFactory: Actor Factory created SM_Hexagon
[2016.07.24-19.00.42:256][684]EditorErrors: New page: Actor Reattachment
[2016.07.24-19.00.44:677][761]LogRenderer: Reallocating scene render targets to support 1432x924 (Frame:24998).
[2016.07.24-19.00.51:232][149]LogEditorTransaction: Undo Create Convex Collision
[2016.07.24-19.00.58:224][511]Cmd: OBJ SAVEPACKAGE PACKAGE="/Game/Blueprints/Maps/Test" FILE="../../../../../../Users/Adam/Documents/Unreal Projects/Beats/Content/Blueprints/Maps/Test.umap" SILENT=true AUTOSAVING=false KEEPDIRTY=false
[2016.07.24-19.00.58:340][511]LogSavePackage: Save=93.76ms
[2016.07.24-19.00.58:340][511]LogSavePackage: Moving '../../../../../../Users/Adam/Documents/Unreal Projects/Beats/Saved/Test8FF588A148097050917A0A9D2A0B18A1.tmp' to '../../../../../../Users/Adam/Documents/Unreal Projects/Beats/Content/Blueprints/Maps/Test.umap'
[2016.07.24-19.00.58:344][511]LogSavePackage: Total save time: 104.69ms
[2016.07.24-19.00.58:344][511]LogSavePackage:Display: Finished SavePackage ../../../../../../Users/Adam/Documents/Unreal Projects/Beats/Content/Blueprints/Maps/Test.umap
[2016.07.24-19.00.58:364][511]LogFileHelpers: Saving map 'Test' took 0.226
[2016.07.24-19.00.58:392][511]Cmd: OBJ SAVEPACKAGE PACKAGE="/Game/Meshes/SM_Hexagon" FILE="../../../../../../Users/Adam/Documents/Unreal Projects/Beats/Content/Meshes/SM_Hexagon.uasset" SILENT=true
[2016.07.24-19.00.58:402][511]LogSavePackage: Save=8.91ms
[2016.07.24-19.00.58:402][511]LogSavePackage: Moving '../../../../../../Users/Adam/Documents/Unreal Projects/Beats/Saved/SM_Hexagon604879AF4F611149F99860A60077D47F.tmp' to '../../../../../../Users/Adam/Documents/Unreal Projects/Beats/Content/Meshes/SM_Hexagon.uasset'
[2016.07.24-19.00.58:405][511]LogSavePackage: Total save time: 12.04ms
[2016.07.24-19.00.58:405][511]LogSavePackage:Display: Finished SavePackage ../../../../../../Users/Adam/Documents/Unreal Projects/Beats/Content/Meshes/SM_Hexagon.uasset
[2016.07.24-19.01.20:998][716]Cmd: OBJ SAVEPACKAGE PACKAGE="/Game/Maps/Test" FILE="../../../../../../Users/Adam/Documents/Unreal Projects/Beats/Content/Maps/Test.umap" SILENT=true AUTOSAVING=false KEEPDIRTY=false
[2016.07.24-19.01.21:069][716]LogSavePackage: Save=48.37ms
[2016.07.24-19.01.21:069][716]LogSavePackage: Moving '../../../../../../Users/Adam/Documents/Unreal Projects/Beats/Saved/TestC45AC8204EDBE886F393F0AE19BCAD4E.tmp' to '../../../../../../Users/Adam/Documents/Unreal Projects/Beats/Content/Maps/Test.umap'
[2016.07.24-19.01.21:071][716]LogSavePackage: Total save time: 50.95ms
[2016.07.24-19.01.21:071][716]LogSavePackage:Display: Finished SavePackage ../../../../../../Users/Adam/Documents/Unreal Projects/Beats/Content/Maps/Test.umap
[2016.07.24-19.01.21:090][716]LogFileHelpers: Saving map 'Test' took 0.185
[2016.07.24-19.01.34:098][415]LogMetaData: Removing '/Game/Blueprints/PlayerPawn.PlayerPawn_C' ref from Metadata '/Game/Blueprints/Blueprints/PlayerPawn.PackageMetaData'
[2016.07.24-19.01.34:099][415]LogMetaData: Removing '/Game/Blueprints/PlayerPawn.PlayerPawn_C:ExecuteUbergraph_PlayerPawn' ref from Metadata '/Game/Blueprints/Blueprints/PlayerPawn.PackageMetaData'
[2016.07.24-19.01.34:099][415]LogMetaData: Removing '/Game/Blueprints/PlayerPawn.PlayerPawn_C:UserConstructionScript' ref from Metadata '/Game/Blueprints/Blueprints/PlayerPawn.PackageMetaData'
[2016.07.24-19.01.34:099][415]LogMetaData: Removing '/Game/Blueprints/PlayerPawn.PlayerPawn_C:Camera' ref from Metadata '/Game/Blueprints/Blueprints/PlayerPawn.PackageMetaData'
[2016.07.24-19.01.34:099][415]LogMetaData: Removing '/Game/Blueprints/PlayerPawn.PlayerPawn:EventGraph.K2Node_Event_300' ref from Metadata '/Game/Blueprints/Blueprints/PlayerPawn.PackageMetaData'
[2016.07.24-19.01.34:099][415]LogMetaData: Removing '/Game/Blueprints/PlayerPawn.PlayerPawn:EventGraph.K2Node_Event_301' ref from Metadata '/Game/Blueprints/Blueprints/PlayerPawn.PackageMetaData'
[2016.07.24-19.01.34:099][415]LogMetaData: Removing '/Game/Blueprints/PlayerPawn.PlayerPawn:EventGraph.K2Node_Event_302' ref from Metadata '/Game/Blueprints/Blueprints/PlayerPawn.PackageMetaData'
[2016.07.24-19.01.34:099][415]LogMetaData: Removing '/Game/Blueprints/PlayerPawn.PlayerPawn:UserConstructionScript.K2Node_FunctionEntry_256' ref from Metadata '/Game/Blueprints/Blueprints/PlayerPawn.PackageMetaData'
[2016.07.24-19.01.34:099][415]LogMetaData: Removing '/Game/Blueprints/PlayerPawn.PlayerPawn_C:DefaultSceneRoot' ref from Metadata '/Game/Blueprints/Blueprints/PlayerPawn.PackageMetaData'
[2016.07.24-19.01.34:099][415]LogMetaData: Removing '/Game/Blueprints/PlayerPawn.SKEL_PlayerPawn_C:DefaultSceneRoot' ref from Metadata '/Game/Blueprints/Blueprints/PlayerPawn.PackageMetaData'
[2016.07.24-19.01.34:099][415]LogMetaData: Removing '/Game/Blueprints/PlayerPawn.SKEL_PlayerPawn_C:Camera' ref from Metadata '/Game/Blueprints/Blueprints/PlayerPawn.PackageMetaData'
[2016.07.24-19.01.34:099][415]LogMetaData: Removing '/Game/Blueprints/PlayerPawn.SKEL_PlayerPawn_C:UserConstructionScript' ref from Metadata '/Game/Blueprints/Blueprints/PlayerPawn.PackageMetaData'
[2016.07.24-19.01.34:099][415]LogMetaData: Removing '/Game/Blueprints/PlayerPawn.SKEL_PlayerPawn_C:ExecuteUbergraph_PlayerPawn' ref from Metadata '/Game/Blueprints/Blueprints/PlayerPawn.PackageMetaData'
[2016.07.24-19.01.34:099][415]LogMetaData: Removing '/Game/Blueprints/PlayerPawn.SKEL_PlayerPawn_C' ref from Metadata '/Game/Blueprints/Blueprints/PlayerPawn.PackageMetaData'
[2016.07.24-19.01.34:108][415]LogMetaData: Removing '/Game/Blueprints/SaltGameMode.SaltGameMode_C' ref from Metadata '/Game/Blueprints/Blueprints/SaltGameMode.PackageMetaData'
[2016.07.24-19.01.34:108][415]LogMetaData: Removing '/Game/Blueprints/SaltGameMode.SaltGameMode_C:DefaultSceneRoot' ref from Metadata '/Game/Blueprints/Blueprints/SaltGameMode.PackageMetaData'
[2016.07.24-19.01.34:108][415]LogMetaData: Removing '/Game/Blueprints/SaltGameMode.SaltGameMode_C:UserConstructionScript' ref from Metadata '/Game/Blueprints/Blueprints/SaltGameMode.PackageMetaData'
[2016.07.24-19.01.34:108][415]LogMetaData: Removing '/Game/Blueprints/SaltGameMode.SKEL_SaltGameMode_C:DefaultSceneRoot' ref from Metadata '/Game/Blueprints/Blueprints/SaltGameMode.PackageMetaData'
[2016.07.24-19.01.34:108][415]LogMetaData: Removing '/Game/Blueprints/SaltGameMode.SKEL_SaltGameMode_C:UserConstructionScript' ref from Metadata '/Game/Blueprints/Blueprints/SaltGameMode.PackageMetaData'
[2016.07.24-19.01.34:108][415]LogMetaData: Removing '/Game/Blueprints/SaltGameMode.SKEL_SaltGameMode_C' ref from Metadata '/Game/Blueprints/Blueprints/SaltGameMode.PackageMetaData'
[2016.07.24-19.01.34:129][415]Cmd: OBJ SAVEPACKAGE PACKAGE="/Game/Blueprints/PlayerPawn" FILE="../../../../../../Users/Adam/Documents/Unreal Projects/Beats/Content/Blueprints/PlayerPawn.uasset" SILENT=true
[2016.07.24-19.01.34:155][415]LogSavePackage: Save=24.48ms
[2016.07.24-19.01.34:155][415]LogSavePackage: Moving '../../../../../../Users/Adam/Documents/Unreal Projects/Beats/Saved/PlayerPawn95ED198C4C04B2B0AC43F5BE81F30823.tmp' to '../../../../../../Users/Adam/Documents/Unreal Projects/Beats/Content/Blueprints/PlayerPawn.uasset'
[2016.07.24-19.01.34:157][415]LogSavePackage: Total save time: 27.12ms
[2016.07.24-19.01.34:157][415]LogSavePackage:Display: Finished SavePackage ../../../../../../Users/Adam/Documents/Unreal Projects/Beats/Content/Blueprints/PlayerPawn.uasset
[2016.07.24-19.01.34:164][415]Cmd: OBJ SAVEPACKAGE PACKAGE="/Game/Blueprints/Blueprints/PlayerPawn" FILE="../../../../../../Users/Adam/Documents/Unreal Projects/Beats/Content/Blueprints/Blueprints/PlayerPawn.uasset" SILENT=true
[2016.07.24-19.01.34:177][415]LogSavePackage: Save=2.85ms
[2016.07.24-19.01.34:177][415]LogSavePackage: Moving '../../../../../../Users/Adam/Documents/Unreal Projects/Beats/Saved/PlayerPawnA9BE72814A0F3365498E82985493F80F.tmp' to '../../../../../../Users/Adam/Documents/Unreal Projects/Beats/Content/Blueprints/Blueprints/PlayerPawn.uasset'
[2016.07.24-19.01.34:179][415]LogSavePackage: Total save time: 13.35ms
[2016.07.24-19.01.34:179][415]LogSavePackage:Display: Finished SavePackage ../../../../../../Users/Adam/Documents/Unreal Projects/Beats/Content/Blueprints/Blueprints/PlayerPawn.uasset
[2016.07.24-19.01.34:184][415]Cmd: OBJ SAVEPACKAGE PACKAGE="/Game/Blueprints/SaltGameMode" FILE="../../../../../../Users/Adam/Documents/Unreal Projects/Beats/Content/Blueprints/SaltGameMode.uasset" SILENT=true
[2016.07.24-19.01.34:192][415]LogSavePackage: Save=6.64ms
[2016.07.24-19.01.34:192][415]LogSavePackage: Moving '../../../../../../Users/Adam/Documents/Unreal Projects/Beats/Saved/SaltGameMode6D1A5A4C47D0446394BCEC9F59E8CD2E.tmp' to '../../../../../../Users/Adam/Documents/Unreal Projects/Beats/Content/Blueprints/SaltGameMode.uasset'
[2016.07.24-19.01.34:194][415]LogSavePackage: Total save time: 9.38ms
[2016.07.24-19.01.34:194][415]LogSavePackage:Display: Finished SavePackage ../../../../../../Users/Adam/Documents/Unreal Projects/Beats/Content/Blueprints/SaltGameMode.uasset
[2016.07.24-19.01.41:860][811]LogMetaData: Removing '/Game/Blueprints/BeatPuppets/BeatPuppet_Interface.BeatPuppet_Interface_C' ref from Metadata '/Game/Blueprints/Blueprints/BeatPuppets/BeatPuppet_Interface.PackageMetaData'
[2016.07.24-19.01.41:860][811]LogMetaData: Removing '/Game/Blueprints/BeatPuppets/BeatPuppet_Interface.BeatPuppet_Interface_C:Receive Beat' ref from Metadata '/Game/Blueprints/Blueprints/BeatPuppets/BeatPuppet_Interface.PackageMetaData'
[2016.07.24-19.01.41:860][811]LogMetaData: Removing '/Game/Blueprints/BeatPuppets/BeatPuppet_Interface.BeatPuppet_Interface:Receive Beat.K2Node_FunctionEntry_111' ref from Metadata '/Game/Blueprints/Blueprints/BeatPuppets/BeatPuppet_Interface.PackageMetaData'
[2016.07.24-19.01.41:860][811]LogMetaData: Removing '/Game/Blueprints/BeatPuppets/BeatPuppet_Interface.SKEL_BeatPuppet_Interface_C:Receive Beat' ref from Metadata '/Game/Blueprints/Blueprints/BeatPuppets/BeatPuppet_Interface.PackageMetaData'
[2016.07.24-19.01.41:860][811]LogMetaData: Removing '/Game/Blueprints/BeatPuppets/BeatPuppet_Interface.SKEL_BeatPuppet_Interface_C' ref from Metadata '/Game/Blueprints/Blueprints/BeatPuppets/BeatPuppet_Interface.PackageMetaData'
[2016.07.24-19.01.41:870][811]LogMetaData: Removing '/Game/Blueprints/BeatPuppets/BeatPuppeteer.BeatPuppeteer_C' ref from Metadata '/Game/Blueprints/Blueprints/BeatPuppets/BeatPuppeteer.PackageMetaData'
[2016.07.24-19.01.41:870][811]LogMetaData: Removing '/Game/Blueprints/BeatPuppets/BeatPuppeteer.BeatPuppeteer_C:ExecuteUbergraph_BeatPuppeteer' ref from Metadata '/Game/Blueprints/Blueprints/BeatPuppets/BeatPuppeteer.PackageMetaData'
[2016.07.24-19.01.41:870][811]LogMetaData: Removing '/Game/Blueprints/BeatPuppets/BeatPuppeteer.BeatPuppeteer:EventGraph.K2Node_Event_645' ref from Metadata '/Game/Blueprints/Blueprints/BeatPuppets/BeatPuppeteer.PackageMetaData'
[2016.07.24-19.01.41:870][811]LogMetaData: Removing '/Game/Blueprints/BeatPuppets/BeatPuppeteer.BeatPuppeteer:EventGraph.K2Node_Event_647' ref from Metadata '/Game/Blueprints/Blueprints/BeatPuppets/BeatPuppeteer.PackageMetaData'
[2016.07.24-19.01.41:870][811]LogMetaData: Removing '/Game/Blueprints/BeatPuppets/BeatPuppeteer.BeatPuppeteer:UserConstructionScript.K2Node_FunctionEntry_43' ref from Metadata '/Game/Blueprints/Blueprints/BeatPuppets/BeatPuppeteer.PackageMetaData'
[2016.07.24-19.01.41:870][811]LogMetaData: Removing '/Game/Blueprints/BeatPuppets/BeatPuppeteer.BeatPuppeteer:Check Beat.K2Node_Tunnel_25' ref from Metadata '/Game/Blueprints/Blueprints/BeatPuppets/BeatPuppeteer.PackageMetaData'
[2016.07.24-19.01.41:870][811]LogMetaData: Removing '/Game/Blueprints/BeatPuppets/BeatPuppeteer.BeatPuppeteer:Check Beat.K2Node_Tunnel_24' ref from Metadata '/Game/Blueprints/Blueprints/BeatPuppets/BeatPuppeteer.PackageMetaData'
[2016.07.24-19.01.41:870][811]LogMetaData: Removing '/Game/Blueprints/BeatPuppets/BeatPuppeteer.BeatPuppeteer:TriggerBeat.K2Node_FunctionEntry_72' ref from Metadata '/Game/Blueprints/Blueprints/BeatPuppets/BeatPuppeteer.PackageMetaData'
[2016.07.24-19.01.41:870][811]LogMetaData: Removing '/Game/Blueprints/BeatPuppets/BeatPuppeteer.BeatPuppeteer_C:UserConstructionScript' ref from Metadata '/Game/Blueprints/Blueprints/BeatPuppets/BeatPuppeteer.PackageMetaData'
[2016.07.24-19.01.41:870][811]LogMetaData: Removing '/Game/Blueprints/BeatPuppets/BeatPuppeteer.BeatPuppeteer_C:ReceiveBeginPlay' ref from Metadata '/Game/Blueprints/Blueprints/BeatPuppets/BeatPuppeteer.PackageMetaData'
[2016.07.24-19.01.41:870][811]LogMetaData: Removing '/Game/Blueprints/BeatPuppets/BeatPuppeteer.BeatPuppeteer_C:ReceiveTick' ref from Metadata '/Game/Blueprints/Blueprints/BeatPuppets/BeatPuppeteer.PackageMetaData'
[2016.07.24-19.01.41:870][811]LogMetaData: Removing '/Game/Blueprints/BeatPuppets/BeatPuppeteer.BeatPuppeteer_C:Audio' ref from Metadata '/Game/Blueprints/Blueprints/BeatPuppets/BeatPuppeteer.PackageMetaData'
[2016.07.24-19.01.41:870][811]LogMetaData: Removing '/Game/Blueprints/BeatPuppets/BeatPuppeteer.BeatPuppeteer_C:DefaultSceneRoot' ref from Metadata '/Game/Blueprints/Blueprints/BeatPuppets/BeatPuppeteer.PackageMetaData'
[2016.07.24-19.01.41:870][811]LogMetaData: Removing '/Game/Blueprints/BeatPuppets/BeatPuppeteer.BeatPuppeteer_C:BeatTracker' ref from Metadata '/Game/Blueprints/Blueprints/BeatPuppets/BeatPuppeteer.PackageMetaData'
[2016.07.24-19.01.41:870][811]LogMetaData: Removing '/Game/Blueprints/BeatPuppets/BeatPuppeteer.BeatPuppeteer_C:Tempo' ref from Metadata '/Game/Blueprints/Blueprints/BeatPuppets/BeatPuppeteer.PackageMetaData'
[2016.07.24-19.01.41:870][811]LogMetaData: Removing '/Game/Blueprints/BeatPuppets/BeatPuppeteer.BeatPuppeteer_C:AudioCue' ref from Metadata '/Game/Blueprints/Blueprints/BeatPuppets/BeatPuppeteer.PackageMetaData'
[2016.07.24-19.01.41:870][811]LogMetaData: Removing '/Game/Blueprints/BeatPuppets/BeatPuppeteer.BeatPuppeteer_C:AC' ref from Metadata '/Game/Blueprints/Blueprints/BeatPuppets/BeatPuppeteer.PackageMetaData'
[2016.07.24-19.01.41:870][811]LogMetaData: Removing '/Game/Blueprints/BeatPuppets/BeatPuppeteer.BeatPuppeteer_C:offset' ref from Metadata '/Game/Blueprints/Blueprints/BeatPuppets/BeatPuppeteer.PackageMetaData'
[2016.07.24-19.01.41:870][811]LogMetaData: Removing '/Game/Blueprints/BeatPuppets/BeatPuppeteer.BeatPuppeteer_C:actualOffset' ref from Metadata '/Game/Blueprints/Blueprints/BeatPuppets/BeatPuppeteer.PackageMetaData'
[2016.07.24-19.01.41:870][811]LogMetaData: Removing '/Game/Blueprints/BeatPuppets/BeatPuppeteer.BeatPuppeteer_C:hasUsedFirstBeat' ref from Metadata '/Game/Blueprints/Blueprints/BeatPuppets/BeatPuppeteer.PackageMetaData'
[2016.07.24-19.01.41:870][811]LogMetaData: Removing '/Game/Blueprints/BeatPuppets/BeatPuppeteer.BeatPuppeteer_C:beatDivisionTracker' ref from Metadata '/Game/Blueprints/Blueprints/BeatPuppets/BeatPuppeteer.PackageMetaData'
[2016.07.24-19.01.41:870][811]LogMetaData: Removing '/Game/Blueprints/BeatPuppets/BeatPuppeteer.BeatPuppeteer_C:beatDivisionRet' ref from Metadata '/Game/Blueprints/Blueprints/BeatPuppets/BeatPuppeteer.PackageMetaData'
[2016.07.24-19.01.41:870][811]LogMetaData: Removing '/Game/Blueprints/BeatPuppets/BeatPuppeteer.SKEL_BeatPuppeteer_C:beatDivisionRet' ref from Metadata '/Game/Blueprints/Blueprints/BeatPuppets/BeatPuppeteer.PackageMetaData'
[2016.07.24-19.01.41:870][811]LogMetaData: Removing '/Game/Blueprints/BeatPuppets/BeatPuppeteer.SKEL_BeatPuppeteer_C:beatDivisionTracker' ref from Metadata '/Game/Blueprints/Blueprints/BeatPuppets/BeatPuppeteer.PackageMetaData'
[2016.07.24-19.01.41:870][811]LogMetaData: Removing '/Game/Blueprints/BeatPuppets/BeatPuppeteer.SKEL_BeatPuppeteer_C:hasUsedFirstBeat' ref from Metadata '/Game/Blueprints/Blueprints/BeatPuppets/BeatPuppeteer.PackageMetaData'
[2016.07.24-19.01.41:870][811]LogMetaData: Removing '/Game/Blueprints/BeatPuppets/BeatPuppeteer.SKEL_BeatPuppeteer_C:actualOffset' ref from Metadata '/Game/Blueprints/Blueprints/BeatPuppets/BeatPuppeteer.PackageMetaData'
[2016.07.24-19.01.41:870][811]LogMetaData: Removing '/Game/Blueprints/BeatPuppets/BeatPuppeteer.SKEL_BeatPuppeteer_C:offset' ref from Metadata '/Game/Blueprints/Blueprints/BeatPuppets/BeatPuppeteer.PackageMetaData'
[2016.07.24-19.01.41:870][811]LogMetaData: Removing '/Game/Blueprints/BeatPuppets/BeatPuppeteer.SKEL_BeatPuppeteer_C:AC' ref from Metadata '/Game/Blueprints/Blueprints/BeatPuppets/BeatPuppeteer.PackageMetaData'
[2016.07.24-19.01.41:870][811]LogMetaData: Removing '/Game/Blueprints/BeatPuppets/BeatPuppeteer.SKEL_BeatPuppeteer_C:AudioCue' ref from Metadata '/Game/Blueprints/Blueprints/BeatPuppets/BeatPuppeteer.PackageMetaData'
[2016.07.24-19.01.41:870][811]LogMetaData: Removing '/Game/Blueprints/BeatPuppets/BeatPuppeteer.SKEL_BeatPuppeteer_C:Tempo' ref from Metadata '/Game/Blueprints/Blueprints/BeatPuppets/BeatPuppeteer.PackageMetaData'
[2016.07.24-19.01.41:870][811]LogMetaData: Removing '/Game/Blueprints/BeatPuppets/BeatPuppeteer.SKEL_BeatPuppeteer_C:BeatTracker' ref from Metadata '/Game/Blueprints/Blueprints/BeatPuppets/BeatPuppeteer.PackageMetaData'
[2016.07.24-19.01.41:870][811]LogMetaData: Removing '/Game/Blueprints/BeatPuppets/BeatPuppeteer.SKEL_BeatPuppeteer_C:DefaultSceneRoot' ref from Metadata '/Game/Blueprints/Blueprints/BeatPuppets/BeatPuppeteer.PackageMetaData'
[2016.07.24-19.01.41:870][811]LogMetaData: Removing '/Game/Blueprints/BeatPuppets/BeatPuppeteer.SKEL_BeatPuppeteer_C:Audio' ref from Metadata '/Game/Blueprints/Blueprints/BeatPuppets/BeatPuppeteer.PackageMetaData'
[2016.07.24-19.01.41:870][811]LogMetaData: Removing '/Game/Blueprints/BeatPuppets/BeatPuppeteer.SKEL_BeatPuppeteer_C:ReceiveTick' ref from Metadata '/Game/Blueprints/Blueprints/BeatPuppets/BeatPuppeteer.PackageMetaData'
[2016.07.24-19.01.41:870][811]LogMetaData: Removing '/Game/Blueprints/BeatPuppets/BeatPuppeteer.SKEL_BeatPuppeteer_C:ReceiveBeginPlay' ref from Metadata '/Game/Blueprints/Blueprints/BeatPuppets/BeatPuppeteer.PackageMetaData'
[2016.07.24-19.01.41:870][811]LogMetaData: Removing '/Game/Blueprints/BeatPuppets/BeatPuppeteer.SKEL_BeatPuppeteer_C:UserConstructionScript' ref from Metadata '/Game/Blueprints/Blueprints/BeatPuppets/BeatPuppeteer.PackageMetaData'
[2016.07.24-19.01.41:870][811]LogMetaData: Removing '/Game/Blueprints/BeatPuppets/BeatPuppeteer.SKEL_BeatPuppeteer_C:ExecuteUbergraph_BeatPuppeteer' ref from Metadata '/Game/Blueprints/Blueprints/BeatPuppets/BeatPuppeteer.PackageMetaData'
[2016.07.24-19.01.41:870][811]LogMetaData: Removing '/Game/Blueprints/BeatPuppets/BeatPuppeteer.SKEL_BeatPuppeteer_C' ref from Metadata '/Game/Blueprints/Blueprints/BeatPuppets/BeatPuppeteer.PackageMetaData'
[2016.07.24-19.01.41:879][811]LogMetaData: Removing '/Game/Blueprints/BeatPuppets/BeatPuppet_DebugBlock.BeatPuppet_DebugBlock_C' ref from Metadata '/Game/Blueprints/Blueprints/BeatPuppets/BeatPuppet_DebugBlock.PackageMetaData'
[2016.07.24-19.01.41:879][811]LogMetaData: Removing '/Game/Blueprints/BeatPuppets/BeatPuppet_DebugBlock.BeatPuppet_DebugBlock_C:ExecuteUbergraph_BeatPuppet_DebugBlock' ref from Metadata '/Game/Blueprints/Blueprints/BeatPuppets/BeatPuppet_DebugBlock.PackageMetaData'
[2016.07.24-19.01.41:879][811]LogMetaData: Removing '/Game/Blueprints/BeatPuppets/BeatPuppet_DebugBlock.BeatPuppet_DebugBlock_C:UserConstructionScript' ref from Metadata '/Game/Blueprints/Blueprints/BeatPuppets/BeatPuppet_DebugBlock.PackageMetaData'
[2016.07.24-19.01.41:879][811]LogMetaData: Removing '/Game/Blueprints/BeatPuppets/BeatPuppet_DebugBlock.BeatPuppet_DebugBlock_C:Receive Beat' ref from Metadata '/Game/Blueprints/Blueprints/BeatPuppets/BeatPuppet_DebugBlock.PackageMetaData'
[2016.07.24-19.01.41:879][811]LogMetaData: Removing '/Game/Blueprints/BeatPuppets/BeatPuppet_DebugBlock.BeatPuppet_DebugBlock_C:Cube' ref from Metadata '/Game/Blueprints/Blueprints/BeatPuppets/BeatPuppet_DebugBlock.PackageMetaData'
[2016.07.24-19.01.41:879][811]LogMetaData: Removing '/Game/Blueprints/BeatPuppets/BeatPuppet_DebugBlock.BeatPuppet_DebugBlock_C:DefaultSceneRoot' ref from Metadata '/Game/Blueprints/Blueprints/BeatPuppets/BeatPuppet_DebugBlock.PackageMetaData'
[2016.07.24-19.01.41:879][811]LogMetaData: Removing '/Game/Blueprints/BeatPuppets/BeatPuppet_DebugBlock.BeatPuppet_DebugBlock:UserConstructionScript.K2Node_FunctionEntry_112' ref from Metadata '/Game/Blueprints/Blueprints/BeatPuppets/BeatPuppet_DebugBlock.PackageMetaData'
[2016.07.24-19.01.41:879][811]LogMetaData: Removing '/Game/Blueprints/BeatPuppets/BeatPuppet_DebugBlock.BeatPuppet_DebugBlock_C:beatToMoveOn' ref from Metadata '/Game/Blueprints/Blueprints/BeatPuppets/BeatPuppet_DebugBlock.PackageMetaData'
[2016.07.24-19.01.41:879][811]LogMetaData: Removing '/Game/Blueprints/BeatPuppets/BeatPuppet_DebugBlock.SKEL_BeatPuppet_DebugBlock_C:beatToMoveOn' ref from Metadata '/Game/Blueprints/Blueprints/BeatPuppets/BeatPuppet_DebugBlock.PackageMetaData'
[2016.07.24-19.01.41:879][811]LogMetaData: Removing '/Game/Blueprints/BeatPuppets/BeatPuppet_DebugBlock.SKEL_BeatPuppet_DebugBlock_C:DefaultSceneRoot' ref from Metadata '/Game/Blueprints/Blueprints/BeatPuppets/BeatPuppet_DebugBlock.PackageMetaData'
[2016.07.24-19.01.41:879][811]LogMetaData: Removing '/Game/Blueprints/BeatPuppets/BeatPuppet_DebugBlock.SKEL_BeatPuppet_DebugBlock_C:Cube' ref from Metadata '/Game/Blueprints/Blueprints/BeatPuppets/BeatPuppet_DebugBlock.PackageMetaData'
[2016.07.24-19.01.41:879][811]LogMetaData: Removing '/Game/Blueprints/BeatPuppets/BeatPuppet_DebugBlock.SKEL_BeatPuppet_DebugBlock_C:Receive Beat' ref from Metadata '/Game/Blueprints/Blueprints/BeatPuppets/BeatPuppet_DebugBlock.PackageMetaData'
[2016.07.24-19.01.41:879][811]LogMetaData: Removing '/Game/Blueprints/BeatPuppets/BeatPuppet_DebugBlock.SKEL_BeatPuppet_DebugBlock_C:UserConstructionScript' ref from Metadata '/Game/Blueprints/Blueprints/BeatPuppets/BeatPuppet_DebugBlock.PackageMetaData'
[2016.07.24-19.01.41:879][811]LogMetaData: Removing '/Game/Blueprints/BeatPuppets/BeatPuppet_DebugBlock.SKEL_BeatPuppet_DebugBlock_C:ExecuteUbergraph_BeatPuppet_DebugBlock' ref from Metadata '/Game/Blueprints/Blueprints/BeatPuppets/BeatPuppet_DebugBlock.PackageMetaData'
[2016.07.24-19.01.41:879][811]LogMetaData: Removing '/Game/Blueprints/BeatPuppets/BeatPuppet_DebugBlock.SKEL_BeatPuppet_DebugBlock_C' ref from Metadata '/Game/Blueprints/Blueprints/BeatPuppets/BeatPuppet_DebugBlock.PackageMetaData'
[2016.07.24-19.01.41:906][811]LogSavePackage: Save=3.89ms
[2016.07.24-19.01.41:906][811]LogSavePackage: Moving '../../../../../../Users/Adam/Documents/Unreal Projects/Beats/Saved/BeatPuppet_Interface9CD0E9084EB9746E6BC5509F5CBC5A9A.tmp' to '../../../../../../Users/Adam/Documents/Unreal Projects/Beats/Content/Blueprints/BeatPuppets/BeatPuppet_Interface.uasset'
[2016.07.24-19.01.41:909][811]LogSavePackage: Total save time: 6.72ms
[2016.07.24-19.01.41:909][811]LogSavePackage:Display: Finished SavePackage ../../../../../../Users/Adam/Documents/Unreal Projects/Beats/Content/Blueprints/BeatPuppets/BeatPuppet_Interface.uasset
[2016.07.24-19.01.42:022][811]LogSavePackage: Save=105.97ms
[2016.07.24-19.01.42:022][811]LogSavePackage: Moving '../../../../../../Users/Adam/Documents/Unreal Projects/Beats/Saved/BeatPuppeteer0822EB98481ADD44ED7EDEABCCE9DB5E.tmp' to '../../../../../../Users/Adam/Documents/Unreal Projects/Beats/Content/Blueprints/BeatPuppets/BeatPuppeteer.uasset'
[2016.07.24-19.01.42:025][811]LogSavePackage: Total save time: 109.20ms
[2016.07.24-19.01.42:025][811]LogSavePackage:Display: Finished SavePackage ../../../../../../Users/Adam/Documents/Unreal Projects/Beats/Content/Blueprints/BeatPuppets/BeatPuppeteer.uasset
[2016.07.24-19.01.42:047][811]LogSavePackage: Save=2.68ms
[2016.07.24-19.01.42:047][811]LogSavePackage: Moving '../../../../../../Users/Adam/Documents/Unreal Projects/Beats/Saved/BeatPuppeteer0A0C36214561572F826C2DB974B4D7A6.tmp' to '../../../../../../Users/Adam/Documents/Unreal Projects/Beats/Content/Blueprints/Blueprints/BeatPuppets/BeatPuppeteer.uasset'
[2016.07.24-19.01.42:049][811]LogSavePackage: Total save time: 13.01ms
[2016.07.24-19.01.42:049][811]LogSavePackage:Display: Finished SavePackage ../../../../../../Users/Adam/Documents/Unreal Projects/Beats/Content/Blueprints/Blueprints/BeatPuppets/BeatPuppeteer.uasset
[2016.07.24-19.01.42:120][811]LogSavePackage: Save=39.73ms
[2016.07.24-19.01.42:120][811]LogSavePackage: Moving '../../../../../../Users/Adam/Documents/Unreal Projects/Beats/Saved/BeatPuppet_DebugBlock1D6A499B49A1A997AF8B378C4347753C.tmp' to '../../../../../../Users/Adam/Documents/Unreal Projects/Beats/Content/Blueprints/BeatPuppets/BeatPuppet_DebugBlock.uasset'
[2016.07.24-19.01.42:123][811]LogSavePackage: Total save time: 43.19ms
[2016.07.24-19.01.42:123][811]LogSavePackage:Display: Finished SavePackage ../../../../../../Users/Adam/Documents/Unreal Projects/Beats/Content/Blueprints/BeatPuppets/BeatPuppet_DebugBlock.uasset
[2016.07.24-19.01.42:142][811]LogSavePackage: Save=2.17ms
[2016.07.24-19.01.42:142][811]LogSavePackage: Moving '../../../../../../Users/Adam/Documents/Unreal Projects/Beats/Saved/BeatPuppet_DebugBlock0BD729714F9A31FABBA1689204D46A20.tmp' to '../../../../../../Users/Adam/Documents/Unreal Projects/Beats/Content/Blueprints/Blueprints/BeatPuppets/BeatPuppet_DebugBlock.uasset'
[2016.07.24-19.01.42:145][811]LogSavePackage: Total save time: 12.49ms
[2016.07.24-19.01.42:145][811]LogSavePackage:Display: Finished SavePackage ../../../../../../Users/Adam/Documents/Unreal Projects/Beats/Content/Blueprints/Blueprints/BeatPuppets/BeatPuppet_DebugBlock.uasset
[2016.07.24-19.02.07:279][933]LogMetaData: Removing '/Game/Blueprints/Structures/Highway.Highway_C' ref from Metadata '/Game/Blueprints/Blueprints/Structures/Highway.PackageMetaData'
[2016.07.24-19.02.07:279][933]LogMetaData: Removing '/Game/Blueprints/Structures/Highway.Highway_C:Back' ref from Metadata '/Game/Blueprints/Blueprints/Structures/Highway.PackageMetaData'
[2016.07.24-19.02.07:279][933]LogMetaData: Removing '/Game/Blueprints/Structures/Highway.Highway:UserConstructionScript.K2Node_FunctionEntry_355' ref from Metadata '/Game/Blueprints/Blueprints/Structures/Highway.PackageMetaData'
[2016.07.24-19.02.07:279][933]LogMetaData: Removing '/Game/Blueprints/Structures/Highway.Highway:EventGraph.K2Node_Event_385' ref from Metadata '/Game/Blueprints/Blueprints/Structures/Highway.PackageMetaData'
[2016.07.24-19.02.07:279][933]LogMetaData: Removing '/Game/Blueprints/Structures/Highway.Highway:EventGraph.K2Node_Event_386' ref from Metadata '/Game/Blueprints/Blueprints/Structures/Highway.PackageMetaData'
[2016.07.24-19.02.07:279][933]LogMetaData: Removing '/Game/Blueprints/Structures/Highway.Highway:EventGraph.K2Node_Event_387' ref from Metadata '/Game/Blueprints/Blueprints/Structures/Highway.PackageMetaData'
[2016.07.24-19.02.07:279][933]LogMetaData: Removing '/Game/Blueprints/Structures/Highway.Highway_C:DefaultSceneRoot' ref from Metadata '/Game/Blueprints/Blueprints/Structures/Highway.PackageMetaData'
[2016.07.24-19.02.07:279][933]LogMetaData: Removing '/Game/Blueprints/Structures/Highway.SKEL_Highway_C:UserConstructionScript' ref from Metadata '/Game/Blueprints/Blueprints/Structures/Highway.PackageMetaData'
[2016.07.24-19.02.07:279][933]LogMetaData: Removing '/Game/Blueprints/Structures/Highway.SKEL_Highway_C:noteSpawn4' ref from Metadata '/Game/Blueprints/Blueprints/Structures/Highway.PackageMetaData'
[2016.07.24-19.02.07:279][933]LogMetaData: Removing '/Game/Blueprints/Structures/Highway.SKEL_Highway_C:noteSpawn3' ref from Metadata '/Game/Blueprints/Blueprints/Structures/Highway.PackageMetaData'
[2016.07.24-19.02.07:279][933]LogMetaData: Removing '/Game/Blueprints/Structures/Highway.SKEL_Highway_C' ref from Metadata '/Game/Blueprints/Blueprints/Structures/Highway.PackageMetaData'
[2016.07.24-19.02.07:279][933]LogMetaData: Removing '/Game/Blueprints/Structures/Highway.SKEL_Highway_C:noteSpawn2' ref from Metadata '/Game/Blueprints/Blueprints/Structures/Highway.PackageMetaData'
[2016.07.24-19.02.07:279][933]LogMetaData: Removing '/Game/Blueprints/Structures/Highway.SKEL_Highway_C:noteSpawn1' ref from Metadata '/Game/Blueprints/Blueprints/Structures/Highway.PackageMetaData'
[2016.07.24-19.02.07:279][933]LogMetaData: Removing '/Game/Blueprints/Structures/Highway.SKEL_Highway_C:Divider5' ref from Metadata '/Game/Blueprints/Blueprints/Structures/Highway.PackageMetaData'
[2016.07.24-19.02.07:279][933]LogMetaData: Removing '/Game/Blueprints/Structures/Highway.SKEL_Highway_C:Divider4' ref from Metadata '/Game/Blueprints/Blueprints/Structures/Highway.PackageMetaData'
[2016.07.24-19.02.07:279][933]LogMetaData: Removing '/Game/Blueprints/Structures/Highway.SKEL_Highway_C:Divider3' ref from Metadata '/Game/Blueprints/Blueprints/Structures/Highway.PackageMetaData'
[2016.07.24-19.02.07:279][933]LogMetaData: Removing '/Game/Blueprints/Structures/Highway.SKEL_Highway_C:Divider2' ref from Metadata '/Game/Blueprints/Blueprints/Structures/Highway.PackageMetaData'
[2016.07.24-19.02.07:279][933]LogMetaData: Removing '/Game/Blueprints/Structures/Highway.SKEL_Highway_C:Divider' ref from Metadata '/Game/Blueprints/Blueprints/Structures/Highway.PackageMetaData'
[2016.07.24-19.02.07:279][933]LogMetaData: Removing '/Game/Blueprints/Structures/Highway.SKEL_Highway_C:Back' ref from Metadata '/Game/Blueprints/Blueprints/Structures/Highway.PackageMetaData'
[2016.07.24-19.02.07:279][933]LogMetaData: Removing '/Game/Blueprints/Structures/Highway.SKEL_Highway_C:DefaultSceneRoot' ref from Metadata '/Game/Blueprints/Blueprints/Structures/Highway.PackageMetaData'
[2016.07.24-19.02.07:279][933]LogMetaData: Removing '/Game/Blueprints/Structures/Highway.Highway_C:Divider' ref from Metadata '/Game/Blueprints/Blueprints/Structures/Highway.PackageMetaData'
[2016.07.24-19.02.07:279][933]LogMetaData: Removing '/Game/Blueprints/Structures/Highway.Highway_C:Divider2' ref from Metadata '/Game/Blueprints/Blueprints/Structures/Highway.PackageMetaData'
[2016.07.24-19.02.07:279][933]LogMetaData: Removing '/Game/Blueprints/Structures/Highway.Highway_C:Divider3' ref from Metadata '/Game/Blueprints/Blueprints/Structures/Highway.PackageMetaData'
[2016.07.24-19.02.07:279][933]LogMetaData: Removing '/Game/Blueprints/Structures/Highway.Highway_C:Divider4' ref from Metadata '/Game/Blueprints/Blueprints/Structures/Highway.PackageMetaData'
[2016.07.24-19.02.07:279][933]LogMetaData: Removing '/Game/Blueprints/Structures/Highway.Highway_C:Divider5' ref from Metadata '/Game/Blueprints/Blueprints/Structures/Highway.PackageMetaData'
[2016.07.24-19.02.07:279][933]LogMetaData: Removing '/Game/Blueprints/Structures/Highway.Highway_C:noteSpawn1' ref from Metadata '/Game/Blueprints/Blueprints/Structures/Highway.PackageMetaData'
[2016.07.24-19.02.07:279][933]LogMetaData: Removing '/Game/Blueprints/Structures/Highway.Highway_C:noteSpawn2' ref from Metadata '/Game/Blueprints/Blueprints/Structures/Highway.PackageMetaData'
[2016.07.24-19.02.07:279][933]LogMetaData: Removing '/Game/Blueprints/Structures/Highway.Highway_C:noteSpawn3' ref from Metadata '/Game/Blueprints/Blueprints/Structures/Highway.PackageMetaData'
[2016.07.24-19.02.07:279][933]LogMetaData: Removing '/Game/Blueprints/Structures/Highway.Highway_C:noteSpawn4' ref from Metadata '/Game/Blueprints/Blueprints/Structures/Highway.PackageMetaData'
[2016.07.24-19.02.07:280][933]LogMetaData: Removing '/Game/Blueprints/Structures/Highway.Highway_C:UserConstructionScript' ref from Metadata '/Game/Blueprints/Blueprints/Structures/Highway.PackageMetaData'
[2016.07.24-19.02.07:321][933]Cmd: OBJ SAVEPACKAGE PACKAGE="/Game/Blueprints/Structures/Highway" FILE="../../../../../../Users/Adam/Documents/Unreal Projects/Beats/Content/Blueprints/Structures/Highway.uasset" SILENT=true
[2016.07.24-19.02.07:354][933]LogSavePackage: Save=32.03ms
[2016.07.24-19.02.07:354][933]LogSavePackage: Moving '../../../../../../Users/Adam/Documents/Unreal Projects/Beats/Saved/HighwayE5B336DB40106532DC92EDBF29970F0A.tmp' to '../../../../../../Users/Adam/Documents/Unreal Projects/Beats/Content/Blueprints/Structures/Highway.uasset'
[2016.07.24-19.02.07:359][933]LogSavePackage: Total save time: 37.48ms
[2016.07.24-19.02.07:359][933]LogSavePackage:Display: Finished SavePackage ../../../../../../Users/Adam/Documents/Unreal Projects/Beats/Content/Blueprints/Structures/Highway.uasset
[2016.07.24-19.02.27:380][909]Cmd: OBJ SAVEPACKAGE PACKAGE="/Game/Maps/Test" FILE="../../../../../../Users/Adam/Documents/Unreal Projects/Beats/Content/Maps/Test.umap" SILENT=true AUTOSAVING=false KEEPDIRTY=false
[2016.07.24-19.02.27:448][909]LogSavePackage: Save=46.07ms
[2016.07.24-19.02.27:448][909]LogSavePackage: Moving '../../../../../../Users/Adam/Documents/Unreal Projects/Beats/Saved/Test590809134DFA44B5BF36459B844F1651.tmp' to '../../../../../../Users/Adam/Documents/Unreal Projects/Beats/Content/Maps/Test.umap'
[2016.07.24-19.02.27:450][909]LogSavePackage: Total save time: 55.12ms
[2016.07.24-19.02.27:450][909]LogSavePackage:Display: Finished SavePackage ../../../../../../Users/Adam/Documents/Unreal Projects/Beats/Content/Maps/Test.umap
[2016.07.24-19.02.27:486][909]LogFileHelpers: Saving map 'Test' took 0.195
[2016.07.24-19.02.27:492][909]Cmd: OBJ SAVEPACKAGE PACKAGE="/Game/Blueprints/Blueprints/BeatBlock" FILE="../../../../../../Users/Adam/Documents/Unreal Projects/Beats/Content/Blueprints/Blueprints/BeatBlock.uasset" SILENT=true
[2016.07.24-19.02.27:504][909]LogSavePackage: Save=3.32ms
[2016.07.24-19.02.27:504][909]LogSavePackage: Moving '../../../../../../Users/Adam/Documents/Unreal Projects/Beats/Saved/BeatBlock4FC324BC4A9679FA96DEB7B25CDD032B.tmp' to '../../../../../../Users/Adam/Documents/Unreal Projects/Beats/Content/Blueprints/Blueprints/BeatBlock.uasset'
[2016.07.24-19.02.27:505][909]LogSavePackage: Total save time: 12.52ms
[2016.07.24-19.02.27:505][909]LogSavePackage:Display: Finished SavePackage ../../../../../../Users/Adam/Documents/Unreal Projects/Beats/Content/Blueprints/Blueprints/BeatBlock.uasset
[2016.07.24-19.02.27:511][909]Cmd: OBJ SAVEPACKAGE PACKAGE="/Game/Blueprints/Blueprints/BeatPuppeteer" FILE="../../../../../../Users/Adam/Documents/Unreal Projects/Beats/Content/Blueprints/Blueprints/BeatPuppeteer.uasset" SILENT=true
[2016.07.24-19.02.27:523][909]LogSavePackage: Save=4.44ms
[2016.07.24-19.02.27:523][909]LogSavePackage: Moving '../../../../../../Users/Adam/Documents/Unreal Projects/Beats/Saved/BeatPuppeteer5697BBEB4FB893B50E7D5DBAE506B53E.tmp' to '../../../../../../Users/Adam/Documents/Unreal Projects/Beats/Content/Blueprints/Blueprints/BeatPuppeteer.uasset'
[2016.07.24-19.02.27:527][909]LogSavePackage: Total save time: 14.97ms
[2016.07.24-19.02.27:527][909]LogSavePackage:Display: Finished SavePackage ../../../../../../Users/Adam/Documents/Unreal Projects/Beats/Content/Blueprints/Blueprints/BeatPuppeteer.uasset
[2016.07.24-19.02.27:533][909]Cmd: OBJ SAVEPACKAGE PACKAGE="/Game/Blueprints/PlayerPawn" FILE="../../../../../../Users/Adam/Documents/Unreal Projects/Beats/Content/Blueprints/PlayerPawn.uasset" SILENT=true
[2016.07.24-19.02.27:560][909]LogSavePackage: Save=19.41ms
[2016.07.24-19.02.27:560][909]LogSavePackage: Moving '../../../../../../Users/Adam/Documents/Unreal Projects/Beats/Saved/PlayerPawn83C9B4704FB13B3014742FA4FC61AA15.tmp' to '../../../../../../Users/Adam/Documents/Unreal Projects/Beats/Content/Blueprints/PlayerPawn.uasset'
[2016.07.24-19.02.27:562][909]LogSavePackage: Total save time: 28.18ms
[2016.07.24-19.02.27:562][909]LogSavePackage:Display: Finished SavePackage ../../../../../../Users/Adam/Documents/Unreal Projects/Beats/Content/Blueprints/PlayerPawn.uasset
[2016.07.24-19.03.53:087][112]LogMetaData: Removing '/Game/Blueprints/Main/Highway.Highway_C' ref from Metadata '/Game/Blueprints/Structures/Highway.PackageMetaData'
[2016.07.24-19.03.53:087][112]LogMetaData: Removing '/Game/Blueprints/Main/Highway.Highway_C:noteSpawn1' ref from Metadata '/Game/Blueprints/Structures/Highway.PackageMetaData'
[2016.07.24-19.03.53:087][112]LogMetaData: Removing '/Game/Blueprints/Main/Highway.Highway_C:Divider5' ref from Metadata '/Game/Blueprints/Structures/Highway.PackageMetaData'
[2016.07.24-19.03.53:087][112]LogMetaData: Removing '/Game/Blueprints/Main/Highway.Highway_C:Divider4' ref from Metadata '/Game/Blueprints/Structures/Highway.PackageMetaData'
[2016.07.24-19.03.53:087][112]LogMetaData: Removing '/Game/Blueprints/Main/Highway.Highway_C:DefaultSceneRoot' ref from Metadata '/Game/Blueprints/Structures/Highway.PackageMetaData'
[2016.07.24-19.03.53:087][112]LogMetaData: Removing '/Game/Blueprints/Main/Highway.Highway_C:Back' ref from Metadata '/Game/Blueprints/Structures/Highway.PackageMetaData'
[2016.07.24-19.03.53:087][112]LogMetaData: Removing '/Game/Blueprints/Main/Highway.Highway_C:Divider' ref from Metadata '/Game/Blueprints/Structures/Highway.PackageMetaData'
[2016.07.24-19.03.53:087][112]LogMetaData: Removing '/Game/Blueprints/Main/Highway.Highway_C:Divider2' ref from Metadata '/Game/Blueprints/Structures/Highway.PackageMetaData'
[2016.07.24-19.03.53:087][112]LogMetaData: Removing '/Game/Blueprints/Main/Highway.Highway_C:Divider3' ref from Metadata '/Game/Blueprints/Structures/Highway.PackageMetaData'
[2016.07.24-19.03.53:087][112]LogMetaData: Removing '/Game/Blueprints/Main/Highway.Highway_C:noteSpawn2' ref from Metadata '/Game/Blueprints/Structures/Highway.PackageMetaData'
[2016.07.24-19.03.53:087][112]LogMetaData: Removing '/Game/Blueprints/Main/Highway.Highway_C:noteSpawn3' ref from Metadata '/Game/Blueprints/Structures/Highway.PackageMetaData'
[2016.07.24-19.03.53:087][112]LogMetaData: Removing '/Game/Blueprints/Main/Highway.Highway_C:noteSpawn4' ref from Metadata '/Game/Blueprints/Structures/Highway.PackageMetaData'
[2016.07.24-19.03.53:087][112]LogMetaData: Removing '/Game/Blueprints/Main/Highway.Highway_C:UserConstructionScript' ref from Metadata '/Game/Blueprints/Structures/Highway.PackageMetaData'
[2016.07.24-19.03.53:087][112]LogMetaData: Removing '/Game/Blueprints/Main/Highway.SKEL_Highway_C' ref from Metadata '/Game/Blueprints/Structures/Highway.PackageMetaData'
[2016.07.24-19.03.53:087][112]LogMetaData: Removing '/Game/Blueprints/Main/Highway.SKEL_Highway_C:DefaultSceneRoot' ref from Metadata '/Game/Blueprints/Structures/Highway.PackageMetaData'
[2016.07.24-19.03.53:087][112]LogMetaData: Removing '/Game/Blueprints/Main/Highway.SKEL_Highway_C:Back' ref from Metadata '/Game/Blueprints/Structures/Highway.PackageMetaData'
[2016.07.24-19.03.53:087][112]LogMetaData: Removing '/Game/Blueprints/Main/Highway.SKEL_Highway_C:Divider' ref from Metadata '/Game/Blueprints/Structures/Highway.PackageMetaData'
[2016.07.24-19.03.53:087][112]LogMetaData: Removing '/Game/Blueprints/Main/Highway.SKEL_Highway_C:Divider2' ref from Metadata '/Game/Blueprints/Structures/Highway.PackageMetaData'
[2016.07.24-19.03.53:087][112]LogMetaData: Removing '/Game/Blueprints/Main/Highway.SKEL_Highway_C:Divider3' ref from Metadata '/Game/Blueprints/Structures/Highway.PackageMetaData'
[2016.07.24-19.03.53:087][112]LogMetaData: Removing '/Game/Blueprints/Main/Highway.SKEL_Highway_C:Divider4' ref from Metadata '/Game/Blueprints/Structures/Highway.PackageMetaData'
[2016.07.24-19.03.53:087][112]LogMetaData: Removing '/Game/Blueprints/Main/Highway.SKEL_Highway_C:Divider5' ref from Metadata '/Game/Blueprints/Structures/Highway.PackageMetaData'
[2016.07.24-19.03.53:087][112]LogMetaData: Removing '/Game/Blueprints/Main/Highway.SKEL_Highway_C:noteSpawn1' ref from Metadata '/Game/Blueprints/Structures/Highway.PackageMetaData'
[2016.07.24-19.03.53:087][112]LogMetaData: Removing '/Game/Blueprints/Main/Highway.SKEL_Highway_C:noteSpawn2' ref from Metadata '/Game/Blueprints/Structures/Highway.PackageMetaData'
[2016.07.24-19.03.53:087][112]LogMetaData: Removing '/Game/Blueprints/Main/Highway.SKEL_Highway_C:noteSpawn3' ref from Metadata '/Game/Blueprints/Structures/Highway.PackageMetaData'
[2016.07.24-19.03.53:087][112]LogMetaData: Removing '/Game/Blueprints/Main/Highway.SKEL_Highway_C:noteSpawn4' ref from Metadata '/Game/Blueprints/Structures/Highway.PackageMetaData'
[2016.07.24-19.03.53:087][112]LogMetaData: Removing '/Game/Blueprints/Main/Highway.SKEL_Highway_C:UserConstructionScript' ref from Metadata '/Game/Blueprints/Structures/Highway.PackageMetaData'
[2016.07.24-19.03.53:087][112]LogMetaData: Removing '/Game/Blueprints/Main/Highway.Highway:EventGraph.K2Node_Event_385' ref from Metadata '/Game/Blueprints/Structures/Highway.PackageMetaData'
[2016.07.24-19.03.53:087][112]LogMetaData: Removing '/Game/Blueprints/Main/Highway.Highway:EventGraph.K2Node_Event_386' ref from Metadata '/Game/Blueprints/Structures/Highway.PackageMetaData'
[2016.07.24-19.03.53:087][112]LogMetaData: Removing '/Game/Blueprints/Main/Highway.Highway:EventGraph.K2Node_Event_387' ref from Metadata '/Game/Blueprints/Structures/Highway.PackageMetaData'
[2016.07.24-19.03.53:087][112]LogMetaData: Removing '/Game/Blueprints/Main/Highway.Highway:UserConstructionScript.K2Node_FunctionEntry_355' ref from Metadata '/Game/Blueprints/Structures/Highway.PackageMetaData'
[2016.07.24-19.03.53:128][112]Cmd: OBJ SAVEPACKAGE PACKAGE="/Game/Blueprints/Main/Highway" FILE="../../../../../../Users/Adam/Documents/Unreal Projects/Beats/Content/Blueprints/Main/Highway.uasset" SILENT=true
[2016.07.24-19.03.53:156][112]LogSavePackage: Save=26.83ms
[2016.07.24-19.03.53:156][112]LogSavePackage: Moving '../../../../../../Users/Adam/Documents/Unreal Projects/Beats/Saved/HighwayE92F104C4E9E3E83B354089FDBE9BBA3.tmp' to '../../../../../../Users/Adam/Documents/Unreal Projects/Beats/Content/Blueprints/Main/Highway.uasset'
[2016.07.24-19.03.53:159][112]LogSavePackage: Total save time: 29.44ms
[2016.07.24-19.03.53:159][112]LogSavePackage:Display: Finished SavePackage ../../../../../../Users/Adam/Documents/Unreal Projects/Beats/Content/Blueprints/Main/Highway.uasset
[2016.07.24-19.04.07:568][732]Cmd: OBJ SAVEPACKAGE PACKAGE="/Game/Blueprints/Main/Note" FILE="../../../../../../Users/Adam/Documents/Unreal Projects/Beats/Content/Blueprints/Main/Note.uasset" SILENT=true
[2016.07.24-19.04.07:578][732]LogSavePackage: Save=9.18ms
[2016.07.24-19.04.07:578][732]LogSavePackage: Moving '../../../../../../Users/Adam/Documents/Unreal Projects/Beats/Saved/NoteD6EA07824A6D92F0D4291AB4E36D17E5.tmp' to '../../../../../../Users/Adam/Documents/Unreal Projects/Beats/Content/Blueprints/Main/Note.uasset'
[2016.07.24-19.04.07:583][732]LogSavePackage: Total save time: 14.69ms
[2016.07.24-19.04.07:583][732]LogSavePackage:Display: Finished SavePackage ../../../../../../Users/Adam/Documents/Unreal Projects/Beats/Content/Blueprints/Main/Note.uasset
[2016.07.24-19.04.22:374][576]Cmd: OBJ SAVEPACKAGE PACKAGE="/Game/Blueprints/Main/Note" FILE="../../../../../../Users/Adam/Documents/Unreal Projects/Beats/Content/Blueprints/Main/Note.uasset" SILENT=true
[2016.07.24-19.04.22:401][576]LogSavePackage: Save=18.08ms
[2016.07.24-19.04.22:401][576]LogSavePackage: Moving '../../../../../../Users/Adam/Documents/Unreal Projects/Beats/Saved/Note17D4C35E4F3DA6A017FB5092497689BE.tmp' to '../../../../../../Users/Adam/Documents/Unreal Projects/Beats/Content/Blueprints/Main/Note.uasset'
[2016.07.24-19.04.22:404][576]LogSavePackage: Total save time: 28.85ms
[2016.07.24-19.04.22:404][576]LogSavePackage:Display: Finished SavePackage ../../../../../../Users/Adam/Documents/Unreal Projects/Beats/Content/Blueprints/Main/Note.uasset
[2016.07.24-19.04.23:189][623]BlueprintLog: New page: Compile Note
[2016.07.24-19.04.23:303][623]BlueprintEditorCompileResults: Info [0825.66] Compile of Note successful! [in 113 ms]
[2016.07.24-19.04.34:475][278]LogEditorTransaction: Undo Make New Scene Root
[2016.07.24-19.04.35:842][360]LogEditorTransaction: Undo Duplicate Component
[2016.07.24-19.04.40:421][627]LogWindows:Error: Windows GetLastError: The operation completed successfully. (0)
[2016.07.24-19.04.41:080][627]LogCrashTracker: 


[2016.07.24-19.04.41:088][627]LogCrashTracker: 


[2016.07.24-19.04.41:088][627]LogWindows:Error: === Critical error: ===
Fatal error: [File:D:\BuildFarm\buildmachine_++UE4+Release-4.11\Engine\Source\Runtime\CoreUObject\Private\UObject\Obj.cpp] [Line: 168] 
Renaming an object (StaticMeshComponent /Game/Blueprints/Main/Note.Note_C:StaticMesh_GEN_VARIABLE) on top of an existing object (StaticMeshComponent /Game/Blueprints/Main/Note.Note_C:NoteInner_GEN_VARIABLE) is not allowed




[2016.07.24-19.04.41:140][627]LogExit: Executing StaticShutdownAfterError
[2016.07.24-19.04.41:143][627]LogPhysics:Warning: PHYSX: ..\..\PhysX\src\NpScene.cpp (2946) 8 : PxScene::unlockWrite() called without matching call to PxScene::lockWrite(), behaviour will be undefined.
[2016.07.24-19.04.41:143][627]LogPhysics:Warning: PHYSX: ..\..\PhysX\src\NpScene.cpp (2946) 8 : PxScene::unlockWrite() called without matching call to PxScene::lockWrite(), behaviour will be undefined.
[2016.07.24-19.04.41:143][627]LogPhysics:Warning: PHYSX: ..\..\PhysX\src\NpScene.cpp (2946) 8 : PxScene::unlockWrite() called without matching call to PxScene::lockWrite(), behaviour will be undefined.
[2016.07.24-19.04.41:143][627]LogPhysics:Warning: PHYSX: ..\..\PhysX\src\NpScene.cpp (2946) 8 : PxScene::unlockWrite() called without matching call to PxScene::lockWrite(), behaviour will be undefined.
[2016.07.24-19.04.41:144][627]LogPhysics:Warning: PHYSX: ..\..\PhysX\src\NpScene.cpp (2946) 8 : PxScene::unlockWrite() called without matching call to PxScene::lockWrite(), behaviour will be undefined.
[2016.07.24-19.04.41:144][627]LogPhysics:Warning: PHYSX: ..\..\PhysX\src\NpScene.cpp (2946) 8 : PxScene::unlockWrite() called without matching call to PxScene::lockWrite(), behaviour will be undefined.
[2016.07.24-19.04.41:144][627]LogWindows: FPlatformMisc::RequestExit(1)
[2016.07.24-19.04.41:144][627]Log file closed, 07/24/16 15:04:41
