Log file open, 07/20/16 20:35:02
LogInit:Display: Running engine for game: Beats
LogPlatformFile: Not using cached read wrapper
LogInit:Display: RandInit(988157030) SRandInit(988157030).
LogTaskGraph: Started task graph with 4 named threads and 7 total threads.
LogStats: Stats thread started at 0.077720
LogInit: Version: 4.11.2-2946394+++UE4+Release-4.11
LogInit: API Version: 2927265
LogInit: Compiled (64-bit): Apr 18 2016 02:18:46
LogInit: Compiled with Visual C++: 19.00.23026.00
LogInit: Build Configuration: Development
LogInit: Branch Name: ++UE4+Release-4.11
LogInit: Command line:  /Temp/Autosaves/Game/TwinStickBP/Maps/UEDPCTest -game -PIEVIACONSOLE -ResX=1280 -ResY=720  -Multiprocess -messaging -SessionName="Play in Standalone Game" 
LogInit: Base directory: C:/Program Files (x86)/Epic Games/4.11/Engine/Binaries/Win64/
LogInit: Installed Engine Build: 1
LogInit: Using libcurl 7.41.0
LogInit:  - built for x86_64-pc-win32
LogInit:  - supports SSL with WinSSL
LogInit:  - other features:
LogInit:      CURL_VERSION_SSL
LogInit:      CURL_VERSION_IPV6
LogInit:      CURL_VERSION_ASYNCHDNS
LogInit:      CURL_VERSION_LARGEFILE
LogInit:      CURL_VERSION_IDN
LogInit:  CurlRequestOptions (configurable via config and command line):
LogInit:  - bVerifyPeer = true  - Libcurl will verify peer certificate
LogInit:  - bUseHttpProxy = false  - Libcurl will NOT use HTTP proxy
LogInit:  - bDontReuseConnections = false  - Libcurl will reuse connections
LogInit:  - CertBundlePath = nullptr  - Libcurl will use whatever was configured at build time.
LogInit: Presizing for max 16777216 objects, including 0 objects not considered by GC, pre-allocating 0 bytes for permanent pool.
LogInit: Object subsystem initialized
[2016.07.21-00.35.03:505][  0]LogInit: Selected Device Profile: [Windows]
[2016.07.21-00.35.03:505][  0]LogInit: Applying CVar settings loaded from the selected device profile: [Windows]
[2016.07.21-00.35.03:522][  0]LogInit: Computer: DESKTOP-TA850RC
[2016.07.21-00.35.03:522][  0]LogInit: User: Adam
[2016.07.21-00.35.03:522][  0]LogInit: CPU Page size=65536, Cores=4
[2016.07.21-00.35.03:522][  0]LogInit: High frequency timer resolution =2.338349 MHz
[2016.07.21-00.35.03:523][  0]LogMemory: Memory total: Physical=15.8GB (16GB approx)
[2016.07.21-00.35.03:523][  0]LogMemory: Platform Memory Stats for Windows
[2016.07.21-00.35.03:523][  0]LogMemory: Process Physical Memory: 312.75 MB used, 312.75 MB peak
[2016.07.21-00.35.03:523][  0]LogMemory: Process Virtual Memory: 314.97 MB used, 314.97 MB peak
[2016.07.21-00.35.03:523][  0]LogMemory: Physical Memory: 5792.44 MB used, 16203.17 MB total
[2016.07.21-00.35.03:523][  0]LogMemory: Virtual Memory: 637.08 MB used, 134217728.00 MB total
[2016.07.21-00.35.03:635][  0]LogTextLocalizationManager: No specific translations for ('en-US') exist, so ('en') translations will be used.
[2016.07.21-00.35.05:515][  0]LogD3D11RHI: D3D11 adapters:
[2016.07.21-00.35.05:572][  0]LogD3D11RHI:    0. 'NVIDIA GeForce GT 750M' (Feature Level 11_0)
[2016.07.21-00.35.05:572][  0]LogD3D11RHI:       1992MB of dedicated video memory, 0MB of dedicated system memory, and 8101MB of shared system memory, 2 output[s]
[2016.07.21-00.35.05:578][  0]LogD3D11RHI:    1. 'Intel(R) HD Graphics 4600' (Feature Level 11_0)
[2016.07.21-00.35.05:578][  0]LogD3D11RHI:       112MB of dedicated video memory, 0MB of dedicated system memory, and 2048MB of shared system memory, 0 output[s]
[2016.07.21-00.35.05:580][  0]LogD3D11RHI:    2. 'Microsoft Basic Render Driver' (Feature Level 11_0)
[2016.07.21-00.35.05:580][  0]LogD3D11RHI:       0MB of dedicated video memory, 0MB of dedicated system memory, and 8101MB of shared system memory, 0 output[s]
[2016.07.21-00.35.05:580][  0]LogD3D11RHI: Chosen D3D11 Adapter: 0
[2016.07.21-00.35.05:585][  0]LogD3D11RHI: Creating new Direct3DDevice
[2016.07.21-00.35.05:585][  0]LogD3D11RHI:     Adapter Name: NVIDIA GeForce GT 750M
[2016.07.21-00.35.05:585][  0]LogD3D11RHI:   Driver Version: Unknown (internal Unknown)
[2016.07.21-00.35.05:585][  0]LogD3D11RHI:      Driver Date: Unknown
[2016.07.21-00.35.05:585][  0]LogRHI: Texture pool is 1361 MB (70% of 1945 MB)
[2016.07.21-00.35.05:608][  0]LogD3D11RHI: Async texture creation enabled
[2016.07.21-00.35.05:627][  0]LogShaderCompilers: Guid format shader working directory is -16 characters bigger than the processId version (../../../../../../Users/Adam/Documents/Unreal Projects/Beats/Intermediate/Shaders/WorkingDirectory/10684/).
[2016.07.21-00.35.05:628][  0]LogShaderCompilers: Cleaned the shader compiler working directory 'C:/Users/Adam/AppData/Local/Temp/UnrealShaderWorkingDir/0CEC230B4731F789122CDBB55C8C5454/'.
[2016.07.21-00.35.05:628][  0]LogShaderCompilers:Display: Using Local Shader Compiler.
[2016.07.21-00.35.06:718][  0]LogTemp:Display: Loaded TP AllDesktopTargetPlatform
[2016.07.21-00.35.06:723][  0]LogTemp:Display: Loaded TP WindowsClientTargetPlatform
[2016.07.21-00.35.06:728][  0]LogTemp:Display: Loaded TP WindowsNoEditorTargetPlatform
[2016.07.21-00.35.06:734][  0]LogTemp:Display: Loaded TP WindowsServerTargetPlatform
[2016.07.21-00.35.06:739][  0]LogTemp:Display: Loaded TP WindowsTargetPlatform
[2016.07.21-00.35.06:742][  0]LogTemp:Display: Loaded TP AndroidTargetPlatform
[2016.07.21-00.35.06:745][  0]LogTemp:Display: Loaded TP Android_ASTCTargetPlatform
[2016.07.21-00.35.06:749][  0]LogTemp:Display: Loaded TP Android_ATCTargetPlatform
[2016.07.21-00.35.06:753][  0]LogTemp:Display: Loaded TP Android_DXTTargetPlatform
[2016.07.21-00.35.06:756][  0]LogTemp:Display: Loaded TP Android_ETC1TargetPlatform
[2016.07.21-00.35.06:760][  0]LogTemp:Display: Loaded TP Android_ETC2TargetPlatform
[2016.07.21-00.35.06:768][  0]LogTemp:Display: Loaded TP Android_MultiTargetPlatform
[2016.07.21-00.35.06:768][  0]LogTemp:Display: Loaded TP Android_PVRTCTargetPlatform
[2016.07.21-00.35.06:769][  0]LogTemp:Display: Loaded TP HTML5TargetPlatform
[2016.07.21-00.35.06:786][  0]LogTemp:Display: Loaded TP IOSTargetPlatform
[2016.07.21-00.35.06:790][  0]LogTemp:Display: Loaded TP TVOSTargetPlatform
[2016.07.21-00.35.06:793][  0]LogTemp:Display: Loaded TP LinuxNoEditorTargetPlatform
[2016.07.21-00.35.06:796][  0]LogTemp:Display: Loaded TP LinuxServerTargetPlatform
[2016.07.21-00.35.06:801][  0]LogTemp:Display: Loaded TP LinuxTargetPlatform
[2016.07.21-00.35.06:801][  0]LogTargetPlatformManager:Display: Building Assets For Windows
[2016.07.21-00.35.06:884][  0]LogDerivedDataCache:Display: Max Cache Size: 512 MB
[2016.07.21-00.35.06:935][  0]LogDerivedDataCache: Loaded boot cache 0.05s 46MB C:/Users/Adam/AppData/Local/UnrealEngine/4.11/DerivedDataCache/Boot.ddc.
[2016.07.21-00.35.06:935][  0]LogDerivedDataCache:Display: Loaded Boot cache: C:/Users/Adam/AppData/Local/UnrealEngine/4.11/DerivedDataCache/Boot.ddc
[2016.07.21-00.35.06:935][  0]LogDerivedDataCache: FDerivedDataBackendGraph:  Pak pak cache file ../../../../../../Users/Adam/Documents/Unreal Projects/Beats/DerivedDataCache/DDC.ddp not found, will not use a pak cache.
[2016.07.21-00.35.06:935][  0]LogDerivedDataCache: Unable to find inner node Pak for hierarchical cache Hierarchy.
[2016.07.21-00.35.06:935][  0]LogDerivedDataCache: FDerivedDataBackendGraph:  CompressedPak pak cache file ../../../../../../Users/Adam/Documents/Unreal Projects/Beats/DerivedDataCache/Compressed.ddp not found, will not use a pak cache.
[2016.07.21-00.35.06:935][  0]LogDerivedDataCache: Unable to find inner node CompressedPak for hierarchical cache Hierarchy.
[2016.07.21-00.35.06:949][  0]LogDerivedDataCache:Display: Pak cache opened for reading ../../../Engine/DerivedDataCache/Compressed.ddp.
[2016.07.21-00.35.06:961][  0]LogDerivedDataCache: Using Local data cache path C:/Users/Adam/AppData/Local/UnrealEngine/Common/DerivedDataCache: Writable
[2016.07.21-00.35.07:181][  0]LogInit: Selected Device Profile: [Windows]
[2016.07.21-00.35.07:187][  0]LogMaterial: Uniform references updated for custom material expression Custom.
[2016.07.21-00.35.07:188][  0]LogContentStreaming: Texture pool size is 1000.00 MB
[2016.07.21-00.35.07:334][  0]LogMeshUtilities: No automatic mesh reduction module available
[2016.07.21-00.35.07:334][  0]LogMeshUtilities: No automatic mesh merging module available
[2016.07.21-00.35.07:334][  0]LogMeshUtilities: No distributed automatic mesh merging module available
[2016.07.21-00.35.07:568][  0]LogInit: WinSock: version 1.1 (2.2), MaxSocks=32767, MaxUdp=65467
[2016.07.21-00.35.07:643][  0]LogSlate: SlateFontCache - WITH_FREETYPE: 1, WITH_HARFBUZZ: 1
[2016.07.21-00.35.07:643][  0]LogSlate: SlateFontCache - WITH_FREETYPE: 1, WITH_HARFBUZZ: 1
[2016.07.21-00.35.07:803][  0]LogWindowsMoviePlayer: Unable to load movie: ../../../../../../Users/Adam/Documents/Unreal Projects/Beats/Content/Movies/Default_Startup.mp4
[2016.07.21-00.35.07:893][  0]LogSubstanceCoreModule: Substance CPU Engine Loaded, Max Texture Size 2048
[2016.07.21-00.35.07:904][  0]LogUdpMessaging: Initializing bridge on interface 0.0.0.0:0 to multicast group 230.0.0.1:6666.
[2016.07.21-00.35.07:990][  0]SourceControl: Info Source control is disabled
[2016.07.21-00.35.07:990][  0]SourceControl: Info Source control is disabled
[2016.07.21-00.35.08:002][  0]SourceControl: Info Source control is disabled
[2016.07.21-00.35.08:121][  0]LogHMD: Failed to initialize OpenVR with code 110
[2016.07.21-00.35.08:145][  0]LogUObjectArray: 29379 objects as part of root set at end of initial load.
[2016.07.21-00.35.08:145][  0]LogUObjectAllocator: 6111432 out of 0 bytes used by permanent object pool.
[2016.07.21-00.35.08:145][  0]LogUObjectArray: CloseDisregardForGC: 0/0 objects in disregard for GC pool
[2016.07.21-00.35.08:200][  0]LogEngine: Initializing Engine...
[2016.07.21-00.35.08:330][  0]LogInit: XAudio2 using 'ASUS VS239 (Intel(R) Display Audio)' : 2 channels at 48 kHz using 16 bits per sample (channel mask 0x3)
[2016.07.21-00.35.08:341][  0]LogInit: FAudioDevice initialized.
[2016.07.21-00.35.08:345][  0]LogInit: Texture streaming: Enabled
[2016.07.21-00.35.08:422][  0]LogNet: Browse: /Temp/Autosaves/Game/TwinStickBP/Maps/UEDPCTest?Name=Player
[2016.07.21-00.35.08:422][  0]LogLoad: LoadMap: /Temp/Autosaves/Game/TwinStickBP/Maps/UEDPCTest?Name=Player
[2016.07.21-00.35.08:440][  0]LogMemory: Platform Memory Stats for Windows
[2016.07.21-00.35.08:440][  0]LogMemory: Process Physical Memory: 653.77 MB used, 656.35 MB peak
[2016.07.21-00.35.08:440][  0]LogMemory: Process Virtual Memory: 704.87 MB used, 704.88 MB peak
[2016.07.21-00.35.08:440][  0]LogMemory: Physical Memory: 6092.17 MB used, 16203.17 MB total
[2016.07.21-00.35.08:440][  0]LogMemory: Virtual Memory: 1249.62 MB used, 134217728.00 MB total
[2016.07.21-00.35.08:440][  0]LogMemory: 
[2016.07.21-00.35.08:440][  0]Allocator Stats for TBB: (not implemented)
[2016.07.21-00.35.08:503][  0]LogAIModule: Creating AISystem for world Test
[2016.07.21-00.35.08:608][  0]LogWorld: Game class is 'TwinStickGameMode_C'
[2016.07.21-00.35.08:611][  0]LogWorld: Bringing World /Temp/Autosaves/Game/TwinStickBP/Maps/UEDPCTest.Test up for play (max tick rate 0) at 2016.07.20-20.35.08
[2016.07.21-00.35.08:611][  0]LogWorld: Bringing up level for play took: 0.002235
[2016.07.21-00.35.08:613][  0]LogInit:Display: Game Engine Initialized.
[2016.07.21-00.35.08:829][  0]LogLoad: Full Startup: 7.48 seconds (BP compile: 0.04 seconds)
[2016.07.21-00.35.08:829][  0]LogExternalProfiler: Found external profiler: VSPerf
[2016.07.21-00.35.08:829][  0]LogExternalProfiler: Using external profiler: VSPerf
[2016.07.21-00.35.08:846][  0]LogWindowsTextInputMethodSystem:Display: IME system now deactivated.
[2016.07.21-00.35.08:846][  0]LogWindowsTextInputMethodSystem:Display: IME system now deactivated.
[2016.07.21-00.35.08:847][  0]LogOcInput: OculusInput pre-init called
[2016.07.21-00.35.08:954][  2]LogRenderer: Reallocating scene render targets to support 1280x720 (Frame:2).
[2016.07.21-00.35.22:037][804]LogWindowsTextInputMethodSystem:Display: IME system now deactivated.
[2016.07.21-00.35.22:037][804]LogWindowsTextInputMethodSystem:Display: IME system now deactivated.
[2016.07.21-00.35.22:046][804]LogEngine: All Windows Closed
[2016.07.