Log file open, 07/24/16 21:33:56
LogInit:Display: Running engine for game: Beats
LogPlatformFile: Not using cached read wrapper
LogInit:Display: RandInit(1529342422) SRandInit(1529342423).
LogTaskGraph: Started task graph with 4 named threads and 7 total threads.
LogStats: Stats thread started at 0.075695
LogInit: Version: 4.11.2-2946394+++UE4+Release-4.11
LogInit: API Version: 2927265
LogInit: Compiled (64-bit): Apr 18 2016 02:18:46
LogInit: Compiled with Visual C++: 19.00.23026.00
LogInit: Build Configuration: Development
LogInit: Branch Name: ++UE4+Release-4.11
LogInit: Command line:  /Temp/Autosaves/Game/Maps/UEDPCTest -game -PIEVIACONSOLE -ResX=1280 -ResY=720  -Multiprocess -messaging -SessionName="Play in Standalone Game" 
LogInit: Base directory: C:/Program Files (x86)/Epic Games/4.11/Engine/Binaries/Win64/
LogInit: Installed Engine Build: 1
LogInit: Using libcurl 7.41.0
LogInit:  - built for x86_64-pc-win32
LogInit:  - supports SSL with WinSSL
LogInit:  - other features:
LogInit:      CURL_VERSION_SSL
LogInit:      CURL_VERSION_IPV6
LogInit:      CURL_VERSION_ASYNCHDNS
LogInit:      CURL_VERSION_LARGEFILE
LogInit:      CURL_VERSION_IDN
LogInit:  CurlRequestOptions (configurable via config and command line):
LogInit:  - bVerifyPeer = true  - Libcurl will verify peer certificate
LogInit:  - bUseHttpProxy = false  - Libcurl will NOT use HTTP proxy
LogInit:  - bDontReuseConnections = false  - Libcurl will reuse connections
LogInit:  - CertBundlePath = nullptr  - Libcurl will use whatever was configured at build time.
LogInit: Presizing for max 16777216 objects, including 0 objects not considered by GC, pre-allocating 0 bytes for permanent pool.
LogInit: Object subsystem initialized
[2016.07.25-01.33.57:099][  0]LogInit: Selected Device Profile: [Windows]
[2016.07.25-01.33.57:099][  0]LogInit: Applying CVar settings loaded from the selected device profile: [Windows]
[2016.07.25-01.33.57:102][  0]LogInit: Computer: DESKTOP-TA850RC
[2016.07.25-01.33.57:102][  0]LogInit: User: Adam
[2016.07.25-01.33.57:102][  0]LogInit: CPU Page size=65536, Cores=4
[2016.07.25-01.33.57:102][  0]LogInit: High frequency timer resolution =2.338346 MHz
[2016.07.25-01.33.57:102][  0]LogMemory: Memory total: Physical=15.8GB (16GB approx)
[2016.07.25-01.33.57:102][  0]LogMemory: Platform Memory Stats for Windows
[2016.07.25-01.33.57:102][  0]LogMemory: Process Physical Memory: 312.97 MB used, 312.97 MB peak
[2016.07.25-01.33.57:102][  0]LogMemory: Process Virtual Memory: 315.02 MB used, 315.02 MB peak
[2016.07.25-01.33.57:102][  0]LogMemory: Physical Memory: 5823.11 MB used, 16203.17 MB total
[2016.07.25-01.33.57:103][  0]LogMemory: Virtual Memory: 651.92 MB used, 134217728.00 MB total
[2016.07.25-01.33.57:147][  0]LogTextLocalizationManager: No specific translations for ('en-US') exist, so ('en') translations will be used.
[2016.07.25-01.33.57:588][  0]LogD3D11RHI: D3D11 adapters:
[2016.07.25-01.33.57:624][  0]LogD3D11RHI:    0. 'NVIDIA GeForce GT 750M' (Feature Level 11_0)
[2016.07.25-01.33.57:624][  0]LogD3D11RHI:       1992MB of dedicated video memory, 0MB of dedicated system memory, and 8101MB of shared system memory, 1 output[s]
[2016.07.25-01.33.57:630][  0]LogD3D11RHI:    1. 'Intel(R) HD Graphics 4600' (Feature Level 11_0)
[2016.07.25-01.33.57:630][  0]LogD3D11RHI:       112MB of dedicated video memory, 0MB of dedicated system memory, and 2048MB of shared system memory, 0 output[s]
[2016.07.25-01.33.57:632][  0]LogD3D11RHI:    2. 'Microsoft Basic Render Driver' (Feature Level 11_0)
[2016.07.25-01.33.57:632][  0]LogD3D11RHI:       0MB of dedicated video memory, 0MB of dedicated system memory, and 8101MB of shared system memory, 0 output[s]
[2016.07.25-01.33.57:632][  0]LogD3D11RHI: Chosen D3D11 Adapter: 0
[2016.07.25-01.33.57:636][  0]LogD3D11RHI: Creating new Direct3DDevice
[2016.07.25-01.33.57:636][  0]LogD3D11RHI:     Adapter Name: NVIDIA GeForce GT 750M
[2016.07.25-01.33.57:636][  0]LogD3D11RHI:   Driver Version: Unknown (internal Unknown)
[2016.07.25-01.33.57:636][  0]LogD3D11RHI:      Driver Date: Unknown
[2016.07.25-01.33.57:636][  0]LogRHI: Texture pool is 1361 MB (70% of 1945 MB)
[2016.07.25-01.33.57:651][  0]LogD3D11RHI: Async texture creation enabled
[2016.07.25-01.33.57:669][  0]LogShaderCompilers: Guid format shader working directory is -15 characters bigger than the processId version (../../../../../../Users/Adam/Documents/Unreal Projects/Beats/Intermediate/Shaders/WorkingDirectory/6808/).
[2016.07.25-01.33.57:669][  0]LogShaderCompilers: Cleaned the shader compiler working directory 'C:/Users/Adam/AppData/Local/Temp/UnrealShaderWorkingDir/6EA2A81C44F2893104C13BA2E30F9330/'.
[2016.07.25-01.33.57:669][  0]LogShaderCompilers:Display: Using Local Shader Compiler.
[2016.07.25-01.33.58:770][  0]LogTemp:Display: Loaded TP AllDesktopTargetPlatform
[2016.07.25-01.33.58:775][  0]LogTemp:Display: Loaded TP WindowsClientTargetPlatform
[2016.07.25-01.33.58:780][  0]LogTemp:Display: Loaded TP WindowsNoEditorTargetPlatform
[2016.07.25-01.33.58:785][  0]LogTemp:Display: Loaded TP WindowsServerTargetPlatform
[2016.07.25-01.33.58:790][  0]LogTemp:Display: Loaded TP WindowsTargetPlatform
[2016.07.25-01.33.58:793][  0]LogTemp:Display: Loaded TP AndroidTargetPlatform
[2016.07.25-01.33.58:797][  0]LogTemp:Display: Loaded TP Android_ASTCTargetPlatform
[2016.07.25-01.33.58:800][  0]LogTemp:Display: Loaded TP Android_ATCTargetPlatform
[2016.07.25-01.33.58:804][  0]LogTemp:Display: Loaded TP Android_DXTTargetPlatform
[2016.07.25-01.33.58:807][  0]LogTemp:Display: Loaded TP Android_ETC1TargetPlatform
[2016.07.25-01.33.58:811][  0]LogTemp:Display: Loaded TP Android_ETC2TargetPlatform
[2016.07.25-01.33.58:819][  0]LogTemp:Display: Loaded TP Android_MultiTargetPlatform
[2016.07.25-01.33.58:819][  0]LogTemp:Display: Loaded TP Android_PVRTCTargetPlatform
[2016.07.25-01.33.58:820][  0]LogTemp:Display: Loaded TP HTML5TargetPlatform
[2016.07.25-01.33.58:837][  0]LogTemp:Display: Loaded TP IOSTargetPlatform
[2016.07.25-01.33.58:840][  0]LogTemp:Display: Loaded TP TVOSTargetPlatform
[2016.07.25-01.33.58:844][  0]LogTemp:Display: Loaded TP LinuxNoEditorTargetPlatform
[2016.07.25-01.33.58:847][  0]LogTemp:Display: Loaded TP LinuxServerTargetPlatform
[2016.07.25-01.33.58:851][  0]LogTemp:Display: Loaded TP LinuxTargetPlatform
[2016.07.25-01.33.58:851][  0]LogTargetPlatformManager:Display: Building Assets For Windows
[2016.07.25-01.33.58:934][  0]LogDerivedDataCache:Display: Max Cache Size: 512 MB
[2016.07.25-01.33.58:982][  0]LogDerivedDataCache: Loaded boot cache 0.05s 46MB C:/Users/Adam/AppData/Local/UnrealEngine/4.11/DerivedDataCache/Boot.ddc.
[2016.07.25-01.33.58:982][  0]LogDerivedDataCache:Display: Loaded Boot cache: C:/Users/Adam/AppData/Local/UnrealEngine/4.11/DerivedDataCache/Boot.ddc
[2016.07.25-01.33.58:982][  0]LogDerivedDataCache: FDerivedDataBackendGraph:  Pak pak cache file ../../../../../../Users/Adam/Documents/Unreal Projects/Beats/DerivedDataCache/DDC.ddp not found, will not use a pak cache.
[2016.07.25-01.33.58:982][  0]LogDerivedDataCache: Unable to find inner node Pak for hierarchical cache Hierarchy.
[2016.07.25-01.33.58:982][  0]LogDerivedDataCache: FDerivedDataBackendGraph:  CompressedPak pak cache file ../../../../../../Users/Adam/Documents/Unreal Projects/Beats/DerivedDataCache/Compressed.ddp not found, will not use a pak cache.
[2016.07.25-01.33.58:982][  0]LogDerivedDataCache: Unable to find inner node CompressedPak for hierarchical cache Hierarchy.
[2016.07.25-01.33.58:996][  0]LogDerivedDataCache:Display: Pak cache opened for reading ../../../Engine/DerivedDataCache/Compressed.ddp.
[2016.07.25-01.33.59:008][  0]LogDerivedDataCache: Using Local data cache path C:/Users/Adam/AppData/Local/UnrealEngine/Common/DerivedDataCache: Writable
[2016.07.25-01.33.59:215][  0]LogInit: Selected Device Profile: [Windows]
[2016.07.25-01.33.59:220][  0]LogMaterial: Uniform references updated for custom material expression Custom.
[2016.07.25-01.33.59:220][  0]LogContentStreaming: Texture pool size is 1000.00 MB
[2016.07.25-01.33.59:351][  0]LogMeshUtilities: No automatic mesh reduction module available
[2016.07.25-01.33.59:351][  0]LogMeshUtilities: No automatic mesh merging module available
[2016.07.25-01.33.59:351][  0]LogMeshUtilities: No distributed automatic mesh merging module available
[2016.07.25-01.33.59:565][  0]LogInit: WinSock: version 1.1 (2.2), MaxSocks=32767, MaxUdp=65467
[2016.07.25-01.33.59:635][  0]LogSlate: SlateFontCache - WITH_FREETYPE: 1, WITH_HARFBUZZ: 1
[2016.07.25-01.33.59:635][  0]LogSlate: SlateFontCache - WITH_FREETYPE: 1, WITH_HARFBUZZ: 1
[2016.07.25-01.33.59:781][  0]LogWindowsMoviePlayer: Unable to load movie: ../../../../../../Users/Adam/Documents/Unreal Projects/Beats/Content/Movies/Default_Startup.mp4
[2016.07.25-01.33.59:867][  0]LogSubstanceCoreModule: Substance CPU Engine Loaded, Max Texture Size 2048
[2016.07.25-01.33.59:880][  0]LogUdpMessaging: Initializing bridge on interface 0.0.0.0:0 to multicast group 230.0.0.1:6666.
[2016.07.25-01.33.59:963][  0]SourceControl: Info Source control is disabled
[2016.07.25-01.33.59:963][  0]SourceControl: Info Source control is disabled
[2016.07.25-01.33.59:974][  0]SourceControl: Info Source control is disabled
[2016.07.25-01.34.00:095][  0]LogHMD: Failed to initialize OpenVR with code 110
[2016.07.25-01.34.00:121][  0]LogUObjectArray: 29379 objects as part of root set at end of initial load.
[2016.07.25-01.34.00:121][  0]LogUObjectAllocator: 6111432 out of 0 bytes used by permanent object pool.
[2016.07.25-01.34.00:121][  0]LogUObjectArray: CloseDisregardForGC: 0/0 objects in disregard for GC pool
[2016.07.25-01.34.00:174][  0]LogEngine: Initializing Engine...
[2016.07.25-01.34.00:303][  0]LogInit: XAudio2 using 'Speakers (Realtek High Definition Audio)' : 2 channels at 48 kHz using 32 bits per sample (channel mask 0x3)
[2016.07.25-01.34.00:315][  0]LogInit: FAudioDevice initialized.
[2016.07.25-01.34.00:319][  0]LogInit: Texture streaming: Enabled
[2016.07.25-01.34.00:396][  0]LogNet: Browse: /Temp/Autosaves/Game/Maps/UEDPCTest?Name=Player
[2016.07.25-01.34.00:396][  0]LogLoad: LoadMap: /Temp/Autosaves/Game/Maps/UEDPCTest?Name=Player
[2016.07.25-01.34.00:415][  0]LogMemory: Platform Memory Stats for Windows
[2016.07.25-01.34.00:415][  0]LogMemory: Process Physical Memory: 654.04 MB used, 657.29 MB peak
[2016.07.25-01.34.00:415][  0]LogMemory: Process Virtual Memory: 706.96 MB used, 706.97 MB peak
[2016.07.25-01.34.00:415][  0]LogMemory: Physical Memory: 6119.73 MB used, 16203.17 MB total
[2016.07.25-01.34.00:415][  0]LogMemory: Virtual Memory: 1266.46 MB used, 134217728.00 MB total
[2016.07.25-01.34.00:415][  0]LogMemory: 
[2016.07.25-01.34.00:415][  0]Allocator Stats for TBB: (not implemented)
[2016.07.25-01.34.00:597][  0]LogAIModule: Creating AISystem for world Test
[2016.07.25-01.34.00:598][  0]LogLinker:Warning: Can't find file '/Game/Blueprints/Blueprints/SaltGameMode'
[2016.07.25-01.34.00:598][  0]LogUObjectGlobals:Warning: Failed to load '/Game/Blueprints/Blueprints/SaltGameMode': Can't find file '/Game/Blueprints/Blueprints/SaltGameMode'
[2016.07.25-01.34.00:598][  0]LogLinker:Warning: Can't find file '/Game/Blueprints/Blueprints/SaltGameMode'
[2016.07.25-01.34.00:598][  0]LogUObjectGlobals:Warning: Failed to load '/Game/Blueprints/Blueprints/SaltGameMode': Can't find file '/Game/Blueprints/Blueprints/SaltGameMode'
[2016.07.25-01.34.00:598][  0]LogUObjectGlobals:Warning: Failed to find object 'Class /Game/Blueprints/Blueprints/SaltGameMode.SaltGameMode_C'
[2016.07.25-01.34.00:598][  0]LogWorld: Game class is 'GameMode'
[2016.07.25-01.34.00:603][  0]LogWorld: Bringing World /Temp/Autosaves/Game/Maps/UEDPCTest.Test up for play (max tick rate 0) at 2016.07.24-21.34.00
[2016.07.25-01.34.00:603][  0]LogWorld: Bringing up level for play took: 0.004617
[2016.07.25-01.34.00:604][  0]LogInit:Display: Game Engine Initialized.
[2016.07.25-01.34.00:821][  0]LogLoad: Full Startup: 4.61 seconds (BP compile: 0.04 seconds)
[2016.07.25-01.34.00:821][  0]LogExternalProfiler: Found external profiler: VSPerf
[2016.07.25-01.34.00:821][  0]LogExternalProfiler: Using external profiler: VSPerf
[2016.07.25-01.34.00:838][  0]LogWindowsTextInputMethodSystem:Display: IME system now deactivated.
[2016.07.25-01.34.00:838][  0]LogWindowsTextInputMethodSystem:Display: IME system now deactivated.
[2016.07.25-01.34.00:838][  0]LogOcInput: OculusInput pre-init called
[2016.07.25-01.34.00:905][  0]LogRenderer: Reallocating scene render targets to support 128x128 (Frame:1).
[2016.07.25-01.34.00:976][  1]LogRenderer: Reallocating scene render targets to support 1280x720 (Frame:2).
[2016.07.25-01.34.30:499][830]Closing by request
[2016.07.25-01.34.30:499][830]LogWindows: FPlatformMisc::RequestExit(0)
[2016.07.25-01.34.31:213][831]LogWindowsTextInputMethodSystem:Display: IME system now deactivated.
[2016.07.25-01.34.31:213][831]LogWindowsTextInputMethodSystem:Display: IME system now deactivated.
[2016.07.25-01.34.31:217][831]LogExit: Preparing to exit.
[2016.07.25-01.34.32:018][831]LogExit: Game engine shut down
[2016.07.25-01.34.32:116][831]LogObj: Freed 0b from 0 cluster array pools.
[2016.07.25-01.34.32:116][831]LogExit: Object subsystem successfully closed.
[2016.07.25-01.34.32:131][831]LogD3D11RHI: Shutdown
[2016.07.25-01.34.32:131][831]LogD3D11RHI: CleanupD3DDevice
[2016.07.25-01.34.32:167][831]LogD3D11RHI: ~FD3D11DynamicRHI
[2016.07.25-01.34.32:524][831]LogDerivedDataCache: Shutdown
[2016.07.25-01.34.32:524][831]LogModuleManager: Shutting down and abandoning module AndroidDeviceDetection (126)
[2016.07.25-01.34.32:850][831]LogModuleManager: Shutting down and abandoning module AutomationController (125)
[2016.07.25-01.34.32:850][831]LogModuleManager: Shutting down and abandoning module AutomationWorker (124)
[2016.07.25-01.34.32:850][831]LogModuleManager: Shutting down and abandoning module CharacterAI (123)
[2016.07.25-01.34.32:850][831]LogModuleManager: Shutting down and abandoning module AITestSuite (122)
[2016.07.25-01.34.32:850][831]LogModuleManager: Shutting down and abandoning module GameplayDebugger (121)
[2016.07.25-01.34.32:850][831]LogModuleManager: Shutting down and abandoning module AIModule (120)
[2016.07.25-01.34.32:850][831]LogModuleManager: Shutting down and abandoning module MovieSceneCapture (119)
[2016.07.25-01.34.32:850][831]LogModuleManager: Shutting down and abandoning module StreamingPauseRendering (118)
[2016.07.25-01.34.32:850][831]LogModuleManager: Shutting down and abandoning module PortalServices (117)
[2016.07.25-01.34.32:850][831]LogModuleManager: Shutting down and abandoning module PortalRpc (116)
[2016.07.25-01.34.32:850][831]LogModuleManager: Shutting down and abandoning module MessagingRpc (115)
[2016.07.25-01.34.32:850][831]LogModuleManager: Shutting down and abandoning module ProfilerService (114)
[2016.07.25-01.34.32:924][831]LogModuleManager: Shutting down and abandoning module TaskGraph (113)
[2016.07.25-01.34.32:924][831]LogModuleManager: Shutting down and abandoning module SlateRemote (112)
[2016.07.25-01.34.32:924][831]LogModuleManager: Shutting down and abandoning module SteamVRController (111)
[2016.07.25-01.34.32:924][831]LogModuleManager: Shutting down and abandoning module SteamVR (110)
[2016.07.25-01.34.32:925][831]LogModuleManager: Shutting down and abandoning module ProceduralMeshComponent (109)
[2016.07.25-01.34.32:925][831]LogModuleManager: Shutting down and abandoning module OculusLibrary (108)
[2016.07.25-01.34.32:925][831]LogModuleManager: Shutting down and abandoning module OculusInput (107)
[2016.07.25-01.34.32:925][831]LogModuleManager: Shutting down and abandoning module CustomMeshComponent (106)
[2016.07.25-01.34.32:925][831]LogModuleManager: Shutting down and abandoning module CableComponent (105)
[2016.07.25-01.34.32:925][831]LogModuleManager: Shutting down and abandoning module ArchVisCharacter (104)
[2016.07.25-01.34.32:925][831]LogModuleManager: Shutting down and abandoning module HTML5Networking (103)
[2016.07.25-01.34.32:925][831]LogModuleManager: Shutting down and abandoning module DesktopPlatform (102)
[2016.07.25-01.34.32:925][831]LogModuleManager: Shutting down and abandoning module DirectoryWatcher (101)
[2016.07.25-01.34.32:925][831]LogModuleManager: Shutting down and abandoning module HotReload (100)
[2016.07.25-01.34.32:925][831]LogModuleManager: Shutting down and abandoning module VisualStudioSourceCodeAccess (99)
[2016.07.25-01.34.32:925][831]LogModuleManager: Shutting down and abandoning module UObjectPlugin (98)
[2016.07.25-01.34.32:925][831]LogModuleManager: Shutting down and abandoning module SubversionSourceControl (97)
[2016.07.25-01.34.32:925][831]LogModuleManager: Shutting down and abandoning module SourceControl (96)
[2016.07.25-01.34.32:925][831]LogModuleManager: Shutting down and abandoning module PerforceSourceControl (95)
[2016.07.25-01.34.32:925][831]LogModuleManager: Shutting down and abandoning module Beats (94)
[2016.07.25-01.34.32:925][831]LogModuleManager: Shutting down and abandoning module UdpMessaging (93)
[2016.07.25-01.34.33:025][831]LogModuleManager: Shutting down and abandoning module SubstanceCore (92)
[2016.07.25-01.34.33:025][831]LogModuleManager: Shutting down and abandoning module LightPropagationVolumeRuntime (91)
[2016.07.25-01.34.33:025][831]LogModuleManager: Shutting down and abandoning module Paper2D (90)
[2016.07.25-01.34.33:025][831]LogModuleManager: Shutting down and abandoning module WindowsMoviePlayer (89)
[2016.07.25-01.34.33:025][831]LogModuleManager: Shutting down and abandoning module Media (88)
[2016.07.25-01.34.33:025][831]LogModuleManager: Shutting down and abandoning module WmfMedia (87)
[2016.07.25-01.34.33:025][831]LogModuleManager: Shutting down and abandoning module MediaAssets (86)
[2016.07.25-01.34.33:025][831]LogModuleManager: Shutting down and abandoning module GameLiveStreaming (85)
[2016.07.25-01.34.33:025][831]LogModuleManager: Shutting down and abandoning module GameplayTagsEditor (84)
[2016.07.25-01.34.33:025][831]LogModuleManager: Shutting down and abandoning module OnlineBlueprintSupport (83)
[2016.07.25-01.34.33:025][831]LogModuleManager: Shutting down and abandoning module GameplayTasksEditor (82)
[2016.07.25-01.34.33:025][831]LogModuleManager: Shutting down and abandoning module PropertyEditor (81)
[2016.07.25-01.34.33:025][831]LogModuleManager: Shutting down and abandoning module BehaviorTreeEditor (80)
[2016.07.25-01.34.33:025][831]LogModuleManager: Shutting down and abandoning module FunctionalTesting (79)
[2016.07.25-01.34.33:025][831]LogModuleManager: Shutting down and abandoning module CollisionAnalyzer (78)
[2016.07.25-01.34.33:025][831]LogModuleManager: Shutting down and abandoning module WorkspaceMenuStructure (77)
[2016.07.25-01.34.33:025][831]LogModuleManager: Shutting down and abandoning module MessageLog (76)
[2016.07.25-01.34.33:025][831]LogModuleManager: Shutting down and abandoning module Sequencer (75)
[2016.07.25-01.34.33:025][831]LogModuleManager: Shutting down and abandoning module AssetTools (74)
[2016.07.25-01.34.33:025][831]LogModuleManager: Shutting down and abandoning module UMGEditor (73)
[2016.07.25-01.34.33:025][831]LogModuleManager: Shutting down and abandoning module UMG (72)
[2016.07.25-01.34.33:025][831]LogModuleManager: Shutting down and abandoning module SlateReflector (71)
[2016.07.25-01.34.33:026][831]LogModuleManager: Shutting down and abandoning module Slate (70)
[2016.07.25-01.34.33:026][831]LogModuleManager: Shutting down and abandoning module EditorStyle (69)
[2016.07.25-01.34.33:028][831]LogModuleManager: Shutting down and abandoning module SessionServices (68)
[2016.07.25-01.34.33:028][831]LogModuleManager: Shutting down and abandoning module SourceCodeAccess (67)
[2016.07.25-01.34.33:028][831]LogModuleManager: Shutting down and abandoning module HeadMountedDisplay (66)
[2016.07.25-01.34.33:028][831]LogModuleManager: Shutting down and abandoning module XAudio2 (65)
[2016.07.25-01.34.33:028][831]LogModuleManager: Shutting down and abandoning module Networking (63)
[2016.07.25-01.34.33:028][831]LogModuleManager: Shutting down and abandoning module Core (62)
[2016.07.25-01.34.33:028][831]LogModuleManager: Shutting down and abandoning module KismetCompiler (61)
[2016.07.25-01.34.33:028][831]LogModuleManager: Shutting down and abandoning module PhysXFormats (60)
[2016.07.25-01.34.33:028][831]LogModuleManager: Shutting down and abandoning module MeshUtilities (59)
[2016.07.25-01.34.33:028][831]LogModuleManager: Shutting down and abandoning module CookingStats (58)
[2016.07.25-01.34.33:028][831]LogModuleManager: Shutting down and abandoning module DerivedDataCache (57)
[2016.07.25-01.34.33:028][831]LogDerivedDataCache: Shutdown
[2016.07.25-01.34.33:028][831]LogModuleManager: Shutting down and abandoning module ShaderFormatOpenGL (56)
[2016.07.25-01.34.33:028][831]LogModuleManager: Shutting down and abandoning module ShaderFormatD3D (55)
[2016.07.25-01.34.33:028][831]LogModuleManager: Shutting down and abandoning module MetalShaderFormat (54)
[2016.07.25-01.34.33:028][831]LogModuleManager: Shutting down and abandoning module TextureFormatUncompressed (53)
[2016.07.25-01.34.33:028][831]LogModuleManager: Shutting down and abandoning module TextureFormatPVR (52)
[2016.07.25-01.34.33:028][831]LogModuleManager: Shutting down and abandoning module TextureFormatIntelISPCTexComp (51)
[2016.07.25-01.34.33:028][831]LogModuleManager: Shutting down and abandoning module TextureFormatDXT (50)
[2016.07.25-01.34.33:028][831]LogModuleManager: Shutting down and abandoning module ImageWrapper (49)
[2016.07.25-01.34.33:028][831]LogModuleManager: Shutting down and abandoning module TextureFormatASTC (48)
[2016.07.25-01.34.33:028][831]LogModuleManager: Shutting down and abandoning module TextureFormatAndroid (47)
[2016.07.25-01.34.33:028][831]LogModuleManager: Shutting down and abandoning module AudioFormatOpus (46)
[2016.07.25-01.34.33:028][831]LogModuleManager: Shutting down and abandoning module AudioFormatOgg (45)
[2016.07.25-01.34.33:028][831]LogModuleManager: Shutting down and abandoning module AudioFormatADPCM (44)
[2016.07.25-01.34.33:028][831]LogModuleManager: Shutting down and abandoning module LinuxTargetPlatform (43)
[2016.07.25-01.34.33:028][831]LogModuleManager: Shutting down and abandoning module LinuxServerTargetPlatform (42)
[2016.07.25-01.34.33:028][831]LogModuleManager: Shutting down and abandoning module LinuxNoEditorTargetPlatform (41)
[2016.07.25-01.34.33:028][831]LogModuleManager: Shutting down and abandoning module TVOSTargetPlatform (40)
[2016.07.25-01.34.33:028][831]LogModuleManager: Shutting down and abandoning module Messaging (39)
[2016.07.25-01.34.33:028][831]LogModuleManager: Shutting down and abandoning module IOSTargetPlatform (38)
[2016.07.25-01.34.33:028][831]LogModuleManager: Shutting down and abandoning module HTML5TargetPlatform (37)
[2016.07.25-01.34.33:028][831]LogModuleManager: Shutting down and abandoning module Android_PVRTCTargetPlatform (36)
[2016.07.25-01.34.33:028][831]LogModuleManager: Shutting down and abandoning module Android_MultiTargetPlatform (35)
[2016.07.25-01.34.33:028][831]LogModuleManager: Shutting down and abandoning module Android_ETC2TargetPlatform (34)
[2016.07.25-01.34.33:028][831]LogModuleManager: Shutting down and abandoning module Android_ETC1TargetPlatform (33)
[2016.07.25-01.34.33:028][831]LogModuleManager: Shutting down and abandoning module Android_DXTTargetPlatform (32)
[2016.07.25-01.34.33:028][831]LogModuleManager: Shutting down and abandoning module Android_ATCTargetPlatform (31)
[2016.07.25-01.34.33:028][831]LogModuleManager: Shutting down and abandoning module Android_ASTCTargetPlatform (30)
[2016.07.25-01.34.33:028][831]LogModuleManager: Shutting down and abandoning module AndroidTargetPlatform (29)
[2016.07.25-01.34.33:028][831]LogModuleManager: Shutting down and abandoning module WindowsTargetPlatform (28)
[2016.07.25-01.34.33:028][831]LogModuleManager: Shutting down and abandoning module WindowsServerTargetPlatform (27)
[2016.07.25-01.34.33:028][831]LogModuleManager: Shutting down and abandoning module WindowsNoEditorTargetPlatform (26)
[2016.07.25-01.34.33:028][831]LogModuleManager: Shutting down and abandoning module WindowsClientTargetPlatform (25)
[2016.07.25-01.34.33:028][831]LogModuleManager: Shutting down and abandoning module AllDesktopTargetPlatform (24)
[2016.07.25-01.34.33:028][831]LogModuleManager: Shutting down and abandoning module TargetPlatform (23)
[2016.07.25-01.34.33:028][831]LogModuleManager: Shutting down and abandoning module InputCore (22)
[2016.07.25-01.34.33:028][831]LogModuleManager: Shutting down and abandoning module Settings (21)
[2016.07.25-01.34.33:028][831]LogModuleManager: Shutting down and abandoning module OnlineSubsystem (19)
[2016.07.25-01.34.33:028][831]LogModuleManager: Shutting down and abandoning module HTTP (18)
[2016.07.25-01.34.33:028][831]LogModuleManager: Shutting down and abandoning module XMPP (17)
[2016.07.25-01.34.33:028][831]LogModuleManager: Shutting down and abandoning module OculusRift (16)
[2016.07.25-01.34.33:028][831]LogModuleManager: Shutting down and abandoning module ExampleDeviceProfileSelector (15)
[2016.07.25-01.34.33:028][831]LogModuleManager: Shutting down and abandoning module TextureCompressor (14)
[2016.07.25-01.34.33:029][831]LogModuleManager: Shutting down and abandoning module ShaderCore (13)
[2016.07.25-01.34.33:029][831]LogModuleManager: Shutting down and abandoning module Landscape (12)
[2016.07.25-01.34.33:029][831]LogModuleManager: Shutting down and abandoning module SlateRHIRenderer (11)
[2016.07.25-01.34.33:029][831]LogModuleManager: Shutting down and abandoning module OpenGLDrv (10)
[2016.07.25-01.34.33:029][831]LogModuleManager: Shutting down and abandoning module D3D11RHI (9)
[2016.07.25-01.34.33:029][831]LogModuleManager: Shutting down and abandoning module AnimGraphRuntime (8)
[2016.07.25-01.34.33:029][831]LogModuleManager: Shutting down and abandoning module Renderer (7)
[2016.07.25-01.34.33:029][831]LogModuleManager: Shutting down and abandoning module Engine (6)
[2016.07.25-01.34.33:029][831]LogModuleManager: Shutting down and abandoning module CoreUObject (5)
[2016.07.25-01.34.33:029][831]LogModuleManager: Shutting down and abandoning module NetworkFile (4)
[2016.07.25-01.34.33:029][831]LogModuleManager: Shutting down and abandoning module StreamingFile (3)
[2016.07.25-01.34.33:029][831]LogModuleManager: Shutting down and abandoning module SandboxFile (2)
[2016.07.25-01.34.33:029][831]LogModuleManager: Shutting down and abandoning module PakFile (1)
[2016.07.25-01.34.33:030][831]LogExit: Exiting.
[2016.07.25-01.34.33:031][831]Log file closed, 07/24/16 21:34:33
