Log file open, 04/22/16 15:57:51
LogInit:Display: Running engine for game: Beats
LogPlatformFile: Not using cached read wrapper
LogInit:Display: RandInit(1319044096) SRandInit(1319044097).
LogTaskGraph: Started task graph with 4 named threads and 7 total threads.
LogStats: Stats thread started at 0.072775
LogInit: Version: 4.11.2-2946394+++UE4+Release-4.11
LogInit: API Version: 2927265
LogInit: Compiled (64-bit): Apr 18 2016 02:18:46
LogInit: Compiled with Visual C++: 19.00.23026.00
LogInit: Build Configuration: Development
LogInit: Branch Name: ++UE4+Release-4.11
LogInit: Command line:  
LogInit: Base directory: C:/Program Files (x86)/Epic Games/4.11/Engine/Binaries/Win64/
LogInit: Installed Engine Build: 1
LogInit: Using libcurl 7.41.0
LogInit:  - built for x86_64-pc-win32
LogInit:  - supports SSL with WinSSL
LogInit:  - other features:
LogInit:      CURL_VERSION_SSL
LogInit:      CURL_VERSION_IPV6
LogInit:      CURL_VERSION_ASYNCHDNS
LogInit:      CURL_VERSION_LARGEFILE
LogInit:      CURL_VERSION_IDN
LogInit:  CurlRequestOptions (configurable via config and command line):
LogInit:  - bVerifyPeer = true  - Libcurl will verify peer certificate
LogInit:  - bUseHttpProxy = false  - Libcurl will NOT use HTTP proxy
LogInit:  - bDontReuseConnections = false  - Libcurl will reuse connections
LogInit:  - CertBundlePath = nullptr  - Libcurl will use whatever was configured at build time.
LogInit: Presizing for max 16777216 objects, including 0 objects not considered by GC, pre-allocating 0 bytes for permanent pool.
LogInit: Object subsystem initialized
[2016.04.22-19.57.52:083][  0]LogInit: Selected Device Profile: [Windows]
[2016.04.22-19.57.52:083][  0]LogInit: Applying CVar settings loaded from the selected device profile: [Windows]
[2016.04.22-19.57.52:090][  0]LogInit: Computer: DESKTOP-TA850RC
[2016.04.22-19.57.52:090][  0]LogInit: User: Adam
[2016.04.22-19.57.52:090][  0]LogInit: CPU Page size=65536, Cores=4
[2016.04.22-19.57.52:090][  0]LogInit: High frequency timer resolution =2.338345 MHz
[2016.04.22-19.57.52:090][  0]LogMemory: Memory total: Physical=15.8GB (16GB approx)
[2016.04.22-19.57.52:090][  0]LogMemory: Platform Memory Stats for Windows
[2016.04.22-19.57.52:090][  0]LogMemory: Process Physical Memory: 313.26 MB used, 313.26 MB peak
[2016.04.22-19.57.52:090][  0]LogMemory: Process Virtual Memory: 315.01 MB used, 315.01 MB peak
[2016.04.22-19.57.52:090][  0]LogMemory: Physical Memory: 5742.67 MB used, 16203.17 MB total
[2016.04.22-19.57.52:090][  0]LogMemory: Virtual Memory: 653.25 MB used, 134217728.00 MB total
[2016.04.22-19.57.52:123][  0]LogTextLocalizationManager: No specific translations for ('en-US') exist, so ('en') translations will be used.
[2016.04.22-19.57.52:552][  0]LogD3D11RHI: D3D11 adapters:
[2016.04.22-19.57.52:574][  0]LogD3D11RHI:    0. 'NVIDIA GeForce GT 750M' (Feature Level 11_0)
[2016.04.22-19.57.52:574][  0]LogD3D11RHI:       1992MB of dedicated video memory, 0MB of dedicated system memory, and 8101MB of shared system memory, 1 output[s]
[2016.04.22-19.57.52:581][  0]LogD3D11RHI:    1. 'Intel(R) HD Graphics 4600' (Feature Level 11_0)
[2016.04.22-19.57.52:581][  0]LogD3D11RHI:       112MB of dedicated video memory, 0MB of dedicated system memory, and 8101MB of shared system memory, 0 output[s]
[2016.04.22-19.57.52:582][  0]LogD3D11RHI:    2. 'Microsoft Basic Render Driver' (Feature Level 11_0)
[2016.04.22-19.57.52:582][  0]LogD3D11RHI:       0MB of dedicated video memory, 0MB of dedicated system memory, and 8101MB of shared system memory, 0 output[s]
[2016.04.22-19.57.52:582][  0]LogD3D11RHI: Chosen D3D11 Adapter: 0
[2016.04.22-19.57.52:586][  0]LogD3D11RHI: Creating new Direct3DDevice
[2016.04.22-19.57.52:586][  0]LogD3D11RHI:     Adapter Name: NVIDIA GeForce GT 750M
[2016.04.22-19.57.52:586][  0]LogD3D11RHI:   Driver Version: Unknown (internal Unknown)
[2016.04.22-19.57.52:586][  0]LogD3D11RHI:      Driver Date: Unknown
[2016.04.22-19.57.52:586][  0]LogRHI: Texture pool is 1361 MB (70% of 1945 MB)
[2016.04.22-19.57.52:608][  0]LogD3D11RHI: Async texture creation enabled
[2016.04.22-19.57.52:628][  0]LogShaderCompilers: Guid format shader working directory is -15 characters bigger than the processId version (../../../../../../Users/Adam/Documents/Unreal Projects/Beats/Intermediate/Shaders/WorkingDirectory/7368/).
[2016.04.22-19.57.52:628][  0]LogShaderCompilers: Cleaned the shader compiler working directory 'C:/Users/Adam/AppData/Local/Temp/UnrealShaderWorkingDir/46191FA84291DF4E2102739C7BA79ACF/'.
[2016.04.22-19.57.52:628][  0]LogShaderCompilers:Display: Using Local Shader Compiler.
[2016.04.22-19.57.53:727][  0]LogTemp:Display: Loaded TP AllDesktopTargetPlatform
[2016.04.22-19.57.53:732][  0]LogTemp:Display: Loaded TP WindowsClientTargetPlatform
[2016.04.22-19.57.53:736][  0]LogTemp:Display: Loaded TP WindowsNoEditorTargetPlatform
[2016.04.22-19.57.53:741][  0]LogTemp:Display: Loaded TP WindowsServerTargetPlatform
[2016.04.22-19.57.53:746][  0]LogTemp:Display: Loaded TP WindowsTargetPlatform
[2016.04.22-19.57.53:750][  0]LogTemp:Display: Loaded TP AndroidTargetPlatform
[2016.04.22-19.57.53:753][  0]LogTemp:Display: Loaded TP Android_ASTCTargetPlatform
[2016.04.22-19.57.53:756][  0]LogTemp:Display: Loaded TP Android_ATCTargetPlatform
[2016.04.22-19.57.53:760][  0]LogTemp:Display: Loaded TP Android_DXTTargetPlatform
[2016.04.22-19.57.53:763][  0]LogTemp:Display: Loaded TP Android_ETC1TargetPlatform
[2016.04.22-19.57.53:766][  0]LogTemp:Display: Loaded TP Android_ETC2TargetPlatform
[2016.04.22-19.57.53:773][  0]LogTemp:Display: Loaded TP Android_MultiTargetPlatform
[2016.04.22-19.57.53:773][  0]LogTemp:Display: Loaded TP Android_PVRTCTargetPlatform
[2016.04.22-19.57.53:774][  0]LogTemp:Display: Loaded TP HTML5TargetPlatform
[2016.04.22-19.57.53:792][  0]LogTemp:Display: Loaded TP IOSTargetPlatform
[2016.04.22-19.57.53:795][  0]LogTemp:Display: Loaded TP TVOSTargetPlatform
[2016.04.22-19.57.53:798][  0]LogTemp:Display: Loaded TP LinuxNoEditorTargetPlatform
[2016.04.22-19.57.53:801][  0]LogTemp:Display: Loaded TP LinuxServerTargetPlatform
[2016.04.22-19.57.53:805][  0]LogTemp:Display: Loaded TP LinuxTargetPlatform
[2016.04.22-19.57.53:805][  0]LogTargetPlatformManager:Display: Building Assets For Windows
[2016.04.22-19.57.53:883][  0]LogDerivedDataCache:Display: Max Cache Size: 512 MB
[2016.04.22-19.57.53:932][  0]LogDerivedDataCache: Loaded boot cache 0.05s 47MB C:/Users/Adam/AppData/Local/UnrealEngine/4.11/DerivedDataCache/Boot.ddc.
[2016.04.22-19.57.53:932][  0]LogDerivedDataCache:Display: Loaded Boot cache: C:/Users/Adam/AppData/Local/UnrealEngine/4.11/DerivedDataCache/Boot.ddc
[2016.04.22-19.57.53:932][  0]LogDerivedDataCache: FDerivedDataBackendGraph:  Pak pak cache file ../../../../../../Users/Adam/Documents/Unreal Projects/Beats/DerivedDataCache/DDC.ddp not found, will not use a pak cache.
[2016.04.22-19.57.53:932][  0]LogDerivedDataCache: Unable to find inner node Pak for hierarchical cache Hierarchy.
[2016.04.22-19.57.53:932][  0]LogDerivedDataCache: FDerivedDataBackendGraph:  CompressedPak pak cache file ../../../../../../Users/Adam/Documents/Unreal Projects/Beats/DerivedDataCache/Compressed.ddp not found, will not use a pak cache.
[2016.04.22-19.57.53:932][  0]LogDerivedDataCache: Unable to find inner node CompressedPak for hierarchical cache Hierarchy.
[2016.04.22-19.57.53:947][  0]LogDerivedDataCache:Display: Pak cache opened for reading ../../../Engine/DerivedDataCache/Compressed.ddp.
[2016.04.22-19.57.53:959][  0]LogDerivedDataCache: Using Local data cache path C:/Users/Adam/AppData/Local/UnrealEngine/Common/DerivedDataCache: Writable
[2016.04.22-19.57.54:131][  0]LogInit: Selected Device Profile: [Windows]
[2016.04.22-19.57.54:132][  0]LogContentStreaming: Texture pool size is 0.00 MB
[2016.04.22-19.57.54:171][  0]LogMaterial: Uniform references updated for custom material expression Custom.
[2016.04.22-19.57.54:291][  0]LogMeshUtilities: No automatic mesh reduction module available
[2016.04.22-19.57.54:291][  0]LogMeshUtilities: No automatic mesh merging module available
[2016.04.22-19.57.54:291][  0]LogMeshUtilities: No distributed automatic mesh merging module available
[2016.04.22-19.57.54:532][  0]LogUObjectArray: 27679 objects as part of root set at end of initial load.
[2016.04.22-19.57.54:532][  0]LogUObjectAllocator: 5591592 out of 0 bytes used by permanent object pool.
[2016.04.22-19.57.54:532][  0]LogUObjectArray: CloseDisregardForGC: 0/0 objects in disregard for GC pool
[2016.04.22-19.57.54:538][  0]LogInit: WinSock: version 1.1 (2.2), MaxSocks=32767, MaxUdp=65467
[2016.04.22-19.57.54:631][  0]LogSlate: SlateFontCache - WITH_FREETYPE: 1, WITH_HARFBUZZ: 1
[2016.04.22-19.57.54:631][  0]LogSlate: SlateFontCache - WITH_FREETYPE: 1, WITH_HARFBUZZ: 1
[2016.04.22-19.57.54:779][  0]LogStreaming:Warning: Failed to read file '../../../Engine/Content/Editor/Slate/Common/Selection_16x.png' error.
[2016.04.22-19.57.54:779][  0]LogSlate: Could not find file for Slate resource: ../../../Engine/Content/Editor/Slate/Common/Selection_16x.png
[2016.04.22-19.57.54:780][  0]LogStreaming:Warning: Failed to read file '../../../Engine/Content/Editor/Slate/Common/Selection_16x.png' error.
[2016.04.22-19.57.54:780][  0]LogSlate: Could not find file for Slate resource: ../../../Engine/Content/Editor/Slate/Common/Selection_16x.png
[2016.04.22-19.57.54:780][  0]LogStreaming:Warning: Failed to read file '../../../Engine/Content/Editor/Slate/Common/Selection_16x.png' error.
[2016.04.22-19.57.54:780][  0]LogSlate: Could not find file for Slate resource: ../../../Engine/Content/Editor/Slate/Common/Selection_16x.png
[2016.04.22-19.57.55:550][  0]LogUdpMessaging: Initializing bridge on interface 0.0.0.0:0 to multicast group 230.0.0.1:6666.
[2016.04.22-19.57.55:670][  0]LogAssetRegistry: FAssetRegistry took 0.0224 seconds to start up
[2016.04.22-19.57.55:818][  0]SourceControl: Info Source control is disabled
[2016.04.22-19.57.56:289][  0]SourceControl: Info Source control is disabled
[2016.04.22-19.57.56:298][  0]SourceControl: Info Source control is disabled
[2016.04.22-19.57.56:312][  0]SourceControl: Info Source control is disabled
[2016.04.22-19.57.56:443][  0]LogHMD: Failed to initialize OpenVR with code 110
[2016.04.22-19.57.56:518][  0]LogEngine: Initializing Engine...
[2016.04.22-19.57.56:656][  0]LogAIModule: Creating AISystem for world NewWorld
[2016.04.22-19.57.56:662][  0]LogInit: XAudio2 using 'Speakers (Realtek High Definition Audio)' : 2 channels at 48 kHz using 32 bits per sample (channel mask 0x3)
[2016.04.22-19.57.56:676][  0]LogInit: FAudioDevice initialized.
[2016.04.22-19.57.56:701][  0]LogDerivedDataCache: Saved boot cache 0.02s 46MB C:/Users/Adam/AppData/Local/UnrealEngine/4.11/DerivedDataCache/Boot.ddc.
[2016.04.22-19.57.56:705][  0]LogInit: Texture streaming: Enabled
[2016.04.22-19.57.56:733][  0]LogInit: Transaction tracking system initialized
[2016.04.22-19.57.56:756][  0]BlueprintLog: New page: Editor Load
[2016.04.22-19.57.56:856][  0]LocalizationService: Info Localization service is disabled
[2016.04.22-19.57.56:924][  0]LogConsoleResponse:Display: 
[2016.04.22-19.57.57:032][  0]LogCook:Display: Max memory allowance for cook 8192mb
[2016.04.22-19.57.57:032][  0]LogCook:Display: Mobile HDR setting 1
[2016.04.22-19.57.57:032][  0]LogCook:Display: Done creating registry. It took  0.00s.
[2016.04.22-19.57.57:084][  0]LogFileCache: Scanning file cache for directory 'C:/Users/Adam/Documents/Unreal Projects/Beats/Content/' took 0.01s
[2016.04.22-19.57.57:084][  0]SourceControl: Info Source control is disabled
[2016.04.22-19.57.57:084][  0]Cmd: MAP LOAD FILE="../../../../../../Users/Adam/Documents/Unreal Projects/Beats/Content/TwinStickBP/Maps/TwinStickExampleMap.umap" TEMPLATE=0 SHOWPROGRESS=1 FEATURELEVEL=3
[2016.04.22-19.57.57:084][  0]LightingResults: New page: Lighting Build
[2016.04.22-19.57.57:087][  0]MapCheck: New page: Map Check
[2016.04.22-19.57.57:087][  0]LightingResults: New page: Lighting Build
[2016.04.22-19.57.57:448][  0]LogAIModule: Creating AISystem for world TwinStickExampleMap
[2016.04.22-19.57.57:456][  0]LogEditorServer: Finished looking for orphan Actors (0.000 secs)
[2016.04.22-19.57.57:456][  0]Cmd: MAP CHECKDEP NOCLEARLOG
[2016.04.22-19.57.57:530][  0]MapCheck: Info Map check complete: 0 Error(s), 0 Warning(s), took 73.827ms to complete.
[2016.04.22-19.57.57:530][  0]LogFileHelpers: Loading map 'TwinStickExampleMap' took 0.447
[2016.04.22-19.57.57:641][  0]LogCollectionManager: Loaded 0 collections in 0.002007 seconds
[2016.04.22-19.57.57:681][  0]LogFileCache: Scanning file cache for directory 'C:/Users/Adam/Documents/Unreal Projects/Beats/Saved/Collections/' took 0.01s
[2016.04.22-19.57.57:681][  0]LogFileCache: Scanning file cache for directory 'C:/Users/Adam/Documents/Unreal Projects/Beats/Content/Developers/Adam/Collections/' took 0.01s
[2016.04.22-19.57.57:682][  0]LogFileCache: Scanning file cache for directory 'C:/Users/Adam/Documents/Unreal Projects/Beats/Content/Collections/' took 0.01s
[2016.04.22-19.57.57:682][  0]LogCollectionManager: Rebuilt the GUID cache for 0 collections in 0.000003 seconds
[2016.04.22-19.57.57:690][  0]LogContentBrowser: Native class hierarchy populated in 0.0084 seconds. Added 1980 classes and 345 folders.
[2016.04.22-19.57.57:694][  0]LogStats: UGameplayTagsManager::ConstructGameplayTagTree: Construct from data asset -  0.000 s
[2016.04.22-19.57.57:694][  0]LogStats: UGameplayTagsManager::ConstructGameplayTagTree: GameplayTagTreeChangedEvent.Broadcast -  0.000 s
[2016.04.22-19.57.57:695][  0]LogContentBrowser: Native class hierarchy updated for 'GameplayTags' in 0.0014 seconds. Added 12 classes and 0 folders.
[2016.04.22-19.57.57:701][  0]LogContentBrowser: Native class hierarchy updated for 'WidgetCarousel' in 0.0013 seconds. Added 0 classes and 0 folders.
[2016.04.22-19.57.57:709][  0]LogContentBrowser: Native class hierarchy updated for 'SuperSearch' in 0.0014 seconds. Added 1 classes and 2 folders.
[2016.04.22-19.57.57:763][  0]LogContentBrowser: Native class hierarchy updated for 'AddContentDialog' in 0.0014 seconds. Added 0 classes and 0 folders.
[2016.04.22-19.57.57:768][  0]LogContentBrowser: Native class hierarchy updated for 'SceneOutliner' in 0.0014 seconds. Added 1 classes and 2 folders.
[2016.04.22-19.57.57:790][  0]LogCrashTracker: Crashtracker disabled due to settings.
[2016.04.22-19.57.57:798][  0]LogWindowsTextInputMethodSystem:Display: IME system now deactivated.
[2016.04.22-19.57.57:798][  0]LogWindowsTextInputMethodSystem:Display: IME system now deactivated.
[2016.04.22-19.57.57:844][  0]LogContentBrowser: Native class hierarchy updated for 'HierarchicalLODOutliner' in 0.0017 seconds. Added 1 classes and 2 folders.
[2016.04.22-19.57.57:844][  0]LogLoad: Full Startup: 6.55 seconds (BP compile: 0.07 seconds)
[2016.04.22-19.57.57:844][  0]LogExternalProfiler: Found external profiler: VSPerf
[2016.04.22-19.57.57:844][  0]LogExternalProfiler: Using external profiler: VSPerf
[2016.04.22-19.57.57:862][  0]LogOcInput: OculusInput pre-init called
[2016.04.22-19.57.57:913][  0]LogContentStreaming: Texture pool size now 1000 MB
[2016.04.22-19.57.58:070][  0]LogRenderer: Reallocating scene render targets to support 1208x576 (Frame:2).
[2016.04.22-19.57.58:160][  1]LogAssetRegistry: Asset discovery search completed in 2.5122 seconds
[2016.04.22-19.57.58:160][  1]LogCollectionManager: Rebuilt the object cache for 0 collections in 0.000001 seconds (found 0 objects)
[2016.04.22-19.57.58:160][  1]LogCollectionManager: Fixed up redirectors for 0 collections in 0.000027 seconds (updated 0 objects)
[2016.04.22-19.58.02:487][198]LogPlayLevel: PlayLevel: No blueprints needed recompiling
[2016.04.22-19.58.02:497][198]PIE: New page: PIE session: TwinStickExampleMap (Apr 22, 2016, 10:58:02 AM)
[2016.04.22-19.58.02:497][198]LogPlayLevel: Creating play world package: /Game/TwinStickBP/Maps/UEDPIE_0_TwinStickExampleMap
[2016.04.22-19.58.02:525][198]LogPlayLevel: PIE: StaticDuplicateObject took: (0.027632s)
[2016.04.22-19.58.02:527][198]LogAIModule: Creating AISystem for world TwinStickExampleMap
[2016.04.22-19.58.02:528][198]LogPlayLevel: PIE: World Init took: (0.002695s)
[2016.04.22-19.58.02:529][198]LogPlayLevel: PIE: Created PIE world by copying editor world from /Game/TwinStickBP/Maps/TwinStickExampleMap.TwinStickExampleMap to /Game/TwinStickBP/Maps/UEDPIE_0_TwinStickExampleMap.TwinStickExampleMap (0.031237s)
[2016.04.22-19.58.02:615][198]LogInit: XAudio2 using 'Speakers (Realtek High Definition Audio)' : 2 channels at 48 kHz using 32 bits per sample (channel mask 0x3)
[2016.04.22-19.58.02:657][198]LogInit: FAudioDevice initialized.
[2016.04.22-19.58.02:728][198]LogWorld: Game class is 'TwinStickGameMode_C'
[2016.04.22-19.58.02:750][198]LogWorld: Bringing World /Game/TwinStickBP/Maps/UEDPIE_0_TwinStickExampleMap.TwinStickExampleMap up for play (max tick rate 60) at 2016.04.22-15.58.02
[2016.04.22-19.58.02:752][198]LogWorld: Bringing up level for play took: 0.018193
[2016.04.22-19.58.02:772][198]LogContentBrowser: Native class hierarchy updated for 'MovieSceneCapture' in 0.0056 seconds. Added 9 classes and 0 folders.
[2016.04.22-19.58.02:773][198]PIE: Info Play in editor start time for /Game/TwinStickBP/Maps/UEDPIE_0_TwinStickExampleMap 0.248
[2016.04.22-19.58.05:788][320]Recompiling Beats...
[2016.04.22-19.58.05:788][320]Launching UnrealBuildTool... [C:/Program Files (x86)/Epic Games/4.11/Engine/Binaries/DotNET/UnrealBuildTool.exe Beats -ModuleWithSuffix Beats 8724 Win64 Development -editorrecompile -canskiplink "C:/Users/Adam/Documents/Unreal Projects/Beats/Beats.uproject"  -2015]
[2016.04.22-19.58.05:846][320]Warning: Starting HotReload took  0.1s.
[2016.04.22-19.58.22:117][ 96]CompilerResultsLog: New page: Compilation - Apr 22, 2016, 10:58:22 AM
[2016.04.22-19.58.22:117][ 96]CompilerResultsLog: Info Creating makefile for hot reloading Beats (working set of source files changed)
[2016.04.22-19.58.22:117][ 96]CompilerResultsLog: Info Compiling game modules for hot reload
[2016.04.22-19.58.22:117][ 96]CompilerResultsLog: Info Parsing headers for BeatsEditor
[2016.04.22-19.58.22:117][ 96]CompilerResultsLog: Info   Running UnrealHeaderTool "C:\Users\Adam\Documents\Unreal Projects\Beats\Beats.uproject" "C:\Users\Adam\Documents\Unreal Projects\Beats\Intermediate\Build\Win64\BeatsEditor\Development\UnrealHeaderTool.manifest" -LogCmds="loginit warning, logexit warning, logdatabase error" -Unattended -WarningsAsErrors -installed
[2016.04.22-19.58.22:117][ 96]CompilerResultsLog: Info Reflection code generated for BeatsEditor in 6.3206229 seconds
[2016.04.22-19.58.22:117][ 96]CompilerResultsLog: Info Performing 2 actions (4 in parallel)
[2016.04.22-19.58.22:117][ 96]CompilerResultsLog: Info BeatActor.cpp
[2016.04.22-19.58.22:117][ 96]CompilerResultsLog: Info [2/2] Link UE4Editor-Beats-8724.dll
[2016.04.22-19.58.22:117][ 96]CompilerResultsLog: Info    Creating library C:\Users\Adam\Documents\Unreal Projects\Beats\Intermediate\Build\Win64\UE4Editor\Development\UE4Editor-Beats-8724.lib and object C:\Users\Adam\Documents\Unreal Projects\Beats\Intermediate\Build\Win64\UE4Editor\Development\UE4Editor-Beats-8724.exp
[2016.04.22-19.58.22:117][ 96]CompilerResultsLog: Info -------- End Detailed Actions Stats -----------------------------------------------------------
[2016.04.22-19.58.22:117][ 96]CompilerResultsLog: Info Total build time: 16.01 seconds
[2016.04.22-19.58.22:117][ 96]LogMainFrame: MainFrame: Module compiling took 16.336 seconds
[2016.04.22-19.58.22:151][ 96]LogContentBrowser: Native class hierarchy updated for 'Beats' in 0.0015 seconds. Added 1 classes and 2 folders.
[2016.04.22-19.58.22:152][ 96]Warning: HotReload successful (2 functions remapped  0 scriptstructs remapped)
[2016.04.22-19.58.22:214][ 96]LogContentBrowser: Native class hierarchy populated in 0.0086 seconds. Added 1983 classes and 351 folders.
[2016.04.22-19.58.22:214][ 96]Warning: HotReload took 16.5s.
[2016.04.22-19.58.28:922][362]LogPlayLevel: PlayLevel: No blueprints needed recompiling
[2016.04.22-19.58.28:922][362]PIE: New page: PIE session: TwinStickExampleMap (Apr 22, 2016, 10:58:28 AM)
[2016.04.22-19.58.28:922][362]LogPlayLevel: Creating play world package: /Game/TwinStickBP/Maps/UEDPIE_0_TwinStickExampleMap
[2016.04.22-19.58.28:929][362]LogPlayLevel: PIE: StaticDuplicateObject took: (0.006631s)
[2016.04.22-19.58.28:929][362]LogAIModule: Creating AISystem for world TwinStickExampleMap
[2016.04.22-19.58.28:929][362]LogPlayLevel: PIE: World Init took: (0.000594s)
[2016.04.22-19.58.28:929][362]LogPlayLevel: PIE: Created PIE world by copying editor world from /Game/TwinStickBP/Maps/TwinStickExampleMap.TwinStickExampleMap to /Game/TwinStickBP/Maps/UEDPIE_0_TwinStickExampleMap.TwinStickExampleMap (0.007554s)
[2016.04.22-19.58.28:930][362]LogActorComponent: UnregisterComponent: (/Engine/Transient.ProjectileMovementComponent_8) Not registered. Aborting.
[2016.04.22-19.58.28:948][362]LogInit: XAudio2 using 'Speakers (Realtek High Definition Audio)' : 2 channels at 48 kHz using 32 bits per sample (channel mask 0x3)
[2016.04.22-19.58.28:962][362]LogInit: FAudioDevice initialized.
[2016.04.22-19.58.28:995][362]LogWorld: Game class is 'TwinStickGameMode_C'
[2016.04.22-19.58.29:000][362]LogWorld: Bringing World /Game/TwinStickBP/Maps/UEDPIE_0_TwinStickExampleMap.TwinStickExampleMap up for play (max tick rate 60) at 2016.04.22-15.58.29
[2016.04.22-19.58.29:001][362]LogWorld: Bringing up level for play took: 0.003889
[2016.04.22-19.58.29:002][362]LogWindows:Error: Windows GetLastError: The operation completed successfully. (0)
[2016.04.22-19.58.29:327][362]LogCrashTracker: 


[2016.04.22-19.58.29:333][362]LogCrashTracker: 


[2016.04.22-19.58.29:333][362]LogWindows:Error: === Critical error: ===
Fatal error: [File:D:\BuildFarm\buildmachine_++UE4+Release-4.11\Engine\Source\Runtime\CoreUObject\Private\UObject\Obj.cpp] [Line: 84] 
No object initializer found during construction.




[2016.04.22-19.58.29:376][362]LogExit: Executing StaticShutdownAfterError
[2016.04.22-19.58.29:377][362]LogOutputDevice:Warning: 

Script Stack:
BeatBlock_C.ExecuteUbergraph_BeatBlock
BeatBlock_C.ReceiveBeginPlay

[2016.04.22-19.58.29:379][362]LogPhysics:Warning: PHYSX: ..\..\PhysX\src\NpScene.cpp (2946) 8 : PxScene::unlockWrite() called without matching call to PxScene::lockWrite(), behaviour will be undefined.
[2016.04.22-19.58.29:379][362]LogPhysics:Warning: PHYSX: ..\..\PhysX\src\NpScene.cpp (2946) 8 : PxScene::unlockWrite() called without matching call to PxScene::lockWrite(), behaviour will be undefined.
[2016.04.22-19.58.29:379][362]LogPhysics:Warning: PHYSX: ..\..\PhysX\src\NpScene.cpp (2946) 8 : PxScene::unlockWrite() called without matching call to PxScene::lockWrite(), behaviour will be undefined.
[2016.04.22-19.58.29:379][362]LogPhysics:Warning: PHYSX: ..\..\PhysX\src\NpScene.cpp (2946) 8 : PxScene::unlockWrite() called without matching call to PxScene::lockWrite(), behaviour will be undefined.
[2016.04.22-19.58.29:379][362]LogWindows: FPlatformMisc::RequestExit(1)
[2016.04.22-19.58.29:379][362]Log file closed, 04/22/16 15:58:29
