Log file open, 04/22/16 16:05:27
LogInit:Display: Running engine for game: Beats
LogPlatformFile: Not using cached read wrapper
LogInit:Display: RandInit(-1910396933) SRandInit(-1910396932).
LogTaskGraph: Started task graph with 4 named threads and 7 total threads.
LogStats: Stats thread started at 0.073431
LogInit: Version: 4.11.2-2946394+++UE4+Release-4.11
LogInit: API Version: 2927265
LogInit: Compiled (64-bit): Apr 18 2016 02:18:46
LogInit: Compiled with Visual C++: 19.00.23026.00
LogInit: Build Configuration: Development
LogInit: Branch Name: ++UE4+Release-4.11
LogInit: Command line: 
LogInit: Base directory: C:/Program Files (x86)/Epic Games/4.11/Engine/Binaries/Win64/
LogInit: Installed Engine Build: 1
LogInit: Using libcurl 7.41.0
LogInit:  - built for x86_64-pc-win32
LogInit:  - supports SSL with WinSSL
LogInit:  - other features:
LogInit:      CURL_VERSION_SSL
LogInit:      CURL_VERSION_IPV6
LogInit:      CURL_VERSION_ASYNCHDNS
LogInit:      CURL_VERSION_LARGEFILE
LogInit:      CURL_VERSION_IDN
LogInit:  CurlRequestOptions (configurable via config and command line):
LogInit:  - bVerifyPeer = true  - Libcurl will verify peer certificate
LogInit:  - bUseHttpProxy = false  - Libcurl will NOT use HTTP proxy
LogInit:  - bDontReuseConnections = false  - Libcurl will reuse connections
LogInit:  - CertBundlePath = nullptr  - Libcurl will use whatever was configured at build time.
LogInit: Presizing for max 16777216 objects, including 0 objects not considered by GC, pre-allocating 0 bytes for permanent pool.
LogInit: Object subsystem initialized
[2016.04.22-20.05.27:745][  0]LogInit: Selected Device Profile: [Windows]
[2016.04.22-20.05.27:745][  0]LogInit: Applying CVar settings loaded from the selected device profile: [Windows]
[2016.04.22-20.05.27:754][  0]LogInit: Computer: DESKTOP-TA850RC
[2016.04.22-20.05.27:754][  0]LogInit: User: Adam
[2016.04.22-20.05.27:754][  0]LogInit: CPU Page size=65536, Cores=4
[2016.04.22-20.05.27:754][  0]LogInit: High frequency timer resolution =2.338345 MHz
[2016.04.22-20.05.27:754][  0]LogMemory: Memory total: Physical=15.8GB (16GB approx)
[2016.04.22-20.05.27:754][  0]LogMemory: Platform Memory Stats for Windows
[2016.04.22-20.05.27:754][  0]LogMemory: Process Physical Memory: 313.32 MB used, 313.32 MB peak
[2016.04.22-20.05.27:754][  0]LogMemory: Process Virtual Memory: 314.98 MB used, 314.98 MB peak
[2016.04.22-20.05.27:754][  0]LogMemory: Physical Memory: 5927.46 MB used, 16203.17 MB total
[2016.04.22-20.05.27:754][  0]LogMemory: Virtual Memory: 653.25 MB used, 134217728.00 MB total
[2016.04.22-20.05.27:787][  0]LogTextLocalizationManager: No specific translations for ('en-US') exist, so ('en') translations will be used.
[2016.04.22-20.05.28:181][  0]LogD3D11RHI: D3D11 adapters:
[2016.04.22-20.05.28:216][  0]LogD3D11RHI:    0. 'NVIDIA GeForce GT 750M' (Feature Level 11_0)
[2016.04.22-20.05.28:216][  0]LogD3D11RHI:       1992MB of dedicated video memory, 0MB of dedicated system memory, and 8101MB of shared system memory, 1 output[s]
[2016.04.22-20.05.28:222][  0]LogD3D11RHI:    1. 'Intel(R) HD Graphics 4600' (Feature Level 11_0)
[2016.04.22-20.05.28:222][  0]LogD3D11RHI:       112MB of dedicated video memory, 0MB of dedicated system memory, and 8101MB of shared system memory, 0 output[s]
[2016.04.22-20.05.28:224][  0]LogD3D11RHI:    2. 'Microsoft Basic Render Driver' (Feature Level 11_0)
[2016.04.22-20.05.28:224][  0]LogD3D11RHI:       0MB of dedicated video memory, 0MB of dedicated system memory, and 8101MB of shared system memory, 0 output[s]
[2016.04.22-20.05.28:224][  0]LogD3D11RHI: Chosen D3D11 Adapter: 0
[2016.04.22-20.05.28:228][  0]LogD3D11RHI: Creating new Direct3DDevice
[2016.04.22-20.05.28:228][  0]LogD3D11RHI:     Adapter Name: NVIDIA GeForce GT 750M
[2016.04.22-20.05.28:228][  0]LogD3D11RHI:   Driver Version: Unknown (internal Unknown)
[2016.04.22-20.05.28:228][  0]LogD3D11RHI:      Driver Date: Unknown
[2016.04.22-20.05.28:228][  0]LogRHI: Texture pool is 1361 MB (70% of 1945 MB)
[2016.04.22-20.05.28:246][  0]LogD3D11RHI: Async texture creation enabled
[2016.04.22-20.05.28:263][  0]LogShaderCompilers: Guid format shader working directory is -15 characters bigger than the processId version (../../../../../../Users/Adam/Documents/Unreal Projects/Beats/Intermediate/Shaders/WorkingDirectory/7692/).
[2016.04.22-20.05.28:264][  0]LogShaderCompilers: Cleaned the shader compiler working directory 'C:/Users/Adam/AppData/Local/Temp/UnrealShaderWorkingDir/D090CDFF4D7707E4FAEFB2B9202EFE87/'.
[2016.04.22-20.05.28:264][  0]LogShaderCompilers:Display: Using Local Shader Compiler.
[2016.04.22-20.05.29:320][  0]LogTemp:Display: Loaded TP AllDesktopTargetPlatform
[2016.04.22-20.05.29:325][  0]LogTemp:Display: Loaded TP WindowsClientTargetPlatform
[2016.04.22-20.05.29:330][  0]LogTemp:Display: Loaded TP WindowsNoEditorTargetPlatform
[2016.04.22-20.05.29:334][  0]LogTemp:Display: Loaded TP WindowsServerTargetPlatform
[2016.04.22-20.05.29:339][  0]LogTemp:Display: Loaded TP WindowsTargetPlatform
[2016.04.22-20.05.29:343][  0]LogTemp:Display: Loaded TP AndroidTargetPlatform
[2016.04.22-20.05.29:346][  0]LogTemp:Display: Loaded TP Android_ASTCTargetPlatform
[2016.04.22-20.05.29:350][  0]LogTemp:Display: Loaded TP Android_ATCTargetPlatform
[2016.04.22-20.05.29:353][  0]LogTemp:Display: Loaded TP Android_DXTTargetPlatform
[2016.04.22-20.05.29:356][  0]LogTemp:Display: Loaded TP Android_ETC1TargetPlatform
[2016.04.22-20.05.29:359][  0]LogTemp:Display: Loaded TP Android_ETC2TargetPlatform
[2016.04.22-20.05.29:371][  0]LogTemp:Display: Loaded TP Android_MultiTargetPlatform
[2016.04.22-20.05.29:371][  0]LogTemp:Display: Loaded TP Android_PVRTCTargetPlatform
[2016.04.22-20.05.29:372][  0]LogTemp:Display: Loaded TP HTML5TargetPlatform
[2016.04.22-20.05.29:390][  0]LogTemp:Display: Loaded TP IOSTargetPlatform
[2016.04.22-20.05.29:393][  0]LogTemp:Display: Loaded TP TVOSTargetPlatform
[2016.04.22-20.05.29:396][  0]LogTemp:Display: Loaded TP LinuxNoEditorTargetPlatform
[2016.04.22-20.05.29:400][  0]LogTemp:Display: Loaded TP LinuxServerTargetPlatform
[2016.04.22-20.05.29:403][  0]LogTemp:Display: Loaded TP LinuxTargetPlatform
[2016.04.22-20.05.29:403][  0]LogTargetPlatformManager:Display: Building Assets For Windows
[2016.04.22-20.05.29:481][  0]LogDerivedDataCache:Display: Max Cache Size: 512 MB
[2016.04.22-20.05.29:529][  0]LogDerivedDataCache: Loaded boot cache 0.05s 46MB C:/Users/Adam/AppData/Local/UnrealEngine/4.11/DerivedDataCache/Boot.ddc.
[2016.04.22-20.05.29:529][  0]LogDerivedDataCache:Display: Loaded Boot cache: C:/Users/Adam/AppData/Local/UnrealEngine/4.11/DerivedDataCache/Boot.ddc
[2016.04.22-20.05.29:529][  0]LogDerivedDataCache: FDerivedDataBackendGraph:  Pak pak cache file ../../../../../../Users/Adam/Documents/Unreal Projects/Beats/DerivedDataCache/DDC.ddp not found, will not use a pak cache.
[2016.04.22-20.05.29:529][  0]LogDerivedDataCache: Unable to find inner node Pak for hierarchical cache Hierarchy.
[2016.04.22-20.05.29:529][  0]LogDerivedDataCache: FDerivedDataBackendGraph:  CompressedPak pak cache file ../../../../../../Users/Adam/Documents/Unreal Projects/Beats/DerivedDataCache/Compressed.ddp not found, will not use a pak cache.
[2016.04.22-20.05.29:529][  0]LogDerivedDataCache: Unable to find inner node CompressedPak for hierarchical cache Hierarchy.
[2016.04.22-20.05.29:544][  0]LogDerivedDataCache:Display: Pak cache opened for reading ../../../Engine/DerivedDataCache/Compressed.ddp.
[2016.04.22-20.05.29:556][  0]LogDerivedDataCache: Using Local data cache path C:/Users/Adam/AppData/Local/UnrealEngine/Common/DerivedDataCache: Writable
[2016.04.22-20.05.29:747][  0]LogInit: Selected Device Profile: [Windows]
[2016.04.22-20.05.29:748][  0]LogContentStreaming: Texture pool size is 0.00 MB
[2016.04.22-20.05.29:785][  0]LogMaterial: Uniform references updated for custom material expression Custom.
[2016.04.22-20.05.29:918][  0]LogMeshUtilities: No automatic mesh reduction module available
[2016.04.22-20.05.29:918][  0]LogMeshUtilities: No automatic mesh merging module available
[2016.04.22-20.05.29:918][  0]LogMeshUtilities: No distributed automatic mesh merging module available
[2016.04.22-20.05.30:189][  0]LogUObjectArray: 27679 objects as part of root set at end of initial load.
[2016.04.22-20.05.30:189][  0]LogUObjectAllocator: 5591592 out of 0 bytes used by permanent object pool.
[2016.04.22-20.05.30:189][  0]LogUObjectArray: CloseDisregardForGC: 0/0 objects in disregard for GC pool
[2016.04.22-20.05.30:198][  0]LogInit: WinSock: version 1.1 (2.2), MaxSocks=32767, MaxUdp=65467
[2016.04.22-20.05.30:313][  0]LogSlate: SlateFontCache - WITH_FREETYPE: 1, WITH_HARFBUZZ: 1
[2016.04.22-20.05.30:313][  0]LogSlate: SlateFontCache - WITH_FREETYPE: 1, WITH_HARFBUZZ: 1
[2016.04.22-20.05.30:470][  0]LogStreaming:Warning: Failed to read file '../../../Engine/Content/Editor/Slate/Common/Selection_16x.png' error.
[2016.04.22-20.05.30:470][  0]LogSlate: Could not find file for Slate resource: ../../../Engine/Content/Editor/Slate/Common/Selection_16x.png
[2016.04.22-20.05.30:470][  0]LogStreaming:Warning: Failed to read file '../../../Engine/Content/Editor/Slate/Common/Selection_16x.png' error.
[2016.04.22-20.05.30:470][  0]LogSlate: Could not find file for Slate resource: ../../../Engine/Content/Editor/Slate/Common/Selection_16x.png
[2016.04.22-20.05.30:470][  0]LogStreaming:Warning: Failed to read file '../../../Engine/Content/Editor/Slate/Common/Selection_16x.png' error.
[2016.04.22-20.05.30:470][  0]LogSlate: Could not find file for Slate resource: ../../../Engine/Content/Editor/Slate/Common/Selection_16x.png
[2016.04.22-20.05.31:322][  0]LogUdpMessaging: Initializing bridge on interface 0.0.0.0:0 to multicast group 230.0.0.1:6666.
[2016.04.22-20.05.31:446][  0]LogAssetRegistry: FAssetRegistry took 0.0217 seconds to start up
[2016.04.22-20.05.31:612][  0]SourceControl: Info Source control is disabled
[2016.04.22-20.05.31:716][  0]SourceControl: Info Source control is disabled
[2016.04.22-20.05.31:725][  0]SourceControl: Info Source control is disabled
[2016.04.22-20.05.31:734][  0]SourceControl: Info Source control is disabled
[2016.04.22-20.05.31:883][  0]LogHMD: Failed to initialize OpenVR with code 110
[2016.04.22-20.05.31:958][  0]LogEngine: Initializing Engine...
[2016.04.22-20.05.32:113][  0]LogAIModule: Creating AISystem for world NewWorld
[2016.04.22-20.05.32:123][  0]LogInit: XAudio2 using 'Speakers (Realtek High Definition Audio)' : 2 channels at 48 kHz using 32 bits per sample (channel mask 0x3)
[2016.04.22-20.05.32:145][  0]LogInit: FAudioDevice initialized.
[2016.04.22-20.05.32:174][  0]LogDerivedDataCache: Saved boot cache 0.03s 46MB C:/Users/Adam/AppData/Local/UnrealEngine/4.11/DerivedDataCache/Boot.ddc.
[2016.04.22-20.05.32:178][  0]LogInit: Texture streaming: Enabled
[2016.04.22-20.05.32:203][  0]LogInit: Transaction tracking system initialized
[2016.04.22-20.05.32:229][  0]BlueprintLog: New page: Editor Load
[2016.04.22-20.05.32:319][  0]LocalizationService: Info Localization service is disabled
[2016.04.22-20.05.32:396][  0]LogConsoleResponse:Display: 
[2016.04.22-20.05.32:523][  0]LogCook:Display: Max memory allowance for cook 8192mb
[2016.04.22-20.05.32:523][  0]LogCook:Display: Mobile HDR setting 1
[2016.04.22-20.05.32:523][  0]LogCook:Display: Done creating registry. It took  0.00s.
[2016.04.22-20.05.32:601][  0]LogFileCache: Scanning file cache for directory 'C:/Users/Adam/Documents/Unreal Projects/Beats/Content/' took 0.01s
[2016.04.22-20.05.32:601][  0]SourceControl: Info Source control is disabled
[2016.04.22-20.05.32:601][  0]Cmd: MAP LOAD FILE="../../../../../../Users/Adam/Documents/Unreal Projects/Beats/Content/TwinStickBP/Maps/TwinStickExampleMap.umap" TEMPLATE=0 SHOWPROGRESS=1 FEATURELEVEL=3
[2016.04.22-20.05.32:602][  0]LightingResults: New page: Lighting Build
[2016.04.22-20.05.32:607][  0]MapCheck: New page: Map Check
[2016.04.22-20.05.32:607][  0]LightingResults: New page: Lighting Build
[2016.04.22-20.05.33:020][  0]LogAIModule: Creating AISystem for world TwinStickExampleMap
[2016.04.22-20.05.33:032][  0]LogEditorServer: Finished looking for orphan Actors (0.000 secs)
[2016.04.22-20.05.33:033][  0]Cmd: MAP CHECKDEP NOCLEARLOG
[2016.04.22-20.05.33:131][  0]MapCheck: Info Map check complete: 0 Error(s), 0 Warning(s), took 97.812ms to complete.
[2016.04.22-20.05.33:131][  0]LogFileHelpers: Loading map 'TwinStickExampleMap' took 0.529
[2016.04.22-20.05.33:248][  0]LogCollectionManager: Loaded 0 collections in 0.002229 seconds
[2016.04.22-20.05.33:289][  0]LogFileCache: Scanning file cache for directory 'C:/Users/Adam/Documents/Unreal Projects/Beats/Saved/Collections/' took 0.01s
[2016.04.22-20.05.33:289][  0]LogFileCache: Scanning file cache for directory 'C:/Users/Adam/Documents/Unreal Projects/Beats/Content/Developers/Adam/Collections/' took 0.01s
[2016.04.22-20.05.33:289][  0]LogFileCache: Scanning file cache for directory 'C:/Users/Adam/Documents/Unreal Projects/Beats/Content/Collections/' took 0.01s
[2016.04.22-20.05.33:289][  0]LogCollectionManager: Rebuilt the GUID cache for 0 collections in 0.000003 seconds
[2016.04.22-20.05.33:301][  0]LogContentBrowser: Native class hierarchy populated in 0.0124 seconds. Added 1980 classes and 345 folders.
[2016.04.22-20.05.33:306][  0]LogStats: UGameplayTagsManager::ConstructGameplayTagTree: Construct from data asset -  0.000 s
[2016.04.22-20.05.33:306][  0]LogStats: UGameplayTagsManager::ConstructGameplayTagTree: GameplayTagTreeChangedEvent.Broadcast -  0.000 s
[2016.04.22-20.05.33:308][  0]LogContentBrowser: Native class hierarchy updated for 'GameplayTags' in 0.0016 seconds. Added 12 classes and 0 folders.
[2016.04.22-20.05.33:314][  0]LogContentBrowser: Native class hierarchy updated for 'WidgetCarousel' in 0.0014 seconds. Added 0 classes and 0 folders.
[2016.04.22-20.05.33:323][  0]LogContentBrowser: Native class hierarchy updated for 'SuperSearch' in 0.0015 seconds. Added 1 classes and 2 folders.
[2016.04.22-20.05.33:393][  0]LogContentBrowser: Native class hierarchy updated for 'AddContentDialog' in 0.0017 seconds. Added 0 classes and 0 folders.
[2016.04.22-20.05.33:399][  0]LogContentBrowser: Native class hierarchy updated for 'SceneOutliner' in 0.0018 seconds. Added 1 classes and 2 folders.
[2016.04.22-20.05.33:429][  0]LogCrashTracker: Crashtracker disabled due to settings.
[2016.04.22-20.05.33:439][  0]LogWindowsTextInputMethodSystem:Display: IME system now deactivated.
[2016.04.22-20.05.33:439][  0]LogWindowsTextInputMethodSystem:Display: IME system now deactivated.
[2016.04.22-20.05.33:489][  0]LogContentBrowser: Native class hierarchy updated for 'HierarchicalLODOutliner' in 0.0018 seconds. Added 1 classes and 2 folders.
[2016.04.22-20.05.33:490][  0]LogLoad: Full Startup: 6.52 seconds (BP compile: 0.09 seconds)
[2016.04.22-20.05.33:490][  0]LogExternalProfiler: Found external profiler: VSPerf
[2016.04.22-20.05.33:490][  0]LogExternalProfiler: Using external profiler: VSPerf
[2016.04.22-20.05.33:509][  0]LogOcInput: OculusInput pre-init called
[2016.04.22-20.05.33:583][  0]LogContentStreaming: Texture pool size now 1000 MB
[2016.04.22-20.05.33:789][  0]LogRenderer: Reallocating scene render targets to support 1208x576 (Frame:2).
[2016.04.22-20.05.33:901][  1]LogAssetRegistry: Asset discovery search completed in 2.4766 seconds
[2016.04.22-20.05.33:901][  1]LogCollectionManager: Rebuilt the object cache for 0 collections in 0.000001 seconds (found 0 objects)
[2016.04.22-20.05.33:901][  1]LogCollectionManager: Fixed up redirectors for 0 collections in 0.000027 seconds (updated 0 objects)
[2016.04.22-20.05.33:972][  3]LogWindows: LaunchURL http://docs.unrealengine.com/latest/INT/Engine/Actors/Triggers/index.html?utm_source=editor&utm_medium=docs&utm_campaign=doc_anchors
[2016.04.22-20.06.28:266][252]Recompiling Beats...
[2016.04.22-20.06.28:267][252]Launching UnrealBuildTool... [C:/Program Files (x86)/Epic Games/4.11/Engine/Binaries/DotNET/UnrealBuildTool.exe Beats -ModuleWithSuffix Beats 7105 Win64 Development -editorrecompile -canskiplink "C:/Users/Adam/Documents/Unreal Projects/Beats/Beats.uproject"  -2015]
[2016.04.22-20.06.28:300][252]Warning: Starting HotReload took  0.1s.
[2016.04.22-20.06.46:343][132]CompilerResultsLog: New page: Compilation - Apr 22, 2016, 11:06:46 AM
[2016.04.22-20.06.46:343][132]CompilerResultsLog: Info Creating makefile for hot reloading Beats (working set of source files changed)
[2016.04.22-20.06.46:343][132]CompilerResultsLog: Info Compiling game modules for hot reload
[2016.04.22-20.06.46:343][132]CompilerResultsLog: Info Parsing headers for BeatsEditor
[2016.04.22-20.06.46:343][132]CompilerResultsLog: Info   Running UnrealHeaderTool "C:\Users\Adam\Documents\Unreal Projects\Beats\Beats.uproject" "C:\Users\Adam\Documents\Unreal Projects\Beats\Intermediate\Build\Win64\BeatsEditor\Development\UnrealHeaderTool.manifest" -LogCmds="loginit warning, logexit warning, logdatabase error" -Unattended -WarningsAsErrors -installed
[2016.04.22-20.06.46:343][132]CompilerResultsLog: Info Reflection code generated for BeatsEditor in 5.6549863 seconds
[2016.04.22-20.06.46:343][132]CompilerResultsLog: Info Performing 2 actions (4 in parallel)
[2016.04.22-20.06.46:343][132]CompilerResultsLog: Info BeatActor.cpp
[2016.04.22-20.06.46:343][132]CompilerResultsLog: Info [2/2] Link UE4Editor-Beats-7105.dll
[2016.04.22-20.06.46:343][132]CompilerResultsLog: Info    Creating library C:\Users\Adam\Documents\Unreal Projects\Beats\Intermediate\Build\Win64\UE4Editor\Development\UE4Editor-Beats-7105.lib and object C:\Users\Adam\Documents\Unreal Projects\Beats\Intermediate\Build\Win64\UE4Editor\Development\UE4Editor-Beats-7105.exp
[2016.04.22-20.06.46:343][132]CompilerResultsLog: Info -------- End Detailed Actions Stats -----------------------------------------------------------
[2016.04.22-20.06.46:343][132]CompilerResultsLog: Info Total build time: 17.82 seconds
[2016.04.22-20.06.46:343][132]LogMainFrame: MainFrame: Module compiling took 18.083 seconds
[2016.04.22-20.06.46:380][132]LogContentBrowser: Native class hierarchy updated for 'Beats' in 0.0025 seconds. Added 1 classes and 2 folders.
[2016.04.22-20.06.46:383][132]Warning: HotReload successful (2 functions remapped  0 scriptstructs remapped)
[2016.04.22-20.06.46:443][132]LogContentBrowser: Native class hierarchy populated in 0.0085 seconds. Added 1983 classes and 351 folders.
[2016.04.22-20.06.46:444][132]Warning: HotReload took 18.2s.
[2016.04.22-20.06.49:326][282]LogPlayLevel: PlayLevel: No blueprints needed recompiling
[2016.04.22-20.06.49:326][282]PIE: New page: PIE session: TwinStickExampleMap (Apr 22, 2016, 11:06:49 AM)
[2016.04.22-20.06.49:327][282]LogPlayLevel: Creating play world package: /Game/TwinStickBP/Maps/UEDPIE_0_TwinStickExampleMap
[2016.04.22-20.06.49:333][282]LogPlayLevel: PIE: StaticDuplicateObject took: (0.006329s)
[2016.04.22-20.06.49:333][282]LogAIModule: Creating AISystem for world TwinStickExampleMap
[2016.04.22-20.06.49:334][282]LogPlayLevel: PIE: World Init took: (0.000698s)
[2016.04.22-20.06.49:334][282]LogPlayLevel: PIE: Created PIE world by copying editor world from /Game/TwinStickBP/Maps/TwinStickExampleMap.TwinStickExampleMap to /Game/TwinStickBP/Maps/UEDPIE_0_TwinStickExampleMap.TwinStickExampleMap (0.007242s)
[2016.04.22-20.06.49:352][282]LogInit: XAudio2 using 'Speakers (Realtek High Definition Audio)' : 2 channels at 48 kHz using 32 bits per sample (channel mask 0x3)
[2016.04.22-20.06.49:362][282]LogInit: FAudioDevice initialized.
[2016.04.22-20.06.49:407][282]LogWorld: Game class is 'TwinStickGameMode_C'
[2016.04.22-20.06.49:412][282]LogWorld: Bringing World /Game/TwinStickBP/Maps/UEDPIE_0_TwinStickExampleMap.TwinStickExampleMap up for play (max tick rate 60) at 2016.04.22-16.06.49
[2016.04.22-20.06.49:413][282]LogWorld: Bringing up level for play took: 0.004251
[2016.04.22-20.06.49:426][282]LogContentBrowser: Native class hierarchy updated for 'MovieSceneCapture' in 0.0014 seconds. Added 9 classes and 0 folders.
[2016.04.22-20.06.49:426][282]LogTemp: Got to DefineSound
[2016.04.22-20.06.49:426][282]LogTemp: Activated audiocomponent
[2016.04.22-20.06.49:426][282]LogUObjectGlobals:Warning: Class which was marked abstract was trying to be loaded.  It will be nulled out on save. None Engine
[2016.04.22-20.06.49:426][282]LogOutputDevice:Warning: 

Script Stack:
BeatBlock_C.ExecuteUbergraph_BeatBlock
BeatBlock_C.ReceiveBeginPlay

[2016.04.22-20.06.49:437][282]LogStats: FPlatformStackWalk::StackWalkAndDump -  0.011 s
[2016.04.22-20.06.49:437][282]LogOutputDevice:Warning: === Handled error: ===

Ensure condition failed: false [File:D:\BuildFarm\buildmachine_++UE4+Release-4.11\Engine\Source\Runtime\CoreUObject\Private\UObject\UObjectGlobals.cpp] [Line: 1956]
Class which was marked abstract was trying to be loaded.  It will be nulled out on save. None Engine
Stack: 
UE4Editor-Core.dll
UE4Editor-Core.dll
UE4Editor-Core.dll
UE4Editor-CoreUObject.dll
UE4Editor-CoreUObject.dll
UE4Editor-Engine.dll
UE4Editor-Beats-7105.dll
UE4Editor-Beats-7105.dll
UE4Editor-CoreUObject.dll
UE4Editor-CoreUObject.dll
UE4Editor-CoreUObject.dll
UE4Editor-CoreUObject.dll
UE4Editor-CoreUObject.dll
UE4Editor-CoreUObject.dll
UE4Editor-CoreUObject.dll
UE4Editor-CoreUObject.dll
UE4Editor-Engine.dll
UE4Editor-Engine.dll
UE4Editor-Beats-7105.dll
UE4Editor-Engine.dll
UE4Editor-Engine.dll
UE4Editor-Engine.dll
UE4Editor-Engine.dll
UE4Editor-Engine.dll
UE4Editor-Engine.dll
UE4Editor-UnrealEd.dll
UE4Editor-UnrealEd.dll
UE4Editor-UnrealEd.dll
UE4Editor-UnrealEd.dll
UE4Editor-UnrealEd.dll
UE4Editor.exe
UE4Editor.exe
UE4Editor.exe
UE4Editor.exe
UE4Editor.exe
KERNEL32.DLL
ntdll.dll
ntdll.dll

[2016.04.22-20.06.49:437][282]LogStats:                SubmitErrorReport -  0.000 s
[2016.04.22-20.06.49:751][282]LogStats:                    SendNewReport -  0.313 s
[2016.04.22-20.06.49:751][282]LogStats:             FDebug::EnsureFailed -  0.324 s
[2016.04.22-20.06.49:751][282]LogWindows:Error: Windows GetLastError: The operation completed successfully. (0)
[2016.04.22-20.06.50:101][282]LogCrashTracker: 


[2016.04.22-20.06.50:101][282]LogCrashTracker: 


[2016.04.22-20.06.50:101][282]LogWindows:Error: === Critical error: ===
Fatal error: [File:D:\BuildFarm\buildmachine_++UE4+Release-4.11\Engine\Source\Runtime\CoreUObject\Private\UObject\UObjectGlobals.cpp] [Line: 2830] 
FObjectInitializer::Get() can only be used inside of UObject-derived class constructor.




