Log file open, 08/05/16 19:25:28
LogInit:Display: Running engine for game: Beats
LogPlatformFile: Not using cached read wrapper
LogInit:Display: RandInit(-1799303917) SRandInit(-1799303916).
LogTaskGraph: Started task graph with 4 named threads and 7 total threads.
LogStats: Stats thread started at 0.090569
LogInit: Version: 4.11.2-2946394+++UE4+Release-4.11
LogInit: API Version: 2927265
LogInit: Compiled (64-bit): Apr 18 2016 02:18:46
LogInit: Compiled with Visual C++: 19.00.23026.00
LogInit: Build Configuration: Development
LogInit: Branch Name: ++UE4+Release-4.11
LogInit: Command line:  
LogInit: Base directory: C:/Program Files (x86)/Epic Games/4.11/Engine/Binaries/Win64/
LogInit: Installed Engine Build: 1
LogInit: Using libcurl 7.41.0
LogInit:  - built for x86_64-pc-win32
LogInit:  - supports SSL with WinSSL
LogInit:  - other features:
LogInit:      CURL_VERSION_SSL
LogInit:      CURL_VERSION_IPV6
LogInit:      CURL_VERSION_ASYNCHDNS
LogInit:      CURL_VERSION_LARGEFILE
LogInit:      CURL_VERSION_IDN
LogInit:  CurlRequestOptions (configurable via config and command line):
LogInit:  - bVerifyPeer = true  - Libcurl will verify peer certificate
LogInit:  - bUseHttpProxy = false  - Libcurl will NOT use HTTP proxy
LogInit:  - bDontReuseConnections = false  - Libcurl will reuse connections
LogInit:  - CertBundlePath = nullptr  - Libcurl will use whatever was configured at build time.
LogInit: Presizing for max 16777216 objects, including 0 objects not considered by GC, pre-allocating 0 bytes for permanent pool.
LogInit: Object subsystem initialized
[2016.08.05-23.25.28:568][  0]LogInit: Selected Device Profile: [Windows]
[2016.08.05-23.25.28:568][  0]LogInit: Applying CVar settings loaded from the selected device profile: [Windows]
[2016.08.05-23.25.28:577][  0]LogInit: Computer: DESKTOP-TA850RC
[2016.08.05-23.25.28:577][  0]LogInit: User: Adam
[2016.08.05-23.25.28:577][  0]LogInit: CPU Page size=65536, Cores=4
[2016.08.05-23.25.28:577][  0]LogInit: High frequency timer resolution =2.338344 MHz
[2016.08.05-23.25.28:577][  0]LogMemory: Memory total: Physical=15.8GB (16GB approx)
[2016.08.05-23.25.28:577][  0]LogMemory: Platform Memory Stats for Windows
[2016.08.05-23.25.28:577][  0]LogMemory: Process Physical Memory: 313.35 MB used, 313.35 MB peak
[2016.08.05-23.25.28:577][  0]LogMemory: Process Virtual Memory: 314.98 MB used, 314.98 MB peak
[2016.08.05-23.25.28:577][  0]LogMemory: Physical Memory: 5205.99 MB used, 16203.17 MB total
[2016.08.05-23.25.28:577][  0]LogMemory: Virtual Memory: 651.92 MB used, 134217728.00 MB total
[2016.08.05-23.25.28:760][  0]LogTextLocalizationManager: No specific translations for ('en-US') exist, so ('en') translations will be used.
[2016.08.05-23.25.29:167][  0]LogD3D11RHI: D3D11 adapters:
[2016.08.05-23.25.29:191][  0]LogD3D11RHI:    0. 'NVIDIA GeForce GT 750M' (Feature Level 11_0)
[2016.08.05-23.25.29:191][  0]LogD3D11RHI:       1992MB of dedicated video memory, 0MB of dedicated system memory, and 8101MB of shared system memory, 1 output[s]
[2016.08.05-23.25.29:197][  0]LogD3D11RHI:    1. 'Intel(R) HD Graphics 4600' (Feature Level 11_0)
[2016.08.05-23.25.29:197][  0]LogD3D11RHI:       112MB of dedicated video memory, 0MB of dedicated system memory, and 2048MB of shared system memory, 0 output[s]
[2016.08.05-23.25.29:198][  0]LogD3D11RHI:    2. 'Microsoft Basic Render Driver' (Feature Level 11_0)
[2016.08.05-23.25.29:198][  0]LogD3D11RHI:       0MB of dedicated video memory, 0MB of dedicated system memory, and 8101MB of shared system memory, 0 output[s]
[2016.08.05-23.25.29:198][  0]LogD3D11RHI: Chosen D3D11 Adapter: 0
[2016.08.05-23.25.29:204][  0]LogD3D11RHI: Creating new Direct3DDevice
[2016.08.05-23.25.29:204][  0]LogD3D11RHI:     Adapter Name: NVIDIA GeForce GT 750M
[2016.08.05-23.25.29:204][  0]LogD3D11RHI:   Driver Version: Unknown (internal Unknown)
[2016.08.05-23.25.29:204][  0]LogD3D11RHI:      Driver Date: Unknown
[2016.08.05-23.25.29:204][  0]LogRHI: Texture pool is 1361 MB (70% of 1945 MB)
[2016.08.05-23.25.29:219][  0]LogD3D11RHI: Async texture creation enabled
[2016.08.05-23.25.29:237][  0]LogShaderCompilers: Guid format shader working directory is -15 characters bigger than the processId version (../../../../../../Users/Adam/Documents/Unreal Projects/Beats/Intermediate/Shaders/WorkingDirectory/6692/).
[2016.08.05-23.25.29:237][  0]LogShaderCompilers: Cleaned the shader compiler working directory 'C:/Users/Adam/AppData/Local/Temp/UnrealShaderWorkingDir/D57AE771400BC159545F919BC2842A68/'.
[2016.08.05-23.25.29:237][  0]LogShaderCompilers:Display: Using Local Shader Compiler.
[2016.08.05-23.25.30:566][  0]LogTemp:Display: Loaded TP AllDesktopTargetPlatform
[2016.08.05-23.25.30:578][  0]LogTemp:Display: Loaded TP WindowsClientTargetPlatform
[2016.08.05-23.25.30:591][  0]LogTemp:Display: Loaded TP WindowsNoEditorTargetPlatform
[2016.08.05-23.25.30:603][  0]LogTemp:Display: Loaded TP WindowsServerTargetPlatform
[2016.08.05-23.25.30:616][  0]LogTemp:Display: Loaded TP WindowsTargetPlatform
[2016.08.05-23.25.30:627][  0]LogTemp:Display: Loaded TP AndroidTargetPlatform
[2016.08.05-23.25.30:639][  0]LogTemp:Display: Loaded TP Android_ASTCTargetPlatform
[2016.08.05-23.25.30:651][  0]LogTemp:Display: Loaded TP Android_ATCTargetPlatform
[2016.08.05-23.25.30:662][  0]LogTemp:Display: Loaded TP Android_DXTTargetPlatform
[2016.08.05-23.25.30:674][  0]LogTemp:Display: Loaded TP Android_ETC1TargetPlatform
[2016.08.05-23.25.30:692][  0]LogTemp:Display: Loaded TP Android_ETC2TargetPlatform
[2016.08.05-23.25.30:717][  0]LogTemp:Display: Loaded TP Android_MultiTargetPlatform
[2016.08.05-23.25.30:717][  0]LogTemp:Display: Loaded TP Android_PVRTCTargetPlatform
[2016.08.05-23.25.30:726][  0]LogTemp:Display: Loaded TP HTML5TargetPlatform
[2016.08.05-23.25.30:770][  0]LogTemp:Display: Loaded TP IOSTargetPlatform
[2016.08.05-23.25.30:779][  0]LogTemp:Display: Loaded TP TVOSTargetPlatform
[2016.08.05-23.25.30:793][  0]LogTemp:Display: Loaded TP LinuxNoEditorTargetPlatform
[2016.08.05-23.25.30:804][  0]LogTemp:Display: Loaded TP LinuxServerTargetPlatform
[2016.08.05-23.25.30:816][  0]LogTemp:Display: Loaded TP LinuxTargetPlatform
[2016.08.05-23.25.30:816][  0]LogTargetPlatformManager:Display: Building Assets For Windows
[2016.08.05-23.25.31:148][  0]LogDerivedDataCache:Display: Max Cache Size: 512 MB
[2016.08.05-23.25.31:198][  0]LogDerivedDataCache: Loaded boot cache 0.05s 46MB C:/Users/Adam/AppData/Local/UnrealEngine/4.11/DerivedDataCache/Boot.ddc.
[2016.08.05-23.25.31:198][  0]LogDerivedDataCache:Display: Loaded Boot cache: C:/Users/Adam/AppData/Local/UnrealEngine/4.11/DerivedDataCache/Boot.ddc
[2016.08.05-23.25.31:198][  0]LogDerivedDataCache: FDerivedDataBackendGraph:  Pak pak cache file ../../../../../../Users/Adam/Documents/Unreal Projects/Beats/DerivedDataCache/DDC.ddp not found, will not use a pak cache.
[2016.08.05-23.25.31:198][  0]LogDerivedDataCache: Unable to find inner node Pak for hierarchical cache Hierarchy.
[2016.08.05-23.25.31:198][  0]LogDerivedDataCache: FDerivedDataBackendGraph:  CompressedPak pak cache file ../../../../../../Users/Adam/Documents/Unreal Projects/Beats/DerivedDataCache/Compressed.ddp not found, will not use a pak cache.
[2016.08.05-23.25.31:198][  0]LogDerivedDataCache: Unable to find inner node CompressedPak for hierarchical cache Hierarchy.
[2016.08.05-23.25.31:212][  0]LogDerivedDataCache:Display: Pak cache opened for reading ../../../Engine/DerivedDataCache/Compressed.ddp.
[2016.08.05-23.25.31:224][  0]LogDerivedDataCache: Using Local data cache path C:/Users/Adam/AppData/Local/UnrealEngine/Common/DerivedDataCache: Writable
[2016.08.05-23.25.31:431][  0]LogInit: Selected Device Profile: [Windows]
[2016.08.05-23.25.31:431][  0]LogContentStreaming: Texture pool size is 0.00 MB
[2016.08.05-23.25.31:471][  0]LogMaterial: Uniform references updated for custom material expression Custom.
[2016.08.05-23.25.31:612][  0]LogMeshUtilities: No automatic mesh reduction module available
[2016.08.05-23.25.31:612][  0]LogMeshUtilities: No automatic mesh merging module available
[2016.08.05-23.25.31:612][  0]LogMeshUtilities: No distributed automatic mesh merging module available
[2016.08.05-23.25.31:877][  0]LogUObjectArray: 27679 objects as part of root set at end of initial load.
[2016.08.05-23.25.31:877][  0]LogUObjectAllocator: 5591592 out of 0 bytes used by permanent object pool.
[2016.08.05-23.25.31:877][  0]LogUObjectArray: CloseDisregardForGC: 0/0 objects in disregard for GC pool
[2016.08.05-23.25.31:890][  0]LogInit: WinSock: version 1.1 (2.2), MaxSocks=32767, MaxUdp=65467
[2016.08.05-23.25.32:573][  0]LogSlate: SlateFontCache - WITH_FREETYPE: 1, WITH_HARFBUZZ: 1
[2016.08.05-23.25.32:573][  0]LogSlate: SlateFontCache - WITH_FREETYPE: 1, WITH_HARFBUZZ: 1
[2016.08.05-23.25.32:718][  0]LogStreaming:Warning: Failed to read file '../../../Engine/Content/Editor/Slate/Common/Selection_16x.png' error.
[2016.08.05-23.25.32:719][  0]LogSlate: Could not find file for Slate resource: ../../../Engine/Content/Editor/Slate/Common/Selection_16x.png
[2016.08.05-23.25.32:719][  0]LogStreaming:Warning: Failed to read file '../../../Engine/Content/Editor/Slate/Common/Selection_16x.png' error.
[2016.08.05-23.25.32:719][  0]LogSlate: Could not find file for Slate resource: ../../../Engine/Content/Editor/Slate/Common/Selection_16x.png
[2016.08.05-23.25.32:719][  0]LogStreaming:Warning: Failed to read file '../../../Engine/Content/Editor/Slate/Common/Selection_16x.png' error.
[2016.08.05-23.25.32:719][  0]LogSlate: Could not find file for Slate resource: ../../../Engine/Content/Editor/Slate/Common/Selection_16x.png
[2016.08.05-23.25.33:588][  0]LogSubstanceCoreModule: Substance CPU Engine Loaded, Max Texture Size 2048
[2016.08.05-23.25.33:622][  0]LogUdpMessaging: Initializing bridge on interface 0.0.0.0:0 to multicast group 230.0.0.1:6666.
[2016.08.05-23.25.33:819][  0]LogAssetRegistry: FAssetRegistry took 0.0217 seconds to start up
[2016.08.05-23.25.34:143][  0]SourceControl: Info Source control is disabled
[2016.08.05-23.25.34:739][  0]SourceControl: Info Source control is disabled
[2016.08.05-23.25.34:777][  0]SourceControl: Info Source control is disabled
[2016.08.05-23.25.34:807][  0]SourceControl: Info Source control is disabled
[2016.08.05-23.25.35:144][  0]LogHMD: Failed to initialize OpenVR with code 110
[2016.08.05-23.25.35:311][  0]LogEngine: Initializing Engine...
[2016.08.05-23.25.35:493][  0]LogAIModule: Creating AISystem for world NewWorld
[2016.08.05-23.25.35:498][  0]LogInit: XAudio2 using 'Speakers (Realtek High Definition Audio)' : 2 channels at 48 kHz using 32 bits per sample (channel mask 0x3)
[2016.08.05-23.25.35:512][  0]LogInit: FAudioDevice initialized.
[2016.08.05-23.25.35:537][  0]LogDerivedDataCache: Saved boot cache 0.03s 46MB C:/Users/Adam/AppData/Local/UnrealEngine/4.11/DerivedDataCache/Boot.ddc.
[2016.08.05-23.25.35:541][  0]LogInit: Texture streaming: Enabled
[2016.08.05-23.25.35:618][  0]LogInit: Transaction tracking system initialized
[2016.08.05-23.25.35:709][  0]BlueprintLog: New page: Editor Load
[2016.08.05-23.25.36:170][  0]LocalizationService: Info Localization service is disabled
[2016.08.05-23.25.36:436][  0]LogConsoleResponse:Display: 
[2016.08.05-23.25.36:574][  0]LogCook:Display: Max memory allowance for cook 8192mb
[2016.08.05-23.25.36:574][  0]LogCook:Display: Mobile HDR setting 1
[2016.08.05-23.25.36:574][  0]LogCook:Display: Done creating registry. It took  0.00s.
[2016.08.05-23.25.36:754][  0]LogFileCache: Scanning file cache for directory 'C:/Users/Adam/Documents/Unreal Projects/Beats/Content/' took 0.01s
[2016.08.05-23.25.36:754][  0]SourceControl: Info Source control is disabled
[2016.08.05-23.25.36:755][  0]Cmd: MAP LOAD FILE="../../../../../../Users/Adam/Documents/Unreal Projects/Beats/Content/Maps/Test.umap" TEMPLATE=0 SHOWPROGRESS=1 FEATURELEVEL=3
[2016.08.05-23.25.36:755][  0]LightingResults: New page: Lighting Build
[2016.08.05-23.25.36:759][  0]MapCheck: New page: Map Check
[2016.08.05-23.25.36:759][  0]LightingResults: New page: Lighting Build
[2016.08.05-23.25.37:169][  0]LogAIModule: Creating AISystem for world Test
[2016.08.05-23.25.37:182][  0]LogEditorServer: Finished looking for orphan Actors (0.000 secs)
[2016.08.05-23.25.37:183][  0]Cmd: MAP CHECKDEP NOCLEARLOG
[2016.08.05-23.25.37:261][  0]MapCheck: Info Map check complete: 0 Error(s), 0 Warning(s), took 77.728ms to complete.
[2016.08.05-23.25.37:261][  0]LogFileHelpers: Loading map 'Test' took 0.506
[2016.08.05-23.25.37:372][  0]LogCollectionManager: Loaded 1 collections in 0.003082 seconds
[2016.08.05-23.25.37:413][  0]LogFileCache: Scanning file cache for directory 'C:/Users/Adam/Documents/Unreal Projects/Beats/Saved/Collections/' took 0.01s
[2016.08.05-23.25.37:413][  0]LogFileCache: Scanning file cache for directory 'C:/Users/Adam/Documents/Unreal Projects/Beats/Content/Developers/Adam/Collections/' took 0.01s
[2016.08.05-23.25.37:413][  0]LogFileCache: Scanning file cache for directory 'C:/Users/Adam/Documents/Unreal Projects/Beats/Content/Collections/' took 0.01s
[2016.08.05-23.25.37:413][  0]LogCollectionManager: Rebuilt the GUID cache for 1 collections in 0.000005 seconds
[2016.08.05-23.25.37:413][  0]LogCollectionManager: Rebuilt the hierarchy cache for 1 collections in 0.000000 seconds
[2016.08.05-23.25.37:421][  0]LogContentBrowser: Native class hierarchy populated in 0.0082 seconds. Added 1997 classes and 351 folders.
[2016.08.05-23.25.37:425][  0]LogStats: UGameplayTagsManager::ConstructGameplayTagTree: Construct from data asset -  0.000 s
[2016.08.05-23.25.37:425][  0]LogStats: UGameplayTagsManager::ConstructGameplayTagTree: GameplayTagTreeChangedEvent.Broadcast -  0.000 s
[2016.08.05-23.25.37:427][  0]LogContentBrowser: Native class hierarchy updated for 'GameplayTags' in 0.0016 seconds. Added 12 classes and 0 folders.
[2016.08.05-23.25.37:433][  0]LogContentBrowser: Native class hierarchy updated for 'WidgetCarousel' in 0.0015 seconds. Added 0 classes and 0 folders.
[2016.08.05-23.25.37:456][  0]LogContentBrowser: Native class hierarchy updated for 'SuperSearch' in 0.0018 seconds. Added 1 classes and 2 folders.
[2016.08.05-23.25.37:515][  0]LogContentBrowser: Native class hierarchy updated for 'AddContentDialog' in 0.0016 seconds. Added 0 classes and 0 folders.
[2016.08.05-23.25.37:544][  0]LogContentBrowser: Native class hierarchy updated for 'SceneOutliner' in 0.0017 seconds. Added 1 classes and 2 folders.
[2016.08.05-23.25.37:572][  0]LogCrashTracker: Crashtracker disabled due to settings.
[2016.08.05-23.25.37:577][  0]LogUObjectGlobals:Warning: Failed to find object 'Class None.'
[2016.08.05-23.25.37:625][  0]LogContentBrowser: Native class hierarchy updated for 'HierarchicalLODOutliner' in 0.0033 seconds. Added 1 classes and 2 folders.
[2016.08.05-23.25.37:625][  0]LogLoad: Full Startup: 10.28 seconds (BP compile: 0.10 seconds)
[2016.08.05-23.25.37:625][  0]LogExternalProfiler: Found external profiler: VSPerf
[2016.08.05-23.25.37:625][  0]LogExternalProfiler: Using external profiler: VSPerf
[2016.08.05-23.25.37:634][  0]LogWindowsTextInputMethodSystem:Display: IME system now deactivated.
[2016.08.05-23.25.37:634][  0]LogWindowsTextInputMethodSystem:Display: IME system now deactivated.
[2016.08.05-23.25.37:635][  0]LogOcInput: OculusInput pre-init called
[2016.08.05-23.25.37:690][  0]LogContentStreaming: Texture pool size now 1000 MB
[2016.08.05-23.25.37:853][  0]LogRenderer: Reallocating scene render targets to support 1208x576 (Frame:2).
[2016.08.05-23.25.38:003][  1]LogAssetRegistry: Asset discovery search completed in 4.2049 seconds
[2016.08.05-23.25.38:003][  1]LogCollectionManager: Rebuilt the object cache for 1 collections in 0.000001 seconds (found 0 objects)
[2016.08.05-23.25.38:003][  1]LogCollectionManager: Fixed up redirectors for 1 collections in 0.000019 seconds (updated 0 objects)
[2016.08.05-23.25.54:725][792]LogContentBrowser: Native class hierarchy updated for 'BlueprintGraph' in 0.0093 seconds. Added 108 classes and 0 folders.
[2016.08.05-23.26.57:612][618]BlueprintLog: New page: Compile Highway
[2016.08.05-23.26.57:812][618]BlueprintEditorCompileResults: Info [0090.47] Compile of Highway successful! [in 200 ms]
[2016.08.05-23.27.06:119][564]BlueprintLog: New page: Compile Highway
[2016.08.05-23.27.06:297][564]BlueprintEditorCompileResults: Info [0098.95] Compile of Highway successful! [in 177 ms]
[2016.08.05-23.27.07:071][636]Cmd: OBJ SAVEPACKAGE PACKAGE="/Game/Maps/Test" FILE="../../../../../../Users/Adam/Documents/Unreal Projects/Beats/Content/Maps/Test.umap" SILENT=true AUTOSAVING=false KEEPDIRTY=false
[2016.08.05-23.27.07:157][636]LogSavePackage: Save=54.52ms
[2016.08.05-23.27.07:157][636]LogSavePackage: Moving '../../../../../../Users/Adam/Documents/Unreal Projects/Beats/Saved/TestE5F0411143FA71EF9DC68FA6F28A76B7.tmp' to '../../../../../../Users/Adam/Documents/Unreal Projects/Beats/Content/Maps/Test.umap'
[2016.08.05-23.27.07:160][636]LogSavePackage: Total save time: 72.90ms
[2016.08.05-23.27.07:160][636]LogSavePackage:Display: Finished SavePackage ../../../../../../Users/Adam/Documents/Unreal Projects/Beats/Content/Maps/Test.umap
[2016.08.05-23.27.07:201][636]LogFileHelpers: Saving map 'Test' took 0.222
[2016.08.05-23.27.07:233][636]Cmd: OBJ SAVEPACKAGE PACKAGE="/Game/Blueprints/Main/Highway" FILE="../../../../../../Users/Adam/Documents/Unreal Projects/Beats/Content/Blueprints/Main/Highway.uasset" SILENT=true
[2016.08.05-23.27.07:472][636]LogSavePackage: Save=225.91ms
[2016.08.05-23.27.07:472][636]LogSavePackage: Moving '../../../../../../Users/Adam/Documents/Unreal Projects/Beats/Saved/Highway9098FAA74843EF4E99FBCAA655937327.tmp' to '../../../../../../Users/Adam/Documents/Unreal Projects/Beats/Content/Blueprints/Main/Highway.uasset'
[2016.08.05-23.27.07:476][636]LogSavePackage: Total save time: 241.79ms
[2016.08.05-23.27.07:476][636]LogSavePackage:Display: Finished SavePackage ../../../../../../Users/Adam/Documents/Unreal Projects/Beats/Content/Blueprints/Main/Highway.uasset
[2016.08.05-23.27.08:785][743]LogPlayLevel: PlayLevel: No blueprints needed recompiling
[2016.08.05-23.27.08:785][743]PIE: New page: PIE session: Test (Aug 5, 2016, 2:27:08 PM)
[2016.08.05-23.27.08:785][743]LogPlayLevel: Creating play world package: /Game/Maps/UEDPIE_0_Test
[2016.08.05-23.27.08:789][743]LogPlayLevel: PIE: StaticDuplicateObject took: (0.004210s)
[2016.08.05-23.27.08:790][743]LogAIModule: Creating AISystem for world Test
[2016.08.05-23.27.08:790][743]LogPlayLevel: PIE: World Init took: (0.000631s)
[2016.08.05-23.27.08:790][743]LogPlayLevel: PIE: Created PIE world by copying editor world from /Game/Maps/Test.Test to /Game/Maps/UEDPIE_0_Test.Test (0.005082s)
[2016.08.05-23.27.08:813][743]LogInit: XAudio2 using 'Speakers (Realtek High Definition Audio)' : 2 channels at 48 kHz using 32 bits per sample (channel mask 0x3)
[2016.08.05-23.27.08:823][743]LogInit: FAudioDevice initialized.
[2016.08.05-23.27.08:876][743]LogLinker:Warning: Can't find file '/Game/Blueprints/Blueprints/SaltGameMode'
[2016.08.05-23.27.08:877][743]LogLinker:Warning: Can't find file '/Game/Blueprints/Blueprints/SaltGameMode'
[2016.08.05-23.27.08:877][743]LogUObjectGlobals:Warning: Failed to find object 'Class /Game/Blueprints/Blueprints/SaltGameMode.SaltGameMode_C'
[2016.08.05-23.27.08:877][743]LogWorld: Game class is 'GameMode'
[2016.08.05-23.27.08:880][743]LogWorld: Bringing World /Game/Maps/UEDPIE_0_Test.Test up for play (max tick rate 0) at 2016.08.05-19.27.08
[2016.08.05-23.27.08:881][743]LogWorld: Bringing up level for play took: 0.002916
[2016.08.05-23.27.08:887][743]LogContentBrowser: Native class hierarchy updated for 'MovieSceneCapture' in 0.0018 seconds. Added 9 classes and 0 folders.
[2016.08.05-23.27.08:888][743]PIE: Info Play in editor start time for /Game/Maps/UEDPIE_0_Test 0.588
[2016.08.05-23.27.30:638][387]BlueprintLog: New page: Compile Highway
[2016.08.05-23.27.30:789][387]BlueprintEditorCompileResults: Info [0123.45] Compile of Highway successful! [in 150 ms]
[2016.08.05-23.27.31:314][430]Cmd: OBJ SAVEPACKAGE PACKAGE="/Game/Maps/Test" FILE="../../../../../../Users/Adam/Documents/Unreal Projects/Beats/Content/Maps/Test.umap" SILENT=true AUTOSAVING=false KEEPDIRTY=false
[2016.08.05-23.27.31:414][430]LogSavePackage: Save=68.34ms
[2016.08.05-23.27.31:414][430]LogSavePackage: Moving '../../../../../../Users/Adam/Documents/Unreal Projects/Beats/Saved/Test301379994E9DBF34E08956A234F94668.tmp' to '../../../../../../Users/Adam/Documents/Unreal Projects/Beats/Content/Maps/Test.umap'
[2016.08.05-23.27.31:417][430]LogSavePackage: Total save time: 83.88ms
[2016.08.05-23.27.31:417][430]LogSavePackage:Display: Finished SavePackage ../../../../../../Users/Adam/Documents/Unreal Projects/Beats/Content/Maps/Test.umap
[2016.08.05-23.27.31:444][430]LogFileHelpers: Saving map 'Test' took 0.223
[2016.08.05-23.27.31:471][430]Cmd: OBJ SAVEPACKAGE PACKAGE="/Game/Blueprints/Main/Highway" FILE="../../../../../../Users/Adam/Documents/Unreal Projects/Beats/Content/Blueprints/Main/Highway.uasset" SILENT=true
[2016.08.05-23.27.31:724][430]LogSavePackage: Save=238.92ms
[2016.08.05-23.27.31:724][430]LogSavePackage: Moving '../../../../../../Users/Adam/Documents/Unreal Projects/Beats/Saved/HighwayF91CF0DC4F6C2EB63ED290BA981E4D7D.tmp' to '../../../../../../Users/Adam/Documents/Unreal Projects/Beats/Content/Blueprints/Main/Highway.uasset'
[2016.08.05-23.27.31:726][430]LogSavePackage: Total save time: 253.14ms
[2016.08.05-23.27.31:726][430]LogSavePackage:Display: Finished SavePackage ../../../../../../Users/Adam/Documents/Unreal Projects/Beats/Content/Blueprints/Main/Highway.uasset
[2016.08.05-23.27.33:204][546]LogPlayLevel: PlayLevel: No blueprints needed recompiling
[2016.08.05-23.27.33:204][546]PIE: New page: PIE session: Test (Aug 5, 2016, 2:27:33 PM)
[2016.08.05-23.27.33:204][546]LogPlayLevel: Creating play world package: /Game/Maps/UEDPIE_0_Test
[2016.08.05-23.27.33:208][546]LogPlayLevel: PIE: StaticDuplicateObject took: (0.003844s)
[2016.08.05-23.27.33:209][546]LogAIModule: Creating AISystem for world Test
[2016.08.05-23.27.33:209][546]LogPlayLevel: PIE: World Init took: (0.000666s)
[2016.08.05-23.27.33:209][546]LogPlayLevel: PIE: Created PIE world by copying editor world from /Game/Maps/Test.Test to /Game/Maps/UEDPIE_0_Test.Test (0.004686s)
[2016.08.05-23.27.33:229][546]LogInit: XAudio2 using 'Speakers (Realtek High Definition Audio)' : 2 channels at 48 kHz using 32 bits per sample (channel mask 0x3)
[2016.08.05-23.27.33:240][546]LogInit: FAudioDevice initialized.
[2016.08.05-23.27.33:274][546]LogLinker:Warning: Can't find file '/Game/Blueprints/Blueprints/SaltGameMode'
[2016.08.05-23.27.33:274][546]LogLinker:Warning: Can't find file '/Game/Blueprints/Blueprints/SaltGameMode'
[2016.08.05-23.27.33:274][546]LogUObjectGlobals:Warning: Failed to find object 'Class /Game/Blueprints/Blueprints/SaltGameMode.SaltGameMode_C'
[2016.08.05-23.27.33:274][546]LogWorld: Game class is 'GameMode'
[2016.08.05-23.27.33:278][546]LogWorld: Bringing World /Game/Maps/UEDPIE_0_Test.Test up for play (max tick rate 0) at 2016.08.05-19.27.33
[2016.08.05-23.27.33:278][546]LogWorld: Bringing up level for play took: 0.002922
[2016.08.05-23.27.33:279][546]PIE: Info Play in editor start time for /Game/Maps/UEDPIE_0_Test 0.979
[2016.08.05-23.27.59:388][926]Cmd: OBJ SAVEPACKAGE PACKAGE="/Game/Blueprints/Main/Highway" FILE="../../../../../../Users/Adam/Documents/Unreal Projects/Beats/Content/Blueprints/Main/Highway.uasset" SILENT=true
[2016.08.05-23.27.59:712][926]LogSavePackage: Save=297.49ms
[2016.08.05-23.27.59:712][926]LogSavePackage: Moving '../../../../../../Users/Adam/Documents/Unreal Projects/Beats/Saved/Highway7882C5104962BECA22A04C8D666B8CD3.tmp' to '../../../../../../Users/Adam/Documents/Unreal Projects/Beats/Content/Blueprints/Main/Highway.uasset'
[2016.08.05-23.27.59:715][926]LogSavePackage: Total save time: 324.57ms
[2016.08.05-23.27.59:715][926]LogSavePackage:Display: Finished SavePackage ../../../../../../Users/Adam/Documents/Unreal Projects/Beats/Content/Blueprints/Main/Highway.uasset
[2016.08.05-23.28.00:098][948]BlueprintLog: New page: Pre-Play auto-recompile
[2016.08.05-23.28.00:118][948]LogPlayLevel: [PlayLevel] Compiling Highway before play...
[2016.08.05-23.28.00:245][948]LogPlayLevel: PlayLevel: Blueprint regeneration took 147 ms (2 blueprints)
[2016.08.05-23.28.00:246][948]LogPlayLevel: [PlayLevel] Compiling PlayerPawn before play...
[2016.08.05-23.28.00:334][948]LogPlayLevel: PlayLevel: Blueprint regeneration took 235 ms (2 blueprints)
[2016.08.05-23.28.00:358][948]PIE: New page: PIE session: Test (Aug 5, 2016, 2:28:00 PM)
[2016.08.05-23.28.00:358][948]LogPlayLevel: Creating play world package: /Game/Maps/UEDPIE_0_Test
[2016.08.05-23.28.00:362][948]LogPlayLevel: PIE: StaticDuplicateObject took: (0.003627s)
[2016.08.05-23.28.00:362][948]LogAIModule: Creating AISystem for world Test
[2016.08.05-23.28.00:362][948]LogPlayLevel: PIE: World Init took: (0.000496s)
[2016.08.05-23.28.00:362][948]LogPlayLevel: PIE: Created PIE world by copying editor world from /Game/Maps/Test.Test to /Game/Maps/UEDPIE_0_Test.Test (0.004293s)
[2016.08.05-23.28.00:382][948]LogInit: XAudio2 using 'Speakers (Realtek High Definition Audio)' : 2 channels at 48 kHz using 32 bits per sample (channel mask 0x3)
[2016.08.05-23.28.00:394][948]LogInit: FAudioDevice initialized.
[2016.08.05-23.28.00:427][948]LogLinker:Warning: Can't find file '/Game/Blueprints/Blueprints/SaltGameMode'
[2016.08.05-23.28.00:428][948]LogLinker:Warning: Can't find file '/Game/Blueprints/Blueprints/SaltGameMode'
[2016.08.05-23.28.00:428][948]LogUObjectGlobals:Warning: Failed to find object 'Class /Game/Blueprints/Blueprints/SaltGameMode.SaltGameMode_C'
[2016.08.05-23.28.00:428][948]LogWorld: Game class is 'GameMode'
[2016.08.05-23.28.00:433][948]LogWorld: Bringing World /Game/Maps/UEDPIE_0_Test.Test up for play (max tick rate 0) at 2016.08.05-19.28.00
[2016.08.05-23.28.00:434][948]LogWorld: Bringing up level for play took: 0.005870
[2016.08.05-23.28.00:437][948]PIE: Info Play in editor start time for /Game/Maps/UEDPIE_0_Test 0.137
[2016.08.05-23.28.16:942][354]Cmd: OBJ SAVEPACKAGE PACKAGE="/Game/Maps/Test" FILE="../../../../../../Users/Adam/Documents/Unreal Projects/Beats/Content/Maps/Test.umap" SILENT=true AUTOSAVING=false KEEPDIRTY=false
[2016.08.05-23.28.17:022][354]LogSavePackage: Save=52.75ms
[2016.08.05-23.28.17:023][354]LogSavePackage: Moving '../../../../../../Users/Adam/Documents/Unreal Projects/Beats/Saved/Test56EB6C1F4B7D81ED1E3E41B781104F01.tmp' to '../../../../../../Users/Adam/Documents/Unreal Projects/Beats/Content/Maps/Test.umap'
[2016.08.05-23.28.17:025][354]LogSavePackage: Total save time: 66.75ms
[2016.08.05-23.28.17:025][354]LogSavePackage:Display: Finished SavePackage ../../../../../../Users/Adam/Documents/Unreal Projects/Beats/Content/Maps/Test.umap
[2016.08.05-23.28.17:048][354]LogFileHelpers: Saving map 'Test' took 0.192
[2016.08.05-23.28.18:707][454]Cmd: OBJ SAVEPACKAGE PACKAGE="/Game/Blueprints/Main/Highway" FILE="../../../../../../Users/Adam/Documents/Unreal Projects/Beats/Content/Blueprints/Main/Highway.uasset" SILENT=true
[2016.08.05-23.28.18:955][454]LogSavePackage: Save=236.02ms
[2016.08.05-23.28.18:955][454]LogSavePackage: Moving '../../../../../../Users/Adam/Documents/Unreal Projects/Beats/Saved/HighwayCB32B8CA48921794D4034F91F8073898.tmp' to '../../../../../../Users/Adam/Documents/Unreal Projects/Beats/Content/Blueprints/Main/Highway.uasset'
[2016.08.05-23.28.18:958][454]LogSavePackage: Total save time: 250.01ms
[2016.08.05-23.28.18:958][454]LogSavePackage:Display: Finished SavePackage ../../../../../../Users/Adam/Documents/Unreal Projects/Beats/Content/Blueprints/Main/Highway.uasset
[2016.08.05-23.28.19:562][488]BlueprintLog: New page: Pre-Play auto-recompile
[2016.08.05-23.28.19:579][488]LogPlayLevel: [PlayLevel] Compiling Highway before play...
[2016.08.05-23.28.19:731][488]LogPlayLevel: PlayLevel: Blueprint regeneration took 168 ms (2 blueprints)
[2016.08.05-23.28.19:731][488]LogPlayLevel: [PlayLevel] Compiling PlayerPawn before play...
[2016.08.05-23.28.19:802][488]LogPlayLevel: PlayLevel: Blueprint regeneration took 239 ms (2 blueprints)
[2016.08.05-23.28.19:822][488]PIE: New page: PIE session: Test (Aug 5, 2016, 2:28:19 PM)
[2016.08.05-23.28.19:822][488]LogPlayLevel: Creating play world package: /Game/Maps/UEDPIE_0_Test
[2016.08.05-23.28.19:826][488]LogPlayLevel: PIE: StaticDuplicateObject took: (0.003394s)
[2016.08.05-23.28.19:826][488]LogAIModule: Creating AISystem for world Test
[2016.08.05-23.28.19:826][488]LogPlayLevel: PIE: World Init took: (0.000536s)
[2016.08.05-23.28.19:826][488]LogPlayLevel: PIE: Created PIE world by copying editor world from /Game/Maps/Test.Test to /Game/Maps/UEDPIE_0_Test.Test (0.004125s)
[2016.08.05-23.28.19:847][488]LogInit: XAudio2 using 'Speakers (Realtek High Definition Audio)' : 2 channels at 48 kHz using 32 bits per sample (channel mask 0x3)
[2016.08.05-23.28.19:860][488]LogInit: FAudioDevice initialized.
[2016.08.05-23.28.19:892][488]LogLinker:Warning: Can't find file '/Game/Blueprints/Blueprints/SaltGameMode'
[2016.08.05-23.28.19:893][488]LogLinker:Warning: Can't find file '/Game/Blueprints/Blueprints/SaltGameMode'
[2016.08.05-23.28.19:893][488]LogUObjectGlobals:Warning: Failed to find object 'Class /Game/Blueprints/Blueprints/SaltGameMode.SaltGameMode_C'
[2016.08.05-23.28.19:893][488]LogWorld: Game class is 'GameMode'
[2016.08.05-23.28.19:896][488]LogWorld: Bringing World /Game/Maps/UEDPIE_0_Test.Test up for play (max tick rate 0) at 2016.08.05-19.28.19
[2016.08.05-23.28.19:897][488]LogWorld: Bringing up level for play took: 0.003181
[2016.08.05-23.28.19:898][488]PIE: Info Play in editor start time for /Game/Maps/UEDPIE_0_Test -0.402
[2016.08.05-23.28.38:631][963]Cmd: OBJ SAVEPACKAGE PACKAGE="/Game/Maps/Test" FILE="../../../../../../Users/Adam/Documents/Unreal Projects/Beats/Content/Maps/Test.umap" SILENT=true AUTOSAVING=false KEEPDIRTY=false
[2016.08.05-23.28.38:710][963]LogSavePackage: Save=52.37ms
[2016.08.05-23.28.38:710][963]LogSavePackage: Moving '../../../../../../Users/Adam/Documents/Unreal Projects/Beats/Saved/Test7BD7BAAE4D7C7C23266BCCBE8CBE3351.tmp' to '../../../../../../Users/Adam/Documents/Unreal Projects/Beats/Content/Maps/Test.umap'
[2016.08.05-23.28.38:713][963]LogSavePackage: Total save time: 66.42ms
[2016.08.05-23.28.38:713][963]LogSavePackage:Display: Finished SavePackage ../../../../../../Users/Adam/Documents/Unreal Projects/Beats/Content/Maps/Test.umap
[2016.08.05-23.28.38:735][963]LogFileHelpers: Saving map 'Test' took 0.196
[2016.08.05-23.28.39:447][ 37]Cmd: OBJ SAVEPACKAGE PACKAGE="/Game/Blueprints/Main/Highway" FILE="../../../../../../Users/Adam/Documents/Unreal Projects/Beats/Content/Blueprints/Main/Highway.uasset" SILENT=true
[2016.08.05-23.28.39:676][ 37]LogSavePackage: Save=216.84ms
[2016.08.05-23.28.39:676][ 37]LogSavePackage: Moving '../../../../../../Users/Adam/Documents/Unreal Projects/Beats/Saved/Highway8B3FFA6542E5D7EDA413BF9ACF047148.tmp' to '../../../../../../Users/Adam/Documents/Unreal Projects/Beats/Content/Blueprints/Main/Highway.uasset'
[2016.08.05-23.28.39:679][ 37]LogSavePackage: Total save time: 230.73ms
[2016.08.05-23.28.39:679][ 37]LogSavePackage:Display: Finished SavePackage ../../../../../../Users/Adam/Documents/Unreal Projects/Beats/Content/Blueprints/Main/Highway.uasset
[2016.08.05-23.28.40:150][ 93]BlueprintLog: New page: Compile Highway
[2016.08.05-23.28.40:309][ 93]BlueprintEditorCompileResults: Info [0192.97] Compile of Highway successful! [in 159 ms]
[2016.08.05-23.28.40:837][138]Cmd: OBJ SAVEPACKAGE PACKAGE="/Game/Maps/Test" FILE="../../../../../../Users/Adam/Documents/Unreal Projects/Beats/Content/Maps/Test.umap" SILENT=true AUTOSAVING=false KEEPDIRTY=false
[2016.08.05-23.28.40:973][138]LogSavePackage: Save=94.50ms
[2016.08.05-23.28.40:973][138]LogSavePackage: Moving '../../../../../../Users/Adam/Documents/Unreal Projects/Beats/Saved/TestF8FDDF864BC93630B72264BD6E5ED8BB.tmp' to '../../../../../../Users/Adam/Documents/Unreal Projects/Beats/Content/Maps/Test.umap'
[2016.08.05-23.28.40:975][138]LogSavePackage: Total save time: 120.77ms
[2016.08.05-23.28.40:975][138]LogSavePackage:Display: Finished SavePackage ../../../../../../Users/Adam/Documents/Unreal Projects/Beats/Content/Maps/Test.umap
[2016.08.05-23.28.40:995][138]LogFileHelpers: Saving map 'Test' took 0.243
[2016.08.05-23.28.42:186][222]LogPlayLevel: PlayLevel: No blueprints needed recompiling
[2016.08.05-23.28.42:187][222]PIE: New page: PIE session: Test (Aug 5, 2016, 2:28:42 PM)
[2016.08.05-23.28.42:187][222]LogPlayLevel: Creating play world package: /Game/Maps/UEDPIE_0_Test
[2016.08.05-23.28.42:191][222]LogPlayLevel: PIE: StaticDuplicateObject took: (0.003851s)
[2016.08.05-23.28.42:191][222]LogAIModule: Creating AISystem for world Test
[2016.08.05-23.28.42:191][222]LogPlayLevel: PIE: World Init took: (0.000604s)
[2016.08.05-23.28.42:191][222]LogPlayLevel: PIE: Created PIE world by copying editor world from /Game/Maps/Test.Test to /Game/Maps/UEDPIE_0_Test.Test (0.004673s)
[2016.08.05-23.28.42:214][222]LogInit: XAudio2 using 'Speakers (Realtek High Definition Audio)' : 2 channels at 48 kHz using 32 bits per sample (channel mask 0x3)
[2016.08.05-23.28.42:222][222]LogInit: FAudioDevice initialized.
[2016.08.05-23.28.42:258][222]LogLinker:Warning: Can't find file '/Game/Blueprints/Blueprints/SaltGameMode'
[2016.08.05-23.28.42:259][222]LogLinker:Warning: Can't find file '/Game/Blueprints/Blueprints/SaltGameMode'
[2016.08.05-23.28.42:259][222]LogUObjectGlobals:Warning: Failed to find object 'Class /Game/Blueprints/Blueprints/SaltGameMode.SaltGameMode_C'
[2016.08.05-23.28.42:259][222]LogWorld: Game class is 'GameMode'
[2016.08.05-23.28.42:262][222]LogWorld: Bringing World /Game/Maps/UEDPIE_0_Test.Test up for play (max tick rate 0) at 2016.08.05-19.28.42
[2016.08.05-23.28.42:262][222]LogWorld: Bringing up level for play took: 0.002647
[2016.08.05-23.28.42:263][222]PIE: Info Play in editor start time for /Game/Maps/UEDPIE_0_Test -0.036
[2016.08.05-23.29.31:237][863]Cmd: OBJ SAVEPACKAGE PACKAGE="/Game/Blueprints/Main/Highway" FILE="../../../../../../Users/Adam/Documents/Unreal Projects/Beats/Content/Blueprints/Main/Highway.uasset" SILENT=true
[2016.08.05-23.29.31:500][863]LogSavePackage: Save=247.45ms
[2016.08.05-23.29.31:500][863]LogSavePackage: Moving '../../../../../../Users/Adam/Documents/Unreal Projects/Beats/Saved/Highway82FA9E6B40EA9BA5F36B33BEB85D543B.tmp' to '../../../../../../Users/Adam/Documents/Unreal Projects/Beats/Content/Blueprints/Main/Highway.uasset'
[2016.08.05-23.29.31:502][863]LogSavePackage: Total save time: 263.45ms
[2016.08.05-23.29.31:502][863]LogSavePackage:Display: Finished SavePackage ../../../../../../Users/Adam/Documents/Unreal Projects/Beats/Content/Blueprints/Main/Highway.uasset
[2016.08.05-23.29.32:368][964]BlueprintLog: New page: Compile Highway
[2016.08.05-23.29.32:519][964]BlueprintEditorCompileResults: Info [0245.18] Compile of Highway successful! [in 150 ms]
[2016.08.05-23.29.32:981][995]Cmd: OBJ SAVEPACKAGE PACKAGE="/Game/Maps/Test" FILE="../../../../../../Users/Adam/Documents/Unreal Projects/Beats/Content/Maps/Test.umap" SILENT=true AUTOSAVING=false KEEPDIRTY=false
[2016.08.05-23.29.33:117][995]LogSavePackage: Save=92.85ms
[2016.08.05-23.29.33:117][995]LogSavePackage: Moving '../../../../../../Users/Adam/Documents/Unreal Projects/Beats/Saved/Test6B3C600645A0BA3341D4AA9548144E08.tmp' to '../../../../../../Users/Adam/Documents/Unreal Projects/Beats/Content/Maps/Test.umap'
[2016.08.05-23.29.33:120][995]LogSavePackage: Total save time: 119.75ms
[2016.08.05-23.29.33:120][995]LogSavePackage:Display: Finished SavePackage ../../../../../../Users/Adam/Documents/Unreal Projects/Beats/Content/Maps/Test.umap
[2016.08.05-23.29.33:154][995]LogFileHelpers: Saving map 'Test' took 0.314
[2016.08.05-23.29.34:432][ 85]LogPlayLevel: PlayLevel: No blueprints needed recompiling
[2016.08.05-23.29.34:432][ 85]PIE: New page: PIE session: Test (Aug 5, 2016, 2:29:34 PM)
[2016.08.05-23.29.34:433][ 85]LogPlayLevel: Creating play world package: /Game/Maps/UEDPIE_0_Test
[2016.08.05-23.29.34:437][ 85]LogPlayLevel: PIE: StaticDuplicateObject took: (0.004229s)
[2016.08.05-23.29.34:437][ 85]LogAIModule: Creating AISystem for world Test
[2016.08.05-23.29.34:438][ 85]LogPlayLevel: PIE: World Init took: (0.000725s)
[2016.08.05-23.29.34:438][ 85]LogPlayLevel: PIE: Created PIE world by copying editor world from /Game/Maps/Test.Test to /Game/Maps/UEDPIE_0_Test.Test (0.005201s)
[2016.08.05-23.29.34:461][ 85]LogInit: XAudio2 using 'Speakers (Realtek High Definition Audio)' : 2 channels at 48 kHz using 32 bits per sample (channel mask 0x3)
[2016.08.05-23.29.34:473][ 85]LogInit: FAudioDevice initialized.
[2016.08.05-23.29.34:509][ 85]LogLinker:Warning: Can't find file '/Game/Blueprints/Blueprints/SaltGameMode'
[2016.08.05-23.29.34:509][ 85]LogLinker:Warning: Can't find file '/Game/Blueprints/Blueprints/SaltGameMode'
[2016.08.05-23.29.34:509][ 85]LogUObjectGlobals:Warning: Failed to find object 'Class /Game/Blueprints/Blueprints/SaltGameMode.SaltGameMode_C'
[2016.08.05-23.29.34:509][ 85]LogWorld: Game class is 'GameMode'
[2016.08.05-23.29.34:512][ 85]LogWorld: Bringing World /Game/Maps/UEDPIE_0_Test.Test up for play (max tick rate 0) at 2016.08.05-19.29.34
[2016.08.05-23.29.34:513][ 85]LogWorld: Bringing up level for play took: 0.002496
[2016.08.05-23.29.34:514][ 85]PIE: Info Play in editor start time for /Game/Maps/UEDPIE_0_Test 0.214
[2016.08.05-23.29.44:190][806]Cmd: OBJ SAVEPACKAGE PACKAGE="/Game/Blueprints/Main/Highway" FILE="../../../../../../Users/Adam/Documents/Unreal Projects/Beats/Content/Blueprints/Main/Highway.uasset" SILENT=true
[2016.08.05-23.29.44:460][806]LogSavePackage: Save=256.84ms
[2016.08.05-23.29.44:460][806]LogSavePackage: Moving '../../../../../../Users/Adam/Documents/Unreal Projects/Beats/Saved/HighwayFD11D1064825EF35EEDBF4BFDDC9791A.tmp' to '../../../../../../Users/Adam/Documents/Unreal Projects/Beats/Content/Blueprints/Main/Highway.uasset'
[2016.08.05-23.29.44:463][806]LogSavePackage: Total save time: 271.82ms
[2016.08.05-23.29.44:463][806]LogSavePackage:Display: Finished SavePackage ../../../../../../Users/Adam/Documents/Unreal Projects/Beats/Content/Blueprints/Main/Highway.uasset
[2016.08.05-23.29.47:556][170]BlueprintLog: New page: Compile Highway
[2016.08.05-23.29.47:699][170]BlueprintEditorCompileResults: Info [0260.36] Compile of Highway successful! [in 143 ms]
[2016.08.05-23.29.48:161][208]Cmd: OBJ SAVEPACKAGE PACKAGE="/Game/Maps/Test" FILE="../../../../../../Users/Adam/Documents/Unreal Projects/Beats/Content/Maps/Test.umap" SILENT=true AUTOSAVING=false KEEPDIRTY=false
[2016.08.05-23.29.48:241][208]LogSavePackage: Save=51.56ms
[2016.08.05-23.29.48:241][208]LogSavePackage: Moving '../../../../../../Users/Adam/Documents/Unreal Projects/Beats/Saved/Test1241499F40611BB7ECFEEF9F52ED28E1.tmp' to '../../../../../../Users/Adam/Documents/Unreal Projects/Beats/Content/Maps/Test.umap'
[2016.08.05-23.29.48:243][208]LogSavePackage: Total save time: 65.13ms
[2016.08.05-23.29.48:243][208]LogSavePackage:Display: Finished SavePackage ../../../../../../Users/Adam/Documents/Unreal Projects/Beats/Content/Maps/Test.umap
[2016.08.05-23.29.48:264][208]LogFileHelpers: Saving map 'Test' took 0.190
[2016.08.05-23.29.58:174][345]Cmd: OBJ SAVEPACKAGE PACKAGE="/Game/Blueprints/Main/Highway" FILE="../../../../../../Users/Adam/Documents/Unreal Projects/Beats/Content/Blueprints/Main/Highway.uasset" SILENT=true
[2016.08.05-23.29.58:413][345]LogSavePackage: Save=225.47ms
[2016.08.05-23.29.58:413][345]LogSavePackage: Moving '../../../../../../Users/Adam/Documents/Unreal Projects/Beats/Saved/HighwayBC574D144A03C8387B642DAFF35DFC76.tmp' to '../../../../../../Users/Adam/Documents/Unreal Projects/Beats/Content/Blueprints/Main/Highway.uasset'
[2016.08.05-23.29.58:416][345]LogSavePackage: Total save time: 241.57ms
[2016.08.05-23.29.58:416][345]LogSavePackage:Display: Finished SavePackage ../../../../../../Users/Adam/Documents/Unreal Projects/Beats/Content/Blueprints/Main/Highway.uasset
[2016.08.05-23.29.59:291][447]BlueprintLog: New page: Compile Highway
[2016.08.05-23.29.59:434][447]BlueprintEditorCompileResults: Info [0272.09] Compile of Highway successful! [in 143 ms]
[2016.08.05-23.29.59:746][467]Cmd: OBJ SAVEPACKAGE PACKAGE="/Game/Maps/Test" FILE="../../../../../../Users/Adam/Documents/Unreal Projects/Beats/Content/Maps/Test.umap" SILENT=true AUTOSAVING=false KEEPDIRTY=false
[2016.08.05-23.29.59:829][467]LogSavePackage: Save=54.69ms
[2016.08.05-23.29.59:829][467]LogSavePackage: Moving '../../../../../../Users/Adam/Documents/Unreal Projects/Beats/Saved/Test09515EF54A3654CC6847F2AF66E333B5.tmp' to '../../../../../../Users/Adam/Documents/Unreal Projects/Beats/Content/Maps/Test.umap'
[2016.08.05-23.29.59:832][467]LogSavePackage: Total save time: 68.45ms
[2016.08.05-23.29.59:832][467]LogSavePackage:Display: Finished SavePackage ../../../../../../Users/Adam/Documents/Unreal Projects/Beats/Content/Maps/Test.umap
[2016.08.05-23.29.59:854][467]LogFileHelpers: Saving map 'Test' took 0.196
[2016.08.05-23.30.01:075][552]LogPlayLevel: PlayLevel: No blueprints needed recompiling
[2016.08.05-23.30.01:076][552]PIE: New page: PIE session: Test (Aug 5, 2016, 2:30:01 PM)
[2016.08.05-23.30.01:076][552]LogPlayLevel: Creating play world package: /Game/Maps/UEDPIE_0_Test
[2016.08.05-23.30.01:081][552]LogPlayLevel: PIE: StaticDuplicateObject took: (0.005591s)
[2016.08.05-23.30.01:083][552]LogAIModule: Creating AISystem for world Test
[2016.08.05-23.30.01:083][552]LogPlayLevel: PIE: World Init took: (0.002170s)
[2016.08.05-23.30.01:084][552]LogPlayLevel: PIE: Created PIE world by copying editor world from /Game/Maps/Test.Test to /Game/Maps/UEDPIE_0_Test.Test (0.008154s)
[2016.08.05-23.30.01:104][552]LogInit: XAudio2 using 'Speakers (Realtek High Definition Audio)' : 2 channels at 48 kHz using 32 bits per sample (channel mask 0x3)
[2016.08.05-23.30.01:113][552]LogInit: FAudioDevice initialized.
[2016.08.05-23.30.01:148][552]LogLinker:Warning: Can't find file '/Game/Blueprints/Blueprints/SaltGameMode'
[2016.08.05-23.30.01:148][552]LogLinker:Warning: Can't find file '/Game/Blueprints/Blueprints/SaltGameMode'
[2016.08.05-23.30.01:148][552]LogUObjectGlobals:Warning: Failed to find object 'Class /Game/Blueprints/Blueprints/SaltGameMode.SaltGameMode_C'
[2016.08.05-23.30.01:148][552]LogWorld: Game class is 'GameMode'
[2016.08.05-23.30.01:153][552]LogWorld: Bringing World /Game/Maps/UEDPIE_0_Test.Test up for play (max tick rate 0) at 2016.08.05-19.30.01
[2016.08.05-23.30.01:153][552]LogWorld: Bringing up level for play took: 0.003572
[2016.08.05-23.30.01:155][552]PIE: Info Play in editor start time for /Game/Maps/UEDPIE_0_Test 0.855
[2016.08.05-23.30.27:282][261]Cmd: OBJ SAVEPACKAGE PACKAGE="/Game/Blueprints/Main/Highway" FILE="../../../../../../Users/Adam/Documents/Unreal Projects/Beats/Content/Blueprints/Main/Highway.uasset" SILENT=true
[2016.08.05-23.30.27:560][261]LogSavePackage: Save=264.50ms
[2016.08.05-23.30.27:560][261]LogSavePackage: Moving '../../../../../../Users/Adam/Documents/Unreal Projects/Beats/Saved/Highway2F2B5D56481B5D73F193FA868BF15EE8.tmp' to '../../../../../../Users/Adam/Documents/Unreal Projects/Beats/Content/Blueprints/Main/Highway.uasset'
[2016.08.05-23.30.27:563][261]LogSavePackage: Total save time: 279.79ms
[2016.08.05-23.30.27:563][261]LogSavePackage:Display: Finished SavePackage ../../../../../../Users/Adam/Documents/Unreal Projects/Beats/Content/Blueprints/Main/Highway.uasset
[2016.08.05-23.30.28:506][372]BlueprintLog: New page: Compile Highway
[2016.08.05-23.30.28:741][372]BlueprintEditorCompileResults: Info [0301.40] Compile of Highway successful! [in 234 ms]
[2016.08.05-23.30.29:181][399]Cmd: OBJ SAVEPACKAGE PACKAGE="/Game/Maps/Test" FILE="../../../../../../Users/Adam/Documents/Unreal Projects/Beats/Content/Maps/Test.umap" SILENT=true AUTOSAVING=false KEEPDIRTY=false
[2016.08.05-23.30.29:261][399]LogSavePackage: Save=52.47ms
[2016.08.05-23.30.29:261][399]LogSavePackage: Moving '../../../../../../Users/Adam/Documents/Unreal Projects/Beats/Saved/TestC8F346B741380BB90F220F93E68B67AA.tmp' to '../../../../../../Users/Adam/Documents/Unreal Projects/Beats/Content/Maps/Test.umap'
[2016.08.05-23.30.29:264][399]LogSavePackage: Total save time: 67.07ms
[2016.08.05-23.30.29:264][399]LogSavePackage:Display: Finished SavePackage ../../../../../../Users/Adam/Documents/Unreal Projects/Beats/Content/Maps/Test.umap
[2016.08.05-23.30.29:285][399]LogFileHelpers: Saving map 'Test' took 0.269
[2016.08.05-23.31.54:395][396]Cmd: OBJ SAVEPACKAGE PACKAGE="/Game/Blueprints/Main/Highway" FILE="../../../../../../Users/Adam/Documents/Unreal Projects/Beats/Content/Blueprints/Main/Highway.uasset" SILENT=true
[2016.08.05-23.31.54:629][396]LogSavePackage: Save=217.87ms
[2016.08.05-23.31.54:629][396]LogSavePackage: Moving '../../../../../../Users/Adam/Documents/Unreal Projects/Beats/Saved/HighwayFA548C504B8238D656581FB1B5DCA7CD.tmp' to '../../../../../../Users/Adam/Documents/Unreal Projects/Beats/Content/Blueprints/Main/Highway.uasset'
[2016.08.05-23.31.54:631][396]LogSavePackage: Total save time: 235.47ms
[2016.08.05-23.31.54:632][396]LogSavePackage:Display: Finished SavePackage ../../../../../../Users/Adam/Documents/Unreal Projects/Beats/Content/Blueprints/Main/Highway.uasset
[2016.08.05-23.31.55:321][475]BlueprintLog: New page: Compile Highway
[2016.08.05-23.31.55:525][475]BlueprintEditorCompileResults: Info [0388.18] Compile of Highway successful! [in 204 ms]
[2016.08.05-23.31.55:788][490]Cmd: OBJ SAVEPACKAGE PACKAGE="/Game/Maps/Test" FILE="../../../../../../Users/Adam/Documents/Unreal Projects/Beats/Content/Maps/Test.umap" SILENT=true AUTOSAVING=false KEEPDIRTY=false
[2016.08.05-23.31.55:880][490]LogSavePackage: Save=53.86ms
[2016.08.05-23.31.55:880][490]LogSavePackage: Moving '../../../../../../Users/Adam/Documents/Unreal Projects/Beats/Saved/TestA2357E0C4A86D210F671D6B22667C488.tmp' to '../../../../../../Users/Adam/Documents/Unreal Projects/Beats/Content/Maps/Test.umap'
[2016.08.05-23.31.55:883][490]LogSavePackage: Total save time: 70.20ms
[2016.08.05-23.31.55:883][490]LogSavePackage:Display: Finished SavePackage ../../../../../../Users/Adam/Documents/Unreal Projects/Beats/Content/Maps/Test.umap
[2016.08.05-23.31.55:922][490]LogFileHelpers: Saving map 'Test' took 0.224
[2016.08.05-23.32.43:006][228]BlueprintLog: New page: Compile Highway
[2016.08.05-23.32.43:192][228]BlueprintEditorCompileResults: Info [0435.85] Compile of Highway successful! [in 186 ms]
[2016.08.05-23.32.43:434][241]Cmd: OBJ SAVEPACKAGE PACKAGE="/Game/Maps/Test" FILE="../../../../../../Users/Adam/Documents/Unreal Projects/Beats/Content/Maps/Test.umap" SILENT=true AUTOSAVING=false KEEPDIRTY=false
[2016.08.05-23.32.43:518][241]LogSavePackage: Save=51.65ms
[2016.08.05-23.32.43:518][241]LogSavePackage: Moving '../../../../../../Users/Adam/Documents/Unreal Projects/Beats/Saved/TestEB43AB294B403201F55FEF9E0B09EFF3.tmp' to '../../../../../../Users/Adam/Documents/Unreal Projects/Beats/Content/Maps/Test.umap'
[2016.08.05-23.32.43:521][241]LogSavePackage: Total save time: 67.72ms
[2016.08.05-23.32.43:521][241]LogSavePackage:Display: Finished SavePackage ../../../../../../Users/Adam/Documents/Unreal Projects/Beats/Content/Maps/Test.umap
[2016.08.05-23.32.43:542][241]LogFileHelpers: Saving map 'Test' took 0.195
[2016.08.05-23.32.43:569][241]Cmd: OBJ SAVEPACKAGE PACKAGE="/Game/Blueprints/Main/Highway" FILE="../../../../../../Users/Adam/Documents/Unreal Projects/Beats/Content/Blueprints/Main/Highway.uasset" SILENT=true
[2016.08.05-23.32.43:828][241]LogSavePackage: Save=245.93ms
[2016.08.05-23.32.43:828][241]LogSavePackage: Moving '../../../../../../Users/Adam/Documents/Unreal Projects/Beats/Saved/Highway4388AB5F494C734AB67A82A9A03E5F4C.tmp' to '../../../../../../Users/Adam/Documents/Unreal Projects/Beats/Content/Blueprints/Main/Highway.uasset'
[2016.08.05-23.32.43:831][241]LogSavePackage: Total save time: 261.51ms
[2016.08.05-23.32.43:831][241]LogSavePackage:Display: Finished SavePackage ../../../../../../Users/Adam/Documents/Unreal Projects/Beats/Content/Blueprints/Main/Highway.uasset
[2016.08.05-23.32.45:430][357]LogPlayLevel: PlayLevel: No blueprints needed recompiling
[2016.08.05-23.32.45:431][357]PIE: New page: PIE session: Test (Aug 5, 2016, 2:32:45 PM)
[2016.08.05-23.32.45:431][357]LogPlayLevel: Creating play world package: /Game/Maps/UEDPIE_0_Test
[2016.08.05-23.32.45:434][357]LogPlayLevel: PIE: StaticDuplicateObject took: (0.003633s)
[2016.08.05-23.32.45:435][357]LogAIModule: Creating AISystem for world Test
[2016.08.05-23.32.45:435][357]LogPlayLevel: PIE: World Init took: (0.000804s)
[2016.08.05-23.32.45:435][357]LogPlayLevel: PIE: Created PIE world by copying editor world from /Game/Maps/Test.Test to /Game/Maps/UEDPIE_0_Test.Test (0.004771s)
[2016.08.05-23.32.45:460][357]LogInit: XAudio2 using 'Speakers (Realtek High Definition Audio)' : 2 channels at 48 kHz using 32 bits per sample (channel mask 0x3)
[2016.08.05-23.32.45:472][357]LogInit: FAudioDevice initialized.
[2016.08.05-23.32.45:505][357]LogLinker:Warning: Can't find file '/Game/Blueprints/Blueprints/SaltGameMode'
[2016.08.05-23.32.45:506][357]LogLinker:Warning: Can't find file '/Game/Blueprints/Blueprints/SaltGameMode'
[2016.08.05-23.32.45:506][357]LogUObjectGlobals:Warning: Failed to find object 'Class /Game/Blueprints/Blueprints/SaltGameMode.SaltGameMode_C'
[2016.08.05-23.32.45:506][357]LogWorld: Game class is 'GameMode'
[2016.08.05-23.32.45:509][357]LogWorld: Bringing World /Game/Maps/UEDPIE_0_Test.Test up for play (max tick rate 0) at 2016.08.05-19.32.45
[2016.08.05-23.32.45:509][357]LogWorld: Bringing up level for play took: 0.002465
[2016.08.05-23.32.45:510][357]PIE: Info Play in editor start time for /Game/Maps/UEDPIE_0_Test -0.79
[2016.08.05-23.33.01:800][684]Cmd: OBJ SAVEPACKAGE PACKAGE="/Game/Blueprints/Main/Highway" FILE="../../../../../../Users/Adam/Documents/Unreal Projects/Beats/Content/Blueprints/Main/Highway.uasset" SILENT=true
[2016.08.05-23.33.02:088][684]LogSavePackage: Save=273.49ms
[2016.08.05-23.33.02:088][684]LogSavePackage: Moving '../../../../../../Users/Adam/Documents/Unreal Projects/Beats/Saved/Highway7CD51FDE44813539B81F7A96BFEA132E.tmp' to '../../../../../../Users/Adam/Documents/Unreal Projects/Beats/Content/Blueprints/Main/Highway.uasset'
[2016.08.05-23.33.02:091][684]LogSavePackage: Total save time: 289.96ms
[2016.08.05-23.33.02:091][684]LogSavePackage:Display: Finished SavePackage ../../../../../../Users/Adam/Documents/Unreal Projects/Beats/Content/Blueprints/Main/Highway.uasset
[2016.08.05-23.33.05:108][ 24]Cmd: OBJ SAVEPACKAGE PACKAGE="/Game/Blueprints/Main/Highway" FILE="../../../../../../Users/Adam/Documents/Unreal Projects/Beats/Content/Blueprints/Main/Highway.uasset" SILENT=true
[2016.08.05-23.33.05:354][ 24]LogSavePackage: Save=233.12ms
[2016.08.05-23.33.05:354][ 24]LogSavePackage: Moving '../../../../../../Users/Adam/Documents/Unreal Projects/Beats/Saved/HighwayAA74A7634E6756A540A18A8D7F293BC8.tmp' to '../../../../../../Users/Adam/Documents/Unreal Projects/Beats/Content/Blueprints/Main/Highway.uasset'
[2016.08.05-23.33.05:357][ 24]LogSavePackage: Total save time: 248.30ms
[2016.08.05-23.33.05:357][ 24]LogSavePackage:Display: Finished SavePackage ../../../../../../Users/Adam/Documents/Unreal Projects/Beats/Content/Blueprints/Main/Highway.uasset
[2016.08.05-23.33.05:826][ 80]BlueprintLog: New page: Compile Highway
[2016.08.05-23.33.05:991][ 80]BlueprintEditorCompileResults: Info [0458.65] Compile of Highway successful! [in 164 ms]
[2016.08.05-23.33.06:750][130]Cmd: OBJ SAVEPACKAGE PACKAGE="/Game/Maps/Test" FILE="../../../../../../Users/Adam/Documents/Unreal Projects/Beats/Content/Maps/Test.umap" SILENT=true AUTOSAVING=false KEEPDIRTY=false
[2016.08.05-23.33.06:832][130]LogSavePackage: Save=53.77ms
[2016.08.05-23.33.06:832][130]LogSavePackage: Moving '../../../../../../Users/Adam/Documents/Unreal Projects/Beats/Saved/TestC76EC15140E2879C5D5C32B9F208F6E9.tmp' to '../../../../../../Users/Adam/Documents/Unreal Projects/Beats/Content/Maps/Test.umap'
[2016.08.05-23.33.06:835][130]LogSavePackage: Total save time: 69.09ms
[2016.08.05-23.33.06:835][130]LogSavePackage:Display: Finished SavePackage ../../../../../../Users/Adam/Documents/Unreal Projects/Beats/Content/Maps/Test.umap
[2016.08.05-23.33.06:857][130]LogFileHelpers: Saving map 'Test' took 0.198
[2016.08.05-23.33.07:645][174]LogPlayLevel: PlayLevel: No blueprints needed recompiling
[2016.08.05-23.33.07:645][174]PIE: New page: PIE session: Test (Aug 5, 2016, 2:33:07 PM)
[2016.08.05-23.33.07:645][174]LogPlayLevel: Creating play world package: /Game/Maps/UEDPIE_0_Test
[2016.08.05-23.33.07:649][174]LogPlayLevel: PIE: StaticDuplicateObject took: (0.003498s)
[2016.08.05-23.33.07:650][174]LogAIModule: Creating AISystem for world Test
[2016.08.05-23.33.07:650][174]LogPlayLevel: PIE: World Init took: (0.001330s)
[2016.08.05-23.33.07:651][174]LogPlayLevel: PIE: Created PIE world by copying editor world from /Game/Maps/Test.Test to /Game/Maps/UEDPIE_0_Test.Test (0.005166s)
[2016.08.05-23.33.07:671][174]LogInit: XAudio2 using 'Speakers (Realtek High Definition Audio)' : 2 channels at 48 kHz using 32 bits per sample (channel mask 0x3)
[2016.08.05-23.33.07:681][174]LogInit: FAudioDevice initialized.
[2016.08.05-23.33.07:714][174]LogLinker:Warning: Can't find file '/Game/Blueprints/Blueprints/SaltGameMode'
[2016.08.05-23.33.07:715][174]LogLinker:Warning: Can't find file '/Game/Blueprints/Blueprints/SaltGameMode'
[2016.08.05-23.33.07:715][174]LogUObjectGlobals:Warning: Failed to find object 'Class /Game/Blueprints/Blueprints/SaltGameMode.SaltGameMode_C'
[2016.08.05-23.33.07:715][174]LogWorld: Game class is 'GameMode'
[2016.08.05-23.33.07:718][174]LogWorld: Bringing World /Game/Maps/UEDPIE_0_Test.Test up for play (max tick rate 0) at 2016.08.05-19.33.07
[2016.08.05-23.33.07:719][174]LogWorld: Bringing up level for play took: 0.002686
[2016.08.05-23.33.07:720][174]PIE: Info Play in editor start time for /Game/Maps/UEDPIE_0_Test -0.58
[2016.08.05-23.33.44:031][468]LogRenderer: Reallocating scene render targets to support 1208x712 (Frame:11512).
[2016.08.05-23.34.01:409][608]Cmd: OBJ SAVEPACKAGE PACKAGE="/Game/Maps/Test" FILE="../../../../../../Users/Adam/Documents/Unreal Projects/Beats/Content/Maps/Test.umap" SILENT=true AUTOSAVING=false KEEPDIRTY=false
[2016.08.05-23.34.01:497][608]LogSavePackage: Save=57.56ms
[2016.08.05-23.34.01:497][608]LogSavePackage: Moving '../../../../../../Users/Adam/Documents/Unreal Projects/Beats/Saved/TestB750E2264FFFB97C92E11BBF1ABD944E.tmp' to '../../../../../../Users/Adam/Documents/Unreal Projects/Beats/Content/Maps/Test.umap'
[2016.08.05-23.34.01:500][608]LogSavePackage: Total save time: 73.24ms
[2016.08.05-23.34.01:500][608]LogSavePackage:Display: Finished SavePackage ../../../../../../Users/Adam/Documents/Unreal Projects/Beats/Content/Maps/Test.umap
[2016.08.05-23.34.01:522][608]LogFileHelpers: Saving map 'Test' took 0.205
[2016.08.05-23.34.01:554][608]Cmd: OBJ SAVEPACKAGE PACKAGE="/Game/Blueprints/Main/Highway" FILE="../../../../../../Users/Adam/Documents/Unreal Projects/Beats/Content/Blueprints/Main/Highway.uasset" SILENT=true
[2016.08.05-23.34.01:787][608]LogSavePackage: Save=216.16ms
[2016.08.05-23.34.01:787][608]LogSavePackage: Moving '../../../../../../Users/Adam/Documents/Unreal Projects/Beats/Saved/Highway4A2AC8D04BFF65F4BBDE54B30EFE44AA.tmp' to '../../../../../../Users/Adam/Documents/Unreal Projects/Beats/Content/Blueprints/Main/Highway.uasset'
[2016.08.05-23.34.01:792][608]LogSavePackage: Total save time: 236.28ms
[2016.08.05-23.34.01:792][608]LogSavePackage:Display: Finished SavePackage ../../../../../../Users/Adam/Documents/Unreal Projects/Beats/Content/Blueprints/Main/Highway.uasset
[2016.08.05-23.34.04:415][773]Cmd: OBJ SAVEPACKAGE PACKAGE="/Game/Maps/Test" FILE="../../../../../../Users/Adam/Documents/Unreal Projects/Beats/Content/Maps/Test.umap" SILENT=true AUTOSAVING=false KEEPDIRTY=false
[2016.08.05-23.34.04:498][773]LogSavePackage: Save=52.15ms
[2016.08.05-23.34.04:498][773]LogSavePackage: Moving '../../../../../../Users/Adam/Documents/Unreal Projects/Beats/Saved/Test84B1BB4A43E549FCDF2BD2A4DE369CFA.tmp' to '../../../../../../Users/Adam/Documents/Unreal Projects/Beats/Content/Maps/Test.umap'
[2016.08.05-23.34.04:501][773]LogSavePackage: Total save time: 67.00ms
[2016.08.05-23.34.04:501][773]LogSavePackage:Display: Finished SavePackage ../../../../../../Users/Adam/Documents/Unreal Projects/Beats/Content/Maps/Test.umap
[2016.08.05-23.34.04:522][773]LogFileHelpers: Saving map 'Test' took 0.211
[2016.08.05-23.34.04:551][773]Cmd: OBJ SAVEPACKAGE PACKAGE="/Game/Blueprints/Main/Highway" FILE="../../../../../../Users/Adam/Documents/Unreal Projects/Beats/Content/Blueprints/Main/Highway.uasset" SILENT=true
[2016.08.05-23.34.04:806][773]LogSavePackage: Save=239.80ms
[2016.08.05-23.34.04:806][773]LogSavePackage: Moving '../../../../../../Users/Adam/Documents/Unreal Projects/Beats/Saved/HighwayACB03BF5468F06943A19D3869F39AF0C.tmp' to '../../../../../../Users/Adam/Documents/Unreal Projects/Beats/Content/Blueprints/Main/Highway.uasset'
[2016.08.05-23.34.04:811][773]LogSavePackage: Total save time: 259.22ms
[2016.08.05-23.34.04:811][773]LogSavePackage:Display: Finished SavePackage ../../../../../../Users/Adam/Documents/Unreal Projects/Beats/Content/Blueprints/Main/Highway.uasset
[2016.08.05-23.34.05:659][831]BlueprintLog: New page: Compile Highway
[2016.08.05-23.34.05:808][831]BlueprintEditorCompileResults: Info [0518.46] Compile of Highway successful! [in 148 ms]
[2016.08.05-23.34.06:215][847]Cmd: OBJ SAVEPACKAGE PACKAGE="/Game/Maps/Test" FILE="../../../../../../Users/Adam/Documents/Unreal Projects/Beats/Content/Maps/Test.umap" SILENT=true AUTOSAVING=false KEEPDIRTY=false
[2016.08.05-23.34.06:303][847]LogSavePackage: Save=58.17ms
[2016.08.05-23.34.06:303][847]LogSavePackage: Moving '../../../../../../Users/Adam/Documents/Unreal Projects/Beats/Saved/Test17EA4715496D27C787196DB5D7800B90.tmp' to '../../../../../../Users/Adam/Documents/Unreal Projects/Beats/Content/Maps/Test.umap'
[2016.08.05-23.34.06:306][847]LogSavePackage: Total save time: 72.83ms
[2016.08.05-23.34.06:306][847]LogSavePackage:Display: Finished SavePackage ../../../../../../Users/Adam/Documents/Unreal Projects/Beats/Content/Maps/Test.umap
[2016.08.05-23.34.06:326][847]LogFileHelpers: Saving map 'Test' took 0.199
[2016.08.05-23.34.07:807][927]LogPlayLevel: PlayLevel: No blueprints needed recompiling
[2016.08.05-23.34.07:807][927]PIE: New page: PIE session: Test (Aug 5, 2016, 2:34:07 PM)
[2016.08.05-23.34.07:807][927]LogPlayLevel: Creating play world package: /Game/Maps/UEDPIE_0_Test
[2016.08.05-23.34.07:811][927]LogPlayLevel: PIE: StaticDuplicateObject took: (0.003413s)
[2016.08.05-23.34.07:812][927]LogAIModule: Creating AISystem for world Test
[2016.08.05-23.34.07:812][927]LogPlayLevel: PIE: World Init took: (0.000484s)
[2016.08.05-23.34.07:812][927]LogPlayLevel: PIE: Created PIE world by copying editor world from /Game/Maps/Test.Test to /Game/Maps/UEDPIE_0_Test.Test (0.004056s)
[2016.08.05-23.34.07:833][927]LogInit: XAudio2 using 'Speakers (Realtek High Definition Audio)' : 2 channels at 48 kHz using 32 bits per sample (channel mask 0x3)
[2016.08.05-23.34.07:843][927]LogInit: FAudioDevice initialized.
[2016.08.05-23.34.07:877][927]LogLinker:Warning: Can't find file '/Game/Blueprints/Blueprints/SaltGameMode'
[2016.08.05-23.34.07:877][927]LogLinker:Warning: Can't find file '/Game/Blueprints/Blueprints/SaltGameMode'
[2016.08.05-23.34.07:877][927]LogUObjectGlobals:Warning: Failed to find object 'Class /Game/Blueprints/Blueprints/SaltGameMode.SaltGameMode_C'
[2016.08.05-23.34.07:877][927]LogWorld: Game class is 'GameMode'
[2016.08.05-23.34.07:880][927]LogWorld: Bringing World /Game/Maps/UEDPIE_0_Test.Test up for play (max tick rate 0) at 2016.08.05-19.34.07
[2016.08.05-23.34.07:880][927]LogWorld: Bringing up level for play took: 0.002452
[2016.08.05-23.34.07:881][927]PIE: Info Play in editor start time for /Game/Maps/UEDPIE_0_Test -0.419
[2016.08.05-23.35.26:484][281]Cmd: OBJ SAVEPACKAGE PACKAGE="/Game/Maps/Test" FILE="../../../../../../Users/Adam/Documents/Unreal Projects/Beats/Saved/Autosaves/Game/Maps/UEDPCTest.umap" SILENT=true AUTOSAVING=true KEEPDIRTY=true
[2016.08.05-23.35.26:704][281]LogSavePackage: Save=182.47ms
[2016.08.05-23.35.26:705][281]LogSavePackage: Moving '../../../../../../Users/Adam/Documents/Unreal Projects/Beats/Saved/UEDPCTest802D8301458BF872CC75E9B8DE5B3C5F.tmp' to '../../../../../../Users/Adam/Documents/Unreal Projects/Beats/Saved/Autosaves/Game/Maps/UEDPCTest.umap'
[2016.08.05-23.35.26:713][281]LogSavePackage: Total save time: 225.88ms
[2016.08.05-23.35.26:713][281]LogSavePackage:Display: Finished SavePackage ../../../../../../Users/Adam/Documents/Unreal Projects/Beats/Saved/Autosaves/Game/Maps/UEDPCTest.umap
[2016.08.05-23.39.30:416][116]LogEditorViewport: Clicking Background
[2016.08.05-23.39.32:431][162]Cmd: OBJ SAVEPACKAGE PACKAGE="/Game/Maps/Test" FILE="../../../../../../Users/Adam/Documents/Unreal Projects/Beats/Saved/Autosaves/Game/Maps/UEDPCTest.umap" SILENT=true AUTOSAVING=true KEEPDIRTY=true
[2016.08.05-23.39.33:030][162]LogSavePackage: Save=475.40ms
[2016.08.05-23.39.33:031][162]LogSavePackage: Moving '../../../../../../Users/Adam/Documents/Unreal Projects/Beats/Saved/UEDPCTestE168497A4A7B5983520C61A5BA22D774.tmp' to '../../../../../../Users/Adam/Documents/Unreal Projects/Beats/Saved/Autosaves/Game/Maps/UEDPCTest.umap'
[2016.08.05-23.39.33:041][162]LogSavePackage: Total save time: 604.15ms
[2016.08.05-23.39.33:041][162]LogSavePackage:Display: Finished SavePackage ../../../../../../Users/Adam/Documents/Unreal Projects/Beats/Saved/Autosaves/Game/Maps/UEDPCTest.umap
[2016.08.05-23.41.19:417][493]Cmd: OBJ SAVEPACKAGE PACKAGE="/Game/Maps/Test" FILE="../../../../../../Users/Adam/Documents/Unreal Projects/Beats/Content/Maps/Test.umap" SILENT=true AUTOSAVING=false KEEPDIRTY=false
[2016.08.05-23.41.19:819][493]LogSavePackage: Save=239.41ms
[2016.08.05-23.41.19:819][493]LogSavePackage: Moving '../../../../../../Users/Adam/Documents/Unreal Projects/Beats/Saved/Test4563A37A4D87D1636BC986B1CD2F523F.tmp' to '../../../../../../Users/Adam/Documents/Unreal Projects/Beats/Content/Maps/Test.umap'
[2016.08.05-23.41.19:822][493]LogSavePackage: Total save time: 324.81ms
[2016.08.05-23.41.19:822][493]LogSavePackage:Display: Finished SavePackage ../../../../../../Users/Adam/Documents/Unreal Projects/Beats/Content/Maps/Test.umap
[2016.08.05-23.41.19:845][493]LogFileHelpers: Saving map 'Test' took 0.954
[2016.08.05-23.41.21:253][554]Cmd: QUIT_EDITOR
[2016.08.05-23.41.21:752][554]LogWindowsTextInputMethodSystem:Display: IME system now deactivated.
[2016.08.05-23.41.21:752][554]LogWindowsTextInputMethodSystem:Display: IME system now deactivated.
[2016.08.05-23.41.21:795][554]LogExit: Preparing to exit.
[2016.08.05-23.41.22:377][554]LogExit: Editor shut down
[2016.08.05-23.41.22:377][554]LogExit: Transaction tracking system shut down
[2016.08.05-23.41.22:531][554]LogObj: Freed 0b from 0 cluster array pools.
[2016.08.05-23.41.22:532][554]LogExit: Object subsystem successfully closed.
[2016.08.05-23.41.22:545][554]LogD3D11RHI: Shutdown
[2016.08.05-23.41.22:545][554]LogD3D11RHI: CleanupD3DDevice
[2016.08.05-23.41.22:620][554]LogD3D11RHI: ~FD3D11DynamicRHI
[2016.08.05-23.41.22:708][554]LogDerivedDataCache: Shutdown
[2016.08.05-23.41.22:708][554]LogModuleManager: Shutting down and abandoning module MovieSceneCapture (209)
[2016.08.05-23.41.22:708][554]LogModuleManager: Shutting down and abandoning module BlueprintGraph (208)
[2016.08.05-23.41.22:709][554]LogModuleManager: Shutting down and abandoning module HierarchicalLODOutliner (207)
[2016.08.05-23.41.22:709][554]LogModuleManager: Shutting down and abandoning module CrashTracker (206)
[2016.08.05-23.41.22:709][554]LogModuleManager: Shutting down and abandoning module SceneOutliner (205)
[2016.08.05-23.41.22:709][554]LogModuleManager: Shutting down and abandoning module SuperSearch (204)
[2016.08.05-23.41.22:709][554]LogModuleManager: Shutting down and abandoning module WidgetCarousel (203)
[2016.08.05-23.41.22:709][554]LogModuleManager: Shutting down and abandoning module AddContentDialog (202)
[2016.08.05-23.41.22:709][554]LogModuleManager: Shutting down and abandoning module GameplayTags (201)
[2016.08.05-23.41.22:709][554]LogModuleManager: Shutting down and abandoning module EditorWidgets (200)
[2016.08.05-23.41.22:709][554]LogModuleManager: Shutting down and abandoning module CollectionManager (199)
[2016.08.05-23.41.22:710][554]LogModuleManager: Shutting down and abandoning module StatsViewer (198)
[2016.08.05-23.41.22:710][554]LogModuleManager: Shutting down and abandoning module FoliageEdit (197)
[2016.08.05-23.41.22:710][554]LogModuleManager: Shutting down and abandoning module LandscapeEditor (196)
[2016.08.05-23.41.22:710][554]LogModuleManager: Shutting down and abandoning module ActorPickerMode (195)
[2016.08.05-23.41.22:710][554]LogModuleManager: Shutting down and abandoning module GeometryMode (194)
[2016.08.05-23.41.22:710][554]LogModuleManager: Shutting down and abandoning module TextureAlignMode (193)
[2016.08.05-23.41.22:710][554]LogModuleManager: Shutting down and abandoning module BspMode (192)
[2016.08.05-23.41.22:710][554]LogModuleManager: Shutting down and abandoning module PlacementMode (191)
[2016.08.05-23.41.22:710][554]LogModuleManager: Shutting down and abandoning module AutomationWorker (190)
[2016.08.05-23.41.22:710][554]LogModuleManager: Shutting down and abandoning module CharacterAI (189)
[2016.08.05-23.41.22:710][554]LogModuleManager: Shutting down and abandoning module SmartSnapping (188)
[2016.08.05-23.41.22:710][554]LogModuleManager: Shutting down and abandoning module ViewportSnapping (187)
[2016.08.05-23.41.22:710][554]LogModuleManager: Shutting down and abandoning module LogVisualizer (186)
[2016.08.05-23.41.22:710][554]LogModuleManager: Shutting down and abandoning module GameProjectGeneration (185)
[2016.08.05-23.41.22:710][554]LogModuleManager: Shutting down and abandoning module IntroTutorials (184)
[2016.08.05-23.41.22:710][554]LogModuleManager: Shutting down and abandoning module EditorLiveStreaming (183)
[2016.08.05-23.41.22:710][554]LogModuleManager: Shutting down and abandoning module IOSPlatformEditor (182)
[2016.08.05-23.41.22:710][554]LogModuleManager: Shutting down and abandoning module HTML5PlatformEditor (181)
[2016.08.05-23.41.22:710][554]LogModuleManager: Shutting down and abandoning module AndroidDeviceDetection (180)
[2016.08.05-23.41.23:571][554]LogModuleManager: Shutting down and abandoning module AndroidPlatformEditor (179)
[2016.08.05-23.41.23:571][554]LogModuleManager: Shutting down and abandoning module IOSRuntimeSettings (178)
[2016.08.05-23.41.23:571][554]LogModuleManager: Shutting down and abandoning module AndroidRuntimeSettings (177)
[2016.08.05-23.41.23:571][554]LogModuleManager: Shutting down and abandoning module MergeActors (176)
[2016.08.05-23.41.23:571][554]LogModuleManager: Shutting down and abandoning module SizeMap (175)
[2016.08.05-23.41.23:571][554]LogModuleManager: Shutting down and abandoning module TreeMap (174)
[2016.08.05-23.41.23:571][554]LogModuleManager: Shutting down and abandoning module ReferenceViewer (173)
[2016.08.05-23.41.23:571][554]LogModuleManager: Shutting down and abandoning module LocalizationService (172)
[2016.08.05-23.41.23:571][554]LogModuleManager: Shutting down and abandoning module LocalizationDashboard (171)
[2016.08.05-23.41.23:571][554]LogModuleManager: Shutting down and abandoning module HardwareTargeting (170)
[2016.08.05-23.41.23:571][554]LogModuleManager: Shutting down and abandoning module DeviceProfileEditor (169)
[2016.08.05-23.41.23:571][554]LogModuleManager: Shutting down and abandoning module UndoHistory (168)
[2016.08.05-23.41.23:571][554]LogModuleManager: Shutting down and abandoning module UserFeedback (167)
[2016.08.05-23.41.23:571][554]LogModuleManager: Shutting down and abandoning module XmlParser (166)
[2016.08.05-23.41.23:571][554]LogModuleManager: Shutting down and abandoning module Blutility (165)
[2016.08.05-23.41.23:571][554]LogModuleManager: Shutting down and abandoning module ProjectTargetPlatformEditor (164)
[2016.08.05-23.41.23:571][554]LogModuleManager: Shutting down and abandoning module ProjectSettingsViewer (163)
[2016.08.05-23.41.23:571][554]LogModuleManager: Shutting down and abandoning module InputBindingEditor (162)
[2016.08.05-23.41.23:572][554]LogModuleManager: Shutting down and abandoning module EditorSettingsViewer (161)
[2016.08.05-23.41.23:572][554]LogModuleManager: Shutting down and abandoning module SettingsEditor (160)
[2016.08.05-23.41.23:572][554]LogModuleManager: Shutting down and abandoning module ProjectLauncher (159)
[2016.08.05-23.41.23:572][554]LogModuleManager: Shutting down and abandoning module SessionFrontend (158)
[2016.08.05-23.41.23:572][554]LogModuleManager: Shutting down and abandoning module ProfilerClient (157)
[2016.08.05-23.41.23:572][554]LogModuleManager: Shutting down and abandoning module TargetDeviceServices (156)
[2016.08.05-23.41.23:572][554]LogModuleManager: Shutting down and abandoning module DeviceManager (155)
[2016.08.05-23.41.23:616][554]LogModuleManager: Shutting down and abandoning module AutomationController (154)
[2016.08.05-23.41.23:616][554]LogModuleManager: Shutting down and abandoning module AutomationWindow (153)
[2016.08.05-23.41.23:616][554]LogModuleManager: Shutting down and abandoning module Layers (152)
[2016.08.05-23.41.23:616][554]LogModuleManager: Shutting down and abandoning module ComponentVisualizers (151)
[2016.08.05-23.41.23:616][554]LogModuleManager: Shutting down and abandoning module DetailCustomizations (150)
[2016.08.05-23.41.23:616][554]LogModuleManager: Shutting down and abandoning module PackagesDialog (149)
[2016.08.05-23.41.23:616][554]LogModuleManager: Shutting down and abandoning module Persona (148)
[2016.08.05-23.41.23:616][554]LogModuleManager: Shutting down and abandoning module Kismet (147)
[2016.08.05-23.41.23:616][554]LogModuleManager: Shutting down and abandoning module GraphEditor (146)
[2016.08.05-23.41.23:616][554]LogModuleManager: Shutting down and abandoning module ClassViewer (145)
[2016.08.05-23.41.23:616][554]LogModuleManager: Shutting down and abandoning module Toolbox (144)
[2016.08.05-23.41.23:616][554]LogModuleManager: Shutting down and abandoning module ModuleUI (143)
[2016.08.05-23.41.23:616][554]LogModuleManager: Shutting down and abandoning module MovieSceneTools (142)
[2016.08.05-23.41.23:616][554]LogModuleManager: Shutting down and abandoning module OutputLog (141)
[2016.08.05-23.41.23:616][554]LogModuleManager: Shutting down and abandoning module GammaUI (140)
[2016.08.05-23.41.23:616][554]LogModuleManager: Shutting down and abandoning module Documentation (139)
[2016.08.05-23.41.23:616][554]LogModuleManager: Shutting down and abandoning module StreamingPauseRendering (138)
[2016.08.05-23.41.23:616][554]LogModuleManager: Shutting down and abandoning module AnalyticsET (137)
[2016.08.05-23.41.23:616][554]LogModuleManager: Shutting down and abandoning module Analytics (136)
[2016.08.05-23.41.23:616][554]LogModuleManager: Shutting down and abandoning module PortalServices (135)
[2016.08.05-23.41.23:616][554]LogModuleManager: Shutting down and abandoning module PortalRpc (134)
[2016.08.05-23.41.23:616][554]LogModuleManager: Shutting down and abandoning module MessagingRpc (133)
[2016.08.05-23.41.23:616][554]LogModuleManager: Shutting down and abandoning module AITestSuite (132)
[2016.08.05-23.41.23:616][554]LogModuleManager: Shutting down and abandoning module GameplayDebugger (131)
[2016.08.05-23.41.23:616][554]LogModuleManager: Shutting down and abandoning module AIModule (130)
[2016.08.05-23.41.23:616][554]LogModuleManager: Shutting down and abandoning module ProfilerService (129)
[2016.08.05-23.41.23:742][554]LogModuleManager: Shutting down and abandoning module TaskGraph (128)
[2016.08.05-23.41.23:742][554]LogModuleManager: Shutting down and abandoning module SubstanceEditor (127)
[2016.08.05-23.41.23:742][554]LogModuleManager: Shutting down and abandoning module SlateRemote (126)
[2016.08.05-23.41.23:742][554]LogModuleManager: Shutting down and abandoning module SteamVRController (125)
[2016.08.05-23.41.23:742][554]LogModuleManager: Shutting down and abandoning module SteamVR (124)
[2016.08.05-23.41.23:742][554]LogModuleManager: Shutting down and abandoning module ProceduralMeshComponent (123)
[2016.08.05-23.41.23:742][554]LogModuleManager: Shutting down and abandoning module OculusLibrary (122)
[2016.08.05-23.41.23:742][554]LogModuleManager: Shutting down and abandoning module OculusInput (121)
[2016.08.05-23.41.23:742][554]LogModuleManager: Shutting down and abandoning module CustomMeshComponent (120)
[2016.08.05-23.41.23:742][554]LogModuleManager: Shutting down and abandoning module CableComponent (119)
[2016.08.05-23.41.23:742][554]LogModuleManager: Shutting down and abandoning module ArchVisCharacter (118)
[2016.08.05-23.41.23:742][554]LogModuleManager: Shutting down and abandoning module MediaPlayerEditor (117)
[2016.08.05-23.41.23:742][554]LogModuleManager: Shutting down and abandoning module HTML5Networking (116)
[2016.08.05-23.41.23:742][554]LogModuleManager: Shutting down and abandoning module SpeedTreeImporter (115)
[2016.08.05-23.41.23:742][554]LogModuleManager: Shutting down and abandoning module PluginBrowser (114)
[2016.08.05-23.41.23:742][554]LogModuleManager: Shutting down and abandoning module EpicSurvey (113)
[2016.08.05-23.41.23:742][554]LogModuleManager: Shutting down and abandoning module DesktopPlatform (112)
[2016.08.05-23.41.23:742][554]LogModuleManager: Shutting down and abandoning module VisualStudioSourceCodeAccess (111)
[2016.08.05-23.41.23:742][554]LogModuleManager: Shutting down and abandoning module UObjectPlugin (110)
[2016.08.05-23.41.23:742][554]LogModuleManager: Shutting down and abandoning module SubversionSourceControl (109)
[2016.08.05-23.41.23:742][554]LogModuleManager: Shutting down and abandoning module PerforceSourceControl (108)
[2016.08.05-23.41.23:742][554]LogModuleManager: Shutting down and abandoning module SourceControl (107)
[2016.08.05-23.41.23:742][554]LogModuleManager: Shutting down and abandoning module GitSourceControl (106)
[2016.08.05-23.41.23:742][554]LogModuleManager: Shutting down and abandoning module LightPropagationVolumeEditor (105)
[2016.08.05-23.41.23:742][554]LogModuleManager: Shutting down and abandoning module PaperTiledImporter (104)
[2016.08.05-23.41.23:742][554]LogModuleManager: Shutting down and abandoning module PaperSpriteSheetImporter (103)
[2016.08.05-23.41.23:742][554]LogModuleManager: Shutting down and abandoning module MeshPaint (102)
[2016.08.05-23.41.23:742][554]LogModuleManager: Shutting down and abandoning module HotReload (101)
[2016.08.05-23.41.23:743][554]LogModuleManager: Shutting down and abandoning module MainFrame (100)
[2016.08.05-23.41.23:743][554]LogModuleManager: Shutting down and abandoning module LevelEditor (99)
[2016.08.05-23.41.23:744][554]LogModuleManager: Shutting down and abandoning module DirectoryWatcher (98)
[2016.08.05-23.41.23:744][554]LogModuleManager: Shutting down and abandoning module AssetRegistry (97)
[2016.08.05-23.41.23:939][554]LogModuleManager: Shutting down and abandoning module ContentBrowser (96)
[2016.08.05-23.41.23:940][554]LogModuleManager: Shutting down and abandoning module Paper2DEditor (95)
[2016.08.05-23.41.23:940][554]LogModuleManager: Shutting down and abandoning module Beats (94)
[2016.08.05-23.41.23:940][554]LogModuleManager: Shutting down and abandoning module UdpMessaging (93)
[2016.08.05-23.41.24:040][554]LogModuleManager: Shutting down and abandoning module SubstanceCore (92)
[2016.08.05-23.41.24:040][554]LogModuleManager: Shutting down and abandoning module LightPropagationVolumeRuntime (91)
[2016.08.05-23.41.24:040][554]LogModuleManager: Shutting down and abandoning module Paper2D (90)
[2016.08.05-23.41.24:040][554]LogModuleManager: Shutting down and abandoning module WindowsMoviePlayer (89)
[2016.08.05-23.41.24:040][554]LogModuleManager: Shutting down and abandoning module Media (88)
[2016.08.05-23.41.24:040][554]LogModuleManager: Shutting down and abandoning module WmfMedia (87)
[2016.08.05-23.41.24:040][554]LogModuleManager: Shutting down and abandoning module MediaAssets (86)
[2016.08.05-23.41.24:040][554]LogModuleManager: Shutting down and abandoning module GameLiveStreaming (85)
[2016.08.05-23.41.24:040][554]LogModuleManager: Shutting down and abandoning module GameplayTagsEditor (84)
[2016.08.05-23.41.24:040][554]LogModuleManager: Shutting down and abandoning module OnlineBlueprintSupport (83)
[2016.08.05-23.41.24:040][554]LogModuleManager: Shutting down and abandoning module GameplayTasksEditor (82)
[2016.08.05-23.41.24:040][554]LogModuleManager: Shutting down and abandoning module PropertyEditor (81)
[2016.08.05-23.41.24:041][554]LogModuleManager: Shutting down and abandoning module BehaviorTreeEditor (80)
[2016.08.05-23.41.24:041][554]LogModuleManager: Shutting down and abandoning module FunctionalTesting (79)
[2016.08.05-23.41.24:041][554]LogModuleManager: Shutting down and abandoning module CollisionAnalyzer (78)
[2016.08.05-23.41.24:041][554]LogModuleManager: Shutting down and abandoning module WorkspaceMenuStructure (77)
[2016.08.05-23.41.24:041][554]LogModuleManager: Shutting down and abandoning module MessageLog (76)
[2016.08.05-23.41.24:041][554]LogModuleManager: Shutting down and abandoning module Sequencer (75)
[2016.08.05-23.41.24:041][554]LogModuleManager: Shutting down and abandoning module AssetTools (74)
[2016.08.05-23.41.24:041][554]LogModuleManager: Shutting down and abandoning module UMGEditor (73)
[2016.08.05-23.41.24:041][554]LogModuleManager: Shutting down and abandoning module UMG (72)
[2016.08.05-23.41.24:041][554]LogModuleManager: Shutting down and abandoning module SlateReflector (71)
[2016.08.05-23.41.24:041][554]LogModuleManager: Shutting down and abandoning module Slate (70)
[2016.08.05-23.41.24:041][554]LogModuleManager: Shutting down and abandoning module EditorStyle (69)
[2016.08.05-23.41.24:044][554]LogModuleManager: Shutting down and abandoning module SessionServices (68)
[2016.08.05-23.41.24:044][554]LogModuleManager: Shutting down and abandoning module SourceCodeAccess (67)
[2016.08.05-23.41.24:044][554]LogModuleManager: Shutting down and abandoning module HeadMountedDisplay (66)
[2016.08.05-23.41.24:044][554]LogModuleManager: Shutting down and abandoning module XAudio2 (65)
[2016.08.05-23.41.24:044][554]LogModuleManager: Shutting down and abandoning module Networking (63)
[2016.08.05-23.41.24:044][554]LogModuleManager: Shutting down and abandoning module Core (62)
[2016.08.05-23.41.24:044][554]LogModuleManager: Shutting down and abandoning module KismetCompiler (61)
[2016.08.05-23.41.24:044][554]LogModuleManager: Shutting down and abandoning module PhysXFormats (60)
[2016.08.05-23.41.24:044][554]LogModuleManager: Shutting down and abandoning module MeshUtilities (59)
[2016.08.05-23.41.24:044][554]LogModuleManager: Shutting down and abandoning module CookingStats (58)
[2016.08.05-23.41.24:044][554]LogModuleManager: Shutting down and abandoning module DerivedDataCache (57)
[2016.08.05-23.41.24:044][554]LogDerivedDataCache: Shutdown
[2016.08.05-23.41.24:044][554]LogModuleManager: Shutting down and abandoning module ShaderFormatOpenGL (56)
[2016.08.05-23.41.24:044][554]LogModuleManager: Shutting down and abandoning module ShaderFormatD3D (55)
[2016.08.05-23.41.24:044][554]LogModuleManager: Shutting down and abandoning module MetalShaderFormat (54)
[2016.08.05-23.41.24:044][554]LogModuleManager: Shutting down and abandoning module TextureFormatUncompressed (53)
[2016.08.05-23.41.24:044][554]LogModuleManager: Shutting down and abandoning module TextureFormatPVR (52)
[2016.08.05-23.41.24:044][554]LogModuleManager: Shutting down and abandoning module TextureFormatIntelISPCTexComp (51)
[2016.08.05-23.41.24:044][554]LogModuleManager: Shutting down and abandoning module TextureFormatDXT (50)
[2016.08.05-23.41.24:044][554]LogModuleManager: Shutting down and abandoning module ImageWrapper (49)
[2016.08.05-23.41.24:044][554]LogModuleManager: Shutting down and abandoning module TextureFormatASTC (48)
[2016.08.05-23.41.24:044][554]LogModuleManager: Shutting down and abandoning module TextureFormatAndroid (47)
[2016.08.05-23.41.24:044][554]LogModuleManager: Shutting down and abandoning module AudioFormatOpus (46)
[2016.08.05-23.41.24:044][554]LogModuleManager: Shutting down and abandoning module AudioFormatOgg (45)
[2016.08.05-23.41.24:044][554]LogModuleManager: Shutting down and abandoning module AudioFormatADPCM (44)
[2016.08.05-23.41.24:044][554]LogModuleManager: Shutting down and abandoning module LinuxTargetPlatform (43)
[2016.08.05-23.41.24:044][554]LogModuleManager: Shutting down and abandoning module LinuxServerTargetPlatform (42)
[2016.08.05-23.41.24:044][554]LogModuleManager: Shutting down and abandoning module LinuxNoEditorTargetPlatform (41)
[2016.08.05-23.41.24:044][554]LogModuleManager: Shutting down and abandoning module TVOSTargetPlatform (40)
[2016.08.05-23.41.24:044][554]LogModuleManager: Shutting down and abandoning module Messaging (39)
[2016.08.05-23.41.24:044][554]LogModuleManager: Shutting down and abandoning module IOSTargetPlatform (38)
[2016.08.05-23.41.24:044][554]LogModuleManager: Shutting down and abandoning module HTML5TargetPlatform (37)
[2016.08.05-23.41.24:044][554]LogModuleManager: Shutting down and abandoning module Android_PVRTCTargetPlatform (36)
[2016.08.05-23.41.24:044][554]LogModuleManager: Shutting down and abandoning module Android_MultiTargetPlatform (35)
[2016.08.05-23.41.24:044][554]LogModuleManager: Shutting down and abandoning module Android_ETC2TargetPlatform (34)
[2016.08.05-23.41.24:044][554]LogModuleManager: Shutting down and abandoning module Android_ETC1TargetPlatform (33)
[2016.08.05-23.41.24:044][554]LogModuleManager: Shutting down and abandoning module Android_DXTTargetPlatform (32)
[2016.08.05-23.41.24:044][554]LogModuleManager: Shutting down and abandoning module Android_ATCTargetPlatform (31)
[2016.08.05-23.41.24:044][554]LogModuleManager: Shutting down and abandoning module Android_ASTCTargetPlatform (30)
[2016.08.05-23.41.24:044][554]LogModuleManager: Shutting down and abandoning module AndroidTargetPlatform (29)
[2016.08.05-23.41.24:044][554]LogModuleManager: Shutting down and abandoning module WindowsTargetPlatform (28)
[2016.08.05-23.41.24:044][554]LogModuleManager: Shutting down and abandoning module WindowsServerTargetPlatform (27)
[2016.08.05-23.41.24:044][554]LogModuleManager: Shutting down and abandoning module WindowsNoEditorTargetPlatform (26)
[2016.08.05-23.41.24:044][554]LogModuleManager: Shutting down and abandoning module WindowsClientTargetPlatform (25)
[2016.08.05-23.41.24:044][554]LogModuleManager: Shutting down and abandoning module AllDesktopTargetPlatform (24)
[2016.08.05-23.41.24:044][554]LogModuleManager: Shutting down and abandoning module TargetPlatform (23)
[2016.08.05-23.41.24:044][554]LogModuleManager: Shutting down and abandoning module InputCore (22)
[2016.08.05-23.41.24:044][554]LogModuleManager: Shutting down and abandoning module Settings (21)
[2016.08.05-23.41.24:044][554]LogModuleManager: Shutting down and abandoning module OnlineSubsystem (19)
[2016.08.05-23.41.24:044][554]LogModuleManager: Shutting down and abandoning module HTTP (18)
[2016.08.05-23.41.25:046][554]LogModuleManager: Shutting down and abandoning module XMPP (17)
[2016.08.05-23.41.25:046][554]LogModuleManager: Shutting down and abandoning module OculusRift (16)
[2016.08.05-23.41.25:046][554]LogModuleManager: Shutting down and abandoning module ExampleDeviceProfileSelector (15)
[2016.08.05-23.41.25:046][554]LogModuleManager: Shutting down and abandoning module TextureCompressor (14)
[2016.08.05-23.41.25:046][554]LogModuleManager: Shutting down and abandoning module ShaderCore (13)
[2016.08.05-23.41.25:046][554]LogModuleManager: Shutting down and abandoning module Landscape (12)
[2016.08.05-23.41.25:046][554]LogModuleManager: Shutting down and abandoning module SlateRHIRenderer (11)
[2016.08.05-23.41.25:047][554]LogModuleManager: Shutting down and abandoning module OpenGLDrv (10)
[2016.08.05-23.41.25:047][554]LogModuleManager: Shutting down and abandoning module D3D11RHI (9)
[2016.08.05-23.41.25:047][554]LogModuleManager: Shutting down and abandoning module AnimGraphRuntime (8)
[2016.08.05-23.41.25:047][554]LogModuleManager: Shutting down and abandoning module Renderer (7)
[2016.08.05-23.41.25:047][554]LogModuleManager: Shutting down and abandoning module Engine (6)
[2016.08.05-23.41.25:047][554]LogModuleManager: Shutting down and abandoning module CoreUObject (5)
[2016.08.05-23.41.25:047][554]LogModuleManager: Shutting down and abandoning module NetworkFile (4)
[2016.08.05-23.41.25:047][554]LogModuleManager: Shutting down and abandoning module StreamingFile (3)
[2016.08.05-23.41.25:047][554]LogModuleManager: Shutting down and abandoning module SandboxFile (2)
[2016.08.05-23.41.25:048][554]LogModuleManager: Shutting down and abandoning module PakFile (1)
[2016.08.05-23.41.25:049][554]LogExit: Exiting.
[2016.08.05-23.41.25:050][554]Log file closed, 08/05/16 19:41:25
