Log file open, 04/22/16 15:59:39
LogInit:Display: Running engine for game: Beats
LogPlatformFile: Not using cached read wrapper
LogInit:Display: RandInit(1571410558) SRandInit(1571410558).
LogTaskGraph: Started task graph with 4 named threads and 7 total threads.
LogStats: Stats thread started at 0.074367
LogInit: Version: 4.11.2-2946394+++UE4+Release-4.11
LogInit: API Version: 2927265
LogInit: Compiled (64-bit): Apr 18 2016 02:18:46
LogInit: Compiled with Visual C++: 19.00.23026.00
LogInit: Build Configuration: Development
LogInit: Branch Name: ++UE4+Release-4.11
LogInit: Command line:  
LogInit: Base directory: C:/Program Files (x86)/Epic Games/4.11/Engine/Binaries/Win64/
LogInit: Installed Engine Build: 1
LogInit: Using libcurl 7.41.0
LogInit:  - built for x86_64-pc-win32
LogInit:  - supports SSL with WinSSL
LogInit:  - other features:
LogInit:      CURL_VERSION_SSL
LogInit:      CURL_VERSION_IPV6
LogInit:      CURL_VERSION_ASYNCHDNS
LogInit:      CURL_VERSION_LARGEFILE
LogInit:      CURL_VERSION_IDN
LogInit:  CurlRequestOptions (configurable via config and command line):
LogInit:  - bVerifyPeer = true  - Libcurl will verify peer certificate
LogInit:  - bUseHttpProxy = false  - Libcurl will NOT use HTTP proxy
LogInit:  - bDontReuseConnections = false  - Libcurl will reuse connections
LogInit:  - CertBundlePath = nullptr  - Libcurl will use whatever was configured at build time.
LogInit: Presizing for max 16777216 objects, including 0 objects not considered by GC, pre-allocating 0 bytes for permanent pool.
LogInit: Object subsystem initialized
[2016.04.22-19.59.40:019][  0]LogInit: Selected Device Profile: [Windows]
[2016.04.22-19.59.40:019][  0]LogInit: Applying CVar settings loaded from the selected device profile: [Windows]
[2016.04.22-19.59.40:027][  0]LogInit: Computer: DESKTOP-TA850RC
[2016.04.22-19.59.40:027][  0]LogInit: User: Adam
[2016.04.22-19.59.40:027][  0]LogInit: CPU Page size=65536, Cores=4
[2016.04.22-19.59.40:027][  0]LogInit: High frequency timer resolution =2.338345 MHz
[2016.04.22-19.59.40:028][  0]LogMemory: Memory total: Physical=15.8GB (16GB approx)
[2016.04.22-19.59.40:028][  0]LogMemory: Platform Memory Stats for Windows
[2016.04.22-19.59.40:028][  0]LogMemory: Process Physical Memory: 313.13 MB used, 313.13 MB peak
[2016.04.22-19.59.40:028][  0]LogMemory: Process Virtual Memory: 314.84 MB used, 314.84 MB peak
[2016.04.22-19.59.40:028][  0]LogMemory: Physical Memory: 5733.07 MB used, 16203.17 MB total
[2016.04.22-19.59.40:028][  0]LogMemory: Virtual Memory: 638.82 MB used, 134217728.00 MB total
[2016.04.22-19.59.40:059][  0]LogTextLocalizationManager: No specific translations for ('en-US') exist, so ('en') translations will be used.
[2016.04.22-19.59.40:465][  0]LogD3D11RHI: D3D11 adapters:
[2016.04.22-19.59.40:488][  0]LogD3D11RHI:    0. 'NVIDIA GeForce GT 750M' (Feature Level 11_0)
[2016.04.22-19.59.40:488][  0]LogD3D11RHI:       1992MB of dedicated video memory, 0MB of dedicated system memory, and 8101MB of shared system memory, 1 output[s]
[2016.04.22-19.59.40:494][  0]LogD3D11RHI:    1. 'Intel(R) HD Graphics 4600' (Feature Level 11_0)
[2016.04.22-19.59.40:494][  0]LogD3D11RHI:       112MB of dedicated video memory, 0MB of dedicated system memory, and 8101MB of shared system memory, 0 output[s]
[2016.04.22-19.59.40:495][  0]LogD3D11RHI:    2. 'Microsoft Basic Render Driver' (Feature Level 11_0)
[2016.04.22-19.59.40:495][  0]LogD3D11RHI:       0MB of dedicated video memory, 0MB of dedicated system memory, and 8101MB of shared system memory, 0 output[s]
[2016.04.22-19.59.40:495][  0]LogD3D11RHI: Chosen D3D11 Adapter: 0
[2016.04.22-19.59.40:499][  0]LogD3D11RHI: Creating new Direct3DDevice
[2016.04.22-19.59.40:499][  0]LogD3D11RHI:     Adapter Name: NVIDIA GeForce GT 750M
[2016.04.22-19.59.40:499][  0]LogD3D11RHI:   Driver Version: Unknown (internal Unknown)
[2016.04.22-19.59.40:499][  0]LogD3D11RHI:      Driver Date: Unknown
[2016.04.22-19.59.40:499][  0]LogRHI: Texture pool is 1361 MB (70% of 1945 MB)
[2016.04.22-19.59.40:513][  0]LogD3D11RHI: Async texture creation enabled
[2016.04.22-19.59.40:531][  0]LogShaderCompilers: Guid format shader working directory is -15 characters bigger than the processId version (../../../../../../Users/Adam/Documents/Unreal Projects/Beats/Intermediate/Shaders/WorkingDirectory/1052/).
[2016.04.22-19.59.40:531][  0]LogShaderCompilers: Cleaned the shader compiler working directory 'C:/Users/Adam/AppData/Local/Temp/UnrealShaderWorkingDir/4E5BA7A1463B87FF0EB13F884B9FB6BF/'.
[2016.04.22-19.59.40:531][  0]LogShaderCompilers:Display: Using Local Shader Compiler.
[2016.04.22-19.59.41:880][  0]LogTemp:Display: Loaded TP AllDesktopTargetPlatform
[2016.04.22-19.59.41:886][  0]LogTemp:Display: Loaded TP WindowsClientTargetPlatform
[2016.04.22-19.59.41:891][  0]LogTemp:Display: Loaded TP WindowsNoEditorTargetPlatform
[2016.04.22-19.59.41:895][  0]LogTemp:Display: Loaded TP WindowsServerTargetPlatform
[2016.04.22-19.59.41:900][  0]LogTemp:Display: Loaded TP WindowsTargetPlatform
[2016.04.22-19.59.41:904][  0]LogTemp:Display: Loaded TP AndroidTargetPlatform
[2016.04.22-19.59.41:907][  0]LogTemp:Display: Loaded TP Android_ASTCTargetPlatform
[2016.04.22-19.59.41:910][  0]LogTemp:Display: Loaded TP Android_ATCTargetPlatform
[2016.04.22-19.59.41:913][  0]LogTemp:Display: Loaded TP Android_DXTTargetPlatform
[2016.04.22-19.59.41:917][  0]LogTemp:Display: Loaded TP Android_ETC1TargetPlatform
[2016.04.22-19.59.41:920][  0]LogTemp:Display: Loaded TP Android_ETC2TargetPlatform
[2016.04.22-19.59.41:927][  0]LogTemp:Display: Loaded TP Android_MultiTargetPlatform
[2016.04.22-19.59.41:927][  0]LogTemp:Display: Loaded TP Android_PVRTCTargetPlatform
[2016.04.22-19.59.41:928][  0]LogTemp:Display: Loaded TP HTML5TargetPlatform
[2016.04.22-19.59.41:946][  0]LogTemp:Display: Loaded TP IOSTargetPlatform
[2016.04.22-19.59.41:949][  0]LogTemp:Display: Loaded TP TVOSTargetPlatform
[2016.04.22-19.59.41:953][  0]LogTemp:Display: Loaded TP LinuxNoEditorTargetPlatform
[2016.04.22-19.59.41:957][  0]LogTemp:Display: Loaded TP LinuxServerTargetPlatform
[2016.04.22-19.59.41:960][  0]LogTemp:Display: Loaded TP LinuxTargetPlatform
[2016.04.22-19.59.41:960][  0]LogTargetPlatformManager:Display: Building Assets For Windows
[2016.04.22-19.59.42:038][  0]LogDerivedDataCache:Display: Max Cache Size: 512 MB
[2016.04.22-19.59.42:109][  0]LogDerivedDataCache: Loaded boot cache 0.07s 46MB C:/Users/Adam/AppData/Local/UnrealEngine/4.11/DerivedDataCache/Boot.ddc.
[2016.04.22-19.59.42:109][  0]LogDerivedDataCache:Display: Loaded Boot cache: C:/Users/Adam/AppData/Local/UnrealEngine/4.11/DerivedDataCache/Boot.ddc
[2016.04.22-19.59.42:109][  0]LogDerivedDataCache: FDerivedDataBackendGraph:  Pak pak cache file ../../../../../../Users/Adam/Documents/Unreal Projects/Beats/DerivedDataCache/DDC.ddp not found, will not use a pak cache.
[2016.04.22-19.59.42:109][  0]LogDerivedDataCache: Unable to find inner node Pak for hierarchical cache Hierarchy.
[2016.04.22-19.59.42:109][  0]LogDerivedDataCache: FDerivedDataBackendGraph:  CompressedPak pak cache file ../../../../../../Users/Adam/Documents/Unreal Projects/Beats/DerivedDataCache/Compressed.ddp not found, will not use a pak cache.
[2016.04.22-19.59.42:109][  0]LogDerivedDataCache: Unable to find inner node CompressedPak for hierarchical cache Hierarchy.
[2016.04.22-19.59.42:138][  0]LogDerivedDataCache:Display: Pak cache opened for reading ../../../Engine/DerivedDataCache/Compressed.ddp.
[2016.04.22-19.59.42:151][  0]LogDerivedDataCache: Using Local data cache path C:/Users/Adam/AppData/Local/UnrealEngine/Common/DerivedDataCache: Writable
[2016.04.22-19.59.42:331][  0]LogInit: Selected Device Profile: [Windows]
[2016.04.22-19.59.42:332][  0]LogContentStreaming: Texture pool size is 0.00 MB
[2016.04.22-19.59.42:370][  0]LogMaterial: Uniform references updated for custom material expression Custom.
[2016.04.22-19.59.42:492][  0]LogMeshUtilities: No automatic mesh reduction module available
[2016.04.22-19.59.42:492][  0]LogMeshUtilities: No automatic mesh merging module available
[2016.04.22-19.59.42:492][  0]LogMeshUtilities: No distributed automatic mesh merging module available
[2016.04.22-19.59.42:726][  0]LogUObjectArray: 27679 objects as part of root set at end of initial load.
[2016.04.22-19.59.42:726][  0]LogUObjectAllocator: 5591592 out of 0 bytes used by permanent object pool.
[2016.04.22-19.59.42:726][  0]LogUObjectArray: CloseDisregardForGC: 0/0 objects in disregard for GC pool
[2016.04.22-19.59.42:733][  0]LogInit: WinSock: version 1.1 (2.2), MaxSocks=32767, MaxUdp=65467
[2016.04.22-19.59.42:830][  0]LogSlate: SlateFontCache - WITH_FREETYPE: 1, WITH_HARFBUZZ: 1
[2016.04.22-19.59.42:830][  0]LogSlate: SlateFontCache - WITH_FREETYPE: 1, WITH_HARFBUZZ: 1
[2016.04.22-19.59.42:974][  0]LogStreaming:Warning: Failed to read file '../../../Engine/Content/Editor/Slate/Common/Selection_16x.png' error.
[2016.04.22-19.59.42:974][  0]LogSlate: Could not find file for Slate resource: ../../../Engine/Content/Editor/Slate/Common/Selection_16x.png
[2016.04.22-19.59.42:974][  0]LogStreaming:Warning: Failed to read file '../../../Engine/Content/Editor/Slate/Common/Selection_16x.png' error.
[2016.04.22-19.59.42:974][  0]LogSlate: Could not find file for Slate resource: ../../../Engine/Content/Editor/Slate/Common/Selection_16x.png
[2016.04.22-19.59.42:974][  0]LogStreaming:Warning: Failed to read file '../../../Engine/Content/Editor/Slate/Common/Selection_16x.png' error.
[2016.04.22-19.59.42:974][  0]LogSlate: Could not find file for Slate resource: ../../../Engine/Content/Editor/Slate/Common/Selection_16x.png
[2016.04.22-19.59.43:686][  0]LogUdpMessaging: Initializing bridge on interface 0.0.0.0:0 to multicast group 230.0.0.1:6666.
[2016.04.22-19.59.43:804][  0]LogAssetRegistry: FAssetRegistry took 0.0215 seconds to start up
[2016.04.22-19.59.43:977][  0]SourceControl: Info Source control is disabled
[2016.04.22-19.59.44:079][  0]SourceControl: Info Source control is disabled
[2016.04.22-19.59.44:089][  0]SourceControl: Info Source control is disabled
[2016.04.22-19.59.44:098][  0]SourceControl: Info Source control is disabled
[2016.04.22-19.59.44:281][  0]LogHMD: Failed to initialize OpenVR with code 110
[2016.04.22-19.59.44:356][  0]LogEngine: Initializing Engine...
[2016.04.22-19.59.44:512][  0]LogAIModule: Creating AISystem for world NewWorld
[2016.04.22-19.59.44:519][  0]LogInit: XAudio2 using 'Speakers (Realtek High Definition Audio)' : 2 channels at 48 kHz using 32 bits per sample (channel mask 0x3)
[2016.04.22-19.59.44:537][  0]LogInit: FAudioDevice initialized.
[2016.04.22-19.59.44:590][  0]LogDerivedDataCache: Saved boot cache 0.05s 46MB C:/Users/Adam/AppData/Local/UnrealEngine/4.11/DerivedDataCache/Boot.ddc.
[2016.04.22-19.59.44:597][  0]LogInit: Texture streaming: Enabled
[2016.04.22-19.59.44:634][  0]LogInit: Transaction tracking system initialized
[2016.04.22-19.59.44:661][  0]BlueprintLog: New page: Editor Load
[2016.04.22-19.59.44:761][  0]LocalizationService: Info Localization service is disabled
[2016.04.22-19.59.44:844][  0]LogConsoleResponse:Display: 
[2016.04.22-19.59.44:962][  0]LogCook:Display: Max memory allowance for cook 8192mb
[2016.04.22-19.59.44:962][  0]LogCook:Display: Mobile HDR setting 1
[2016.04.22-19.59.44:962][  0]LogCook:Display: Done creating registry. It took  0.00s.
[2016.04.22-19.59.45:014][  0]LogFileCache: Scanning file cache for directory 'C:/Users/Adam/Documents/Unreal Projects/Beats/Content/' took 0.01s
[2016.04.22-19.59.45:014][  0]SourceControl: Info Source control is disabled
[2016.04.22-19.59.45:014][  0]Cmd: MAP LOAD FILE="../../../../../../Users/Adam/Documents/Unreal Projects/Beats/Content/TwinStickBP/Maps/TwinStickExampleMap.umap" TEMPLATE=0 SHOWPROGRESS=1 FEATURELEVEL=3
[2016.04.22-19.59.45:014][  0]LightingResults: New page: Lighting Build
[2016.04.22-19.59.45:017][  0]MapCheck: New page: Map Check
[2016.04.22-19.59.45:017][  0]LightingResults: New page: Lighting Build
[2016.04.22-19.59.45:468][  0]LogAIModule: Creating AISystem for world TwinStickExampleMap
[2016.04.22-19.59.45:476][  0]LogEditorServer: Finished looking for orphan Actors (0.000 secs)
[2016.04.22-19.59.45:477][  0]Cmd: MAP CHECKDEP NOCLEARLOG
[2016.04.22-19.59.45:556][  0]MapCheck: Info Map check complete: 0 Error(s), 0 Warning(s), took 78.56ms to complete.
[2016.04.22-19.59.45:556][  0]LogFileHelpers: Loading map 'TwinStickExampleMap' took 0.542
[2016.04.22-19.59.45:660][  0]LogCollectionManager: Loaded 0 collections in 0.002083 seconds
[2016.04.22-19.59.45:700][  0]LogFileCache: Scanning file cache for directory 'C:/Users/Adam/Documents/Unreal Projects/Beats/Saved/Collections/' took 0.01s
[2016.04.22-19.59.45:700][  0]LogFileCache: Scanning file cache for directory 'C:/Users/Adam/Documents/Unreal Projects/Beats/Content/Developers/Adam/Collections/' took 0.01s
[2016.04.22-19.59.45:700][  0]LogFileCache: Scanning file cache for directory 'C:/Users/Adam/Documents/Unreal Projects/Beats/Content/Collections/' took 0.01s
[2016.04.22-19.59.45:700][  0]LogCollectionManager: Rebuilt the GUID cache for 0 collections in 0.000003 seconds
[2016.04.22-19.59.45:708][  0]LogContentBrowser: Native class hierarchy populated in 0.0078 seconds. Added 1980 classes and 345 folders.
[2016.04.22-19.59.45:712][  0]LogStats: UGameplayTagsManager::ConstructGameplayTagTree: Construct from data asset -  0.000 s
[2016.04.22-19.59.45:712][  0]LogStats: UGameplayTagsManager::ConstructGameplayTagTree: GameplayTagTreeChangedEvent.Broadcast -  0.000 s
[2016.04.22-19.59.45:713][  0]LogContentBrowser: Native class hierarchy updated for 'GameplayTags' in 0.0014 seconds. Added 12 classes and 0 folders.
[2016.04.22-19.59.45:719][  0]LogContentBrowser: Native class hierarchy updated for 'WidgetCarousel' in 0.0013 seconds. Added 0 classes and 0 folders.
[2016.04.22-19.59.45:727][  0]LogContentBrowser: Native class hierarchy updated for 'SuperSearch' in 0.0014 seconds. Added 1 classes and 2 folders.
[2016.04.22-19.59.45:780][  0]LogContentBrowser: Native class hierarchy updated for 'AddContentDialog' in 0.0014 seconds. Added 0 classes and 0 folders.
[2016.04.22-19.59.45:785][  0]LogContentBrowser: Native class hierarchy updated for 'SceneOutliner' in 0.0015 seconds. Added 1 classes and 2 folders.
[2016.04.22-19.59.45:809][  0]LogCrashTracker: Crashtracker disabled due to settings.
[2016.04.22-19.59.45:818][  0]LogWindowsTextInputMethodSystem:Display: IME system now deactivated.
[2016.04.22-19.59.45:818][  0]LogWindowsTextInputMethodSystem:Display: IME system now deactivated.
[2016.04.22-19.59.45:865][  0]LogContentBrowser: Native class hierarchy updated for 'HierarchicalLODOutliner' in 0.0016 seconds. Added 1 classes and 2 folders.
[2016.04.22-19.59.45:866][  0]LogLoad: Full Startup: 6.65 seconds (BP compile: 0.07 seconds)
[2016.04.22-19.59.45:866][  0]LogExternalProfiler: Found external profiler: VSPerf
[2016.04.22-19.59.45:866][  0]LogExternalProfiler: Using external profiler: VSPerf
[2016.04.22-19.59.45:885][  0]LogOcInput: OculusInput pre-init called
[2016.04.22-19.59.45:936][  0]LogContentStreaming: Texture pool size now 1000 MB
[2016.04.22-19.59.46:090][  0]LogRenderer: Reallocating scene render targets to support 1208x576 (Frame:2).
[2016.04.22-19.59.46:169][  1]LogAssetRegistry: Asset discovery search completed in 2.3872 seconds
[2016.04.22-19.59.46:169][  1]LogCollectionManager: Rebuilt the object cache for 0 collections in 0.000000 seconds (found 0 objects)
[2016.04.22-19.59.46:169][  1]LogCollectionManager: Fixed up redirectors for 0 collections in 0.000021 seconds (updated 0 objects)
[2016.04.22-20.00.01:148][556]LogContentBrowser: Native class hierarchy updated for 'BlueprintGraph' in 0.0017 seconds. Added 108 classes and 0 folders.
[2016.04.22-20.00.07:935][797]LogActorComponent: UnregisterComponent: (/Engine/Transient.ProjectileMovementComponent_8) Not registered. Aborting.
[2016.04.22-20.00.45:645][ 10]BlueprintLog: New page: Compile BeatBlock
[2016.04.22-20.00.45:748][ 10]BlueprintEditorCompileResults: Info [0066.53] Compile of BeatBlock successful! [in 102 ms]
[2016.04.22-20.02.37:586][835]Recompiling Beats...
[2016.04.22-20.02.37:586][835]Launching UnrealBuildTool... [C:/Program Files (x86)/Epic Games/4.11/Engine/Binaries/DotNET/UnrealBuildTool.exe Beats -ModuleWithSuffix Beats 58 Win64 Development -editorrecompile -canskiplink "C:/Users/Adam/Documents/Unreal Projects/Beats/Beats.uproject"  -2015]
[2016.04.22-20.02.37:606][835]Warning: Starting HotReload took  0.0s.
[2016.04.22-20.03.00:003][528]CompilerResultsLog: New page: Compilation - Apr 22, 2016, 11:02:59 AM
[2016.04.22-20.03.00:003][528]CompilerResultsLog: Info Creating makefile for hot reloading Beats (working set of source files changed)
[2016.04.22-20.03.00:003][528]CompilerResultsLog: Info Compiling game modules for hot reload
[2016.04.22-20.03.00:003][528]CompilerResultsLog: Info Parsing headers for BeatsEditor
[2016.04.22-20.03.00:003][528]CompilerResultsLog: Info   Running UnrealHeaderTool "C:\Users\Adam\Documents\Unreal Projects\Beats\Beats.uproject" "C:\Users\Adam\Documents\Unreal Projects\Beats\Intermediate\Build\Win64\BeatsEditor\Development\UnrealHeaderTool.manifest" -LogCmds="loginit warning, logexit warning, logdatabase error" -Unattended -WarningsAsErrors -installed
[2016.04.22-20.03.00:003][528]CompilerResultsLog: Info Reflection code generated for BeatsEditor in 4.915095 seconds
[2016.04.22-20.03.00:004][528]CompilerResultsLog: Info Performing 3 actions (4 in parallel)
[2016.04.22-20.03.00:004][528]CompilerResultsLog: Info BeatActor.cpp
[2016.04.22-20.03.00:004][528]CompilerResultsLog: Info Beats.generated.cpp
[2016.04.22-20.03.00:004][528]CompilerResultsLog: Info [3/3] Link UE4Editor-Beats-58.dll
[2016.04.22-20.03.00:004][528]CompilerResultsLog: Info    Creating library C:\Users\Adam\Documents\Unreal Projects\Beats\Intermediate\Build\Win64\UE4Editor\Development\UE4Editor-Beats-58.lib and object C:\Users\Adam\Documents\Unreal Projects\Beats\Intermediate\Build\Win64\UE4Editor\Development\UE4Editor-Beats-58.exp
[2016.04.22-20.03.00:004][528]CompilerResultsLog: Info -------- End Detailed Actions Stats -----------------------------------------------------------
[2016.04.22-20.03.00:004][528]CompilerResultsLog: Info Total build time: 22.21 seconds
[2016.04.22-20.03.00:004][528]LogMainFrame: MainFrame: Module compiling took 22.422 seconds
[2016.04.22-20.03.00:004][528]LogActorComponent: UnregisterComponent: (/Engine/Transient.ProjectileMovementComponent_8) Not registered. Aborting.
[2016.04.22-20.03.00:126][528]LogClass: Could not find existing class BeatActor in package /Script/Beats for HotReload, assuming new class
[2016.04.22-20.03.00:126][528]LogClass: Function defineSound is new.
[2016.04.22-20.03.00:126][528]LogClass: Function getPlaybackTime is new.
[2016.04.22-20.03.00:139][528]LogHotReload: Re-instancing BeatActor after hot-reload.
[2016.04.22-20.03.00:182][528]LogBlueprint:Error: [compiler BeatBlock] Error  S  of type Sound Cue Reference doesn't match the property s of type Audio Component Reference
[2016.04.22-20.03.00:198][528]LogBlueprint:Warning: [compiler BeatBlock] Warning [0200.98] Compile of BeatBlock failed. 1 Fatal Issue(s) 0 Warning(s) [in 33 ms]
[2016.04.22-20.03.00:198][528]LogBlueprint:Warning: [compiler BeatBlock] Warning [0200.98] Compile of BeatBlock failed. 1 Fatal Issue(s) 1 Warning(s) [in 0 ms]
[2016.04.22-20.03.00:198][528]LogBlueprint:Warning: [compiler BeatBlock] Warning [0200.98] Compile of BeatBlock failed. 1 Fatal Issue(s) 2 Warning(s) [in 0 ms]
[2016.04.22-20.03.00:198][528]LogBlueprint:Warning: [compiler BeatBlock] Warning [0200.98] Compile of BeatBlock failed. 1 Fatal Issue(s) 3 Warning(s) [in 0 ms]
[2016.04.22-20.03.00:260][528]LogBlueprint:Warning: [compiler BeatBlock] Warning [0201.04] Compile of BeatBlock failed. 1 Fatal Issue(s) 4 Warning(s) [in 61 ms]
[2016.04.22-20.03.00:269][528]LogBlueprint:Warning: [compiler BeatBlock] Warning [0201.05] Compile of BeatBlock failed. 1 Fatal Issue(s) 5 Warning(s) [in 9 ms]
[2016.04.22-20.03.00:269][528]LogBlueprint:Warning: [compiler BeatBlock] Warning [0201.05] Compile of BeatBlock failed. 1 Fatal Issue(s) 6 Warning(s) [in 0 ms]
[2016.04.22-20.03.00:636][528]LogTexture:Display: Building textures: BadBlueprintSprite (BGRA8)
[2016.04.22-20.03.00:797][528]LogContentBrowser: Native class hierarchy updated for 'Beats' in 0.0077 seconds. Added 1 classes and 2 folders.
[2016.04.22-20.03.00:803][528]Warning: HotReload successful (0 functions remapped  0 scriptstructs remapped)
[2016.04.22-20.03.01:795][528]LogContentBrowser: Native class hierarchy populated in 0.0550 seconds. Added 1983 classes and 351 folders.
[2016.04.22-20.03.01:796][528]Warning: HotReload took 24.2s.
[2016.04.22-20.03.09:860][712]LogActorComponent: UnregisterComponent: (/Engine/Transient.ProjectileMovementComponent_8) Not registered. Aborting.
[2016.04.22-20.03.10:273][712]LogSavePackage: Save=179.24ms
[2016.04.22-20.03.10:273][712]LogSavePackage: Moving '../../../../../../Users/Adam/Documents/Unreal Projects/Beats/Saved/TwinStickExampleMap9D2ECCDC48841EC92F8870ABEB0E7D0C.tmp' to '../../../../../../Users/Adam/Documents/Unreal Projects/Beats/Content/TwinStickBP/Maps/TwinStickExampleMap.umap'
[2016.04.22-20.03.10:278][712]LogSavePackage: Total save time: 187.57ms
[2016.04.22-20.03.10:278][712]LogSavePackage:Display: Finished SavePackage ../../../../../../Users/Adam/Documents/Unreal Projects/Beats/Content/TwinStickBP/Maps/TwinStickExampleMap.umap
[2016.04.22-20.03.10:297][712]LogFileHelpers: Saving map 'TwinStickExampleMap' took 0.325
[2016.04.22-20.03.10:325][712]Cmd: OBJ SAVEPACKAGE PACKAGE="/Game/TwinStickBP/Blueprints/BeatBlock" FILE="../../../../../../Users/Adam/Documents/Unreal Projects/Beats/Content/TwinStickBP/Blueprints/BeatBlock.uasset" SILENT=true
[2016.04.22-20.03.10:378][712]LogSavePackage: Save=49.74ms
[2016.04.22-20.03.10:378][712]LogSavePackage: Moving '../../../../../../Users/Adam/Documents/Unreal Projects/Beats/Saved/BeatBlock0AE5E5804133C7C2A066C7BB18B7C659.tmp' to '../../../../../../Users/Adam/Documents/Unreal Projects/Beats/Content/TwinStickBP/Blueprints/BeatBlock.uasset'
[2016.04.22-20.03.10:382][712]LogSavePackage: Total save time: 55.44ms
[2016.04.22-20.03.10:382][712]LogSavePackage:Display: Finished SavePackage ../../../../../../Users/Adam/Documents/Unreal Projects/Beats/Content/TwinStickBP/Blueprints/BeatBlock.uasset
[2016.04.22-20.03.58:625][476]BlueprintLog: New page: Compile BeatBlock
[2016.04.22-20.03.58:740][476]BlueprintEditorCompileResults: Info [0259.52] Compile of BeatBlock successful! [in 115 ms]
[2016.04.22-20.03.59:485][515]Cmd: OBJ SAVEPACKAGE PACKAGE="/Game/TwinStickBP/Blueprints/BeatBlock" FILE="../../../../../../Users/Adam/Documents/Unreal Projects/Beats/Content/TwinStickBP/Blueprints/BeatBlock.uasset" SILENT=true
[2016.04.22-20.03.59:537][515]LogSavePackage: Save=49.47ms
[2016.04.22-20.03.59:537][515]LogSavePackage: Moving '../../../../../../Users/Adam/Documents/Unreal Projects/Beats/Saved/BeatBlock51C0CD2E4C8D5F59DF5A2B8982D8242E.tmp' to '../../../../../../Users/Adam/Documents/Unreal Projects/Beats/Content/TwinStickBP/Blueprints/BeatBlock.uasset'
[2016.04.22-20.03.59:540][515]LogSavePackage: Total save time: 53.68ms
[2016.04.22-20.03.59:540][515]LogSavePackage:Display: Finished SavePackage ../../../../../../Users/Adam/Documents/Unreal Projects/Beats/Content/TwinStickBP/Blueprints/BeatBlock.uasset
[2016.04.22-20.04.03:773][706]LogActorComponent: UnregisterComponent: (/Engine/Transient.ProjectileMovementComponent_8) Not registered. Aborting.
[2016.04.22-20.04.04:135][706]LogSavePackage: Save=182.20ms
[2016.04.22-20.04.04:135][706]LogSavePackage: Moving '../../../../../../Users/Adam/Documents/Unreal Projects/Beats/Saved/TwinStickExampleMapC6EA1C814D7361A5856585B6890E3474.tmp' to '../../../../../../Users/Adam/Documents/Unreal Projects/Beats/Content/TwinStickBP/Maps/TwinStickExampleMap.umap'
[2016.04.22-20.04.04:139][706]LogSavePackage: Total save time: 188.31ms
[2016.04.22-20.04.04:139][706]LogSavePackage:Display: Finished SavePackage ../../../../../../Users/Adam/Documents/Unreal Projects/Beats/Content/TwinStickBP/Maps/TwinStickExampleMap.umap
[2016.04.22-20.04.04:166][706]LogFileHelpers: Saving map 'TwinStickExampleMap' took 0.333
[2016.04.22-20.04.05:710][786]LogPlayLevel: PlayLevel: No blueprints needed recompiling
[2016.04.22-20.04.05:710][786]PIE: New page: PIE session: TwinStickExampleMap (Apr 22, 2016, 11:04:05 AM)
[2016.04.22-20.04.05:710][786]LogPlayLevel: Creating play world package: /Game/TwinStickBP/Maps/UEDPIE_0_TwinStickExampleMap
[2016.04.22-20.04.05:716][786]LogPlayLevel: PIE: StaticDuplicateObject took: (0.005979s)
[2016.04.22-20.04.05:717][786]LogAIModule: Creating AISystem for world TwinStickExampleMap
[2016.04.22-20.04.05:717][786]LogPlayLevel: PIE: World Init took: (0.000654s)
[2016.04.22-20.04.05:717][786]LogPlayLevel: PIE: Created PIE world by copying editor world from /Game/TwinStickBP/Maps/TwinStickExampleMap.TwinStickExampleMap to /Game/TwinStickBP/Maps/UEDPIE_0_TwinStickExampleMap.TwinStickExampleMap (0.006871s)
[2016.04.22-20.04.05:743][786]LogInit: XAudio2 using 'Speakers (Realtek High Definition Audio)' : 2 channels at 48 kHz using 32 bits per sample (channel mask 0x3)
[2016.04.22-20.04.05:753][786]LogInit: FAudioDevice initialized.
[2016.04.22-20.04.05:801][786]LogWorld: Game class is 'TwinStickGameMode_C'
[2016.04.22-20.04.05:806][786]LogWorld: Bringing World /Game/TwinStickBP/Maps/UEDPIE_0_TwinStickExampleMap.TwinStickExampleMap up for play (max tick rate 60) at 2016.04.22-16.04.05
[2016.04.22-20.04.05:807][786]LogWorld: Bringing up level for play took: 0.003957
[2016.04.22-20.04.05:821][786]LogContentBrowser: Native class hierarchy updated for 'MovieSceneCapture' in 0.0014 seconds. Added 9 classes and 0 folders.
[2016.04.22-20.04.05:822][786]LogUObjectGlobals:Warning: Class which was marked abstract was trying to be loaded.  It will be nulled out on save. None Engine
[2016.04.22-20.04.05:822][786]LogOutputDevice:Warning: 

Script Stack:
BeatBlock_C.ExecuteUbergraph_BeatBlock
BeatBlock_C.ReceiveBeginPlay

[2016.04.22-20.04.05:833][786]LogStats: FPlatformStackWalk::StackWalkAndDump -  0.011 s
[2016.04.22-20.04.05:833][786]LogOutputDevice:Warning: === Handled error: ===

Ensure condition failed: false [File:D:\BuildFarm\buildmachine_++UE4+Release-4.11\Engine\Source\Runtime\CoreUObject\Private\UObject\UObjectGlobals.cpp] [Line: 1956]
Class which was marked abstract was trying to be loaded.  It will be nulled out on save. None Engine
Stack: 
UE4Editor-Core.dll
UE4Editor-Core.dll
UE4Editor-Core.dll
UE4Editor-CoreUObject.dll
UE4Editor-CoreUObject.dll
UE4Editor-Engine.dll
UE4Editor-Beats-58.dll
UE4Editor-Beats-58.dll
UE4Editor-CoreUObject.dll
UE4Editor-CoreUObject.dll
UE4Editor-CoreUObject.dll
UE4Editor-CoreUObject.dll
UE4Editor-CoreUObject.dll
UE4Editor-CoreUObject.dll
UE4Editor-CoreUObject.dll
UE4Editor-CoreUObject.dll
UE4Editor-Engine.dll
UE4Editor-Engine.dll
UE4Editor-Beats-58.dll
UE4Editor-Engine.dll
UE4Editor-Engine.dll
UE4Editor-Engine.dll
UE4Editor-Engine.dll
UE4Editor-Engine.dll
UE4Editor-Engine.dll
UE4Editor-UnrealEd.dll
UE4Editor-UnrealEd.dll
UE4Editor-UnrealEd.dll
UE4Editor-UnrealEd.dll
UE4Editor-UnrealEd.dll
UE4Editor.exe
UE4Editor.exe
UE4Editor.exe
UE4Editor.exe
UE4Editor.exe
KERNEL32.DLL
ntdll.dll
ntdll.dll

[2016.04.22-20.04.05:833][786]LogStats:                SubmitErrorReport -  0.000 s
[2016.04.22-20.04.06:154][786]LogStats:                    SendNewReport -  0.321 s
[2016.04.22-20.04.06:154][786]LogStats:             FDebug::EnsureFailed -  0.332 s
[2016.04.22-20.04.06:154][786]LogWindows:Error: Windows GetLastError: The operation completed successfully. (0)
[2016.04.22-20.04.06:504][786]LogCrashTracker: 


[2016.04.22-20.04.06:504][786]LogCrashTracker: 


[2016.04.22-20.04.06:504][786]LogWindows:Error: === Critical error: ===
Fatal error: [File:D:\BuildFarm\buildmachine_++UE4+Release-4.11\Engine\Source\Runtime\CoreUObject\Private\UObject\UObjectGlobals.cpp] [Line: 2830] 
FObjectInitializer::Get() can only be used inside of UObject-derived class constructor.




